[INFO][2017-05-27 13:34:19] org.springframework.web.servlet.handler.AbstractHandlerMethodMapping.registerHandlerMethod(AbstractHandlerMethodMapping.java:217) localhost-startStop-1 Mapped "{[/qczj/getCarType/{seriesId}]}" onto public com.maizhong.common.result.JsonResult com.maizhong.rest.controller.QczjController.getCarType(java.lang.Long) 
[INFO][2017-05-27 13:34:19] org.springframework.web.servlet.handler.AbstractHandlerMethodMapping.registerHandlerMethod(AbstractHandlerMethodMapping.java:217) localhost-startStop-1 Mapped "{[/qczj/getCarBrand]}" onto public com.maizhong.common.result.JsonResult com.maizhong.rest.controller.QczjController.getCarBrand() 
[INFO][2017-05-27 13:34:19] org.springframework.web.servlet.handler.AbstractHandlerMethodMapping.registerHandlerMethod(AbstractHandlerMethodMapping.java:217) localhost-startStop-1 Mapped "{[/qczj/getCarSeries/{brandId}]}" onto public com.maizhong.common.result.JsonResult com.maizhong.rest.controller.QczjController.getCarSeries(java.lang.Long) 
[INFO][2017-05-27 13:34:19] org.springframework.web.servlet.handler.AbstractHandlerMethodMapping.registerHandlerMethod(AbstractHandlerMethodMapping.java:217) localhost-startStop-1 Mapped "{[/getSite/{lineId}]}" onto public com.maizhong.common.result.JsonResult com.maizhong.rest.controller.ReckonController.getSite(java.lang.String) 
[INFO][2017-05-27 13:34:19] org.springframework.web.servlet.handler.AbstractHandlerMethodMapping.registerHandlerMethod(AbstractHandlerMethodMapping.java:217) localhost-startStop-1 Mapped "{[/getSite]}" onto public com.maizhong.common.result.JsonResult com.maizhong.rest.controller.ReckonController.site() 
[INFO][2017-05-27 13:34:19] org.springframework.web.servlet.handler.AbstractHandlerMethodMapping.registerHandlerMethod(AbstractHandlerMethodMapping.java:217) localhost-startStop-1 Mapped "{[/getCity],methods=[GET]}" onto public com.maizhong.common.result.JsonResult com.maizhong.rest.controller.ReckonController.getCity() 
[INFO][2017-05-27 13:34:19] org.springframework.web.servlet.handler.AbstractHandlerMethodMapping.registerHandlerMethod(AbstractHandlerMethodMapping.java:217) localhost-startStop-1 Mapped "{[/getDocById/{documentId}]}" onto public com.maizhong.common.result.JsonResult com.maizhong.rest.controller.ReckonController.document(java.lang.String) 
[INFO][2017-05-27 13:34:19] org.springframework.web.servlet.handler.AbstractHandlerMethodMapping.registerHandlerMethod(AbstractHandlerMethodMapping.java:217) localhost-startStop-1 Mapped "{[/GetBrandData]}" onto public com.maizhong.common.result.JsonResult com.maizhong.rest.controller.ReckonController.GetBrandData() 
[INFO][2017-05-27 13:34:19] org.springframework.web.servlet.handler.AbstractHandlerMethodMapping.registerHandlerMethod(AbstractHandlerMethodMapping.java:217) localhost-startStop-1 Mapped "{[/GetSeriesData]}" onto public com.maizhong.common.result.JsonResult com.maizhong.rest.controller.ReckonController.GetSeriesData() 
[INFO][2017-05-27 13:34:19] org.springframework.web.servlet.handler.AbstractHandlerMethodMapping.registerHandlerMethod(AbstractHandlerMethodMapping.java:217) localhost-startStop-1 Mapped "{[/getProvice],methods=[GET]}" onto public com.maizhong.common.result.JsonResult com.maizhong.rest.controller.ReckonController.GetProvince() 
[INFO][2017-05-27 13:34:19] org.springframework.web.servlet.handler.AbstractHandlerMethodMapping.registerHandlerMethod(AbstractHandlerMethodMapping.java:217) localhost-startStop-1 Mapped "{[/wanghz],methods=[POST]}" onto public com.maizhong.common.result.JsonResult com.maizhong.rest.controller.ReckonController.wanthz(java.lang.String,java.lang.String,java.lang.String,java.lang.String,java.lang.String) 
[INFO][2017-05-27 13:34:19] org.springframework.web.servlet.handler.AbstractHandlerMethodMapping.registerHandlerMethod(AbstractHandlerMethodMapping.java:217) localhost-startStop-1 Mapped "{[/SysBrandGroup],methods=[GET]}" onto public com.maizhong.common.result.JsonResult com.maizhong.rest.controller.ReckonController.brandGroupByInitial() 
[INFO][2017-05-27 13:34:19] org.springframework.web.servlet.handler.AbstractHandlerMethodMapping.registerHandlerMethod(AbstractHandlerMethodMapping.java:217) localhost-startStop-1 Mapped "{[/GetSeriesByBrandId/{brandId}],methods=[GET]}" onto public com.maizhong.common.result.JsonResult com.maizhong.rest.controller.ReckonController.getSeriesByBrandId(java.lang.String) 
[INFO][2017-05-27 13:34:19] org.springframework.web.servlet.handler.AbstractHandlerMethodMapping.registerHandlerMethod(AbstractHandlerMethodMapping.java:217) localhost-startStop-1 Mapped "{[/getOrdersByPhone/{phone}]}" onto public com.maizhong.common.result.JsonResult com.maizhong.rest.controller.ReckonController.getOrdersByPhone(java.lang.String) 
[INFO][2017-05-27 13:34:19] org.springframework.web.servlet.handler.AbstractHandlerMethodMapping.registerHandlerMethod(AbstractHandlerMethodMapping.java:217) localhost-startStop-1 Mapped "{[/getBusinessAddress]}" onto public com.maizhong.common.result.JsonResult com.maizhong.rest.controller.ReckonController.getBusinessAddress() 
[INFO][2017-05-27 13:34:19] org.springframework.web.servlet.handler.AbstractHandlerMethodMapping.registerHandlerMethod(AbstractHandlerMethodMapping.java:217) localhost-startStop-1 Mapped "{[/guzhi/{param:.+}],methods=[GET]}" onto public com.maizhong.common.result.JsonResult com.maizhong.rest.controller.ReckonController.getGuzhi(java.lang.String) 
[INFO][2017-05-27 13:34:19] org.springframework.web.servlet.handler.AbstractHandlerMethodMapping.registerHandlerMethod(AbstractHandlerMethodMapping.java:217) localhost-startStop-1 Mapped "{[/getSaleGZ/{guzhiKey:.+}/{otherKey}/{phone}]}" onto public com.maizhong.common.result.JsonResult com.maizhong.rest.controller.ReckonController.getSaleGZ(java.lang.String,java.lang.String,long) 
[INFO][2017-05-27 13:34:19] org.springframework.web.servlet.handler.AbstractHandlerMethodMapping.registerHandlerMethod(AbstractHandlerMethodMapping.java:217) localhost-startStop-1 Mapped "{[/getGZDetail/{phone}]}" onto public com.maizhong.common.result.JsonResult com.maizhong.rest.controller.ReckonController.getSaleGZ(long) 
[INFO][2017-05-27 13:34:19] org.springframework.web.servlet.handler.AbstractHandlerMethodMapping.registerHandlerMethod(AbstractHandlerMethodMapping.java:217) localhost-startStop-1 Mapped "{[/updateOrders],methods=[POST]}" onto public com.maizhong.common.result.JsonResult com.maizhong.rest.controller.ReckonController.updateOrders(java.lang.String,java.lang.String,java.lang.String,java.lang.String,java.lang.String,java.lang.String,java.lang.String) 
[INFO][2017-05-27 13:34:19] org.springframework.web.servlet.handler.AbstractHandlerMethodMapping.registerHandlerMethod(AbstractHandlerMethodMapping.java:217) localhost-startStop-1 Mapped "{[/userLogin],methods=[POST]}" onto public com.maizhong.common.result.JsonResult com.maizhong.rest.controller.ReckonController.userLogin(java.lang.String,java.lang.String,java.lang.String) 
[INFO][2017-05-27 13:34:19] org.springframework.web.servlet.handler.AbstractHandlerMethodMapping.registerHandlerMethod(AbstractHandlerMethodMapping.java:217) localhost-startStop-1 Mapped "{[/getModelById/{id}]}" onto public com.maizhong.common.result.JsonResult com.maizhong.rest.controller.ReckonController.getModelById(java.lang.String) 
[INFO][2017-05-27 13:34:19] org.springframework.web.servlet.handler.AbstractHandlerMethodMapping.registerHandlerMethod(AbstractHandlerMethodMapping.java:217) localhost-startStop-1 Mapped "{[/getCarType/{seriesId}],methods=[GET]}" onto public com.maizhong.common.result.JsonResult com.maizhong.rest.controller.ReckonController.getCarType(java.lang.String) 
[INFO][2017-05-27 13:34:19] org.springframework.web.servlet.handler.AbstractHandlerMethodMapping.registerHandlerMethod(AbstractHandlerMethodMapping.java:217) localhost-startStop-1 Mapped "{[/getSMSCode],methods=[POST]}" onto public com.maizhong.common.result.JsonResult com.maizhong.rest.controller.ReckonController.getSMSCode(java.lang.String,java.lang.String) 
[INFO][2017-05-27 13:34:19] org.springframework.web.servlet.handler.AbstractHandlerMethodMapping.registerHandlerMethod(AbstractHandlerMethodMapping.java:217) localhost-startStop-1 Mapped "{[/getOneWeek]}" onto public com.maizhong.common.result.JsonResult com.maizhong.rest.controller.ReckonController.getOneWeek() 
[INFO][2017-05-27 13:34:19] org.springframework.web.servlet.handler.AbstractHandlerMethodMapping.registerHandlerMethod(AbstractHandlerMethodMapping.java:217) localhost-startStop-1 Mapped "{[/setRedisCity]}" onto public com.maizhong.common.result.JsonResult com.maizhong.rest.controller.ReckonController.setRedisCity() 
[INFO][2017-05-27 13:34:19] org.springframework.web.servlet.handler.AbstractHandlerMethodMapping.registerHandlerMethod(AbstractHandlerMethodMapping.java:217) localhost-startStop-1 Mapped "{[/GetBrandList]}" onto public com.maizhong.common.result.JsonResult com.maizhong.rest.controller.ReckonController.getBrandList() 
[INFO][2017-05-27 13:34:19] org.springframework.web.servlet.handler.AbstractHandlerMethodMapping.registerHandlerMethod(AbstractHandlerMethodMapping.java:217) localhost-startStop-1 Mapped "{[/reckon/getHotSeries]}" onto public com.maizhong.common.result.JsonResult com.maizhong.rest.controller.ReckonController.getHotSeries() 
[INFO][2017-05-27 13:34:19] org.springframework.web.servlet.handler.AbstractHandlerMethodMapping.registerHandlerMethod(AbstractHandlerMethodMapping.java:217) localhost-startStop-1 Mapped "{[/getHotBrand]}" onto public com.maizhong.common.result.JsonResult com.maizhong.rest.controller.ReckonController.getHotBrand() 
[INFO][2017-05-27 13:34:19] org.springframework.web.servlet.handler.AbstractHandlerMethodMapping.registerHandlerMethod(AbstractHandlerMethodMapping.java:217) localhost-startStop-1 Mapped "{[/loginByToken/{phone}/{token}],methods=[GET]}" onto public com.maizhong.common.result.JsonResult com.maizhong.rest.controller.ReckonController.loginByToken(java.lang.String,java.lang.String) 
[INFO][2017-05-27 13:34:19] org.springframework.web.servlet.handler.AbstractHandlerMethodMapping.registerHandlerMethod(AbstractHandlerMethodMapping.java:217) localhost-startStop-1 Mapped "{[/testUploadOss],methods=[POST]}" onto public com.maizhong.common.result.JsonResult com.maizhong.rest.controller.ReckonController.testUploadOss(java.lang.String) 
[INFO][2017-05-27 13:34:19] org.springframework.web.servlet.handler.AbstractHandlerMethodMapping.registerHandlerMethod(AbstractHandlerMethodMapping.java:217) localhost-startStop-1 Mapped "{[/getLines]}" onto public com.maizhong.common.result.JsonResult com.maizhong.rest.controller.ReckonController.getLines() 
[INFO][2017-05-27 13:34:19] org.springframework.web.servlet.handler.AbstractHandlerMethodMapping.registerHandlerMethod(AbstractHandlerMethodMapping.java:217) localhost-startStop-1 Mapped "{[/sync]}" onto public com.maizhong.common.result.JsonResult com.maizhong.rest.controller.SearchController.testOfSync() 
[INFO][2017-05-27 13:34:19] org.springframework.web.servlet.handler.AbstractHandlerMethodMapping.registerHandlerMethod(AbstractHandlerMethodMapping.java:217) localhost-startStop-1 Mapped "{[/delall]}" onto public com.maizhong.common.result.JsonResult com.maizhong.rest.controller.SearchController.delall() 
[INFO][2017-05-27 13:34:19] org.springframework.web.servlet.handler.AbstractHandlerMethodMapping.registerHandlerMethod(AbstractHandlerMethodMapping.java:217) localhost-startStop-1 Mapped "{[/getSearchResult]}" onto public com.maizhong.common.result.JsonResult com.maizhong.rest.controller.SearchController.getSearchResult(java.lang.String,java.lang.String,java.lang.String,java.lang.String,java.lang.String,java.lang.String,java.lang.String,java.lang.String,java.lang.String,java.lang.String) 
[INFO][2017-05-27 13:34:19] org.springframework.web.servlet.handler.AbstractHandlerMethodMapping.registerHandlerMethod(AbstractHandlerMethodMapping.java:217) localhost-startStop-1 Mapped "{[/syncTosolr]}" onto public com.maizhong.common.result.JsonResult com.maizhong.rest.controller.SearchController.syncTosolr(java.lang.String,java.lang.String) 
[INFO][2017-05-27 13:34:19] org.springframework.web.servlet.handler.AbstractHandlerMethodMapping.registerHandlerMethod(AbstractHandlerMethodMapping.java:217) localhost-startStop-1 Mapped "{[/getSearchBase]}" onto public com.maizhong.common.result.JsonResult com.maizhong.rest.controller.SearchController.getSearchBase(java.lang.String,java.lang.String) 
[INFO][2017-05-27 13:34:19] org.springframework.web.servlet.handler.AbstractHandlerMethodMapping.registerHandlerMethod(AbstractHandlerMethodMapping.java:217) localhost-startStop-1 Mapped "{[/getSpread/{type}]}" onto public com.maizhong.common.result.JsonResult com.maizhong.rest.controller.SpreadController.getSpread(java.lang.Integer) 
[INFO][2017-05-27 13:34:19] org.springframework.web.servlet.handler.AbstractHandlerMethodMapping.registerHandlerMethod(AbstractHandlerMethodMapping.java:217) localhost-startStop-1 Mapped "{[/getHomeItemContent],methods=[GET]}" onto public com.maizhong.common.result.JsonResult com.maizhong.rest.controller.SpreadController.getHomeItemContent() 
[INFO][2017-05-27 13:34:19] org.springframework.web.servlet.handler.AbstractHandlerMethodMapping.registerHandlerMethod(AbstractHandlerMethodMapping.java:217) localhost-startStop-1 Mapped "{[/feedback],methods=[POST]}" onto public com.maizhong.common.result.JsonResult com.maizhong.rest.controller.SpreadController.insertFeedback(java.lang.String,java.lang.String,java.lang.String) 
[INFO][2017-05-27 13:34:19] org.springframework.web.servlet.handler.AbstractHandlerMethodMapping.registerHandlerMethod(AbstractHandlerMethodMapping.java:217) localhost-startStop-1 Mapped "{[/consult/car],methods=[POST]}" onto public com.maizhong.common.result.JsonResult com.maizhong.rest.controller.SpreadController.insertCarConsult(java.lang.String,java.lang.String,java.lang.String) 
[INFO][2017-05-27 13:34:19] org.springframework.web.servlet.handler.AbstractHandlerMethodMapping.registerHandlerMethod(AbstractHandlerMethodMapping.java:217) localhost-startStop-1 Mapped "{[/getHotSeries]}" onto public com.maizhong.common.result.JsonResult com.maizhong.rest.controller.SpreadController.getHotSeries() 
[INFO][2017-05-27 13:34:19] org.springframework.web.servlet.handler.AbstractHandlerMethodMapping.registerHandlerMethod(AbstractHandlerMethodMapping.java:217) localhost-startStop-1 Mapped "{[/getIndexBase],methods=[GET]}" onto public com.maizhong.common.result.JsonResult com.maizhong.rest.controller.SpreadController.getIndexBase() 
[INFO][2017-05-27 13:34:19] org.springframework.web.servlet.handler.AbstractHandlerMethodMapping.registerHandlerMethod(AbstractHandlerMethodMapping.java:217) localhost-startStop-1 Mapped "{[/consult],methods=[POST]}" onto public com.maizhong.common.result.JsonResult com.maizhong.rest.controller.SpreadController.insertConsult(java.lang.String,java.lang.String) 
[INFO][2017-05-27 13:34:19] org.springframework.web.servlet.handler.AbstractHandlerMethodMapping.registerHandlerMethod(AbstractHandlerMethodMapping.java:217) localhost-startStop-1 Mapped "{[/test/test/{baseId}/{date}]}" onto public com.maizhong.common.result.JsonResult com.maizhong.rest.controller.ValuationController.test(java.lang.Long,java.lang.String) throws java.lang.IllegalAccessException 
[INFO][2017-05-27 13:34:19] org.springframework.web.servlet.handler.AbstractHandlerMethodMapping.registerHandlerMethod(AbstractHandlerMethodMapping.java:217) localhost-startStop-1 Mapped "{[/valuation]}" onto public java.lang.String com.maizhong.rest.controller.ValuationController.valuation() throws java.lang.IllegalAccessException 
[INFO][2017-05-27 13:34:19] org.hibernate.validator.internal.util.Version.<clinit>(Version.java:27) localhost-startStop-1 HV000001: Hibernate Validator 5.1.1.Final 
[INFO][2017-05-27 13:34:20] org.springframework.web.servlet.mvc.method.annotation.RequestMappingHandlerAdapter.initControllerAdviceCache(RequestMappingHandlerAdapter.java:517) localhost-startStop-1 Looking for @ControllerAdvice: WebApplicationContext for namespace 'maizhong-rest-servlet': startup date [Sat May 27 13:34:18 CST 2017]; parent: Root WebApplicationContext 
[INFO][2017-05-27 13:34:20] org.springframework.web.servlet.mvc.method.annotation.RequestMappingHandlerAdapter.initControllerAdviceCache(RequestMappingHandlerAdapter.java:517) localhost-startStop-1 Looking for @ControllerAdvice: WebApplicationContext for namespace 'maizhong-rest-servlet': startup date [Sat May 27 13:34:18 CST 2017]; parent: Root WebApplicationContext 
[INFO][2017-05-27 13:34:20] org.springframework.web.servlet.handler.AbstractUrlHandlerMapping.registerHandler(AbstractUrlHandlerMapping.java:314) localhost-startStop-1 Mapped URL path [/static/**] onto handler 'org.springframework.web.servlet.resource.ResourceHttpRequestHandler#0' 
[INFO][2017-05-27 13:34:20] org.springframework.web.servlet.FrameworkServlet.initServletBean(FrameworkServlet.java:504) localhost-startStop-1 FrameworkServlet 'maizhong-rest': initialization completed in 1747 ms 
[INFO][2017-05-27 16:07:19] org.springframework.web.context.ContextLoader.initWebApplicationContext(ContextLoader.java:285) localhost-startStop-1 Root WebApplicationContext: initialization started 
[INFO][2017-05-27 16:07:19] org.springframework.context.support.AbstractApplicationContext.prepareRefresh(AbstractApplicationContext.java:510) localhost-startStop-1 Refreshing Root WebApplicationContext: startup date [Sat May 27 16:07:19 CST 2017]; root of context hierarchy 
[INFO][2017-05-27 16:07:19] org.springframework.beans.factory.xml.XmlBeanDefinitionReader.loadBeanDefinitions(XmlBeanDefinitionReader.java:317) localhost-startStop-1 Loading XML bean definitions from class path resource [spring/spring-dao.xml] 
[INFO][2017-05-27 16:07:19] org.springframework.beans.factory.xml.XmlBeanDefinitionReader.loadBeanDefinitions(XmlBeanDefinitionReader.java:317) localhost-startStop-1 Loading XML bean definitions from class path resource [spring/spring-service.xml] 
[INFO][2017-05-27 16:07:19] org.springframework.beans.factory.xml.XmlBeanDefinitionReader.loadBeanDefinitions(XmlBeanDefinitionReader.java:317) localhost-startStop-1 Loading XML bean definitions from class path resource [spring/spring-jedis.xml] 
[INFO][2017-05-27 16:07:19] org.springframework.beans.factory.xml.XmlBeanDefinitionReader.loadBeanDefinitions(XmlBeanDefinitionReader.java:317) localhost-startStop-1 Loading XML bean definitions from class path resource [spring/spring-solr.xml] 
[INFO][2017-05-27 16:07:19] org.springframework.core.io.support.PropertiesLoaderSupport.loadProperties(PropertiesLoaderSupport.java:172) localhost-startStop-1 Loading properties file from file [C:\Users\Xushd\IdeaProjects\MaiZhong\Rest\target\classes\resource\db.properties] 
[INFO][2017-05-27 16:07:19] org.springframework.core.io.support.PropertiesLoaderSupport.loadProperties(PropertiesLoaderSupport.java:172) localhost-startStop-1 Loading properties file from file [C:\Users\Xushd\IdeaProjects\MaiZhong\Rest\target\classes\resource\log4j.properties] 
[INFO][2017-05-27 16:07:19] org.springframework.core.io.support.PropertiesLoaderSupport.loadProperties(PropertiesLoaderSupport.java:172) localhost-startStop-1 Loading properties file from file [C:\Users\Xushd\IdeaProjects\MaiZhong\Rest\target\classes\resource\resource.properties] 
[INFO][2017-05-27 16:07:19] org.springframework.beans.factory.annotation.AutowiredAnnotationBeanPostProcessor.<init>(AutowiredAnnotationBeanPostProcessor.java:153) localhost-startStop-1 JSR-330 'javax.inject.Inject' annotation found and supported for autowiring 
[ERROR][2017-05-27 16:07:21] com.alibaba.druid.pool.DruidDataSource.init(DruidDataSource.java:695) localhost-startStop-1 init datasource error, url: jdbc:mysql://127.0.0.1:3306/maizhongcar?useUnicode=true&characterEncoding=utf-8&allowMultiQueries=true 
com.mysql.jdbc.exceptions.jdbc4.CommunicationsException: Communications link failure

The last packet sent successfully to the server was 0 milliseconds ago. The driver has not received any packets from the server.
	at sun.reflect.NativeConstructorAccessorImpl.newInstance0(Native Method)
	at sun.reflect.NativeConstructorAccessorImpl.newInstance(NativeConstructorAccessorImpl.java:57)
	at sun.reflect.DelegatingConstructorAccessorImpl.newInstance(DelegatingConstructorAccessorImpl.java:45)
	at java.lang.reflect.Constructor.newInstance(Constructor.java:526)
	at com.mysql.jdbc.Util.handleNewInstance(Util.java:389)
	at com.mysql.jdbc.SQLError.createCommunicationsException(SQLError.java:1038)
	at com.mysql.jdbc.MysqlIO.<init>(MysqlIO.java:338)
	at com.mysql.jdbc.ConnectionImpl.coreConnect(ConnectionImpl.java:2237)
	at com.mysql.jdbc.ConnectionImpl.connectOneTryOnly(ConnectionImpl.java:2270)
	at com.mysql.jdbc.ConnectionImpl.createNewIO(ConnectionImpl.java:2069)
	at com.mysql.jdbc.ConnectionImpl.<init>(ConnectionImpl.java:794)
	at com.mysql.jdbc.JDBC4Connection.<init>(JDBC4Connection.java:44)
	at sun.reflect.NativeConstructorAccessorImpl.newInstance0(Native Method)
	at sun.reflect.NativeConstructorAccessorImpl.newInstance(NativeConstructorAccessorImpl.java:57)
	at sun.reflect.DelegatingConstructorAccessorImpl.newInstance(DelegatingConstructorAccessorImpl.java:45)
	at java.lang.reflect.Constructor.newInstance(Constructor.java:526)
	at com.mysql.jdbc.Util.handleNewInstance(Util.java:389)
	at com.mysql.jdbc.ConnectionImpl.getInstance(ConnectionImpl.java:399)
	at com.mysql.jdbc.NonRegisteringDriver.connect(NonRegisteringDriver.java:325)
	at com.alibaba.druid.pool.DruidAbstractDataSource.createPhysicalConnection(DruidAbstractDataSource.java:1408)
	at com.alibaba.druid.pool.DruidAbstractDataSource.createPhysicalConnection(DruidAbstractDataSource.java:1464)
	at com.alibaba.druid.pool.DruidDataSource.init(DruidDataSource.java:684)
	at sun.reflect.NativeMethodAccessorImpl.invoke0(Native Method)
	at sun.reflect.NativeMethodAccessorImpl.invoke(NativeMethodAccessorImpl.java:57)
	at sun.reflect.DelegatingMethodAccessorImpl.invoke(DelegatingMethodAccessorImpl.java:43)
	at java.lang.reflect.Method.invoke(Method.java:606)
	at org.springframework.beans.factory.support.AbstractAutowireCapableBeanFactory.invokeCustomInitMethod(AbstractAutowireCapableBeanFactory.java:1702)
	at org.springframework.beans.factory.support.AbstractAutowireCapableBeanFactory.invokeInitMethods(AbstractAutowireCapableBeanFactory.java:1641)
	at org.springframework.beans.factory.support.AbstractAutowireCapableBeanFactory.initializeBean(AbstractAutowireCapableBeanFactory.java:1570)
	at org.springframework.beans.factory.support.AbstractAutowireCapableBeanFactory.doCreateBean(AbstractAutowireCapableBeanFactory.java:539)
	at org.springframework.beans.factory.support.AbstractAutowireCapableBeanFactory.createBean(AbstractAutowireCapableBeanFactory.java:476)
	at org.springframework.beans.factory.support.AbstractBeanFactory$1.getObject(AbstractBeanFactory.java:303)
	at org.springframework.beans.factory.support.DefaultSingletonBeanRegistry.getSingleton(DefaultSingletonBeanRegistry.java:230)
	at org.springframework.beans.factory.support.AbstractBeanFactory.doGetBean(AbstractBeanFactory.java:299)
	at org.springframework.beans.factory.support.AbstractBeanFactory.getBean(AbstractBeanFactory.java:194)
	at org.springframework.beans.factory.support.DefaultListableBeanFactory.preInstantiateSingletons(DefaultListableBeanFactory.java:755)
	at org.springframework.context.support.AbstractApplicationContext.finishBeanFactoryInitialization(AbstractApplicationContext.java:757)
	at org.springframework.context.support.AbstractApplicationContext.refresh(AbstractApplicationContext.java:480)
	at org.springframework.web.context.ContextLoader.configureAndRefreshWebApplicationContext(ContextLoader.java:434)
	at org.springframework.web.context.ContextLoader.initWebApplicationContext(ContextLoader.java:306)
	at org.springframework.web.context.ContextLoaderListener.contextInitialized(ContextLoaderListener.java:106)
	at org.apache.catalina.core.StandardContext.listenerStart(StandardContext.java:4939)
	at org.apache.catalina.core.StandardContext.startInternal(StandardContext.java:5434)
	at org.apache.catalina.util.LifecycleBase.start(LifecycleBase.java:150)
	at org.apache.catalina.core.ContainerBase$StartChild.call(ContainerBase.java:1559)
	at org.apache.catalina.core.ContainerBase$StartChild.call(ContainerBase.java:1549)
	at java.util.concurrent.FutureTask.run(FutureTask.java:262)
	at java.util.concurrent.ThreadPoolExecutor.runWorker(ThreadPoolExecutor.java:1145)
	at java.util.concurrent.ThreadPoolExecutor$Worker.run(ThreadPoolExecutor.java:615)
	at java.lang.Thread.run(Thread.java:745)
Caused by: java.net.ConnectException: Connection refused: connect
	at java.net.DualStackPlainSocketImpl.connect0(Native Method)
	at java.net.DualStackPlainSocketImpl.socketConnect(DualStackPlainSocketImpl.java:79)
	at java.net.AbstractPlainSocketImpl.doConnect(AbstractPlainSocketImpl.java:339)
	at java.net.AbstractPlainSocketImpl.connectToAddress(AbstractPlainSocketImpl.java:200)
	at java.net.AbstractPlainSocketImpl.connect(AbstractPlainSocketImpl.java:182)
	at java.net.PlainSocketImpl.connect(PlainSocketImpl.java:172)
	at java.net.SocksSocketImpl.connect(SocksSocketImpl.java:392)
	at java.net.Socket.connect(Socket.java:579)
	at com.mysql.jdbc.StandardSocketFactory.connect(StandardSocketFactory.java:213)
	at com.mysql.jdbc.MysqlIO.<init>(MysqlIO.java:297)
	... 43 more
[ERROR][2017-05-27 16:07:21] com.alibaba.druid.pool.DruidDataSource.init(DruidDataSource.java:713) localhost-startStop-1 {dataSource-1} init error 
com.mysql.jdbc.exceptions.jdbc4.CommunicationsException: Communications link failure

The last packet sent successfully to the server was 0 milliseconds ago. The driver has not received any packets from the server.
	at sun.reflect.NativeConstructorAccessorImpl.newInstance0(Native Method)
	at sun.reflect.NativeConstructorAccessorImpl.newInstance(NativeConstructorAccessorImpl.java:57)
	at sun.reflect.DelegatingConstructorAccessorImpl.newInstance(DelegatingConstructorAccessorImpl.java:45)
	at java.lang.reflect.Constructor.newInstance(Constructor.java:526)
	at com.mysql.jdbc.Util.handleNewInstance(Util.java:389)
	at com.mysql.jdbc.SQLError.createCommunicationsException(SQLError.java:1038)
	at com.mysql.jdbc.MysqlIO.<init>(MysqlIO.java:338)
	at com.mysql.jdbc.ConnectionImpl.coreConnect(ConnectionImpl.java:2237)
	at com.mysql.jdbc.ConnectionImpl.connectOneTryOnly(ConnectionImpl.java:2270)
	at com.mysql.jdbc.ConnectionImpl.createNewIO(ConnectionImpl.java:2069)
	at com.mysql.jdbc.ConnectionImpl.<init>(ConnectionImpl.java:794)
	at com.mysql.jdbc.JDBC4Connection.<init>(JDBC4Connection.java:44)
	at sun.reflect.NativeConstructorAccessorImpl.newInstance0(Native Method)
	at sun.reflect.NativeConstructorAccessorImpl.newInstance(NativeConstructorAccessorImpl.java:57)
	at sun.reflect.DelegatingConstructorAccessorImpl.newInstance(DelegatingConstructorAccessorImpl.java:45)
	at java.lang.reflect.Constructor.newInstance(Constructor.java:526)
	at com.mysql.jdbc.Util.handleNewInstance(Util.java:389)
	at com.mysql.jdbc.ConnectionImpl.getInstance(ConnectionImpl.java:399)
	at com.mysql.jdbc.NonRegisteringDriver.connect(NonRegisteringDriver.java:325)
	at com.alibaba.druid.pool.DruidAbstractDataSource.createPhysicalConnection(DruidAbstractDataSource.java:1408)
	at com.alibaba.druid.pool.DruidAbstractDataSource.createPhysicalConnection(DruidAbstractDataSource.java:1464)
	at com.alibaba.druid.pool.DruidDataSource.init(DruidDataSource.java:684)
	at sun.reflect.NativeMethodAccessorImpl.invoke0(Native Method)
	at sun.reflect.NativeMethodAccessorImpl.invoke(NativeMethodAccessorImpl.java:57)
	at sun.reflect.DelegatingMethodAccessorImpl.invoke(DelegatingMethodAccessorImpl.java:43)
	at java.lang.reflect.Method.invoke(Method.java:606)
	at org.springframework.beans.factory.support.AbstractAutowireCapableBeanFactory.invokeCustomInitMethod(AbstractAutowireCapableBeanFactory.java:1702)
	at org.springframework.beans.factory.support.AbstractAutowireCapableBeanFactory.invokeInitMethods(AbstractAutowireCapableBeanFactory.java:1641)
	at org.springframework.beans.factory.support.AbstractAutowireCapableBeanFactory.initializeBean(AbstractAutowireCapableBeanFactory.java:1570)
	at org.springframework.beans.factory.support.AbstractAutowireCapableBeanFactory.doCreateBean(AbstractAutowireCapableBeanFactory.java:539)
	at org.springframework.beans.factory.support.AbstractAutowireCapableBeanFactory.createBean(AbstractAutowireCapableBeanFactory.java:476)
	at org.springframework.beans.factory.support.AbstractBeanFactory$1.getObject(AbstractBeanFactory.java:303)
	at org.springframework.beans.factory.support.DefaultSingletonBeanRegistry.getSingleton(DefaultSingletonBeanRegistry.java:230)
	at org.springframework.beans.factory.support.AbstractBeanFactory.doGetBean(AbstractBeanFactory.java:299)
	at org.springframework.beans.factory.support.AbstractBeanFactory.getBean(AbstractBeanFactory.java:194)
	at org.springframework.beans.factory.support.DefaultListableBeanFactory.preInstantiateSingletons(DefaultListableBeanFactory.java:755)
	at org.springframework.context.support.AbstractApplicationContext.finishBeanFactoryInitialization(AbstractApplicationContext.java:757)
	at org.springframework.context.support.AbstractApplicationContext.refresh(AbstractApplicationContext.java:480)
	at org.springframework.web.context.ContextLoader.configureAndRefreshWebApplicationContext(ContextLoader.java:434)
	at org.springframework.web.context.ContextLoader.initWebApplicationContext(ContextLoader.java:306)
	at org.springframework.web.context.ContextLoaderListener.contextInitialized(ContextLoaderListener.java:106)
	at org.apache.catalina.core.StandardContext.listenerStart(StandardContext.java:4939)
	at org.apache.catalina.core.StandardContext.startInternal(StandardContext.java:5434)
	at org.apache.catalina.util.LifecycleBase.start(LifecycleBase.java:150)
	at org.apache.catalina.core.ContainerBase$StartChild.call(ContainerBase.java:1559)
	at org.apache.catalina.core.ContainerBase$StartChild.call(ContainerBase.java:1549)
	at java.util.concurrent.FutureTask.run(FutureTask.java:262)
	at java.util.concurrent.ThreadPoolExecutor.runWorker(ThreadPoolExecutor.java:1145)
	at java.util.concurrent.ThreadPoolExecutor$Worker.run(ThreadPoolExecutor.java:615)
	at java.lang.Thread.run(Thread.java:745)
Caused by: java.net.ConnectException: Connection refused: connect
	at java.net.DualStackPlainSocketImpl.connect0(Native Method)
	at java.net.DualStackPlainSocketImpl.socketConnect(DualStackPlainSocketImpl.java:79)
	at java.net.AbstractPlainSocketImpl.doConnect(AbstractPlainSocketImpl.java:339)
	at java.net.AbstractPlainSocketImpl.connectToAddress(AbstractPlainSocketImpl.java:200)
	at java.net.AbstractPlainSocketImpl.connect(AbstractPlainSocketImpl.java:182)
	at java.net.PlainSocketImpl.connect(PlainSocketImpl.java:172)
	at java.net.SocksSocketImpl.connect(SocksSocketImpl.java:392)
	at java.net.Socket.connect(Socket.java:579)
	at com.mysql.jdbc.StandardSocketFactory.connect(StandardSocketFactory.java:213)
	at com.mysql.jdbc.MysqlIO.<init>(MysqlIO.java:297)
	... 43 more
[INFO][2017-05-27 16:07:21] com.alibaba.druid.pool.DruidDataSource.init(DruidDataSource.java:722) localhost-startStop-1 {dataSource-1} inited 
[WARN][2017-05-27 16:07:21] org.springframework.context.support.AbstractApplicationContext.refresh(AbstractApplicationContext.java:487) localhost-startStop-1 Exception encountered during context initialization - cancelling refresh attempt 
org.springframework.beans.factory.BeanCreationException: Error creating bean with name 'dataSource' defined in class path resource [spring/spring-dao.xml]: Invocation of init method failed; nested exception is com.mysql.jdbc.exceptions.jdbc4.CommunicationsException: Communications link failure

The last packet sent successfully to the server was 0 milliseconds ago. The driver has not received any packets from the server.
	at org.springframework.beans.factory.support.AbstractAutowireCapableBeanFactory.initializeBean(AbstractAutowireCapableBeanFactory.java:1574)
	at org.springframework.beans.factory.support.AbstractAutowireCapableBeanFactory.doCreateBean(AbstractAutowireCapableBeanFactory.java:539)
	at org.springframework.beans.factory.support.AbstractAutowireCapableBeanFactory.createBean(AbstractAutowireCapableBeanFactory.java:476)
	at org.springframework.beans.factory.support.AbstractBeanFactory$1.getObject(AbstractBeanFactory.java:303)
	at org.springframework.beans.factory.support.DefaultSingletonBeanRegistry.getSingleton(DefaultSingletonBeanRegistry.java:230)
	at org.springframework.beans.factory.support.AbstractBeanFactory.doGetBean(AbstractBeanFactory.java:299)
	at org.springframework.beans.factory.support.AbstractBeanFactory.getBean(AbstractBeanFactory.java:194)
	at org.springframework.beans.factory.support.DefaultListableBeanFactory.preInstantiateSingletons(DefaultListableBeanFactory.java:755)
	at org.springframework.context.support.AbstractApplicationContext.finishBeanFactoryInitialization(AbstractApplicationContext.java:757)
	at org.springframework.context.support.AbstractApplicationContext.refresh(AbstractApplicationContext.java:480)
	at org.springframework.web.context.ContextLoader.configureAndRefreshWebApplicationContext(ContextLoader.java:434)
	at org.springframework.web.context.ContextLoader.initWebApplicationContext(ContextLoader.java:306)
	at org.springframework.web.context.ContextLoaderListener.contextInitialized(ContextLoaderListener.java:106)
	at org.apache.catalina.core.StandardContext.listenerStart(StandardContext.java:4939)
	at org.apache.catalina.core.StandardContext.startInternal(StandardContext.java:5434)
	at org.apache.catalina.util.LifecycleBase.start(LifecycleBase.java:150)
	at org.apache.catalina.core.ContainerBase$StartChild.call(ContainerBase.java:1559)
	at org.apache.catalina.core.ContainerBase$StartChild.call(ContainerBase.java:1549)
	at java.util.concurrent.FutureTask.run(FutureTask.java:262)
	at java.util.concurrent.ThreadPoolExecutor.runWorker(ThreadPoolExecutor.java:1145)
	at java.util.concurrent.ThreadPoolExecutor$Worker.run(ThreadPoolExecutor.java:615)
	at java.lang.Thread.run(Thread.java:745)
Caused by: com.mysql.jdbc.exceptions.jdbc4.CommunicationsException: Communications link failure

The last packet sent successfully to the server was 0 milliseconds ago. The driver has not received any packets from the server.
	at sun.reflect.NativeConstructorAccessorImpl.newInstance0(Native Method)
	at sun.reflect.NativeConstructorAccessorImpl.newInstance(NativeConstructorAccessorImpl.java:57)
	at sun.reflect.DelegatingConstructorAccessorImpl.newInstance(DelegatingConstructorAccessorImpl.java:45)
	at java.lang.reflect.Constructor.newInstance(Constructor.java:526)
	at com.mysql.jdbc.Util.handleNewInstance(Util.java:389)
	at com.mysql.jdbc.SQLError.createCommunicationsException(SQLError.java:1038)
	at com.mysql.jdbc.MysqlIO.<init>(MysqlIO.java:338)
	at com.mysql.jdbc.ConnectionImpl.coreConnect(ConnectionImpl.java:2237)
	at com.mysql.jdbc.ConnectionImpl.connectOneTryOnly(ConnectionImpl.java:2270)
	at com.mysql.jdbc.ConnectionImpl.createNewIO(ConnectionImpl.java:2069)
	at com.mysql.jdbc.ConnectionImpl.<init>(ConnectionImpl.java:794)
	at com.mysql.jdbc.JDBC4Connection.<init>(JDBC4Connection.java:44)
	at sun.reflect.NativeConstructorAccessorImpl.newInstance0(Native Method)
	at sun.reflect.NativeConstructorAccessorImpl.newInstance(NativeConstructorAccessorImpl.java:57)
	at sun.reflect.DelegatingConstructorAccessorImpl.newInstance(DelegatingConstructorAccessorImpl.java:45)
	at java.lang.reflect.Constructor.newInstance(Constructor.java:526)
	at com.mysql.jdbc.Util.handleNewInstance(Util.java:389)
	at com.mysql.jdbc.ConnectionImpl.getInstance(ConnectionImpl.java:399)
	at com.mysql.jdbc.NonRegisteringDriver.connect(NonRegisteringDriver.java:325)
	at com.alibaba.druid.pool.DruidAbstractDataSource.createPhysicalConnection(DruidAbstractDataSource.java:1408)
	at com.alibaba.druid.pool.DruidAbstractDataSource.createPhysicalConnection(DruidAbstractDataSource.java:1464)
	at com.alibaba.druid.pool.DruidDataSource.init(DruidDataSource.java:684)
	at sun.reflect.NativeMethodAccessorImpl.invoke0(Native Method)
	at sun.reflect.NativeMethodAccessorImpl.invoke(NativeMethodAccessorImpl.java:57)
	at sun.reflect.DelegatingMethodAccessorImpl.invoke(DelegatingMethodAccessorImpl.java:43)
	at java.lang.reflect.Method.invoke(Method.java:606)
	at org.springframework.beans.factory.support.AbstractAutowireCapableBeanFactory.invokeCustomInitMethod(AbstractAutowireCapableBeanFactory.java:1702)
	at org.springframework.beans.factory.support.AbstractAutowireCapableBeanFactory.invokeInitMethods(AbstractAutowireCapableBeanFactory.java:1641)
	at org.springframework.beans.factory.support.AbstractAutowireCapableBeanFactory.initializeBean(AbstractAutowireCapableBeanFactory.java:1570)
	... 21 more
Caused by: java.net.ConnectException: Connection refused: connect
	at java.net.DualStackPlainSocketImpl.connect0(Native Method)
	at java.net.DualStackPlainSocketImpl.socketConnect(DualStackPlainSocketImpl.java:79)
	at java.net.AbstractPlainSocketImpl.doConnect(AbstractPlainSocketImpl.java:339)
	at java.net.AbstractPlainSocketImpl.connectToAddress(AbstractPlainSocketImpl.java:200)
	at java.net.AbstractPlainSocketImpl.connect(AbstractPlainSocketImpl.java:182)
	at java.net.PlainSocketImpl.connect(PlainSocketImpl.java:172)
	at java.net.SocksSocketImpl.connect(SocksSocketImpl.java:392)
	at java.net.Socket.connect(Socket.java:579)
	at com.mysql.jdbc.StandardSocketFactory.connect(StandardSocketFactory.java:213)
	at com.mysql.jdbc.MysqlIO.<init>(MysqlIO.java:297)
	... 43 more
[ERROR][2017-05-27 16:07:21] org.springframework.web.context.ContextLoader.initWebApplicationContext(ContextLoader.java:331) localhost-startStop-1 Context initialization failed 
org.springframework.beans.factory.BeanCreationException: Error creating bean with name 'dataSource' defined in class path resource [spring/spring-dao.xml]: Invocation of init method failed; nested exception is com.mysql.jdbc.exceptions.jdbc4.CommunicationsException: Communications link failure

The last packet sent successfully to the server was 0 milliseconds ago. The driver has not received any packets from the server.
	at org.springframework.beans.factory.support.AbstractAutowireCapableBeanFactory.initializeBean(AbstractAutowireCapableBeanFactory.java:1574)
	at org.springframework.beans.factory.support.AbstractAutowireCapableBeanFactory.doCreateBean(AbstractAutowireCapableBeanFactory.java:539)
	at org.springframework.beans.factory.support.AbstractAutowireCapableBeanFactory.createBean(AbstractAutowireCapableBeanFactory.java:476)
	at org.springframework.beans.factory.support.AbstractBeanFactory$1.getObject(AbstractBeanFactory.java:303)
	at org.springframework.beans.factory.support.DefaultSingletonBeanRegistry.getSingleton(DefaultSingletonBeanRegistry.java:230)
	at org.springframework.beans.factory.support.AbstractBeanFactory.doGetBean(AbstractBeanFactory.java:299)
	at org.springframework.beans.factory.support.AbstractBeanFactory.getBean(AbstractBeanFactory.java:194)
	at org.springframework.beans.factory.support.DefaultListableBeanFactory.preInstantiateSingletons(DefaultListableBeanFactory.java:755)
	at org.springframework.context.support.AbstractApplicationContext.finishBeanFactoryInitialization(AbstractApplicationContext.java:757)
	at org.springframework.context.support.AbstractApplicationContext.refresh(AbstractApplicationContext.java:480)
	at org.springframework.web.context.ContextLoader.configureAndRefreshWebApplicationContext(ContextLoader.java:434)
	at org.springframework.web.context.ContextLoader.initWebApplicationContext(ContextLoader.java:306)
	at org.springframework.web.context.ContextLoaderListener.contextInitialized(ContextLoaderListener.java:106)
	at org.apache.catalina.core.StandardContext.listenerStart(StandardContext.java:4939)
	at org.apache.catalina.core.StandardContext.startInternal(StandardContext.java:5434)
	at org.apache.catalina.util.LifecycleBase.start(LifecycleBase.java:150)
	at org.apache.catalina.core.ContainerBase$StartChild.call(ContainerBase.java:1559)
	at org.apache.catalina.core.ContainerBase$StartChild.call(ContainerBase.java:1549)
	at java.util.concurrent.FutureTask.run(FutureTask.java:262)
	at java.util.concurrent.ThreadPoolExecutor.runWorker(ThreadPoolExecutor.java:1145)
	at java.util.concurrent.ThreadPoolExecutor$Worker.run(ThreadPoolExecutor.java:615)
	at java.lang.Thread.run(Thread.java:745)
Caused by: com.mysql.jdbc.exceptions.jdbc4.CommunicationsException: Communications link failure

The last packet sent successfully to the server was 0 milliseconds ago. The driver has not received any packets from the server.
	at sun.reflect.NativeConstructorAccessorImpl.newInstance0(Native Method)
	at sun.reflect.NativeConstructorAccessorImpl.newInstance(NativeConstructorAccessorImpl.java:57)
	at sun.reflect.DelegatingConstructorAccessorImpl.newInstance(DelegatingConstructorAccessorImpl.java:45)
	at java.lang.reflect.Constructor.newInstance(Constructor.java:526)
	at com.mysql.jdbc.Util.handleNewInstance(Util.java:389)
	at com.mysql.jdbc.SQLError.createCommunicationsException(SQLError.java:1038)
	at com.mysql.jdbc.MysqlIO.<init>(MysqlIO.java:338)
	at com.mysql.jdbc.ConnectionImpl.coreConnect(ConnectionImpl.java:2237)
	at com.mysql.jdbc.ConnectionImpl.connectOneTryOnly(ConnectionImpl.java:2270)
	at com.mysql.jdbc.ConnectionImpl.createNewIO(ConnectionImpl.java:2069)
	at com.mysql.jdbc.ConnectionImpl.<init>(ConnectionImpl.java:794)
	at com.mysql.jdbc.JDBC4Connection.<init>(JDBC4Connection.java:44)
	at sun.reflect.NativeConstructorAccessorImpl.newInstance0(Native Method)
	at sun.reflect.NativeConstructorAccessorImpl.newInstance(NativeConstructorAccessorImpl.java:57)
	at sun.reflect.DelegatingConstructorAccessorImpl.newInstance(DelegatingConstructorAccessorImpl.java:45)
	at java.lang.reflect.Constructor.newInstance(Constructor.java:526)
	at com.mysql.jdbc.Util.handleNewInstance(Util.java:389)
	at com.mysql.jdbc.ConnectionImpl.getInstance(ConnectionImpl.java:399)
	at com.mysql.jdbc.NonRegisteringDriver.connect(NonRegisteringDriver.java:325)
	at com.alibaba.druid.pool.DruidAbstractDataSource.createPhysicalConnection(DruidAbstractDataSource.java:1408)
	at com.alibaba.druid.pool.DruidAbstractDataSource.createPhysicalConnection(DruidAbstractDataSource.java:1464)
	at com.alibaba.druid.pool.DruidDataSource.init(DruidDataSource.java:684)
	at sun.reflect.NativeMethodAccessorImpl.invoke0(Native Method)
	at sun.reflect.NativeMethodAccessorImpl.invoke(NativeMethodAccessorImpl.java:57)
	at sun.reflect.DelegatingMethodAccessorImpl.invoke(DelegatingMethodAccessorImpl.java:43)
	at java.lang.reflect.Method.invoke(Method.java:606)
	at org.springframework.beans.factory.support.AbstractAutowireCapableBeanFactory.invokeCustomInitMethod(AbstractAutowireCapableBeanFactory.java:1702)
	at org.springframework.beans.factory.support.AbstractAutowireCapableBeanFactory.invokeInitMethods(AbstractAutowireCapableBeanFactory.java:1641)
	at org.springframework.beans.factory.support.AbstractAutowireCapableBeanFactory.initializeBean(AbstractAutowireCapableBeanFactory.java:1570)
	... 21 more
Caused by: java.net.ConnectException: Connection refused: connect
	at java.net.DualStackPlainSocketImpl.connect0(Native Method)
	at java.net.DualStackPlainSocketImpl.socketConnect(DualStackPlainSocketImpl.java:79)
	at java.net.AbstractPlainSocketImpl.doConnect(AbstractPlainSocketImpl.java:339)
	at java.net.AbstractPlainSocketImpl.connectToAddress(AbstractPlainSocketImpl.java:200)
	at java.net.AbstractPlainSocketImpl.connect(AbstractPlainSocketImpl.java:182)
	at java.net.PlainSocketImpl.connect(PlainSocketImpl.java:172)
	at java.net.SocksSocketImpl.connect(SocksSocketImpl.java:392)
	at java.net.Socket.connect(Socket.java:579)
	at com.mysql.jdbc.StandardSocketFactory.connect(StandardSocketFactory.java:213)
	at com.mysql.jdbc.MysqlIO.<init>(MysqlIO.java:297)
	... 43 more
