2017-03-22 09:32:51.704 [localhost-startStop-1] INFO  org.springframework.web.context.ContextLoader - Root WebApplicationContext: initialization started
2017-03-22 09:32:51.813 [localhost-startStop-1] INFO  o.s.web.context.support.XmlWebApplicationContext - Refreshing Root WebApplicationContext: startup date [Wed Mar 22 09:32:51 CST 2017]; root of context hierarchy
2017-03-22 09:32:51.864 [localhost-startStop-1] INFO  o.s.beans.factory.xml.XmlBeanDefinitionReader - Loading XML bean definitions from class path resource [spring/spring-service.xml]
2017-03-22 09:32:52.390 [localhost-startStop-1] INFO  o.s.c.support.PropertySourcesPlaceholderConfigurer - Loading properties file from URL [file:/D:/workspace/MaiZhong/Portal/target/classes/resource/resource.properties]
2017-03-22 09:32:52.398 [localhost-startStop-1] INFO  o.s.b.f.a.AutowiredAnnotationBeanPostProcessor - JSR-330 'javax.inject.Inject' annotation found and supported for autowiring
2017-03-22 09:32:52.450 [localhost-startStop-1] INFO  org.springframework.web.context.ContextLoader - Root WebApplicationContext: initialization completed in 742 ms
2017-03-22 09:32:52.482 [localhost-startStop-1] INFO  org.springframework.web.servlet.DispatcherServlet - FrameworkServlet 'maizhong-portal': initialization started
2017-03-22 09:32:52.484 [localhost-startStop-1] INFO  o.s.web.context.support.XmlWebApplicationContext - Refreshing WebApplicationContext for namespace 'maizhong-portal-servlet': startup date [Wed Mar 22 09:32:52 CST 2017]; parent: Root WebApplicationContext
2017-03-22 09:32:52.485 [localhost-startStop-1] INFO  o.s.beans.factory.xml.XmlBeanDefinitionReader - Loading XML bean definitions from class path resource [spring/spring_mvc.xml]
2017-03-22 09:32:52.784 [localhost-startStop-1] INFO  o.s.b.f.a.AutowiredAnnotationBeanPostProcessor - JSR-330 'javax.inject.Inject' annotation found and supported for autowiring
2017-03-22 09:32:52.949 [localhost-startStop-1] INFO  o.s.w.s.m.m.a.RequestMappingHandlerMapping - Mapped "{[/index]}" onto public java.lang.String com.maizhong.portal.controller.IndexController.index(org.springframework.ui.Model)
2017-03-22 09:32:52.949 [localhost-startStop-1] INFO  o.s.w.s.m.m.a.RequestMappingHandlerMapping - Mapped "{[/help]}" onto public java.lang.String com.maizhong.portal.controller.IndexController.help(org.springframework.ui.Model)
2017-03-22 09:32:52.950 [localhost-startStop-1] INFO  o.s.w.s.m.m.a.RequestMappingHandlerMapping - Mapped "{[/feedback]}" onto public java.lang.String com.maizhong.portal.controller.IndexController.feedback(org.springframework.ui.Model)
2017-03-22 09:32:52.950 [localhost-startStop-1] INFO  o.s.w.s.m.m.a.RequestMappingHandlerMapping - Mapped "{[/about]}" onto public java.lang.String com.maizhong.portal.controller.IndexController.about(org.springframework.ui.Model)
2017-03-22 09:32:52.950 [localhost-startStop-1] INFO  o.s.w.s.m.m.a.RequestMappingHandlerMapping - Mapped "{[/joinus]}" onto public java.lang.String com.maizhong.portal.controller.IndexController.joinus(org.springframework.ui.Model)
2017-03-22 09:32:52.950 [localhost-startStop-1] INFO  o.s.w.s.m.m.a.RequestMappingHandlerMapping - Mapped "{[/sale]}" onto public java.lang.String com.maizhong.portal.controller.IndexController.sale(org.springframework.ui.Model)
2017-03-22 09:32:52.950 [localhost-startStop-1] INFO  o.s.w.s.m.m.a.RequestMappingHandlerMapping - Mapped "{[/feedback/post]}" onto public com.maizhong.common.result.JsonResult com.maizhong.portal.controller.IndexController.feedbackForm(java.lang.String,java.lang.String,java.lang.String,java.lang.String)
2017-03-22 09:32:52.951 [localhost-startStop-1] INFO  o.s.w.s.m.m.a.RequestMappingHandlerMapping - Mapped "{[/test/to/{url}]}" onto public java.lang.String com.maizhong.portal.controller.TestController.test(java.lang.String)
2017-03-22 09:32:52.951 [localhost-startStop-1] INFO  o.s.w.s.m.m.a.RequestMappingHandlerMapping - Mapped "{[/search/info]}" onto public java.lang.String com.maizhong.portal.controller.SearchController.searchIndex(com.maizhong.common.dto.PageSearchParam,org.springframework.ui.Model)
2017-03-22 09:32:53.001 [localhost-startStop-1] INFO  org.hibernate.validator.internal.util.Version - HV000001: Hibernate Validator 5.1.1.Final
2017-03-22 09:32:53.499 [localhost-startStop-1] INFO  o.s.w.s.m.m.a.RequestMappingHandlerAdapter - Looking for @ControllerAdvice: WebApplicationContext for namespace 'maizhong-portal-servlet': startup date [Wed Mar 22 09:32:52 CST 2017]; parent: Root WebApplicationContext
2017-03-22 09:32:53.591 [localhost-startStop-1] INFO  o.s.w.s.m.m.a.RequestMappingHandlerAdapter - Looking for @ControllerAdvice: WebApplicationContext for namespace 'maizhong-portal-servlet': startup date [Wed Mar 22 09:32:52 CST 2017]; parent: Root WebApplicationContext
2017-03-22 09:32:53.687 [localhost-startStop-1] INFO  o.s.web.servlet.handler.SimpleUrlHandlerMapping - Mapped URL path [/resources/**] onto handler 'org.springframework.web.servlet.resource.ResourceHttpRequestHandler#0'
2017-03-22 09:32:53.705 [localhost-startStop-1] INFO  org.springframework.web.servlet.DispatcherServlet - FrameworkServlet 'maizhong-portal': initialization completed in 1223 ms
2017-03-22 09:34:34.540 [localhost-startStop-1] INFO  org.springframework.web.context.ContextLoader - Root WebApplicationContext: initialization started
2017-03-22 09:34:34.621 [localhost-startStop-1] INFO  o.s.web.context.support.XmlWebApplicationContext - Refreshing Root WebApplicationContext: startup date [Wed Mar 22 09:34:34 CST 2017]; root of context hierarchy
2017-03-22 09:34:34.663 [localhost-startStop-1] INFO  o.s.beans.factory.xml.XmlBeanDefinitionReader - Loading XML bean definitions from class path resource [spring/spring-service.xml]
2017-03-22 09:34:35.041 [localhost-startStop-1] INFO  o.s.c.support.PropertySourcesPlaceholderConfigurer - Loading properties file from URL [file:/D:/workspace/MaiZhong/Portal/target/classes/resource/resource.properties]
2017-03-22 09:34:35.050 [localhost-startStop-1] INFO  o.s.b.f.a.AutowiredAnnotationBeanPostProcessor - JSR-330 'javax.inject.Inject' annotation found and supported for autowiring
2017-03-22 09:34:35.130 [localhost-startStop-1] INFO  org.springframework.web.context.ContextLoader - Root WebApplicationContext: initialization completed in 588 ms
2017-03-22 09:34:35.200 [localhost-startStop-1] INFO  org.springframework.web.servlet.DispatcherServlet - FrameworkServlet 'maizhong-portal': initialization started
2017-03-22 09:34:35.204 [localhost-startStop-1] INFO  o.s.web.context.support.XmlWebApplicationContext - Refreshing WebApplicationContext for namespace 'maizhong-portal-servlet': startup date [Wed Mar 22 09:34:35 CST 2017]; parent: Root WebApplicationContext
2017-03-22 09:34:35.206 [localhost-startStop-1] INFO  o.s.beans.factory.xml.XmlBeanDefinitionReader - Loading XML bean definitions from class path resource [spring/spring_mvc.xml]
2017-03-22 09:34:35.407 [localhost-startStop-1] INFO  o.s.b.f.a.AutowiredAnnotationBeanPostProcessor - JSR-330 'javax.inject.Inject' annotation found and supported for autowiring
2017-03-22 09:34:35.576 [localhost-startStop-1] INFO  o.s.w.s.m.m.a.RequestMappingHandlerMapping - Mapped "{[/index]}" onto public java.lang.String com.maizhong.portal.controller.IndexController.index(org.springframework.ui.Model)
2017-03-22 09:34:35.577 [localhost-startStop-1] INFO  o.s.w.s.m.m.a.RequestMappingHandlerMapping - Mapped "{[/help]}" onto public java.lang.String com.maizhong.portal.controller.IndexController.help(org.springframework.ui.Model)
2017-03-22 09:34:35.577 [localhost-startStop-1] INFO  o.s.w.s.m.m.a.RequestMappingHandlerMapping - Mapped "{[/feedback]}" onto public java.lang.String com.maizhong.portal.controller.IndexController.feedback(org.springframework.ui.Model)
2017-03-22 09:34:35.577 [localhost-startStop-1] INFO  o.s.w.s.m.m.a.RequestMappingHandlerMapping - Mapped "{[/about]}" onto public java.lang.String com.maizhong.portal.controller.IndexController.about(org.springframework.ui.Model)
2017-03-22 09:34:35.577 [localhost-startStop-1] INFO  o.s.w.s.m.m.a.RequestMappingHandlerMapping - Mapped "{[/joinus]}" onto public java.lang.String com.maizhong.portal.controller.IndexController.joinus(org.springframework.ui.Model)
2017-03-22 09:34:35.578 [localhost-startStop-1] INFO  o.s.w.s.m.m.a.RequestMappingHandlerMapping - Mapped "{[/sale]}" onto public java.lang.String com.maizhong.portal.controller.IndexController.sale(org.springframework.ui.Model)
2017-03-22 09:34:35.578 [localhost-startStop-1] INFO  o.s.w.s.m.m.a.RequestMappingHandlerMapping - Mapped "{[/feedback/post]}" onto public com.maizhong.common.result.JsonResult com.maizhong.portal.controller.IndexController.feedbackForm(java.lang.String,java.lang.String,java.lang.String,java.lang.String)
2017-03-22 09:34:35.578 [localhost-startStop-1] INFO  o.s.w.s.m.m.a.RequestMappingHandlerMapping - Mapped "{[/test/to/{url}]}" onto public java.lang.String com.maizhong.portal.controller.TestController.test(java.lang.String)
2017-03-22 09:34:35.579 [localhost-startStop-1] INFO  o.s.w.s.m.m.a.RequestMappingHandlerMapping - Mapped "{[/search/info]}" onto public java.lang.String com.maizhong.portal.controller.SearchController.searchIndex(com.maizhong.common.dto.PageSearchParam,org.springframework.ui.Model)
2017-03-22 09:34:35.631 [localhost-startStop-1] INFO  org.hibernate.validator.internal.util.Version - HV000001: Hibernate Validator 5.1.1.Final
2017-03-22 09:34:36.097 [localhost-startStop-1] INFO  o.s.w.s.m.m.a.RequestMappingHandlerAdapter - Looking for @ControllerAdvice: WebApplicationContext for namespace 'maizhong-portal-servlet': startup date [Wed Mar 22 09:34:35 CST 2017]; parent: Root WebApplicationContext
2017-03-22 09:34:36.141 [localhost-startStop-1] INFO  o.s.w.s.m.m.a.RequestMappingHandlerAdapter - Looking for @ControllerAdvice: WebApplicationContext for namespace 'maizhong-portal-servlet': startup date [Wed Mar 22 09:34:35 CST 2017]; parent: Root WebApplicationContext
2017-03-22 09:34:36.254 [localhost-startStop-1] INFO  o.s.web.servlet.handler.SimpleUrlHandlerMapping - Mapped URL path [/resources/**] onto handler 'org.springframework.web.servlet.resource.ResourceHttpRequestHandler#0'
2017-03-22 09:34:36.275 [localhost-startStop-1] INFO  org.springframework.web.servlet.DispatcherServlet - FrameworkServlet 'maizhong-portal': initialization completed in 1074 ms
2017-03-22 09:48:01.060 [localhost-startStop-1] INFO  org.springframework.web.context.ContextLoader - Root WebApplicationContext: initialization started
2017-03-22 09:48:01.148 [localhost-startStop-1] INFO  o.s.web.context.support.XmlWebApplicationContext - Refreshing Root WebApplicationContext: startup date [Wed Mar 22 09:48:01 CST 2017]; root of context hierarchy
2017-03-22 09:48:01.195 [localhost-startStop-1] INFO  o.s.beans.factory.xml.XmlBeanDefinitionReader - Loading XML bean definitions from class path resource [spring/spring-service.xml]
2017-03-22 09:48:01.545 [localhost-startStop-1] INFO  o.s.c.support.PropertySourcesPlaceholderConfigurer - Loading properties file from URL [file:/D:/workspace/MaiZhong/Portal/target/classes/resource/resource.properties]
2017-03-22 09:48:01.552 [localhost-startStop-1] INFO  o.s.b.f.a.AutowiredAnnotationBeanPostProcessor - JSR-330 'javax.inject.Inject' annotation found and supported for autowiring
2017-03-22 09:48:01.667 [localhost-startStop-1] INFO  org.springframework.web.context.ContextLoader - Root WebApplicationContext: initialization completed in 605 ms
2017-03-22 09:48:01.705 [localhost-startStop-1] INFO  org.springframework.web.servlet.DispatcherServlet - FrameworkServlet 'maizhong-portal': initialization started
2017-03-22 09:48:01.709 [localhost-startStop-1] INFO  o.s.web.context.support.XmlWebApplicationContext - Refreshing WebApplicationContext for namespace 'maizhong-portal-servlet': startup date [Wed Mar 22 09:48:01 CST 2017]; parent: Root WebApplicationContext
2017-03-22 09:48:01.710 [localhost-startStop-1] INFO  o.s.beans.factory.xml.XmlBeanDefinitionReader - Loading XML bean definitions from class path resource [spring/spring_mvc.xml]
2017-03-22 09:48:01.892 [localhost-startStop-1] INFO  o.s.b.f.a.AutowiredAnnotationBeanPostProcessor - JSR-330 'javax.inject.Inject' annotation found and supported for autowiring
2017-03-22 09:48:02.059 [localhost-startStop-1] INFO  o.s.w.s.m.m.a.RequestMappingHandlerMapping - Mapped "{[/index]}" onto public java.lang.String com.maizhong.portal.controller.IndexController.index(org.springframework.ui.Model)
2017-03-22 09:48:02.060 [localhost-startStop-1] INFO  o.s.w.s.m.m.a.RequestMappingHandlerMapping - Mapped "{[/help]}" onto public java.lang.String com.maizhong.portal.controller.IndexController.help(org.springframework.ui.Model)
2017-03-22 09:48:02.060 [localhost-startStop-1] INFO  o.s.w.s.m.m.a.RequestMappingHandlerMapping - Mapped "{[/feedback]}" onto public java.lang.String com.maizhong.portal.controller.IndexController.feedback(org.springframework.ui.Model)
2017-03-22 09:48:02.060 [localhost-startStop-1] INFO  o.s.w.s.m.m.a.RequestMappingHandlerMapping - Mapped "{[/about]}" onto public java.lang.String com.maizhong.portal.controller.IndexController.about(org.springframework.ui.Model)
2017-03-22 09:48:02.060 [localhost-startStop-1] INFO  o.s.w.s.m.m.a.RequestMappingHandlerMapping - Mapped "{[/joinus]}" onto public java.lang.String com.maizhong.portal.controller.IndexController.joinus(org.springframework.ui.Model)
2017-03-22 09:48:02.060 [localhost-startStop-1] INFO  o.s.w.s.m.m.a.RequestMappingHandlerMapping - Mapped "{[/sale]}" onto public java.lang.String com.maizhong.portal.controller.IndexController.sale(org.springframework.ui.Model)
2017-03-22 09:48:02.060 [localhost-startStop-1] INFO  o.s.w.s.m.m.a.RequestMappingHandlerMapping - Mapped "{[/feedback/post]}" onto public com.maizhong.common.result.JsonResult com.maizhong.portal.controller.IndexController.feedbackForm(java.lang.String,java.lang.String,java.lang.String,java.lang.String)
2017-03-22 09:48:02.061 [localhost-startStop-1] INFO  o.s.w.s.m.m.a.RequestMappingHandlerMapping - Mapped "{[/test/to/{url}]}" onto public java.lang.String com.maizhong.portal.controller.TestController.test(java.lang.String)
2017-03-22 09:48:02.061 [localhost-startStop-1] INFO  o.s.w.s.m.m.a.RequestMappingHandlerMapping - Mapped "{[/search/info]}" onto public java.lang.String com.maizhong.portal.controller.SearchController.searchIndex(com.maizhong.common.dto.PageSearchParam,org.springframework.ui.Model)
2017-03-22 09:48:02.111 [localhost-startStop-1] INFO  org.hibernate.validator.internal.util.Version - HV000001: Hibernate Validator 5.1.1.Final
2017-03-22 09:48:02.787 [localhost-startStop-1] INFO  o.s.w.s.m.m.a.RequestMappingHandlerAdapter - Looking for @ControllerAdvice: WebApplicationContext for namespace 'maizhong-portal-servlet': startup date [Wed Mar 22 09:48:01 CST 2017]; parent: Root WebApplicationContext
2017-03-22 09:48:02.849 [localhost-startStop-1] INFO  o.s.w.s.m.m.a.RequestMappingHandlerAdapter - Looking for @ControllerAdvice: WebApplicationContext for namespace 'maizhong-portal-servlet': startup date [Wed Mar 22 09:48:01 CST 2017]; parent: Root WebApplicationContext
2017-03-22 09:48:02.953 [localhost-startStop-1] INFO  o.s.web.servlet.handler.SimpleUrlHandlerMapping - Mapped URL path [/resources/**] onto handler 'org.springframework.web.servlet.resource.ResourceHttpRequestHandler#0'
2017-03-22 09:48:02.976 [localhost-startStop-1] INFO  org.springframework.web.servlet.DispatcherServlet - FrameworkServlet 'maizhong-portal': initialization completed in 1271 ms
2017-03-22 09:52:03.843 [localhost-startStop-1] INFO  org.springframework.web.context.ContextLoader - Root WebApplicationContext: initialization started
2017-03-22 09:52:03.949 [localhost-startStop-1] INFO  o.s.web.context.support.XmlWebApplicationContext - Refreshing Root WebApplicationContext: startup date [Wed Mar 22 09:52:03 CST 2017]; root of context hierarchy
2017-03-22 09:52:03.998 [localhost-startStop-1] INFO  o.s.beans.factory.xml.XmlBeanDefinitionReader - Loading XML bean definitions from class path resource [spring/spring-service.xml]
2017-03-22 09:52:04.349 [localhost-startStop-1] INFO  o.s.c.support.PropertySourcesPlaceholderConfigurer - Loading properties file from URL [file:/D:/workspace/MaiZhong/Portal/target/classes/resource/resource.properties]
2017-03-22 09:52:04.359 [localhost-startStop-1] INFO  o.s.b.f.a.AutowiredAnnotationBeanPostProcessor - JSR-330 'javax.inject.Inject' annotation found and supported for autowiring
2017-03-22 09:52:04.544 [localhost-startStop-1] INFO  org.springframework.web.context.ContextLoader - Root WebApplicationContext: initialization completed in 698 ms
2017-03-22 09:52:04.601 [localhost-startStop-1] INFO  org.springframework.web.servlet.DispatcherServlet - FrameworkServlet 'maizhong-portal': initialization started
2017-03-22 09:52:04.603 [localhost-startStop-1] INFO  o.s.web.context.support.XmlWebApplicationContext - Refreshing WebApplicationContext for namespace 'maizhong-portal-servlet': startup date [Wed Mar 22 09:52:04 CST 2017]; parent: Root WebApplicationContext
2017-03-22 09:52:04.605 [localhost-startStop-1] INFO  o.s.beans.factory.xml.XmlBeanDefinitionReader - Loading XML bean definitions from class path resource [spring/spring_mvc.xml]
2017-03-22 09:52:04.770 [localhost-startStop-1] INFO  o.s.b.f.a.AutowiredAnnotationBeanPostProcessor - JSR-330 'javax.inject.Inject' annotation found and supported for autowiring
2017-03-22 09:52:04.917 [localhost-startStop-1] INFO  o.s.w.s.m.m.a.RequestMappingHandlerMapping - Mapped "{[/index]}" onto public java.lang.String com.maizhong.portal.controller.IndexController.index(org.springframework.ui.Model)
2017-03-22 09:52:04.917 [localhost-startStop-1] INFO  o.s.w.s.m.m.a.RequestMappingHandlerMapping - Mapped "{[/help]}" onto public java.lang.String com.maizhong.portal.controller.IndexController.help(org.springframework.ui.Model)
2017-03-22 09:52:04.917 [localhost-startStop-1] INFO  o.s.w.s.m.m.a.RequestMappingHandlerMapping - Mapped "{[/feedback]}" onto public java.lang.String com.maizhong.portal.controller.IndexController.feedback(org.springframework.ui.Model)
2017-03-22 09:52:04.917 [localhost-startStop-1] INFO  o.s.w.s.m.m.a.RequestMappingHandlerMapping - Mapped "{[/about]}" onto public java.lang.String com.maizhong.portal.controller.IndexController.about(org.springframework.ui.Model)
2017-03-22 09:52:04.917 [localhost-startStop-1] INFO  o.s.w.s.m.m.a.RequestMappingHandlerMapping - Mapped "{[/joinus]}" onto public java.lang.String com.maizhong.portal.controller.IndexController.joinus(org.springframework.ui.Model)
2017-03-22 09:52:04.917 [localhost-startStop-1] INFO  o.s.w.s.m.m.a.RequestMappingHandlerMapping - Mapped "{[/sale]}" onto public java.lang.String com.maizhong.portal.controller.IndexController.sale(org.springframework.ui.Model)
2017-03-22 09:52:04.918 [localhost-startStop-1] INFO  o.s.w.s.m.m.a.RequestMappingHandlerMapping - Mapped "{[/feedback/post]}" onto public com.maizhong.common.result.JsonResult com.maizhong.portal.controller.IndexController.feedbackForm(java.lang.String,java.lang.String,java.lang.String,java.lang.String)
2017-03-22 09:52:04.918 [localhost-startStop-1] INFO  o.s.w.s.m.m.a.RequestMappingHandlerMapping - Mapped "{[/test/to/{url}]}" onto public java.lang.String com.maizhong.portal.controller.TestController.test(java.lang.String)
2017-03-22 09:52:04.919 [localhost-startStop-1] INFO  o.s.w.s.m.m.a.RequestMappingHandlerMapping - Mapped "{[/search/info]}" onto public java.lang.String com.maizhong.portal.controller.SearchController.searchIndex(com.maizhong.common.dto.PageSearchParam,org.springframework.ui.Model)
2017-03-22 09:52:04.962 [localhost-startStop-1] INFO  org.hibernate.validator.internal.util.Version - HV000001: Hibernate Validator 5.1.1.Final
2017-03-22 09:52:05.422 [localhost-startStop-1] INFO  o.s.w.s.m.m.a.RequestMappingHandlerAdapter - Looking for @ControllerAdvice: WebApplicationContext for namespace 'maizhong-portal-servlet': startup date [Wed Mar 22 09:52:04 CST 2017]; parent: Root WebApplicationContext
2017-03-22 09:52:05.480 [localhost-startStop-1] INFO  o.s.w.s.m.m.a.RequestMappingHandlerAdapter - Looking for @ControllerAdvice: WebApplicationContext for namespace 'maizhong-portal-servlet': startup date [Wed Mar 22 09:52:04 CST 2017]; parent: Root WebApplicationContext
2017-03-22 09:52:05.577 [localhost-startStop-1] INFO  o.s.web.servlet.handler.SimpleUrlHandlerMapping - Mapped URL path [/resources/**] onto handler 'org.springframework.web.servlet.resource.ResourceHttpRequestHandler#0'
2017-03-22 09:52:05.599 [localhost-startStop-1] INFO  org.springframework.web.servlet.DispatcherServlet - FrameworkServlet 'maizhong-portal': initialization completed in 998 ms
2017-03-22 09:56:42.265 [localhost-startStop-1] INFO  org.springframework.web.context.ContextLoader - Root WebApplicationContext: initialization started
2017-03-22 09:56:42.389 [localhost-startStop-1] INFO  o.s.web.context.support.XmlWebApplicationContext - Refreshing Root WebApplicationContext: startup date [Wed Mar 22 09:56:42 CST 2017]; root of context hierarchy
2017-03-22 09:56:42.457 [localhost-startStop-1] INFO  o.s.beans.factory.xml.XmlBeanDefinitionReader - Loading XML bean definitions from class path resource [spring/spring-service.xml]
2017-03-22 09:56:43.089 [localhost-startStop-1] INFO  o.s.c.support.PropertySourcesPlaceholderConfigurer - Loading properties file from URL [file:/D:/workspace/MaiZhong/Portal/target/classes/resource/resource.properties]
2017-03-22 09:56:43.099 [localhost-startStop-1] INFO  o.s.b.f.a.AutowiredAnnotationBeanPostProcessor - JSR-330 'javax.inject.Inject' annotation found and supported for autowiring
2017-03-22 09:56:43.167 [localhost-startStop-1] INFO  org.springframework.web.context.ContextLoader - Root WebApplicationContext: initialization completed in 899 ms
2017-03-22 09:56:43.218 [localhost-startStop-1] INFO  org.springframework.web.servlet.DispatcherServlet - FrameworkServlet 'maizhong-portal': initialization started
2017-03-22 09:56:43.222 [localhost-startStop-1] INFO  o.s.web.context.support.XmlWebApplicationContext - Refreshing WebApplicationContext for namespace 'maizhong-portal-servlet': startup date [Wed Mar 22 09:56:43 CST 2017]; parent: Root WebApplicationContext
2017-03-22 09:56:43.223 [localhost-startStop-1] INFO  o.s.beans.factory.xml.XmlBeanDefinitionReader - Loading XML bean definitions from class path resource [spring/spring_mvc.xml]
2017-03-22 09:56:43.437 [localhost-startStop-1] INFO  o.s.b.f.a.AutowiredAnnotationBeanPostProcessor - JSR-330 'javax.inject.Inject' annotation found and supported for autowiring
2017-03-22 09:56:43.652 [localhost-startStop-1] INFO  o.s.w.s.m.m.a.RequestMappingHandlerMapping - Mapped "{[/help]}" onto public java.lang.String com.maizhong.portal.controller.IndexController.help(org.springframework.ui.Model)
2017-03-22 09:56:43.653 [localhost-startStop-1] INFO  o.s.w.s.m.m.a.RequestMappingHandlerMapping - Mapped "{[/index]}" onto public java.lang.String com.maizhong.portal.controller.IndexController.index(org.springframework.ui.Model)
2017-03-22 09:56:43.653 [localhost-startStop-1] INFO  o.s.w.s.m.m.a.RequestMappingHandlerMapping - Mapped "{[/feedback]}" onto public java.lang.String com.maizhong.portal.controller.IndexController.feedback(org.springframework.ui.Model)
2017-03-22 09:56:43.653 [localhost-startStop-1] INFO  o.s.w.s.m.m.a.RequestMappingHandlerMapping - Mapped "{[/about]}" onto public java.lang.String com.maizhong.portal.controller.IndexController.about(org.springframework.ui.Model)
2017-03-22 09:56:43.653 [localhost-startStop-1] INFO  o.s.w.s.m.m.a.RequestMappingHandlerMapping - Mapped "{[/joinus]}" onto public java.lang.String com.maizhong.portal.controller.IndexController.joinus(org.springframework.ui.Model)
2017-03-22 09:56:43.653 [localhost-startStop-1] INFO  o.s.w.s.m.m.a.RequestMappingHandlerMapping - Mapped "{[/sale]}" onto public java.lang.String com.maizhong.portal.controller.IndexController.sale(org.springframework.ui.Model)
2017-03-22 09:56:43.654 [localhost-startStop-1] INFO  o.s.w.s.m.m.a.RequestMappingHandlerMapping - Mapped "{[/feedback/post]}" onto public com.maizhong.common.result.JsonResult com.maizhong.portal.controller.IndexController.feedbackForm(java.lang.String,java.lang.String,java.lang.String,java.lang.String)
2017-03-22 09:56:43.655 [localhost-startStop-1] INFO  o.s.w.s.m.m.a.RequestMappingHandlerMapping - Mapped "{[/test/to/{url}]}" onto public java.lang.String com.maizhong.portal.controller.TestController.test(java.lang.String)
2017-03-22 09:56:43.656 [localhost-startStop-1] INFO  o.s.w.s.m.m.a.RequestMappingHandlerMapping - Mapped "{[/search/info]}" onto public java.lang.String com.maizhong.portal.controller.SearchController.searchIndex(com.maizhong.common.dto.PageSearchParam,org.springframework.ui.Model)
2017-03-22 09:56:43.706 [localhost-startStop-1] INFO  org.hibernate.validator.internal.util.Version - HV000001: Hibernate Validator 5.1.1.Final
2017-03-22 09:56:44.350 [localhost-startStop-1] INFO  o.s.w.s.m.m.a.RequestMappingHandlerAdapter - Looking for @ControllerAdvice: WebApplicationContext for namespace 'maizhong-portal-servlet': startup date [Wed Mar 22 09:56:43 CST 2017]; parent: Root WebApplicationContext
2017-03-22 09:56:44.422 [localhost-startStop-1] INFO  o.s.w.s.m.m.a.RequestMappingHandlerAdapter - Looking for @ControllerAdvice: WebApplicationContext for namespace 'maizhong-portal-servlet': startup date [Wed Mar 22 09:56:43 CST 2017]; parent: Root WebApplicationContext
2017-03-22 09:56:44.572 [localhost-startStop-1] INFO  o.s.web.servlet.handler.SimpleUrlHandlerMapping - Mapped URL path [/resources/**] onto handler 'org.springframework.web.servlet.resource.ResourceHttpRequestHandler#0'
2017-03-22 09:56:44.603 [localhost-startStop-1] INFO  org.springframework.web.servlet.DispatcherServlet - FrameworkServlet 'maizhong-portal': initialization completed in 1385 ms
2017-03-22 09:59:21.812 [localhost-startStop-1] INFO  org.springframework.web.context.ContextLoader - Root WebApplicationContext: initialization started
2017-03-22 09:59:21.903 [localhost-startStop-1] INFO  o.s.web.context.support.XmlWebApplicationContext - Refreshing Root WebApplicationContext: startup date [Wed Mar 22 09:59:21 CST 2017]; root of context hierarchy
2017-03-22 09:59:21.947 [localhost-startStop-1] INFO  o.s.beans.factory.xml.XmlBeanDefinitionReader - Loading XML bean definitions from class path resource [spring/spring-service.xml]
2017-03-22 09:59:22.288 [localhost-startStop-1] INFO  o.s.c.support.PropertySourcesPlaceholderConfigurer - Loading properties file from URL [file:/D:/workspace/MaiZhong/Portal/target/classes/resource/resource.properties]
2017-03-22 09:59:22.294 [localhost-startStop-1] INFO  o.s.b.f.a.AutowiredAnnotationBeanPostProcessor - JSR-330 'javax.inject.Inject' annotation found and supported for autowiring
2017-03-22 09:59:22.338 [localhost-startStop-1] INFO  org.springframework.web.context.ContextLoader - Root WebApplicationContext: initialization completed in 523 ms
2017-03-22 09:59:22.381 [localhost-startStop-1] INFO  org.springframework.web.servlet.DispatcherServlet - FrameworkServlet 'maizhong-portal': initialization started
2017-03-22 09:59:22.384 [localhost-startStop-1] INFO  o.s.web.context.support.XmlWebApplicationContext - Refreshing WebApplicationContext for namespace 'maizhong-portal-servlet': startup date [Wed Mar 22 09:59:22 CST 2017]; parent: Root WebApplicationContext
2017-03-22 09:59:22.385 [localhost-startStop-1] INFO  o.s.beans.factory.xml.XmlBeanDefinitionReader - Loading XML bean definitions from class path resource [spring/spring_mvc.xml]
2017-03-22 09:59:22.561 [localhost-startStop-1] INFO  o.s.b.f.a.AutowiredAnnotationBeanPostProcessor - JSR-330 'javax.inject.Inject' annotation found and supported for autowiring
2017-03-22 09:59:22.735 [localhost-startStop-1] INFO  o.s.w.s.m.m.a.RequestMappingHandlerMapping - Mapped "{[/index]}" onto public java.lang.String com.maizhong.portal.controller.IndexController.index(org.springframework.ui.Model)
2017-03-22 09:59:22.736 [localhost-startStop-1] INFO  o.s.w.s.m.m.a.RequestMappingHandlerMapping - Mapped "{[/help]}" onto public java.lang.String com.maizhong.portal.controller.IndexController.help(org.springframework.ui.Model)
2017-03-22 09:59:22.736 [localhost-startStop-1] INFO  o.s.w.s.m.m.a.RequestMappingHandlerMapping - Mapped "{[/feedback]}" onto public java.lang.String com.maizhong.portal.controller.IndexController.feedback(org.springframework.ui.Model)
2017-03-22 09:59:22.736 [localhost-startStop-1] INFO  o.s.w.s.m.m.a.RequestMappingHandlerMapping - Mapped "{[/about]}" onto public java.lang.String com.maizhong.portal.controller.IndexController.about(org.springframework.ui.Model)
2017-03-22 09:59:22.736 [localhost-startStop-1] INFO  o.s.w.s.m.m.a.RequestMappingHandlerMapping - Mapped "{[/joinus]}" onto public java.lang.String com.maizhong.portal.controller.IndexController.joinus(org.springframework.ui.Model)
2017-03-22 09:59:22.736 [localhost-startStop-1] INFO  o.s.w.s.m.m.a.RequestMappingHandlerMapping - Mapped "{[/sale]}" onto public java.lang.String com.maizhong.portal.controller.IndexController.sale(org.springframework.ui.Model)
2017-03-22 09:59:22.736 [localhost-startStop-1] INFO  o.s.w.s.m.m.a.RequestMappingHandlerMapping - Mapped "{[/feedback/post]}" onto public com.maizhong.common.result.JsonResult com.maizhong.portal.controller.IndexController.feedbackForm(java.lang.String,java.lang.String,java.lang.String,java.lang.String)
2017-03-22 09:59:22.737 [localhost-startStop-1] INFO  o.s.w.s.m.m.a.RequestMappingHandlerMapping - Mapped "{[/test/to/{url}]}" onto public java.lang.String com.maizhong.portal.controller.TestController.test(java.lang.String)
2017-03-22 09:59:22.737 [localhost-startStop-1] INFO  o.s.w.s.m.m.a.RequestMappingHandlerMapping - Mapped "{[/search/info]}" onto public java.lang.String com.maizhong.portal.controller.SearchController.searchIndex(com.maizhong.common.dto.PageSearchParam,org.springframework.ui.Model)
2017-03-22 09:59:22.808 [localhost-startStop-1] INFO  org.hibernate.validator.internal.util.Version - HV000001: Hibernate Validator 5.1.1.Final
2017-03-22 09:59:23.338 [localhost-startStop-1] INFO  o.s.w.s.m.m.a.RequestMappingHandlerAdapter - Looking for @ControllerAdvice: WebApplicationContext for namespace 'maizhong-portal-servlet': startup date [Wed Mar 22 09:59:22 CST 2017]; parent: Root WebApplicationContext
2017-03-22 09:59:23.424 [localhost-startStop-1] INFO  o.s.w.s.m.m.a.RequestMappingHandlerAdapter - Looking for @ControllerAdvice: WebApplicationContext for namespace 'maizhong-portal-servlet': startup date [Wed Mar 22 09:59:22 CST 2017]; parent: Root WebApplicationContext
2017-03-22 09:59:23.552 [localhost-startStop-1] INFO  o.s.web.servlet.handler.SimpleUrlHandlerMapping - Mapped URL path [/resources/**] onto handler 'org.springframework.web.servlet.resource.ResourceHttpRequestHandler#0'
2017-03-22 09:59:23.581 [localhost-startStop-1] INFO  org.springframework.web.servlet.DispatcherServlet - FrameworkServlet 'maizhong-portal': initialization completed in 1200 ms
2017-03-22 10:01:54.313 [localhost-startStop-1] INFO  org.springframework.web.context.ContextLoader - Root WebApplicationContext: initialization started
2017-03-22 10:01:54.430 [localhost-startStop-1] INFO  o.s.web.context.support.XmlWebApplicationContext - Refreshing Root WebApplicationContext: startup date [Wed Mar 22 10:01:54 CST 2017]; root of context hierarchy
2017-03-22 10:01:54.473 [localhost-startStop-1] INFO  o.s.beans.factory.xml.XmlBeanDefinitionReader - Loading XML bean definitions from class path resource [spring/spring-service.xml]
2017-03-22 10:01:54.843 [localhost-startStop-1] INFO  o.s.c.support.PropertySourcesPlaceholderConfigurer - Loading properties file from URL [file:/D:/workspace/MaiZhong/Portal/target/classes/resource/resource.properties]
2017-03-22 10:01:54.849 [localhost-startStop-1] INFO  o.s.b.f.a.AutowiredAnnotationBeanPostProcessor - JSR-330 'javax.inject.Inject' annotation found and supported for autowiring
2017-03-22 10:01:54.899 [localhost-startStop-1] INFO  org.springframework.web.context.ContextLoader - Root WebApplicationContext: initialization completed in 583 ms
2017-03-22 10:01:54.949 [localhost-startStop-1] INFO  org.springframework.web.servlet.DispatcherServlet - FrameworkServlet 'maizhong-portal': initialization started
2017-03-22 10:01:54.952 [localhost-startStop-1] INFO  o.s.web.context.support.XmlWebApplicationContext - Refreshing WebApplicationContext for namespace 'maizhong-portal-servlet': startup date [Wed Mar 22 10:01:54 CST 2017]; parent: Root WebApplicationContext
2017-03-22 10:01:54.953 [localhost-startStop-1] INFO  o.s.beans.factory.xml.XmlBeanDefinitionReader - Loading XML bean definitions from class path resource [spring/spring_mvc.xml]
2017-03-22 10:01:55.163 [localhost-startStop-1] INFO  o.s.b.f.a.AutowiredAnnotationBeanPostProcessor - JSR-330 'javax.inject.Inject' annotation found and supported for autowiring
2017-03-22 10:01:55.339 [localhost-startStop-1] INFO  o.s.w.s.m.m.a.RequestMappingHandlerMapping - Mapped "{[/index]}" onto public java.lang.String com.maizhong.portal.controller.IndexController.index(org.springframework.ui.Model)
2017-03-22 10:01:55.340 [localhost-startStop-1] INFO  o.s.w.s.m.m.a.RequestMappingHandlerMapping - Mapped "{[/help]}" onto public java.lang.String com.maizhong.portal.controller.IndexController.help(org.springframework.ui.Model)
2017-03-22 10:01:55.340 [localhost-startStop-1] INFO  o.s.w.s.m.m.a.RequestMappingHandlerMapping - Mapped "{[/feedback]}" onto public java.lang.String com.maizhong.portal.controller.IndexController.feedback(org.springframework.ui.Model)
2017-03-22 10:01:55.340 [localhost-startStop-1] INFO  o.s.w.s.m.m.a.RequestMappingHandlerMapping - Mapped "{[/about]}" onto public java.lang.String com.maizhong.portal.controller.IndexController.about(org.springframework.ui.Model)
2017-03-22 10:01:55.340 [localhost-startStop-1] INFO  o.s.w.s.m.m.a.RequestMappingHandlerMapping - Mapped "{[/joinus]}" onto public java.lang.String com.maizhong.portal.controller.IndexController.joinus(org.springframework.ui.Model)
2017-03-22 10:01:55.340 [localhost-startStop-1] INFO  o.s.w.s.m.m.a.RequestMappingHandlerMapping - Mapped "{[/sale]}" onto public java.lang.String com.maizhong.portal.controller.IndexController.sale(org.springframework.ui.Model)
2017-03-22 10:01:55.341 [localhost-startStop-1] INFO  o.s.w.s.m.m.a.RequestMappingHandlerMapping - Mapped "{[/feedback/post]}" onto public com.maizhong.common.result.JsonResult com.maizhong.portal.controller.IndexController.feedbackForm(java.lang.String,java.lang.String,java.lang.String,java.lang.String)
2017-03-22 10:01:55.342 [localhost-startStop-1] INFO  o.s.w.s.m.m.a.RequestMappingHandlerMapping - Mapped "{[/test/to/{url}]}" onto public java.lang.String com.maizhong.portal.controller.TestController.test(java.lang.String)
2017-03-22 10:01:55.343 [localhost-startStop-1] INFO  o.s.w.s.m.m.a.RequestMappingHandlerMapping - Mapped "{[/search/info]}" onto public java.lang.String com.maizhong.portal.controller.SearchController.searchIndex(com.maizhong.common.dto.PageSearchParam,org.springframework.ui.Model)
2017-03-22 10:01:55.399 [localhost-startStop-1] INFO  org.hibernate.validator.internal.util.Version - HV000001: Hibernate Validator 5.1.1.Final
2017-03-22 10:01:55.898 [localhost-startStop-1] INFO  o.s.w.s.m.m.a.RequestMappingHandlerAdapter - Looking for @ControllerAdvice: WebApplicationContext for namespace 'maizhong-portal-servlet': startup date [Wed Mar 22 10:01:54 CST 2017]; parent: Root WebApplicationContext
2017-03-22 10:01:55.958 [localhost-startStop-1] INFO  o.s.w.s.m.m.a.RequestMappingHandlerAdapter - Looking for @ControllerAdvice: WebApplicationContext for namespace 'maizhong-portal-servlet': startup date [Wed Mar 22 10:01:54 CST 2017]; parent: Root WebApplicationContext
2017-03-22 10:01:56.072 [localhost-startStop-1] INFO  o.s.web.servlet.handler.SimpleUrlHandlerMapping - Mapped URL path [/resources/**] onto handler 'org.springframework.web.servlet.resource.ResourceHttpRequestHandler#0'
2017-03-22 10:01:56.103 [localhost-startStop-1] INFO  org.springframework.web.servlet.DispatcherServlet - FrameworkServlet 'maizhong-portal': initialization completed in 1154 ms
