2017-03-20 17:13:14.994 [localhost-startStop-1] INFO  org.springframework.web.context.ContextLoader - Root WebApplicationContext: initialization started
2017-03-20 17:13:15.095 [localhost-startStop-1] INFO  o.s.web.context.support.XmlWebApplicationContext - Refreshing Root WebApplicationContext: startup date [Mon Mar 20 17:13:15 CST 2017]; root of context hierarchy
2017-03-20 17:13:15.134 [localhost-startStop-1] INFO  o.s.beans.factory.xml.XmlBeanDefinitionReader - Loading XML bean definitions from class path resource [spring/spring-service.xml]
2017-03-20 17:13:15.531 [localhost-startStop-1] INFO  o.s.c.support.PropertySourcesPlaceholderConfigurer - Loading properties file from URL [file:/D:/workspace/MaiZhong/Portal/target/classes/resource/resource.properties]
2017-03-20 17:13:15.536 [localhost-startStop-1] INFO  o.s.b.f.a.AutowiredAnnotationBeanPostProcessor - JSR-330 'javax.inject.Inject' annotation found and supported for autowiring
2017-03-20 17:13:15.583 [localhost-startStop-1] INFO  org.springframework.web.context.ContextLoader - Root WebApplicationContext: initialization completed in 587 ms
2017-03-20 17:13:15.627 [localhost-startStop-1] INFO  org.springframework.web.servlet.DispatcherServlet - FrameworkServlet 'maizhong-portal': initialization started
2017-03-20 17:13:15.629 [localhost-startStop-1] INFO  o.s.web.context.support.XmlWebApplicationContext - Refreshing WebApplicationContext for namespace 'maizhong-portal-servlet': startup date [Mon Mar 20 17:13:15 CST 2017]; parent: Root WebApplicationContext
2017-03-20 17:13:15.630 [localhost-startStop-1] INFO  o.s.beans.factory.xml.XmlBeanDefinitionReader - Loading XML bean definitions from class path resource [spring/spring_mvc.xml]
2017-03-20 17:13:15.997 [localhost-startStop-1] INFO  o.s.b.f.a.AutowiredAnnotationBeanPostProcessor - JSR-330 'javax.inject.Inject' annotation found and supported for autowiring
2017-03-20 17:13:16.191 [localhost-startStop-1] INFO  o.s.w.s.m.m.a.RequestMappingHandlerMapping - Mapped "{[/index]}" onto public java.lang.String com.maizhong.portal.controller.IndexController.index(org.springframework.ui.Model)
2017-03-20 17:13:16.192 [localhost-startStop-1] INFO  o.s.w.s.m.m.a.RequestMappingHandlerMapping - Mapped "{[/test/to/{url}]}" onto public java.lang.String com.maizhong.portal.controller.TestController.test(java.lang.String)
2017-03-20 17:13:16.193 [localhost-startStop-1] INFO  o.s.w.s.m.m.a.RequestMappingHandlerMapping - Mapped "{[/search/info]}" onto public java.lang.String com.maizhong.portal.controller.SearchController.searchIndex(com.maizhong.common.dto.PageSearchParam,org.springframework.ui.Model)
2017-03-20 17:13:16.264 [localhost-startStop-1] INFO  org.hibernate.validator.internal.util.Version - HV000001: Hibernate Validator 5.1.1.Final
2017-03-20 17:13:16.827 [localhost-startStop-1] INFO  o.s.w.s.m.m.a.RequestMappingHandlerAdapter - Looking for @ControllerAdvice: WebApplicationContext for namespace 'maizhong-portal-servlet': startup date [Mon Mar 20 17:13:15 CST 2017]; parent: Root WebApplicationContext
2017-03-20 17:13:16.886 [localhost-startStop-1] INFO  o.s.w.s.m.m.a.RequestMappingHandlerAdapter - Looking for @ControllerAdvice: WebApplicationContext for namespace 'maizhong-portal-servlet': startup date [Mon Mar 20 17:13:15 CST 2017]; parent: Root WebApplicationContext
2017-03-20 17:13:17.031 [localhost-startStop-1] INFO  o.s.web.servlet.handler.SimpleUrlHandlerMapping - Mapped URL path [/resources/**] onto handler 'org.springframework.web.servlet.resource.ResourceHttpRequestHandler#0'
2017-03-20 17:13:17.070 [localhost-startStop-1] INFO  org.springframework.web.servlet.DispatcherServlet - FrameworkServlet 'maizhong-portal': initialization completed in 1443 ms
2017-03-20 17:22:21.369 [localhost-startStop-1] INFO  org.springframework.web.context.ContextLoader - Root WebApplicationContext: initialization started
2017-03-20 17:22:21.461 [localhost-startStop-1] INFO  o.s.web.context.support.XmlWebApplicationContext - Refreshing Root WebApplicationContext: startup date [Mon Mar 20 17:22:21 CST 2017]; root of context hierarchy
2017-03-20 17:22:21.504 [localhost-startStop-1] INFO  o.s.beans.factory.xml.XmlBeanDefinitionReader - Loading XML bean definitions from class path resource [spring/spring-service.xml]
2017-03-20 17:22:21.844 [localhost-startStop-1] INFO  o.s.c.support.PropertySourcesPlaceholderConfigurer - Loading properties file from URL [file:/D:/workspace/MaiZhong/Portal/target/classes/resource/resource.properties]
2017-03-20 17:22:21.850 [localhost-startStop-1] INFO  o.s.b.f.a.AutowiredAnnotationBeanPostProcessor - JSR-330 'javax.inject.Inject' annotation found and supported for autowiring
2017-03-20 17:22:21.889 [localhost-startStop-1] INFO  org.springframework.web.context.ContextLoader - Root WebApplicationContext: initialization completed in 516 ms
2017-03-20 17:22:21.923 [localhost-startStop-1] INFO  org.springframework.web.servlet.DispatcherServlet - FrameworkServlet 'maizhong-portal': initialization started
2017-03-20 17:22:21.925 [localhost-startStop-1] INFO  o.s.web.context.support.XmlWebApplicationContext - Refreshing WebApplicationContext for namespace 'maizhong-portal-servlet': startup date [Mon Mar 20 17:22:21 CST 2017]; parent: Root WebApplicationContext
2017-03-20 17:22:21.926 [localhost-startStop-1] INFO  o.s.beans.factory.xml.XmlBeanDefinitionReader - Loading XML bean definitions from class path resource [spring/spring_mvc.xml]
2017-03-20 17:22:22.123 [localhost-startStop-1] INFO  o.s.b.f.a.AutowiredAnnotationBeanPostProcessor - JSR-330 'javax.inject.Inject' annotation found and supported for autowiring
2017-03-20 17:22:22.255 [localhost-startStop-1] INFO  o.s.w.s.m.m.a.RequestMappingHandlerMapping - Mapped "{[/index]}" onto public java.lang.String com.maizhong.portal.controller.IndexController.index(org.springframework.ui.Model)
2017-03-20 17:22:22.256 [localhost-startStop-1] INFO  o.s.w.s.m.m.a.RequestMappingHandlerMapping - Mapped "{[/test/to/{url}]}" onto public java.lang.String com.maizhong.portal.controller.TestController.test(java.lang.String)
2017-03-20 17:22:22.256 [localhost-startStop-1] INFO  o.s.w.s.m.m.a.RequestMappingHandlerMapping - Mapped "{[/search/info]}" onto public java.lang.String com.maizhong.portal.controller.SearchController.searchIndex(com.maizhong.common.dto.PageSearchParam,org.springframework.ui.Model)
2017-03-20 17:22:22.295 [localhost-startStop-1] INFO  org.hibernate.validator.internal.util.Version - HV000001: Hibernate Validator 5.1.1.Final
2017-03-20 17:22:22.686 [localhost-startStop-1] INFO  o.s.w.s.m.m.a.RequestMappingHandlerAdapter - Looking for @ControllerAdvice: WebApplicationContext for namespace 'maizhong-portal-servlet': startup date [Mon Mar 20 17:22:21 CST 2017]; parent: Root WebApplicationContext
2017-03-20 17:22:22.732 [localhost-startStop-1] INFO  o.s.w.s.m.m.a.RequestMappingHandlerAdapter - Looking for @ControllerAdvice: WebApplicationContext for namespace 'maizhong-portal-servlet': startup date [Mon Mar 20 17:22:21 CST 2017]; parent: Root WebApplicationContext
2017-03-20 17:22:22.841 [localhost-startStop-1] INFO  o.s.web.servlet.handler.SimpleUrlHandlerMapping - Mapped URL path [/resources/**] onto handler 'org.springframework.web.servlet.resource.ResourceHttpRequestHandler#0'
2017-03-20 17:22:22.879 [localhost-startStop-1] INFO  org.springframework.web.servlet.DispatcherServlet - FrameworkServlet 'maizhong-portal': initialization completed in 956 ms
2017-03-20 17:23:58.974 [localhost-startStop-1] INFO  org.springframework.web.context.ContextLoader - Root WebApplicationContext: initialization started
2017-03-20 17:23:59.072 [localhost-startStop-1] INFO  o.s.web.context.support.XmlWebApplicationContext - Refreshing Root WebApplicationContext: startup date [Mon Mar 20 17:23:59 CST 2017]; root of context hierarchy
2017-03-20 17:23:59.118 [localhost-startStop-1] INFO  o.s.beans.factory.xml.XmlBeanDefinitionReader - Loading XML bean definitions from class path resource [spring/spring-service.xml]
2017-03-20 17:23:59.518 [localhost-startStop-1] INFO  o.s.c.support.PropertySourcesPlaceholderConfigurer - Loading properties file from URL [file:/D:/workspace/MaiZhong/Portal/target/classes/resource/resource.properties]
2017-03-20 17:23:59.524 [localhost-startStop-1] INFO  o.s.b.f.a.AutowiredAnnotationBeanPostProcessor - JSR-330 'javax.inject.Inject' annotation found and supported for autowiring
2017-03-20 17:23:59.566 [localhost-startStop-1] INFO  org.springframework.web.context.ContextLoader - Root WebApplicationContext: initialization completed in 589 ms
2017-03-20 17:23:59.605 [localhost-startStop-1] INFO  org.springframework.web.servlet.DispatcherServlet - FrameworkServlet 'maizhong-portal': initialization started
2017-03-20 17:23:59.610 [localhost-startStop-1] INFO  o.s.web.context.support.XmlWebApplicationContext - Refreshing WebApplicationContext for namespace 'maizhong-portal-servlet': startup date [Mon Mar 20 17:23:59 CST 2017]; parent: Root WebApplicationContext
2017-03-20 17:23:59.611 [localhost-startStop-1] INFO  o.s.beans.factory.xml.XmlBeanDefinitionReader - Loading XML bean definitions from class path resource [spring/spring_mvc.xml]
2017-03-20 17:23:59.799 [localhost-startStop-1] INFO  o.s.b.f.a.AutowiredAnnotationBeanPostProcessor - JSR-330 'javax.inject.Inject' annotation found and supported for autowiring
2017-03-20 17:23:59.962 [localhost-startStop-1] INFO  o.s.w.s.m.m.a.RequestMappingHandlerMapping - Mapped "{[/index]}" onto public java.lang.String com.maizhong.portal.controller.IndexController.index(org.springframework.ui.Model)
2017-03-20 17:23:59.963 [localhost-startStop-1] INFO  o.s.w.s.m.m.a.RequestMappingHandlerMapping - Mapped "{[/test/to/{url}]}" onto public java.lang.String com.maizhong.portal.controller.TestController.test(java.lang.String)
2017-03-20 17:23:59.964 [localhost-startStop-1] INFO  o.s.w.s.m.m.a.RequestMappingHandlerMapping - Mapped "{[/search/info]}" onto public java.lang.String com.maizhong.portal.controller.SearchController.searchIndex(com.maizhong.common.dto.PageSearchParam,org.springframework.ui.Model)
2017-03-20 17:24:00.024 [localhost-startStop-1] INFO  org.hibernate.validator.internal.util.Version - HV000001: Hibernate Validator 5.1.1.Final
2017-03-20 17:24:00.489 [localhost-startStop-1] INFO  o.s.w.s.m.m.a.RequestMappingHandlerAdapter - Looking for @ControllerAdvice: WebApplicationContext for namespace 'maizhong-portal-servlet': startup date [Mon Mar 20 17:23:59 CST 2017]; parent: Root WebApplicationContext
2017-03-20 17:24:00.548 [localhost-startStop-1] INFO  o.s.w.s.m.m.a.RequestMappingHandlerAdapter - Looking for @ControllerAdvice: WebApplicationContext for namespace 'maizhong-portal-servlet': startup date [Mon Mar 20 17:23:59 CST 2017]; parent: Root WebApplicationContext
2017-03-20 17:24:00.678 [localhost-startStop-1] INFO  o.s.web.servlet.handler.SimpleUrlHandlerMapping - Mapped URL path [/resources/**] onto handler 'org.springframework.web.servlet.resource.ResourceHttpRequestHandler#0'
2017-03-20 17:24:00.706 [localhost-startStop-1] INFO  org.springframework.web.servlet.DispatcherServlet - FrameworkServlet 'maizhong-portal': initialization completed in 1100 ms
2017-03-20 17:31:09.062 [localhost-startStop-1] INFO  org.springframework.web.context.ContextLoader - Root WebApplicationContext: initialization started
2017-03-20 17:31:09.166 [localhost-startStop-1] INFO  o.s.web.context.support.XmlWebApplicationContext - Refreshing Root WebApplicationContext: startup date [Mon Mar 20 17:31:09 CST 2017]; root of context hierarchy
2017-03-20 17:31:09.224 [localhost-startStop-1] INFO  o.s.beans.factory.xml.XmlBeanDefinitionReader - Loading XML bean definitions from class path resource [spring/spring-service.xml]
2017-03-20 17:31:09.633 [localhost-startStop-1] INFO  o.s.c.support.PropertySourcesPlaceholderConfigurer - Loading properties file from URL [file:/D:/workspace/MaiZhong/Portal/target/classes/resource/resource.properties]
2017-03-20 17:31:09.647 [localhost-startStop-1] INFO  o.s.b.f.a.AutowiredAnnotationBeanPostProcessor - JSR-330 'javax.inject.Inject' annotation found and supported for autowiring
2017-03-20 17:31:09.708 [localhost-startStop-1] INFO  org.springframework.web.context.ContextLoader - Root WebApplicationContext: initialization completed in 641 ms
2017-03-20 17:31:09.767 [localhost-startStop-1] INFO  org.springframework.web.servlet.DispatcherServlet - FrameworkServlet 'maizhong-portal': initialization started
2017-03-20 17:31:09.772 [localhost-startStop-1] INFO  o.s.web.context.support.XmlWebApplicationContext - Refreshing WebApplicationContext for namespace 'maizhong-portal-servlet': startup date [Mon Mar 20 17:31:09 CST 2017]; parent: Root WebApplicationContext
2017-03-20 17:31:09.773 [localhost-startStop-1] INFO  o.s.beans.factory.xml.XmlBeanDefinitionReader - Loading XML bean definitions from class path resource [spring/spring_mvc.xml]
2017-03-20 17:31:10.003 [localhost-startStop-1] INFO  o.s.b.f.a.AutowiredAnnotationBeanPostProcessor - JSR-330 'javax.inject.Inject' annotation found and supported for autowiring
2017-03-20 17:31:10.247 [localhost-startStop-1] INFO  o.s.w.s.m.m.a.RequestMappingHandlerMapping - Mapped "{[/index]}" onto public java.lang.String com.maizhong.portal.controller.IndexController.index(org.springframework.ui.Model)
2017-03-20 17:31:10.248 [localhost-startStop-1] INFO  o.s.w.s.m.m.a.RequestMappingHandlerMapping - Mapped "{[/test/to/{url}]}" onto public java.lang.String com.maizhong.portal.controller.TestController.test(java.lang.String)
2017-03-20 17:31:10.249 [localhost-startStop-1] INFO  o.s.w.s.m.m.a.RequestMappingHandlerMapping - Mapped "{[/search/info]}" onto public java.lang.String com.maizhong.portal.controller.SearchController.searchIndex(com.maizhong.common.dto.PageSearchParam,org.springframework.ui.Model)
2017-03-20 17:31:10.341 [localhost-startStop-1] INFO  org.hibernate.validator.internal.util.Version - HV000001: Hibernate Validator 5.1.1.Final
2017-03-20 17:31:11.087 [localhost-startStop-1] INFO  o.s.w.s.m.m.a.RequestMappingHandlerAdapter - Looking for @ControllerAdvice: WebApplicationContext for namespace 'maizhong-portal-servlet': startup date [Mon Mar 20 17:31:09 CST 2017]; parent: Root WebApplicationContext
2017-03-20 17:31:11.154 [localhost-startStop-1] INFO  o.s.w.s.m.m.a.RequestMappingHandlerAdapter - Looking for @ControllerAdvice: WebApplicationContext for namespace 'maizhong-portal-servlet': startup date [Mon Mar 20 17:31:09 CST 2017]; parent: Root WebApplicationContext
2017-03-20 17:31:11.275 [localhost-startStop-1] INFO  o.s.web.servlet.handler.SimpleUrlHandlerMapping - Mapped URL path [/resources/**] onto handler 'org.springframework.web.servlet.resource.ResourceHttpRequestHandler#0'
2017-03-20 17:31:11.305 [localhost-startStop-1] INFO  org.springframework.web.servlet.DispatcherServlet - FrameworkServlet 'maizhong-portal': initialization completed in 1538 ms
2017-03-20 17:41:27.498 [localhost-startStop-1] INFO  org.springframework.web.context.ContextLoader - Root WebApplicationContext: initialization started
2017-03-20 17:41:27.602 [localhost-startStop-1] INFO  o.s.web.context.support.XmlWebApplicationContext - Refreshing Root WebApplicationContext: startup date [Mon Mar 20 17:41:27 CST 2017]; root of context hierarchy
2017-03-20 17:41:27.647 [localhost-startStop-1] INFO  o.s.beans.factory.xml.XmlBeanDefinitionReader - Loading XML bean definitions from class path resource [spring/spring-service.xml]
2017-03-20 17:41:28.038 [localhost-startStop-1] INFO  o.s.c.support.PropertySourcesPlaceholderConfigurer - Loading properties file from URL [file:/D:/workspace/MaiZhong/Portal/target/classes/resource/resource.properties]
2017-03-20 17:41:28.043 [localhost-startStop-1] INFO  o.s.b.f.a.AutowiredAnnotationBeanPostProcessor - JSR-330 'javax.inject.Inject' annotation found and supported for autowiring
2017-03-20 17:41:28.087 [localhost-startStop-1] INFO  org.springframework.web.context.ContextLoader - Root WebApplicationContext: initialization completed in 586 ms
2017-03-20 17:41:28.130 [localhost-startStop-1] INFO  org.springframework.web.servlet.DispatcherServlet - FrameworkServlet 'maizhong-portal': initialization started
2017-03-20 17:41:28.133 [localhost-startStop-1] INFO  o.s.web.context.support.XmlWebApplicationContext - Refreshing WebApplicationContext for namespace 'maizhong-portal-servlet': startup date [Mon Mar 20 17:41:28 CST 2017]; parent: Root WebApplicationContext
2017-03-20 17:41:28.135 [localhost-startStop-1] INFO  o.s.beans.factory.xml.XmlBeanDefinitionReader - Loading XML bean definitions from class path resource [spring/spring_mvc.xml]
2017-03-20 17:41:28.408 [localhost-startStop-1] INFO  o.s.b.f.a.AutowiredAnnotationBeanPostProcessor - JSR-330 'javax.inject.Inject' annotation found and supported for autowiring
2017-03-20 17:41:28.580 [localhost-startStop-1] INFO  o.s.w.s.m.m.a.RequestMappingHandlerMapping - Mapped "{[/index]}" onto public java.lang.String com.maizhong.portal.controller.IndexController.index(org.springframework.ui.Model)
2017-03-20 17:41:28.581 [localhost-startStop-1] INFO  o.s.w.s.m.m.a.RequestMappingHandlerMapping - Mapped "{[/test/to/{url}]}" onto public java.lang.String com.maizhong.portal.controller.TestController.test(java.lang.String)
2017-03-20 17:41:28.581 [localhost-startStop-1] INFO  o.s.w.s.m.m.a.RequestMappingHandlerMapping - Mapped "{[/search/info]}" onto public java.lang.String com.maizhong.portal.controller.SearchController.searchIndex(com.maizhong.common.dto.PageSearchParam,org.springframework.ui.Model)
2017-03-20 17:41:28.632 [localhost-startStop-1] INFO  org.hibernate.validator.internal.util.Version - HV000001: Hibernate Validator 5.1.1.Final
2017-03-20 17:41:29.115 [localhost-startStop-1] INFO  o.s.w.s.m.m.a.RequestMappingHandlerAdapter - Looking for @ControllerAdvice: WebApplicationContext for namespace 'maizhong-portal-servlet': startup date [Mon Mar 20 17:41:28 CST 2017]; parent: Root WebApplicationContext
2017-03-20 17:41:29.176 [localhost-startStop-1] INFO  o.s.w.s.m.m.a.RequestMappingHandlerAdapter - Looking for @ControllerAdvice: WebApplicationContext for namespace 'maizhong-portal-servlet': startup date [Mon Mar 20 17:41:28 CST 2017]; parent: Root WebApplicationContext
2017-03-20 17:41:29.292 [localhost-startStop-1] INFO  o.s.web.servlet.handler.SimpleUrlHandlerMapping - Mapped URL path [/resources/**] onto handler 'org.springframework.web.servlet.resource.ResourceHttpRequestHandler#0'
2017-03-20 17:41:29.320 [localhost-startStop-1] INFO  org.springframework.web.servlet.DispatcherServlet - FrameworkServlet 'maizhong-portal': initialization completed in 1190 ms
