2017-03-21 08:52:07.805 [localhost-startStop-1] INFO  org.springframework.web.context.ContextLoader - Root WebApplicationContext: initialization started
2017-03-21 08:52:07.935 [localhost-startStop-1] INFO  o.s.web.context.support.XmlWebApplicationContext - Refreshing Root WebApplicationContext: startup date [Tue Mar 21 08:52:07 CST 2017]; root of context hierarchy
2017-03-21 08:52:07.995 [localhost-startStop-1] INFO  o.s.beans.factory.xml.XmlBeanDefinitionReader - Loading XML bean definitions from class path resource [spring/spring-service.xml]
2017-03-21 08:52:08.433 [localhost-startStop-1] INFO  o.s.c.support.PropertySourcesPlaceholderConfigurer - Loading properties file from URL [file:/D:/workspace/MaiZhong/Portal/target/classes/resource/resource.properties]
2017-03-21 08:52:08.444 [localhost-startStop-1] INFO  o.s.b.f.a.AutowiredAnnotationBeanPostProcessor - JSR-330 'javax.inject.Inject' annotation found and supported for autowiring
2017-03-21 08:52:08.500 [localhost-startStop-1] INFO  org.springframework.web.context.ContextLoader - Root WebApplicationContext: initialization completed in 692 ms
2017-03-21 08:52:08.573 [localhost-startStop-1] INFO  org.springframework.web.servlet.DispatcherServlet - FrameworkServlet 'maizhong-portal': initialization started
2017-03-21 08:52:08.578 [localhost-startStop-1] INFO  o.s.web.context.support.XmlWebApplicationContext - Refreshing WebApplicationContext for namespace 'maizhong-portal-servlet': startup date [Tue Mar 21 08:52:08 CST 2017]; parent: Root WebApplicationContext
2017-03-21 08:52:08.580 [localhost-startStop-1] INFO  o.s.beans.factory.xml.XmlBeanDefinitionReader - Loading XML bean definitions from class path resource [spring/spring_mvc.xml]
2017-03-21 08:52:09.270 [localhost-startStop-1] INFO  o.s.b.f.a.AutowiredAnnotationBeanPostProcessor - JSR-330 'javax.inject.Inject' annotation found and supported for autowiring
2017-03-21 08:52:10.071 [localhost-startStop-1] INFO  o.s.w.s.m.m.a.RequestMappingHandlerMapping - Mapped "{[/index]}" onto public java.lang.String com.maizhong.portal.controller.IndexController.index(org.springframework.ui.Model)
2017-03-21 08:52:10.072 [localhost-startStop-1] INFO  o.s.w.s.m.m.a.RequestMappingHandlerMapping - Mapped "{[/test/to/{url}]}" onto public java.lang.String com.maizhong.portal.controller.TestController.test(java.lang.String)
2017-03-21 08:52:10.073 [localhost-startStop-1] INFO  o.s.w.s.m.m.a.RequestMappingHandlerMapping - Mapped "{[/search/info]}" onto public java.lang.String com.maizhong.portal.controller.SearchController.searchIndex(com.maizhong.common.dto.PageSearchParam,org.springframework.ui.Model)
2017-03-21 08:52:10.515 [localhost-startStop-1] INFO  org.hibernate.validator.internal.util.Version - HV000001: Hibernate Validator 5.1.1.Final
2017-03-21 08:52:11.914 [localhost-startStop-1] INFO  o.s.w.s.m.m.a.RequestMappingHandlerAdapter - Looking for @ControllerAdvice: WebApplicationContext for namespace 'maizhong-portal-servlet': startup date [Tue Mar 21 08:52:08 CST 2017]; parent: Root WebApplicationContext
2017-03-21 08:52:11.972 [localhost-startStop-1] INFO  o.s.w.s.m.m.a.RequestMappingHandlerAdapter - Looking for @ControllerAdvice: WebApplicationContext for namespace 'maizhong-portal-servlet': startup date [Tue Mar 21 08:52:08 CST 2017]; parent: Root WebApplicationContext
2017-03-21 08:52:12.068 [localhost-startStop-1] INFO  o.s.web.servlet.handler.SimpleUrlHandlerMapping - Mapped URL path [/resources/**] onto handler 'org.springframework.web.servlet.resource.ResourceHttpRequestHandler#0'
2017-03-21 08:52:12.086 [localhost-startStop-1] INFO  org.springframework.web.servlet.DispatcherServlet - FrameworkServlet 'maizhong-portal': initialization completed in 3512 ms
2017-03-21 08:54:27.334 [localhost-startStop-1] INFO  org.springframework.web.context.ContextLoader - Root WebApplicationContext: initialization started
2017-03-21 08:54:27.424 [localhost-startStop-1] INFO  o.s.web.context.support.XmlWebApplicationContext - Refreshing Root WebApplicationContext: startup date [Tue Mar 21 08:54:27 CST 2017]; root of context hierarchy
2017-03-21 08:54:27.465 [localhost-startStop-1] INFO  o.s.beans.factory.xml.XmlBeanDefinitionReader - Loading XML bean definitions from class path resource [spring/spring-service.xml]
2017-03-21 08:54:27.805 [localhost-startStop-1] INFO  o.s.c.support.PropertySourcesPlaceholderConfigurer - Loading properties file from URL [file:/D:/workspace/MaiZhong/Portal/target/classes/resource/resource.properties]
2017-03-21 08:54:27.809 [localhost-startStop-1] INFO  o.s.b.f.a.AutowiredAnnotationBeanPostProcessor - JSR-330 'javax.inject.Inject' annotation found and supported for autowiring
2017-03-21 08:54:27.845 [localhost-startStop-1] INFO  org.springframework.web.context.ContextLoader - Root WebApplicationContext: initialization completed in 507 ms
2017-03-21 08:54:27.884 [localhost-startStop-1] INFO  org.springframework.web.servlet.DispatcherServlet - FrameworkServlet 'maizhong-portal': initialization started
2017-03-21 08:54:27.887 [localhost-startStop-1] INFO  o.s.web.context.support.XmlWebApplicationContext - Refreshing WebApplicationContext for namespace 'maizhong-portal-servlet': startup date [Tue Mar 21 08:54:27 CST 2017]; parent: Root WebApplicationContext
2017-03-21 08:54:27.888 [localhost-startStop-1] INFO  o.s.beans.factory.xml.XmlBeanDefinitionReader - Loading XML bean definitions from class path resource [spring/spring_mvc.xml]
2017-03-21 08:54:28.053 [localhost-startStop-1] INFO  o.s.b.f.a.AutowiredAnnotationBeanPostProcessor - JSR-330 'javax.inject.Inject' annotation found and supported for autowiring
2017-03-21 08:54:28.284 [localhost-startStop-1] INFO  o.s.w.s.m.m.a.RequestMappingHandlerMapping - Mapped "{[/index]}" onto public java.lang.String com.maizhong.portal.controller.IndexController.index(org.springframework.ui.Model)
2017-03-21 08:54:28.286 [localhost-startStop-1] INFO  o.s.w.s.m.m.a.RequestMappingHandlerMapping - Mapped "{[/test/to/{url}]}" onto public java.lang.String com.maizhong.portal.controller.TestController.test(java.lang.String)
2017-03-21 08:54:28.287 [localhost-startStop-1] INFO  o.s.w.s.m.m.a.RequestMappingHandlerMapping - Mapped "{[/search/info]}" onto public java.lang.String com.maizhong.portal.controller.SearchController.searchIndex(com.maizhong.common.dto.PageSearchParam,org.springframework.ui.Model)
2017-03-21 08:54:28.374 [localhost-startStop-1] INFO  org.hibernate.validator.internal.util.Version - HV000001: Hibernate Validator 5.1.1.Final
2017-03-21 08:54:28.954 [localhost-startStop-1] INFO  o.s.w.s.m.m.a.RequestMappingHandlerAdapter - Looking for @ControllerAdvice: WebApplicationContext for namespace 'maizhong-portal-servlet': startup date [Tue Mar 21 08:54:27 CST 2017]; parent: Root WebApplicationContext
2017-03-21 08:54:29.011 [localhost-startStop-1] INFO  o.s.w.s.m.m.a.RequestMappingHandlerAdapter - Looking for @ControllerAdvice: WebApplicationContext for namespace 'maizhong-portal-servlet': startup date [Tue Mar 21 08:54:27 CST 2017]; parent: Root WebApplicationContext
2017-03-21 08:54:29.112 [localhost-startStop-1] INFO  o.s.web.servlet.handler.SimpleUrlHandlerMapping - Mapped URL path [/resources/**] onto handler 'org.springframework.web.servlet.resource.ResourceHttpRequestHandler#0'
2017-03-21 08:54:29.136 [localhost-startStop-1] INFO  org.springframework.web.servlet.DispatcherServlet - FrameworkServlet 'maizhong-portal': initialization completed in 1251 ms
2017-03-21 09:06:28.794 [localhost-startStop-1] INFO  org.springframework.web.context.ContextLoader - Root WebApplicationContext: initialization started
2017-03-21 09:06:28.876 [localhost-startStop-1] INFO  o.s.web.context.support.XmlWebApplicationContext - Refreshing Root WebApplicationContext: startup date [Tue Mar 21 09:06:28 CST 2017]; root of context hierarchy
2017-03-21 09:06:28.914 [localhost-startStop-1] INFO  o.s.beans.factory.xml.XmlBeanDefinitionReader - Loading XML bean definitions from class path resource [spring/spring-service.xml]
2017-03-21 09:06:29.187 [localhost-startStop-1] INFO  o.s.c.support.PropertySourcesPlaceholderConfigurer - Loading properties file from URL [file:/D:/workspace/MaiZhong/Portal/target/classes/resource/resource.properties]
2017-03-21 09:06:29.193 [localhost-startStop-1] INFO  o.s.b.f.a.AutowiredAnnotationBeanPostProcessor - JSR-330 'javax.inject.Inject' annotation found and supported for autowiring
2017-03-21 09:06:29.232 [localhost-startStop-1] INFO  org.springframework.web.context.ContextLoader - Root WebApplicationContext: initialization completed in 436 ms
2017-03-21 09:06:29.264 [localhost-startStop-1] INFO  org.springframework.web.servlet.DispatcherServlet - FrameworkServlet 'maizhong-portal': initialization started
2017-03-21 09:06:29.267 [localhost-startStop-1] INFO  o.s.web.context.support.XmlWebApplicationContext - Refreshing WebApplicationContext for namespace 'maizhong-portal-servlet': startup date [Tue Mar 21 09:06:29 CST 2017]; parent: Root WebApplicationContext
2017-03-21 09:06:29.268 [localhost-startStop-1] INFO  o.s.beans.factory.xml.XmlBeanDefinitionReader - Loading XML bean definitions from class path resource [spring/spring_mvc.xml]
2017-03-21 09:06:29.479 [localhost-startStop-1] INFO  o.s.b.f.a.AutowiredAnnotationBeanPostProcessor - JSR-330 'javax.inject.Inject' annotation found and supported for autowiring
2017-03-21 09:06:29.628 [localhost-startStop-1] INFO  o.s.w.s.m.m.a.RequestMappingHandlerMapping - Mapped "{[/index]}" onto public java.lang.String com.maizhong.portal.controller.IndexController.index(org.springframework.ui.Model)
2017-03-21 09:06:29.629 [localhost-startStop-1] INFO  o.s.w.s.m.m.a.RequestMappingHandlerMapping - Mapped "{[/test/to/{url}]}" onto public java.lang.String com.maizhong.portal.controller.TestController.test(java.lang.String)
2017-03-21 09:06:29.629 [localhost-startStop-1] INFO  o.s.w.s.m.m.a.RequestMappingHandlerMapping - Mapped "{[/search/info]}" onto public java.lang.String com.maizhong.portal.controller.SearchController.searchIndex(com.maizhong.common.dto.PageSearchParam,org.springframework.ui.Model)
2017-03-21 09:06:29.671 [localhost-startStop-1] INFO  org.hibernate.validator.internal.util.Version - HV000001: Hibernate Validator 5.1.1.Final
2017-03-21 09:06:30.358 [localhost-startStop-1] INFO  o.s.w.s.m.m.a.RequestMappingHandlerAdapter - Looking for @ControllerAdvice: WebApplicationContext for namespace 'maizhong-portal-servlet': startup date [Tue Mar 21 09:06:29 CST 2017]; parent: Root WebApplicationContext
2017-03-21 09:06:30.418 [localhost-startStop-1] INFO  o.s.w.s.m.m.a.RequestMappingHandlerAdapter - Looking for @ControllerAdvice: WebApplicationContext for namespace 'maizhong-portal-servlet': startup date [Tue Mar 21 09:06:29 CST 2017]; parent: Root WebApplicationContext
2017-03-21 09:06:30.532 [localhost-startStop-1] INFO  o.s.web.servlet.handler.SimpleUrlHandlerMapping - Mapped URL path [/resources/**] onto handler 'org.springframework.web.servlet.resource.ResourceHttpRequestHandler#0'
2017-03-21 09:06:30.557 [localhost-startStop-1] INFO  org.springframework.web.servlet.DispatcherServlet - FrameworkServlet 'maizhong-portal': initialization completed in 1293 ms
2017-03-21 09:24:41.885 [localhost-startStop-1] INFO  org.springframework.web.context.ContextLoader - Root WebApplicationContext: initialization started
2017-03-21 09:24:42.059 [localhost-startStop-1] INFO  o.s.web.context.support.XmlWebApplicationContext - Refreshing Root WebApplicationContext: startup date [Tue Mar 21 09:24:42 CST 2017]; root of context hierarchy
2017-03-21 09:24:42.125 [localhost-startStop-1] INFO  o.s.beans.factory.xml.XmlBeanDefinitionReader - Loading XML bean definitions from class path resource [spring/spring-service.xml]
2017-03-21 09:24:42.814 [localhost-startStop-1] INFO  o.s.c.support.PropertySourcesPlaceholderConfigurer - Loading properties file from URL [file:/D:/workspace/MaiZhong/Portal/target/classes/resource/resource.properties]
2017-03-21 09:24:42.820 [localhost-startStop-1] INFO  o.s.b.f.a.AutowiredAnnotationBeanPostProcessor - JSR-330 'javax.inject.Inject' annotation found and supported for autowiring
2017-03-21 09:24:42.869 [localhost-startStop-1] INFO  org.springframework.web.context.ContextLoader - Root WebApplicationContext: initialization completed in 979 ms
2017-03-21 09:24:42.917 [localhost-startStop-1] INFO  org.springframework.web.servlet.DispatcherServlet - FrameworkServlet 'maizhong-portal': initialization started
2017-03-21 09:24:42.921 [localhost-startStop-1] INFO  o.s.web.context.support.XmlWebApplicationContext - Refreshing WebApplicationContext for namespace 'maizhong-portal-servlet': startup date [Tue Mar 21 09:24:42 CST 2017]; parent: Root WebApplicationContext
2017-03-21 09:24:42.923 [localhost-startStop-1] INFO  o.s.beans.factory.xml.XmlBeanDefinitionReader - Loading XML bean definitions from class path resource [spring/spring_mvc.xml]
2017-03-21 09:24:43.098 [localhost-startStop-1] INFO  o.s.b.f.a.AutowiredAnnotationBeanPostProcessor - JSR-330 'javax.inject.Inject' annotation found and supported for autowiring
2017-03-21 09:24:43.285 [localhost-startStop-1] INFO  o.s.w.s.m.m.a.RequestMappingHandlerMapping - Mapped "{[/index]}" onto public java.lang.String com.maizhong.portal.controller.IndexController.index(org.springframework.ui.Model)
2017-03-21 09:24:43.287 [localhost-startStop-1] INFO  o.s.w.s.m.m.a.RequestMappingHandlerMapping - Mapped "{[/test/to/{url}]}" onto public java.lang.String com.maizhong.portal.controller.TestController.test(java.lang.String)
2017-03-21 09:24:43.288 [localhost-startStop-1] INFO  o.s.w.s.m.m.a.RequestMappingHandlerMapping - Mapped "{[/search/info]}" onto public java.lang.String com.maizhong.portal.controller.SearchController.searchIndex(com.maizhong.common.dto.PageSearchParam,org.springframework.ui.Model)
2017-03-21 09:24:43.347 [localhost-startStop-1] INFO  org.hibernate.validator.internal.util.Version - HV000001: Hibernate Validator 5.1.1.Final
2017-03-21 09:24:44.081 [localhost-startStop-1] INFO  o.s.w.s.m.m.a.RequestMappingHandlerAdapter - Looking for @ControllerAdvice: WebApplicationContext for namespace 'maizhong-portal-servlet': startup date [Tue Mar 21 09:24:42 CST 2017]; parent: Root WebApplicationContext
2017-03-21 09:24:44.156 [localhost-startStop-1] INFO  o.s.w.s.m.m.a.RequestMappingHandlerAdapter - Looking for @ControllerAdvice: WebApplicationContext for namespace 'maizhong-portal-servlet': startup date [Tue Mar 21 09:24:42 CST 2017]; parent: Root WebApplicationContext
2017-03-21 09:24:44.308 [localhost-startStop-1] INFO  o.s.web.servlet.handler.SimpleUrlHandlerMapping - Mapped URL path [/resources/**] onto handler 'org.springframework.web.servlet.resource.ResourceHttpRequestHandler#0'
2017-03-21 09:24:44.347 [localhost-startStop-1] INFO  org.springframework.web.servlet.DispatcherServlet - FrameworkServlet 'maizhong-portal': initialization completed in 1430 ms
2017-03-21 09:26:58.947 [localhost-startStop-1] INFO  org.springframework.web.context.ContextLoader - Root WebApplicationContext: initialization started
2017-03-21 09:26:59.063 [localhost-startStop-1] INFO  o.s.web.context.support.XmlWebApplicationContext - Refreshing Root WebApplicationContext: startup date [Tue Mar 21 09:26:59 CST 2017]; root of context hierarchy
2017-03-21 09:26:59.103 [localhost-startStop-1] INFO  o.s.beans.factory.xml.XmlBeanDefinitionReader - Loading XML bean definitions from class path resource [spring/spring-service.xml]
2017-03-21 09:26:59.411 [localhost-startStop-1] INFO  o.s.c.support.PropertySourcesPlaceholderConfigurer - Loading properties file from URL [file:/D:/workspace/MaiZhong/Portal/target/classes/resource/resource.properties]
2017-03-21 09:26:59.415 [localhost-startStop-1] INFO  o.s.b.f.a.AutowiredAnnotationBeanPostProcessor - JSR-330 'javax.inject.Inject' annotation found and supported for autowiring
2017-03-21 09:26:59.451 [localhost-startStop-1] INFO  org.springframework.web.context.ContextLoader - Root WebApplicationContext: initialization completed in 502 ms
2017-03-21 09:26:59.489 [localhost-startStop-1] INFO  org.springframework.web.servlet.DispatcherServlet - FrameworkServlet 'maizhong-portal': initialization started
2017-03-21 09:26:59.493 [localhost-startStop-1] INFO  o.s.web.context.support.XmlWebApplicationContext - Refreshing WebApplicationContext for namespace 'maizhong-portal-servlet': startup date [Tue Mar 21 09:26:59 CST 2017]; parent: Root WebApplicationContext
2017-03-21 09:26:59.495 [localhost-startStop-1] INFO  o.s.beans.factory.xml.XmlBeanDefinitionReader - Loading XML bean definitions from class path resource [spring/spring_mvc.xml]
2017-03-21 09:26:59.662 [localhost-startStop-1] INFO  o.s.b.f.a.AutowiredAnnotationBeanPostProcessor - JSR-330 'javax.inject.Inject' annotation found and supported for autowiring
2017-03-21 09:26:59.833 [localhost-startStop-1] INFO  o.s.w.s.m.m.a.RequestMappingHandlerMapping - Mapped "{[/index]}" onto public java.lang.String com.maizhong.portal.controller.IndexController.index(org.springframework.ui.Model)
2017-03-21 09:26:59.834 [localhost-startStop-1] INFO  o.s.w.s.m.m.a.RequestMappingHandlerMapping - Mapped "{[/test/to/{url}]}" onto public java.lang.String com.maizhong.portal.controller.TestController.test(java.lang.String)
2017-03-21 09:26:59.834 [localhost-startStop-1] INFO  o.s.w.s.m.m.a.RequestMappingHandlerMapping - Mapped "{[/search/info]}" onto public java.lang.String com.maizhong.portal.controller.SearchController.searchIndex(com.maizhong.common.dto.PageSearchParam,org.springframework.ui.Model)
2017-03-21 09:26:59.884 [localhost-startStop-1] INFO  org.hibernate.validator.internal.util.Version - HV000001: Hibernate Validator 5.1.1.Final
2017-03-21 09:27:00.403 [localhost-startStop-1] INFO  o.s.w.s.m.m.a.RequestMappingHandlerAdapter - Looking for @ControllerAdvice: WebApplicationContext for namespace 'maizhong-portal-servlet': startup date [Tue Mar 21 09:26:59 CST 2017]; parent: Root WebApplicationContext
2017-03-21 09:27:00.472 [localhost-startStop-1] INFO  o.s.w.s.m.m.a.RequestMappingHandlerAdapter - Looking for @ControllerAdvice: WebApplicationContext for namespace 'maizhong-portal-servlet': startup date [Tue Mar 21 09:26:59 CST 2017]; parent: Root WebApplicationContext
2017-03-21 09:27:00.603 [localhost-startStop-1] INFO  o.s.web.servlet.handler.SimpleUrlHandlerMapping - Mapped URL path [/resources/**] onto handler 'org.springframework.web.servlet.resource.ResourceHttpRequestHandler#0'
2017-03-21 09:27:00.634 [localhost-startStop-1] INFO  org.springframework.web.servlet.DispatcherServlet - FrameworkServlet 'maizhong-portal': initialization completed in 1144 ms
2017-03-21 10:55:14.708 [localhost-startStop-1] INFO  org.springframework.web.context.ContextLoader - Root WebApplicationContext: initialization started
2017-03-21 10:55:14.883 [localhost-startStop-1] INFO  o.s.web.context.support.XmlWebApplicationContext - Refreshing Root WebApplicationContext: startup date [Tue Mar 21 10:55:14 CST 2017]; root of context hierarchy
2017-03-21 10:55:14.947 [localhost-startStop-1] INFO  o.s.beans.factory.xml.XmlBeanDefinitionReader - Loading XML bean definitions from class path resource [spring/spring-service.xml]
2017-03-21 10:55:15.789 [localhost-startStop-1] INFO  o.s.c.support.PropertySourcesPlaceholderConfigurer - Loading properties file from URL [file:/D:/workspace/MaiZhong/Portal/target/classes/resource/resource.properties]
2017-03-21 10:55:15.797 [localhost-startStop-1] INFO  o.s.b.f.a.AutowiredAnnotationBeanPostProcessor - JSR-330 'javax.inject.Inject' annotation found and supported for autowiring
2017-03-21 10:55:15.876 [localhost-startStop-1] INFO  org.springframework.web.context.ContextLoader - Root WebApplicationContext: initialization completed in 1125 ms
2017-03-21 10:55:15.930 [localhost-startStop-1] INFO  org.springframework.web.servlet.DispatcherServlet - FrameworkServlet 'maizhong-portal': initialization started
2017-03-21 10:55:15.935 [localhost-startStop-1] INFO  o.s.web.context.support.XmlWebApplicationContext - Refreshing WebApplicationContext for namespace 'maizhong-portal-servlet': startup date [Tue Mar 21 10:55:15 CST 2017]; parent: Root WebApplicationContext
2017-03-21 10:55:15.937 [localhost-startStop-1] INFO  o.s.beans.factory.xml.XmlBeanDefinitionReader - Loading XML bean definitions from class path resource [spring/spring_mvc.xml]
2017-03-21 10:55:16.160 [localhost-startStop-1] INFO  o.s.b.f.a.AutowiredAnnotationBeanPostProcessor - JSR-330 'javax.inject.Inject' annotation found and supported for autowiring
2017-03-21 10:55:16.355 [localhost-startStop-1] INFO  o.s.w.s.m.m.a.RequestMappingHandlerMapping - Mapped "{[/index]}" onto public java.lang.String com.maizhong.portal.controller.IndexController.index(org.springframework.ui.Model)
2017-03-21 10:55:16.356 [localhost-startStop-1] INFO  o.s.w.s.m.m.a.RequestMappingHandlerMapping - Mapped "{[/test/to/{url}]}" onto public java.lang.String com.maizhong.portal.controller.TestController.test(java.lang.String)
2017-03-21 10:55:16.357 [localhost-startStop-1] INFO  o.s.w.s.m.m.a.RequestMappingHandlerMapping - Mapped "{[/search/info]}" onto public java.lang.String com.maizhong.portal.controller.SearchController.searchIndex(com.maizhong.common.dto.PageSearchParam,org.springframework.ui.Model)
2017-03-21 10:55:16.416 [localhost-startStop-1] INFO  org.hibernate.validator.internal.util.Version - HV000001: Hibernate Validator 5.1.1.Final
2017-03-21 10:55:16.917 [localhost-startStop-1] INFO  o.s.w.s.m.m.a.RequestMappingHandlerAdapter - Looking for @ControllerAdvice: WebApplicationContext for namespace 'maizhong-portal-servlet': startup date [Tue Mar 21 10:55:15 CST 2017]; parent: Root WebApplicationContext
2017-03-21 10:55:16.972 [localhost-startStop-1] INFO  o.s.w.s.m.m.a.RequestMappingHandlerAdapter - Looking for @ControllerAdvice: WebApplicationContext for namespace 'maizhong-portal-servlet': startup date [Tue Mar 21 10:55:15 CST 2017]; parent: Root WebApplicationContext
2017-03-21 10:55:17.087 [localhost-startStop-1] INFO  o.s.web.servlet.handler.SimpleUrlHandlerMapping - Mapped URL path [/resources/**] onto handler 'org.springframework.web.servlet.resource.ResourceHttpRequestHandler#0'
2017-03-21 10:55:17.111 [localhost-startStop-1] INFO  org.springframework.web.servlet.DispatcherServlet - FrameworkServlet 'maizhong-portal': initialization completed in 1180 ms
2017-03-21 10:58:42.986 [localhost-startStop-1] INFO  org.springframework.web.context.ContextLoader - Root WebApplicationContext: initialization started
2017-03-21 10:58:43.090 [localhost-startStop-1] INFO  o.s.web.context.support.XmlWebApplicationContext - Refreshing Root WebApplicationContext: startup date [Tue Mar 21 10:58:43 CST 2017]; root of context hierarchy
2017-03-21 10:58:43.136 [localhost-startStop-1] INFO  o.s.beans.factory.xml.XmlBeanDefinitionReader - Loading XML bean definitions from class path resource [spring/spring-service.xml]
2017-03-21 10:58:43.525 [localhost-startStop-1] INFO  o.s.c.support.PropertySourcesPlaceholderConfigurer - Loading properties file from URL [file:/D:/workspace/MaiZhong/Portal/target/classes/resource/resource.properties]
2017-03-21 10:58:43.530 [localhost-startStop-1] INFO  o.s.b.f.a.AutowiredAnnotationBeanPostProcessor - JSR-330 'javax.inject.Inject' annotation found and supported for autowiring
2017-03-21 10:58:43.571 [localhost-startStop-1] INFO  org.springframework.web.context.ContextLoader - Root WebApplicationContext: initialization completed in 582 ms
2017-03-21 10:58:43.619 [localhost-startStop-1] INFO  org.springframework.web.servlet.DispatcherServlet - FrameworkServlet 'maizhong-portal': initialization started
2017-03-21 10:58:43.623 [localhost-startStop-1] INFO  o.s.web.context.support.XmlWebApplicationContext - Refreshing WebApplicationContext for namespace 'maizhong-portal-servlet': startup date [Tue Mar 21 10:58:43 CST 2017]; parent: Root WebApplicationContext
2017-03-21 10:58:43.625 [localhost-startStop-1] INFO  o.s.beans.factory.xml.XmlBeanDefinitionReader - Loading XML bean definitions from class path resource [spring/spring_mvc.xml]
2017-03-21 10:58:43.800 [localhost-startStop-1] INFO  o.s.b.f.a.AutowiredAnnotationBeanPostProcessor - JSR-330 'javax.inject.Inject' annotation found and supported for autowiring
2017-03-21 10:58:43.966 [localhost-startStop-1] INFO  o.s.w.s.m.m.a.RequestMappingHandlerMapping - Mapped "{[/index]}" onto public java.lang.String com.maizhong.portal.controller.IndexController.index(org.springframework.ui.Model)
2017-03-21 10:58:43.967 [localhost-startStop-1] INFO  o.s.w.s.m.m.a.RequestMappingHandlerMapping - Mapped "{[/test/to/{url}]}" onto public java.lang.String com.maizhong.portal.controller.TestController.test(java.lang.String)
2017-03-21 10:58:43.967 [localhost-startStop-1] INFO  o.s.w.s.m.m.a.RequestMappingHandlerMapping - Mapped "{[/search/info]}" onto public java.lang.String com.maizhong.portal.controller.SearchController.searchIndex(com.maizhong.common.dto.PageSearchParam,org.springframework.ui.Model)
2017-03-21 10:58:44.017 [localhost-startStop-1] INFO  org.hibernate.validator.internal.util.Version - HV000001: Hibernate Validator 5.1.1.Final
2017-03-21 10:58:44.504 [localhost-startStop-1] INFO  o.s.w.s.m.m.a.RequestMappingHandlerAdapter - Looking for @ControllerAdvice: WebApplicationContext for namespace 'maizhong-portal-servlet': startup date [Tue Mar 21 10:58:43 CST 2017]; parent: Root WebApplicationContext
2017-03-21 10:58:44.600 [localhost-startStop-1] INFO  o.s.w.s.m.m.a.RequestMappingHandlerAdapter - Looking for @ControllerAdvice: WebApplicationContext for namespace 'maizhong-portal-servlet': startup date [Tue Mar 21 10:58:43 CST 2017]; parent: Root WebApplicationContext
2017-03-21 10:58:44.723 [localhost-startStop-1] INFO  o.s.web.servlet.handler.SimpleUrlHandlerMapping - Mapped URL path [/resources/**] onto handler 'org.springframework.web.servlet.resource.ResourceHttpRequestHandler#0'
2017-03-21 10:58:44.749 [localhost-startStop-1] INFO  org.springframework.web.servlet.DispatcherServlet - FrameworkServlet 'maizhong-portal': initialization completed in 1129 ms
2017-03-21 16:09:25.716 [localhost-startStop-1] INFO  org.springframework.web.context.ContextLoader - Root WebApplicationContext: initialization started
2017-03-21 16:09:25.840 [localhost-startStop-1] INFO  o.s.web.context.support.XmlWebApplicationContext - Refreshing Root WebApplicationContext: startup date [Tue Mar 21 16:09:25 CST 2017]; root of context hierarchy
2017-03-21 16:09:25.885 [localhost-startStop-1] INFO  o.s.beans.factory.xml.XmlBeanDefinitionReader - Loading XML bean definitions from class path resource [spring/spring-service.xml]
2017-03-21 16:09:26.209 [localhost-startStop-1] INFO  o.s.c.support.PropertySourcesPlaceholderConfigurer - Loading properties file from URL [file:/D:/workspace/MaiZhong/Portal/target/classes/resource/resource.properties]
2017-03-21 16:09:26.218 [localhost-startStop-1] INFO  o.s.b.f.a.AutowiredAnnotationBeanPostProcessor - JSR-330 'javax.inject.Inject' annotation found and supported for autowiring
2017-03-21 16:09:26.273 [localhost-startStop-1] INFO  org.springframework.web.context.ContextLoader - Root WebApplicationContext: initialization completed in 554 ms
2017-03-21 16:09:26.318 [localhost-startStop-1] INFO  org.springframework.web.servlet.DispatcherServlet - FrameworkServlet 'maizhong-portal': initialization started
2017-03-21 16:09:26.322 [localhost-startStop-1] INFO  o.s.web.context.support.XmlWebApplicationContext - Refreshing WebApplicationContext for namespace 'maizhong-portal-servlet': startup date [Tue Mar 21 16:09:26 CST 2017]; parent: Root WebApplicationContext
2017-03-21 16:09:26.323 [localhost-startStop-1] INFO  o.s.beans.factory.xml.XmlBeanDefinitionReader - Loading XML bean definitions from class path resource [spring/spring_mvc.xml]
2017-03-21 16:09:26.608 [localhost-startStop-1] INFO  o.s.b.f.a.AutowiredAnnotationBeanPostProcessor - JSR-330 'javax.inject.Inject' annotation found and supported for autowiring
2017-03-21 16:09:26.807 [localhost-startStop-1] INFO  o.s.w.s.m.m.a.RequestMappingHandlerMapping - Mapped "{[/index]}" onto public java.lang.String com.maizhong.portal.controller.IndexController.index(org.springframework.ui.Model)
2017-03-21 16:09:26.808 [localhost-startStop-1] INFO  o.s.w.s.m.m.a.RequestMappingHandlerMapping - Mapped "{[/test/to/{url}]}" onto public java.lang.String com.maizhong.portal.controller.TestController.test(java.lang.String)
2017-03-21 16:09:26.809 [localhost-startStop-1] INFO  o.s.w.s.m.m.a.RequestMappingHandlerMapping - Mapped "{[/search/info]}" onto public java.lang.String com.maizhong.portal.controller.SearchController.searchIndex(com.maizhong.common.dto.PageSearchParam,org.springframework.ui.Model)
2017-03-21 16:09:26.862 [localhost-startStop-1] INFO  org.hibernate.validator.internal.util.Version - HV000001: Hibernate Validator 5.1.1.Final
2017-03-21 16:09:27.827 [localhost-startStop-1] INFO  o.s.w.s.m.m.a.RequestMappingHandlerAdapter - Looking for @ControllerAdvice: WebApplicationContext for namespace 'maizhong-portal-servlet': startup date [Tue Mar 21 16:09:26 CST 2017]; parent: Root WebApplicationContext
2017-03-21 16:09:27.933 [localhost-startStop-1] INFO  o.s.w.s.m.m.a.RequestMappingHandlerAdapter - Looking for @ControllerAdvice: WebApplicationContext for namespace 'maizhong-portal-servlet': startup date [Tue Mar 21 16:09:26 CST 2017]; parent: Root WebApplicationContext
2017-03-21 16:09:28.117 [localhost-startStop-1] INFO  o.s.web.servlet.handler.SimpleUrlHandlerMapping - Mapped URL path [/resources/**] onto handler 'org.springframework.web.servlet.resource.ResourceHttpRequestHandler#0'
2017-03-21 16:09:28.148 [localhost-startStop-1] INFO  org.springframework.web.servlet.DispatcherServlet - FrameworkServlet 'maizhong-portal': initialization completed in 1830 ms
