2017-03-23 14:18:35.555 [localhost-startStop-1] INFO  org.springframework.web.context.ContextLoader - Root WebApplicationContext: initialization started
2017-03-23 14:18:35.671 [localhost-startStop-1] INFO  o.s.web.context.support.XmlWebApplicationContext - Refreshing Root WebApplicationContext: startup date [Thu Mar 23 14:18:35 CST 2017]; root of context hierarchy
2017-03-23 14:18:35.713 [localhost-startStop-1] INFO  o.s.beans.factory.xml.XmlBeanDefinitionReader - Loading XML bean definitions from class path resource [spring/spring-service.xml]
2017-03-23 14:18:36.058 [localhost-startStop-1] INFO  o.s.c.support.PropertySourcesPlaceholderConfigurer - Loading properties file from URL [file:/C:/Users/Xushd/IdeaProjects/MaiZhong/Portal/target/classes/resource/resource.properties]
2017-03-23 14:18:36.064 [localhost-startStop-1] INFO  o.s.b.f.a.AutowiredAnnotationBeanPostProcessor - JSR-330 'javax.inject.Inject' annotation found and supported for autowiring
2017-03-23 14:18:36.106 [localhost-startStop-1] WARN  o.s.web.context.support.XmlWebApplicationContext - Exception encountered during context initialization - cancelling refresh attempt
org.springframework.beans.factory.BeanCreationException: Error creating bean with name 'searchServiceImpl': Injection of autowired dependencies failed; nested exception is org.springframework.beans.factory.BeanCreationException: Could not autowire field: private java.lang.String com.maizhong.portal.service.impl.SearchServiceImpl.CAR_BRAND; nested exception is java.lang.IllegalArgumentException: Could not resolve placeholder 'CAR_BRAND' in string value "${CAR_BRAND}"
	at org.springframework.beans.factory.annotation.AutowiredAnnotationBeanPostProcessor.postProcessPropertyValues(AutowiredAnnotationBeanPostProcessor.java:334) ~[spring-beans-4.1.7.RELEASE.jar:4.1.7.RELEASE]
	at org.springframework.beans.factory.support.AbstractAutowireCapableBeanFactory.populateBean(AbstractAutowireCapableBeanFactory.java:1210) ~[spring-beans-4.1.7.RELEASE.jar:4.1.7.RELEASE]
	at org.springframework.beans.factory.support.AbstractAutowireCapableBeanFactory.doCreateBean(AbstractAutowireCapableBeanFactory.java:537) ~[spring-beans-4.1.7.RELEASE.jar:4.1.7.RELEASE]
	at org.springframework.beans.factory.support.AbstractAutowireCapableBeanFactory.createBean(AbstractAutowireCapableBeanFactory.java:476) ~[spring-beans-4.1.7.RELEASE.jar:4.1.7.RELEASE]
	at org.springframework.beans.factory.support.AbstractBeanFactory$1.getObject(AbstractBeanFactory.java:303) ~[spring-beans-4.1.7.RELEASE.jar:4.1.7.RELEASE]
	at org.springframework.beans.factory.support.DefaultSingletonBeanRegistry.getSingleton(DefaultSingletonBeanRegistry.java:230) ~[spring-beans-4.1.7.RELEASE.jar:4.1.7.RELEASE]
	at org.springframework.beans.factory.support.AbstractBeanFactory.doGetBean(AbstractBeanFactory.java:299) ~[spring-beans-4.1.7.RELEASE.jar:4.1.7.RELEASE]
	at org.springframework.beans.factory.support.AbstractBeanFactory.getBean(AbstractBeanFactory.java:194) ~[spring-beans-4.1.7.RELEASE.jar:4.1.7.RELEASE]
	at org.springframework.beans.factory.support.DefaultListableBeanFactory.preInstantiateSingletons(DefaultListableBeanFactory.java:755) ~[spring-beans-4.1.7.RELEASE.jar:4.1.7.RELEASE]
	at org.springframework.context.support.AbstractApplicationContext.finishBeanFactoryInitialization(AbstractApplicationContext.java:757) ~[spring-context-4.1.7.RELEASE.jar:4.1.7.RELEASE]
	at org.springframework.context.support.AbstractApplicationContext.refresh(AbstractApplicationContext.java:480) ~[spring-context-4.1.7.RELEASE.jar:4.1.7.RELEASE]
	at org.springframework.web.context.ContextLoader.configureAndRefreshWebApplicationContext(ContextLoader.java:434) [spring-web-4.1.7.RELEASE.jar:4.1.7.RELEASE]
	at org.springframework.web.context.ContextLoader.initWebApplicationContext(ContextLoader.java:306) [spring-web-4.1.7.RELEASE.jar:4.1.7.RELEASE]
	at org.springframework.web.context.ContextLoaderListener.contextInitialized(ContextLoaderListener.java:106) [spring-web-4.1.7.RELEASE.jar:4.1.7.RELEASE]
	at org.apache.catalina.core.StandardContext.listenerStart(StandardContext.java:4939) [tomcat-embed-core-7.0.47.jar:7.0.47]
	at org.apache.catalina.core.StandardContext.startInternal(StandardContext.java:5434) [tomcat-embed-core-7.0.47.jar:7.0.47]
	at org.apache.catalina.util.LifecycleBase.start(LifecycleBase.java:150) [tomcat-embed-core-7.0.47.jar:7.0.47]
	at org.apache.catalina.core.ContainerBase$StartChild.call(ContainerBase.java:1559) [tomcat-embed-core-7.0.47.jar:7.0.47]
	at org.apache.catalina.core.ContainerBase$StartChild.call(ContainerBase.java:1549) [tomcat-embed-core-7.0.47.jar:7.0.47]
	at java.util.concurrent.FutureTask.run(FutureTask.java:262) [na:1.7.0_80]
	at java.util.concurrent.ThreadPoolExecutor.runWorker(ThreadPoolExecutor.java:1145) [na:1.7.0_80]
	at java.util.concurrent.ThreadPoolExecutor$Worker.run(ThreadPoolExecutor.java:615) [na:1.7.0_80]
	at java.lang.Thread.run(Thread.java:745) [na:1.7.0_80]
Caused by: org.springframework.beans.factory.BeanCreationException: Could not autowire field: private java.lang.String com.maizhong.portal.service.impl.SearchServiceImpl.CAR_BRAND; nested exception is java.lang.IllegalArgumentException: Could not resolve placeholder 'CAR_BRAND' in string value "${CAR_BRAND}"
	at org.springframework.beans.factory.annotation.AutowiredAnnotationBeanPostProcessor$AutowiredFieldElement.inject(AutowiredAnnotationBeanPostProcessor.java:561) ~[spring-beans-4.1.7.RELEASE.jar:4.1.7.RELEASE]
	at org.springframework.beans.factory.annotation.InjectionMetadata.inject(InjectionMetadata.java:88) ~[spring-beans-4.1.7.RELEASE.jar:4.1.7.RELEASE]
	at org.springframework.beans.factory.annotation.AutowiredAnnotationBeanPostProcessor.postProcessPropertyValues(AutowiredAnnotationBeanPostProcessor.java:331) ~[spring-beans-4.1.7.RELEASE.jar:4.1.7.RELEASE]
	... 22 common frames omitted
Caused by: java.lang.IllegalArgumentException: Could not resolve placeholder 'CAR_BRAND' in string value "${CAR_BRAND}"
	at org.springframework.util.PropertyPlaceholderHelper.parseStringValue(PropertyPlaceholderHelper.java:174) ~[spring-core-4.1.7.RELEASE.jar:4.1.7.RELEASE]
	at org.springframework.util.PropertyPlaceholderHelper.replacePlaceholders(PropertyPlaceholderHelper.java:126) ~[spring-core-4.1.7.RELEASE.jar:4.1.7.RELEASE]
	at org.springframework.core.env.AbstractPropertyResolver.doResolvePlaceholders(AbstractPropertyResolver.java:204) ~[spring-core-4.1.7.RELEASE.jar:4.1.7.RELEASE]
	at org.springframework.core.env.AbstractPropertyResolver.resolveRequiredPlaceholders(AbstractPropertyResolver.java:178) ~[spring-core-4.1.7.RELEASE.jar:4.1.7.RELEASE]
	at org.springframework.context.support.PropertySourcesPlaceholderConfigurer$2.resolveStringValue(PropertySourcesPlaceholderConfigurer.java:175) ~[spring-context-4.1.7.RELEASE.jar:4.1.7.RELEASE]
	at org.springframework.beans.factory.support.AbstractBeanFactory.resolveEmbeddedValue(AbstractBeanFactory.java:801) ~[spring-beans-4.1.7.RELEASE.jar:4.1.7.RELEASE]
	at org.springframework.beans.factory.support.DefaultListableBeanFactory.doResolveDependency(DefaultListableBeanFactory.java:955) ~[spring-beans-4.1.7.RELEASE.jar:4.1.7.RELEASE]
	at org.springframework.beans.factory.support.DefaultListableBeanFactory.resolveDependency(DefaultListableBeanFactory.java:942) ~[spring-beans-4.1.7.RELEASE.jar:4.1.7.RELEASE]
	at org.springframework.beans.factory.annotation.AutowiredAnnotationBeanPostProcessor$AutowiredFieldElement.inject(AutowiredAnnotationBeanPostProcessor.java:533) ~[spring-beans-4.1.7.RELEASE.jar:4.1.7.RELEASE]
	... 24 common frames omitted
2017-03-23 14:18:36.109 [localhost-startStop-1] ERROR org.springframework.web.context.ContextLoader - Context initialization failed
org.springframework.beans.factory.BeanCreationException: Error creating bean with name 'searchServiceImpl': Injection of autowired dependencies failed; nested exception is org.springframework.beans.factory.BeanCreationException: Could not autowire field: private java.lang.String com.maizhong.portal.service.impl.SearchServiceImpl.CAR_BRAND; nested exception is java.lang.IllegalArgumentException: Could not resolve placeholder 'CAR_BRAND' in string value "${CAR_BRAND}"
	at org.springframework.beans.factory.annotation.AutowiredAnnotationBeanPostProcessor.postProcessPropertyValues(AutowiredAnnotationBeanPostProcessor.java:334) ~[spring-beans-4.1.7.RELEASE.jar:4.1.7.RELEASE]
	at org.springframework.beans.factory.support.AbstractAutowireCapableBeanFactory.populateBean(AbstractAutowireCapableBeanFactory.java:1210) ~[spring-beans-4.1.7.RELEASE.jar:4.1.7.RELEASE]
	at org.springframework.beans.factory.support.AbstractAutowireCapableBeanFactory.doCreateBean(AbstractAutowireCapableBeanFactory.java:537) ~[spring-beans-4.1.7.RELEASE.jar:4.1.7.RELEASE]
	at org.springframework.beans.factory.support.AbstractAutowireCapableBeanFactory.createBean(AbstractAutowireCapableBeanFactory.java:476) ~[spring-beans-4.1.7.RELEASE.jar:4.1.7.RELEASE]
	at org.springframework.beans.factory.support.AbstractBeanFactory$1.getObject(AbstractBeanFactory.java:303) ~[spring-beans-4.1.7.RELEASE.jar:4.1.7.RELEASE]
	at org.springframework.beans.factory.support.DefaultSingletonBeanRegistry.getSingleton(DefaultSingletonBeanRegistry.java:230) ~[spring-beans-4.1.7.RELEASE.jar:4.1.7.RELEASE]
	at org.springframework.beans.factory.support.AbstractBeanFactory.doGetBean(AbstractBeanFactory.java:299) ~[spring-beans-4.1.7.RELEASE.jar:4.1.7.RELEASE]
	at org.springframework.beans.factory.support.AbstractBeanFactory.getBean(AbstractBeanFactory.java:194) ~[spring-beans-4.1.7.RELEASE.jar:4.1.7.RELEASE]
	at org.springframework.beans.factory.support.DefaultListableBeanFactory.preInstantiateSingletons(DefaultListableBeanFactory.java:755) ~[spring-beans-4.1.7.RELEASE.jar:4.1.7.RELEASE]
	at org.springframework.context.support.AbstractApplicationContext.finishBeanFactoryInitialization(AbstractApplicationContext.java:757) ~[spring-context-4.1.7.RELEASE.jar:4.1.7.RELEASE]
	at org.springframework.context.support.AbstractApplicationContext.refresh(AbstractApplicationContext.java:480) ~[spring-context-4.1.7.RELEASE.jar:4.1.7.RELEASE]
	at org.springframework.web.context.ContextLoader.configureAndRefreshWebApplicationContext(ContextLoader.java:434) ~[spring-web-4.1.7.RELEASE.jar:4.1.7.RELEASE]
	at org.springframework.web.context.ContextLoader.initWebApplicationContext(ContextLoader.java:306) ~[spring-web-4.1.7.RELEASE.jar:4.1.7.RELEASE]
	at org.springframework.web.context.ContextLoaderListener.contextInitialized(ContextLoaderListener.java:106) [spring-web-4.1.7.RELEASE.jar:4.1.7.RELEASE]
	at org.apache.catalina.core.StandardContext.listenerStart(StandardContext.java:4939) [tomcat-embed-core-7.0.47.jar:7.0.47]
	at org.apache.catalina.core.StandardContext.startInternal(StandardContext.java:5434) [tomcat-embed-core-7.0.47.jar:7.0.47]
	at org.apache.catalina.util.LifecycleBase.start(LifecycleBase.java:150) [tomcat-embed-core-7.0.47.jar:7.0.47]
	at org.apache.catalina.core.ContainerBase$StartChild.call(ContainerBase.java:1559) [tomcat-embed-core-7.0.47.jar:7.0.47]
	at org.apache.catalina.core.ContainerBase$StartChild.call(ContainerBase.java:1549) [tomcat-embed-core-7.0.47.jar:7.0.47]
	at java.util.concurrent.FutureTask.run(FutureTask.java:262) [na:1.7.0_80]
	at java.util.concurrent.ThreadPoolExecutor.runWorker(ThreadPoolExecutor.java:1145) [na:1.7.0_80]
	at java.util.concurrent.ThreadPoolExecutor$Worker.run(ThreadPoolExecutor.java:615) [na:1.7.0_80]
	at java.lang.Thread.run(Thread.java:745) [na:1.7.0_80]
Caused by: org.springframework.beans.factory.BeanCreationException: Could not autowire field: private java.lang.String com.maizhong.portal.service.impl.SearchServiceImpl.CAR_BRAND; nested exception is java.lang.IllegalArgumentException: Could not resolve placeholder 'CAR_BRAND' in string value "${CAR_BRAND}"
	at org.springframework.beans.factory.annotation.AutowiredAnnotationBeanPostProcessor$AutowiredFieldElement.inject(AutowiredAnnotationBeanPostProcessor.java:561) ~[spring-beans-4.1.7.RELEASE.jar:4.1.7.RELEASE]
	at org.springframework.beans.factory.annotation.InjectionMetadata.inject(InjectionMetadata.java:88) ~[spring-beans-4.1.7.RELEASE.jar:4.1.7.RELEASE]
	at org.springframework.beans.factory.annotation.AutowiredAnnotationBeanPostProcessor.postProcessPropertyValues(AutowiredAnnotationBeanPostProcessor.java:331) ~[spring-beans-4.1.7.RELEASE.jar:4.1.7.RELEASE]
	... 22 common frames omitted
Caused by: java.lang.IllegalArgumentException: Could not resolve placeholder 'CAR_BRAND' in string value "${CAR_BRAND}"
	at org.springframework.util.PropertyPlaceholderHelper.parseStringValue(PropertyPlaceholderHelper.java:174) ~[spring-core-4.1.7.RELEASE.jar:4.1.7.RELEASE]
	at org.springframework.util.PropertyPlaceholderHelper.replacePlaceholders(PropertyPlaceholderHelper.java:126) ~[spring-core-4.1.7.RELEASE.jar:4.1.7.RELEASE]
	at org.springframework.core.env.AbstractPropertyResolver.doResolvePlaceholders(AbstractPropertyResolver.java:204) ~[spring-core-4.1.7.RELEASE.jar:4.1.7.RELEASE]
	at org.springframework.core.env.AbstractPropertyResolver.resolveRequiredPlaceholders(AbstractPropertyResolver.java:178) ~[spring-core-4.1.7.RELEASE.jar:4.1.7.RELEASE]
	at org.springframework.context.support.PropertySourcesPlaceholderConfigurer$2.resolveStringValue(PropertySourcesPlaceholderConfigurer.java:175) ~[spring-context-4.1.7.RELEASE.jar:4.1.7.RELEASE]
	at org.springframework.beans.factory.support.AbstractBeanFactory.resolveEmbeddedValue(AbstractBeanFactory.java:801) ~[spring-beans-4.1.7.RELEASE.jar:4.1.7.RELEASE]
	at org.springframework.beans.factory.support.DefaultListableBeanFactory.doResolveDependency(DefaultListableBeanFactory.java:955) ~[spring-beans-4.1.7.RELEASE.jar:4.1.7.RELEASE]
	at org.springframework.beans.factory.support.DefaultListableBeanFactory.resolveDependency(DefaultListableBeanFactory.java:942) ~[spring-beans-4.1.7.RELEASE.jar:4.1.7.RELEASE]
	at org.springframework.beans.factory.annotation.AutowiredAnnotationBeanPostProcessor$AutowiredFieldElement.inject(AutowiredAnnotationBeanPostProcessor.java:533) ~[spring-beans-4.1.7.RELEASE.jar:4.1.7.RELEASE]
	... 24 common frames omitted
2017-03-23 14:20:08.722 [localhost-startStop-1] INFO  org.springframework.web.context.ContextLoader - Root WebApplicationContext: initialization started
2017-03-23 14:20:08.808 [localhost-startStop-1] INFO  o.s.web.context.support.XmlWebApplicationContext - Refreshing Root WebApplicationContext: startup date [Thu Mar 23 14:20:08 CST 2017]; root of context hierarchy
2017-03-23 14:20:08.850 [localhost-startStop-1] INFO  o.s.beans.factory.xml.XmlBeanDefinitionReader - Loading XML bean definitions from class path resource [spring/spring-service.xml]
2017-03-23 14:20:09.200 [localhost-startStop-1] INFO  o.s.c.support.PropertySourcesPlaceholderConfigurer - Loading properties file from URL [file:/C:/Users/Xushd/IdeaProjects/MaiZhong/Portal/target/classes/resource/resource.properties]
2017-03-23 14:20:09.207 [localhost-startStop-1] INFO  o.s.b.f.a.AutowiredAnnotationBeanPostProcessor - JSR-330 'javax.inject.Inject' annotation found and supported for autowiring
2017-03-23 14:20:09.255 [localhost-startStop-1] INFO  org.springframework.web.context.ContextLoader - Root WebApplicationContext: initialization completed in 530 ms
2017-03-23 14:20:09.312 [localhost-startStop-1] INFO  org.springframework.web.servlet.DispatcherServlet - FrameworkServlet 'maizhong-portal': initialization started
2017-03-23 14:20:09.315 [localhost-startStop-1] INFO  o.s.web.context.support.XmlWebApplicationContext - Refreshing WebApplicationContext for namespace 'maizhong-portal-servlet': startup date [Thu Mar 23 14:20:09 CST 2017]; parent: Root WebApplicationContext
2017-03-23 14:20:09.316 [localhost-startStop-1] INFO  o.s.beans.factory.xml.XmlBeanDefinitionReader - Loading XML bean definitions from class path resource [spring/spring_mvc.xml]
2017-03-23 14:20:09.507 [localhost-startStop-1] INFO  o.s.b.f.a.AutowiredAnnotationBeanPostProcessor - JSR-330 'javax.inject.Inject' annotation found and supported for autowiring
2017-03-23 14:20:09.690 [localhost-startStop-1] INFO  o.s.w.s.m.m.a.RequestMappingHandlerMapping - Mapped "{[/doPhoneLink],methods=[POST]}" onto public com.maizhong.common.result.JsonResult com.maizhong.portal.controller.ActionController.doPhoneLink(java.lang.String)
2017-03-23 14:20:09.692 [localhost-startStop-1] INFO  o.s.w.s.m.m.a.RequestMappingHandlerMapping - Mapped "{[/index]}" onto public java.lang.String com.maizhong.portal.controller.IndexController.index(org.springframework.ui.Model)
2017-03-23 14:20:09.692 [localhost-startStop-1] INFO  o.s.w.s.m.m.a.RequestMappingHandlerMapping - Mapped "{[/help]}" onto public java.lang.String com.maizhong.portal.controller.IndexController.help(org.springframework.ui.Model)
2017-03-23 14:20:09.692 [localhost-startStop-1] INFO  o.s.w.s.m.m.a.RequestMappingHandlerMapping - Mapped "{[/feedback]}" onto public java.lang.String com.maizhong.portal.controller.IndexController.feedback(org.springframework.ui.Model)
2017-03-23 14:20:09.692 [localhost-startStop-1] INFO  o.s.w.s.m.m.a.RequestMappingHandlerMapping - Mapped "{[/sale]}" onto public java.lang.String com.maizhong.portal.controller.IndexController.sale(org.springframework.ui.Model)
2017-03-23 14:20:09.692 [localhost-startStop-1] INFO  o.s.w.s.m.m.a.RequestMappingHandlerMapping - Mapped "{[/news.html]}" onto public java.lang.String com.maizhong.portal.controller.IndexController.news(java.lang.Long)
2017-03-23 14:20:09.692 [localhost-startStop-1] INFO  o.s.w.s.m.m.a.RequestMappingHandlerMapping - Mapped "{[/joinus]}" onto public java.lang.String com.maizhong.portal.controller.IndexController.joinus(org.springframework.ui.Model)
2017-03-23 14:20:09.692 [localhost-startStop-1] INFO  o.s.w.s.m.m.a.RequestMappingHandlerMapping - Mapped "{[/feedback/post]}" onto public java.lang.String com.maizhong.portal.controller.IndexController.feedbackForm(com.maizhong.pojo.TbFeedback,org.springframework.validation.BindingResult,org.springframework.ui.Model)
2017-03-23 14:20:09.692 [localhost-startStop-1] INFO  o.s.w.s.m.m.a.RequestMappingHandlerMapping - Mapped "{[/about]}" onto public java.lang.String com.maizhong.portal.controller.IndexController.about(org.springframework.ui.Model)
2017-03-23 14:20:09.693 [localhost-startStop-1] INFO  o.s.w.s.m.m.a.RequestMappingHandlerMapping - Mapped "{[/car]}" onto public java.lang.String com.maizhong.portal.controller.SearchController.carlist()
2017-03-23 14:20:09.693 [localhost-startStop-1] INFO  o.s.w.s.m.m.a.RequestMappingHandlerMapping - Mapped "{[/info]}" onto public java.lang.String com.maizhong.portal.controller.SearchController.searchIndex(com.maizhong.common.dto.PageSearchParam,org.springframework.ui.Model)
2017-03-23 14:20:09.693 [localhost-startStop-1] INFO  o.s.w.s.m.m.a.RequestMappingHandlerMapping - Mapped "{[/to/{url}]}" onto public java.lang.String com.maizhong.portal.controller.TestController.test(java.lang.String)
2017-03-23 14:20:09.697 [localhost-startStop-1] INFO  o.s.w.s.m.m.a.RequestMappingHandlerMapping - Mapped "{[/test]}" onto public com.maizhong.common.result.JsonResult com.maizhong.portal.controller.TestController.test()
2017-03-23 14:20:09.748 [localhost-startStop-1] INFO  org.hibernate.validator.internal.util.Version - HV000001: Hibernate Validator 5.1.1.Final
2017-03-23 14:20:10.227 [localhost-startStop-1] INFO  o.s.w.s.m.m.a.RequestMappingHandlerAdapter - Looking for @ControllerAdvice: WebApplicationContext for namespace 'maizhong-portal-servlet': startup date [Thu Mar 23 14:20:09 CST 2017]; parent: Root WebApplicationContext
2017-03-23 14:20:10.282 [localhost-startStop-1] INFO  o.s.w.s.m.m.a.RequestMappingHandlerAdapter - Looking for @ControllerAdvice: WebApplicationContext for namespace 'maizhong-portal-servlet': startup date [Thu Mar 23 14:20:09 CST 2017]; parent: Root WebApplicationContext
2017-03-23 14:20:10.399 [localhost-startStop-1] INFO  o.s.web.servlet.handler.SimpleUrlHandlerMapping - Mapped URL path [/resources/**] onto handler 'org.springframework.web.servlet.resource.ResourceHttpRequestHandler#0'
2017-03-23 14:20:10.425 [localhost-startStop-1] INFO  org.springframework.web.servlet.DispatcherServlet - FrameworkServlet 'maizhong-portal': initialization completed in 1113 ms
2017-03-23 14:33:20.605 [localhost-startStop-1] INFO  org.springframework.web.context.ContextLoader - Root WebApplicationContext: initialization started
2017-03-23 14:33:20.695 [localhost-startStop-1] INFO  o.s.web.context.support.XmlWebApplicationContext - Refreshing Root WebApplicationContext: startup date [Thu Mar 23 14:33:20 CST 2017]; root of context hierarchy
2017-03-23 14:33:20.750 [localhost-startStop-1] INFO  o.s.beans.factory.xml.XmlBeanDefinitionReader - Loading XML bean definitions from class path resource [spring/spring-service.xml]
2017-03-23 14:33:21.098 [localhost-startStop-1] INFO  o.s.c.support.PropertySourcesPlaceholderConfigurer - Loading properties file from URL [file:/C:/Users/Xushd/IdeaProjects/MaiZhong/Portal/target/classes/resource/resource.properties]
2017-03-23 14:33:21.105 [localhost-startStop-1] INFO  o.s.b.f.a.AutowiredAnnotationBeanPostProcessor - JSR-330 'javax.inject.Inject' annotation found and supported for autowiring
2017-03-23 14:33:21.144 [localhost-startStop-1] INFO  org.springframework.web.context.ContextLoader - Root WebApplicationContext: initialization completed in 535 ms
2017-03-23 14:33:21.201 [localhost-startStop-1] INFO  org.springframework.web.servlet.DispatcherServlet - FrameworkServlet 'maizhong-portal': initialization started
2017-03-23 14:33:21.204 [localhost-startStop-1] INFO  o.s.web.context.support.XmlWebApplicationContext - Refreshing WebApplicationContext for namespace 'maizhong-portal-servlet': startup date [Thu Mar 23 14:33:21 CST 2017]; parent: Root WebApplicationContext
2017-03-23 14:33:21.205 [localhost-startStop-1] INFO  o.s.beans.factory.xml.XmlBeanDefinitionReader - Loading XML bean definitions from class path resource [spring/spring_mvc.xml]
2017-03-23 14:33:21.399 [localhost-startStop-1] INFO  o.s.b.f.a.AutowiredAnnotationBeanPostProcessor - JSR-330 'javax.inject.Inject' annotation found and supported for autowiring
2017-03-23 14:33:21.564 [localhost-startStop-1] INFO  o.s.w.s.m.m.a.RequestMappingHandlerMapping - Mapped "{[/doPhoneLink],methods=[POST]}" onto public com.maizhong.common.result.JsonResult com.maizhong.portal.controller.ActionController.doPhoneLink(java.lang.String)
2017-03-23 14:33:21.565 [localhost-startStop-1] INFO  o.s.w.s.m.m.a.RequestMappingHandlerMapping - Mapped "{[/index]}" onto public java.lang.String com.maizhong.portal.controller.IndexController.index(org.springframework.ui.Model)
2017-03-23 14:33:21.565 [localhost-startStop-1] INFO  o.s.w.s.m.m.a.RequestMappingHandlerMapping - Mapped "{[/help]}" onto public java.lang.String com.maizhong.portal.controller.IndexController.help(org.springframework.ui.Model)
2017-03-23 14:33:21.565 [localhost-startStop-1] INFO  o.s.w.s.m.m.a.RequestMappingHandlerMapping - Mapped "{[/feedback]}" onto public java.lang.String com.maizhong.portal.controller.IndexController.feedback(org.springframework.ui.Model)
2017-03-23 14:33:21.565 [localhost-startStop-1] INFO  o.s.w.s.m.m.a.RequestMappingHandlerMapping - Mapped "{[/sale]}" onto public java.lang.String com.maizhong.portal.controller.IndexController.sale(org.springframework.ui.Model)
2017-03-23 14:33:21.565 [localhost-startStop-1] INFO  o.s.w.s.m.m.a.RequestMappingHandlerMapping - Mapped "{[/feedback/post]}" onto public java.lang.String com.maizhong.portal.controller.IndexController.feedbackForm(com.maizhong.pojo.TbFeedback,org.springframework.validation.BindingResult,org.springframework.ui.Model)
2017-03-23 14:33:21.566 [localhost-startStop-1] INFO  o.s.w.s.m.m.a.RequestMappingHandlerMapping - Mapped "{[/news.html]}" onto public java.lang.String com.maizhong.portal.controller.IndexController.news(java.lang.Long)
2017-03-23 14:33:21.566 [localhost-startStop-1] INFO  o.s.w.s.m.m.a.RequestMappingHandlerMapping - Mapped "{[/about]}" onto public java.lang.String com.maizhong.portal.controller.IndexController.about(org.springframework.ui.Model)
2017-03-23 14:33:21.566 [localhost-startStop-1] INFO  o.s.w.s.m.m.a.RequestMappingHandlerMapping - Mapped "{[/joinus]}" onto public java.lang.String com.maizhong.portal.controller.IndexController.joinus(org.springframework.ui.Model)
2017-03-23 14:33:21.566 [localhost-startStop-1] INFO  o.s.w.s.m.m.a.RequestMappingHandlerMapping - Mapped "{[/info]}" onto public java.lang.String com.maizhong.portal.controller.SearchController.searchIndex(com.maizhong.common.dto.PageSearchParam,org.springframework.ui.Model)
2017-03-23 14:33:21.566 [localhost-startStop-1] INFO  o.s.w.s.m.m.a.RequestMappingHandlerMapping - Mapped "{[/car]}" onto public java.lang.String com.maizhong.portal.controller.SearchController.carlist()
2017-03-23 14:33:21.567 [localhost-startStop-1] INFO  o.s.w.s.m.m.a.RequestMappingHandlerMapping - Mapped "{[/to/{url}]}" onto public java.lang.String com.maizhong.portal.controller.TestController.test(java.lang.String)
2017-03-23 14:33:21.571 [localhost-startStop-1] INFO  o.s.w.s.m.m.a.RequestMappingHandlerMapping - Mapped "{[/test]}" onto public com.maizhong.common.result.JsonResult com.maizhong.portal.controller.TestController.test()
2017-03-23 14:33:21.620 [localhost-startStop-1] INFO  org.hibernate.validator.internal.util.Version - HV000001: Hibernate Validator 5.1.1.Final
2017-03-23 14:33:22.058 [localhost-startStop-1] INFO  o.s.w.s.m.m.a.RequestMappingHandlerAdapter - Looking for @ControllerAdvice: WebApplicationContext for namespace 'maizhong-portal-servlet': startup date [Thu Mar 23 14:33:21 CST 2017]; parent: Root WebApplicationContext
2017-03-23 14:33:22.109 [localhost-startStop-1] INFO  o.s.w.s.m.m.a.RequestMappingHandlerAdapter - Looking for @ControllerAdvice: WebApplicationContext for namespace 'maizhong-portal-servlet': startup date [Thu Mar 23 14:33:21 CST 2017]; parent: Root WebApplicationContext
2017-03-23 14:33:22.209 [localhost-startStop-1] INFO  o.s.web.servlet.handler.SimpleUrlHandlerMapping - Mapped URL path [/resources/**] onto handler 'org.springframework.web.servlet.resource.ResourceHttpRequestHandler#0'
2017-03-23 14:33:22.231 [localhost-startStop-1] INFO  org.springframework.web.servlet.DispatcherServlet - FrameworkServlet 'maizhong-portal': initialization completed in 1030 ms
2017-03-23 14:36:37.129 [localhost-startStop-1] INFO  org.springframework.web.context.ContextLoader - Root WebApplicationContext: initialization started
2017-03-23 14:36:37.226 [localhost-startStop-1] INFO  o.s.web.context.support.XmlWebApplicationContext - Refreshing Root WebApplicationContext: startup date [Thu Mar 23 14:36:37 CST 2017]; root of context hierarchy
2017-03-23 14:36:37.266 [localhost-startStop-1] INFO  o.s.beans.factory.xml.XmlBeanDefinitionReader - Loading XML bean definitions from class path resource [spring/spring-service.xml]
2017-03-23 14:36:37.620 [localhost-startStop-1] INFO  o.s.c.support.PropertySourcesPlaceholderConfigurer - Loading properties file from URL [file:/C:/Users/Xushd/IdeaProjects/MaiZhong/Portal/target/classes/resource/resource.properties]
2017-03-23 14:36:37.627 [localhost-startStop-1] INFO  o.s.b.f.a.AutowiredAnnotationBeanPostProcessor - JSR-330 'javax.inject.Inject' annotation found and supported for autowiring
2017-03-23 14:36:37.672 [localhost-startStop-1] INFO  org.springframework.web.context.ContextLoader - Root WebApplicationContext: initialization completed in 539 ms
2017-03-23 14:36:37.732 [localhost-startStop-1] INFO  org.springframework.web.servlet.DispatcherServlet - FrameworkServlet 'maizhong-portal': initialization started
2017-03-23 14:36:37.735 [localhost-startStop-1] INFO  o.s.web.context.support.XmlWebApplicationContext - Refreshing WebApplicationContext for namespace 'maizhong-portal-servlet': startup date [Thu Mar 23 14:36:37 CST 2017]; parent: Root WebApplicationContext
2017-03-23 14:36:37.737 [localhost-startStop-1] INFO  o.s.beans.factory.xml.XmlBeanDefinitionReader - Loading XML bean definitions from class path resource [spring/spring_mvc.xml]
2017-03-23 14:36:37.930 [localhost-startStop-1] INFO  o.s.b.f.a.AutowiredAnnotationBeanPostProcessor - JSR-330 'javax.inject.Inject' annotation found and supported for autowiring
2017-03-23 14:36:38.183 [localhost-startStop-1] INFO  o.s.w.s.m.m.a.RequestMappingHandlerMapping - Mapped "{[/doPhoneLink],methods=[POST]}" onto public com.maizhong.common.result.JsonResult com.maizhong.portal.controller.ActionController.doPhoneLink(java.lang.String)
2017-03-23 14:36:38.185 [localhost-startStop-1] INFO  o.s.w.s.m.m.a.RequestMappingHandlerMapping - Mapped "{[/index]}" onto public java.lang.String com.maizhong.portal.controller.IndexController.index(org.springframework.ui.Model)
2017-03-23 14:36:38.185 [localhost-startStop-1] INFO  o.s.w.s.m.m.a.RequestMappingHandlerMapping - Mapped "{[/help]}" onto public java.lang.String com.maizhong.portal.controller.IndexController.help(org.springframework.ui.Model)
2017-03-23 14:36:38.185 [localhost-startStop-1] INFO  o.s.w.s.m.m.a.RequestMappingHandlerMapping - Mapped "{[/about]}" onto public java.lang.String com.maizhong.portal.controller.IndexController.about(org.springframework.ui.Model)
2017-03-23 14:36:38.185 [localhost-startStop-1] INFO  o.s.w.s.m.m.a.RequestMappingHandlerMapping - Mapped "{[/feedback/post]}" onto public java.lang.String com.maizhong.portal.controller.IndexController.feedbackForm(com.maizhong.pojo.TbFeedback,org.springframework.validation.BindingResult,org.springframework.ui.Model)
2017-03-23 14:36:38.185 [localhost-startStop-1] INFO  o.s.w.s.m.m.a.RequestMappingHandlerMapping - Mapped "{[/news.html]}" onto public java.lang.String com.maizhong.portal.controller.IndexController.news(java.lang.Long)
2017-03-23 14:36:38.185 [localhost-startStop-1] INFO  o.s.w.s.m.m.a.RequestMappingHandlerMapping - Mapped "{[/sale]}" onto public java.lang.String com.maizhong.portal.controller.IndexController.sale(org.springframework.ui.Model)
2017-03-23 14:36:38.185 [localhost-startStop-1] INFO  o.s.w.s.m.m.a.RequestMappingHandlerMapping - Mapped "{[/joinus]}" onto public java.lang.String com.maizhong.portal.controller.IndexController.joinus(org.springframework.ui.Model)
2017-03-23 14:36:38.185 [localhost-startStop-1] INFO  o.s.w.s.m.m.a.RequestMappingHandlerMapping - Mapped "{[/feedback]}" onto public java.lang.String com.maizhong.portal.controller.IndexController.feedback(org.springframework.ui.Model)
2017-03-23 14:36:38.186 [localhost-startStop-1] INFO  o.s.w.s.m.m.a.RequestMappingHandlerMapping - Mapped "{[/car]}" onto public java.lang.String com.maizhong.portal.controller.SearchController.carlist()
2017-03-23 14:36:38.186 [localhost-startStop-1] INFO  o.s.w.s.m.m.a.RequestMappingHandlerMapping - Mapped "{[/info]}" onto public java.lang.String com.maizhong.portal.controller.SearchController.searchIndex(com.maizhong.common.dto.PageSearchParam,org.springframework.ui.Model)
2017-03-23 14:36:38.186 [localhost-startStop-1] INFO  o.s.w.s.m.m.a.RequestMappingHandlerMapping - Mapped "{[/to/{url}]}" onto public java.lang.String com.maizhong.portal.controller.TestController.test(java.lang.String)
2017-03-23 14:36:38.200 [localhost-startStop-1] INFO  o.s.w.s.m.m.a.RequestMappingHandlerMapping - Mapped "{[/test]}" onto public com.maizhong.common.result.JsonResult com.maizhong.portal.controller.TestController.test()
2017-03-23 14:36:38.245 [localhost-startStop-1] INFO  org.hibernate.validator.internal.util.Version - HV000001: Hibernate Validator 5.1.1.Final
2017-03-23 14:36:38.711 [localhost-startStop-1] INFO  o.s.w.s.m.m.a.RequestMappingHandlerAdapter - Looking for @ControllerAdvice: WebApplicationContext for namespace 'maizhong-portal-servlet': startup date [Thu Mar 23 14:36:37 CST 2017]; parent: Root WebApplicationContext
2017-03-23 14:36:38.767 [localhost-startStop-1] INFO  o.s.w.s.m.m.a.RequestMappingHandlerAdapter - Looking for @ControllerAdvice: WebApplicationContext for namespace 'maizhong-portal-servlet': startup date [Thu Mar 23 14:36:37 CST 2017]; parent: Root WebApplicationContext
2017-03-23 14:36:38.888 [localhost-startStop-1] INFO  o.s.web.servlet.handler.SimpleUrlHandlerMapping - Mapped URL path [/resources/**] onto handler 'org.springframework.web.servlet.resource.ResourceHttpRequestHandler#0'
2017-03-23 14:36:38.915 [localhost-startStop-1] INFO  org.springframework.web.servlet.DispatcherServlet - FrameworkServlet 'maizhong-portal': initialization completed in 1183 ms
2017-03-23 14:51:40.174 [localhost-startStop-1] INFO  org.springframework.web.context.ContextLoader - Root WebApplicationContext: initialization started
2017-03-23 14:51:40.262 [localhost-startStop-1] INFO  o.s.web.context.support.XmlWebApplicationContext - Refreshing Root WebApplicationContext: startup date [Thu Mar 23 14:51:40 CST 2017]; root of context hierarchy
2017-03-23 14:51:40.305 [localhost-startStop-1] INFO  o.s.beans.factory.xml.XmlBeanDefinitionReader - Loading XML bean definitions from class path resource [spring/spring-service.xml]
2017-03-23 14:51:40.653 [localhost-startStop-1] INFO  o.s.c.support.PropertySourcesPlaceholderConfigurer - Loading properties file from URL [file:/C:/Users/Xushd/IdeaProjects/MaiZhong/Portal/target/classes/resource/resource.properties]
2017-03-23 14:51:40.659 [localhost-startStop-1] INFO  o.s.b.f.a.AutowiredAnnotationBeanPostProcessor - JSR-330 'javax.inject.Inject' annotation found and supported for autowiring
2017-03-23 14:51:40.706 [localhost-startStop-1] INFO  org.springframework.web.context.ContextLoader - Root WebApplicationContext: initialization completed in 529 ms
2017-03-23 14:51:40.761 [localhost-startStop-1] INFO  org.springframework.web.servlet.DispatcherServlet - FrameworkServlet 'maizhong-portal': initialization started
2017-03-23 14:51:40.764 [localhost-startStop-1] INFO  o.s.web.context.support.XmlWebApplicationContext - Refreshing WebApplicationContext for namespace 'maizhong-portal-servlet': startup date [Thu Mar 23 14:51:40 CST 2017]; parent: Root WebApplicationContext
2017-03-23 14:51:40.765 [localhost-startStop-1] INFO  o.s.beans.factory.xml.XmlBeanDefinitionReader - Loading XML bean definitions from class path resource [spring/spring_mvc.xml]
2017-03-23 14:51:40.951 [localhost-startStop-1] INFO  o.s.b.f.a.AutowiredAnnotationBeanPostProcessor - JSR-330 'javax.inject.Inject' annotation found and supported for autowiring
2017-03-23 14:51:41.197 [localhost-startStop-1] INFO  o.s.w.s.m.m.a.RequestMappingHandlerMapping - Mapped "{[/doPhoneLink],methods=[POST]}" onto public com.maizhong.common.result.JsonResult com.maizhong.portal.controller.ActionController.doPhoneLink(java.lang.String)
2017-03-23 14:51:41.198 [localhost-startStop-1] INFO  o.s.w.s.m.m.a.RequestMappingHandlerMapping - Mapped "{[/index]}" onto public java.lang.String com.maizhong.portal.controller.IndexController.index(org.springframework.ui.Model)
2017-03-23 14:51:41.198 [localhost-startStop-1] INFO  o.s.w.s.m.m.a.RequestMappingHandlerMapping - Mapped "{[/help]}" onto public java.lang.String com.maizhong.portal.controller.IndexController.help(org.springframework.ui.Model)
2017-03-23 14:51:41.198 [localhost-startStop-1] INFO  o.s.w.s.m.m.a.RequestMappingHandlerMapping - Mapped "{[/feedback]}" onto public java.lang.String com.maizhong.portal.controller.IndexController.feedback(org.springframework.ui.Model)
2017-03-23 14:51:41.198 [localhost-startStop-1] INFO  o.s.w.s.m.m.a.RequestMappingHandlerMapping - Mapped "{[/sale]}" onto public java.lang.String com.maizhong.portal.controller.IndexController.sale(org.springframework.ui.Model)
2017-03-23 14:51:41.198 [localhost-startStop-1] INFO  o.s.w.s.m.m.a.RequestMappingHandlerMapping - Mapped "{[/feedback/post]}" onto public java.lang.String com.maizhong.portal.controller.IndexController.feedbackForm(com.maizhong.pojo.TbFeedback,org.springframework.validation.BindingResult,org.springframework.ui.Model)
2017-03-23 14:51:41.198 [localhost-startStop-1] INFO  o.s.w.s.m.m.a.RequestMappingHandlerMapping - Mapped "{[/news.html]}" onto public java.lang.String com.maizhong.portal.controller.IndexController.news(java.lang.Long)
2017-03-23 14:51:41.198 [localhost-startStop-1] INFO  o.s.w.s.m.m.a.RequestMappingHandlerMapping - Mapped "{[/about]}" onto public java.lang.String com.maizhong.portal.controller.IndexController.about(org.springframework.ui.Model)
2017-03-23 14:51:41.199 [localhost-startStop-1] INFO  o.s.w.s.m.m.a.RequestMappingHandlerMapping - Mapped "{[/joinus]}" onto public java.lang.String com.maizhong.portal.controller.IndexController.joinus(org.springframework.ui.Model)
2017-03-23 14:51:41.199 [localhost-startStop-1] INFO  o.s.w.s.m.m.a.RequestMappingHandlerMapping - Mapped "{[/info]}" onto public java.lang.String com.maizhong.portal.controller.SearchController.searchIndex(com.maizhong.common.dto.PageSearchParam,org.springframework.ui.Model)
2017-03-23 14:51:41.199 [localhost-startStop-1] INFO  o.s.w.s.m.m.a.RequestMappingHandlerMapping - Mapped "{[/car]}" onto public java.lang.String com.maizhong.portal.controller.SearchController.carlist()
2017-03-23 14:51:41.200 [localhost-startStop-1] INFO  o.s.w.s.m.m.a.RequestMappingHandlerMapping - Mapped "{[/to/{url}]}" onto public java.lang.String com.maizhong.portal.controller.TestController.test(java.lang.String)
2017-03-23 14:51:41.204 [localhost-startStop-1] INFO  o.s.w.s.m.m.a.RequestMappingHandlerMapping - Mapped "{[/test]}" onto public com.maizhong.common.result.JsonResult com.maizhong.portal.controller.TestController.test()
2017-03-23 14:51:41.250 [localhost-startStop-1] INFO  org.hibernate.validator.internal.util.Version - HV000001: Hibernate Validator 5.1.1.Final
2017-03-23 14:51:41.722 [localhost-startStop-1] INFO  o.s.w.s.m.m.a.RequestMappingHandlerAdapter - Looking for @ControllerAdvice: WebApplicationContext for namespace 'maizhong-portal-servlet': startup date [Thu Mar 23 14:51:40 CST 2017]; parent: Root WebApplicationContext
2017-03-23 14:51:41.784 [localhost-startStop-1] INFO  o.s.w.s.m.m.a.RequestMappingHandlerAdapter - Looking for @ControllerAdvice: WebApplicationContext for namespace 'maizhong-portal-servlet': startup date [Thu Mar 23 14:51:40 CST 2017]; parent: Root WebApplicationContext
2017-03-23 14:51:41.902 [localhost-startStop-1] INFO  o.s.web.servlet.handler.SimpleUrlHandlerMapping - Mapped URL path [/resources/**] onto handler 'org.springframework.web.servlet.resource.ResourceHttpRequestHandler#0'
2017-03-23 14:51:41.927 [localhost-startStop-1] INFO  org.springframework.web.servlet.DispatcherServlet - FrameworkServlet 'maizhong-portal': initialization completed in 1166 ms
