2017-03-17 12:01:57.409 [localhost-startStop-1] INFO  org.springframework.web.context.ContextLoader - Root WebApplicationContext: initialization started
2017-03-17 12:01:57.498 [localhost-startStop-1] INFO  o.s.web.context.support.XmlWebApplicationContext - Refreshing Root WebApplicationContext: startup date [Fri Mar 17 12:01:57 CST 2017]; root of context hierarchy
2017-03-17 12:01:57.539 [localhost-startStop-1] INFO  o.s.beans.factory.xml.XmlBeanDefinitionReader - Loading XML bean definitions from class path resource [spring/spring-service.xml]
2017-03-17 12:01:57.886 [localhost-startStop-1] INFO  o.s.c.support.PropertySourcesPlaceholderConfigurer - Loading properties file from class path resource [resource.properties]
2017-03-17 12:01:57.894 [localhost-startStop-1] INFO  o.s.b.f.a.AutowiredAnnotationBeanPostProcessor - JSR-330 'javax.inject.Inject' annotation found and supported for autowiring
2017-03-17 12:01:57.931 [localhost-startStop-1] INFO  org.springframework.web.context.ContextLoader - Root WebApplicationContext: initialization completed in 519 ms
2017-03-17 12:01:57.970 [localhost-startStop-1] INFO  org.springframework.web.servlet.DispatcherServlet - FrameworkServlet 'maizhong-portal': initialization started
2017-03-17 12:01:57.974 [localhost-startStop-1] INFO  o.s.web.context.support.XmlWebApplicationContext - Refreshing WebApplicationContext for namespace 'maizhong-portal-servlet': startup date [Fri Mar 17 12:01:57 CST 2017]; parent: Root WebApplicationContext
2017-03-17 12:01:57.975 [localhost-startStop-1] INFO  o.s.beans.factory.xml.XmlBeanDefinitionReader - Loading XML bean definitions from class path resource [spring/spring_mvc.xml]
2017-03-17 12:01:58.145 [localhost-startStop-1] INFO  o.s.b.f.a.AutowiredAnnotationBeanPostProcessor - JSR-330 'javax.inject.Inject' annotation found and supported for autowiring
2017-03-17 12:01:58.310 [localhost-startStop-1] INFO  o.s.w.s.m.m.a.RequestMappingHandlerMapping - Mapped "{[/index]}" onto public java.lang.String com.maizhong.portal.controller.IndexController.index(org.springframework.ui.Model)
2017-03-17 12:01:58.360 [localhost-startStop-1] INFO  org.hibernate.validator.internal.util.Version - HV000001: Hibernate Validator 5.1.1.Final
2017-03-17 12:01:58.840 [localhost-startStop-1] INFO  o.s.w.s.m.m.a.RequestMappingHandlerAdapter - Looking for @ControllerAdvice: WebApplicationContext for namespace 'maizhong-portal-servlet': startup date [Fri Mar 17 12:01:57 CST 2017]; parent: Root WebApplicationContext
2017-03-17 12:01:58.960 [localhost-startStop-1] INFO  o.s.w.s.m.m.a.RequestMappingHandlerAdapter - Looking for @ControllerAdvice: WebApplicationContext for namespace 'maizhong-portal-servlet': startup date [Fri Mar 17 12:01:57 CST 2017]; parent: Root WebApplicationContext
2017-03-17 12:01:59.078 [localhost-startStop-1] INFO  o.s.web.servlet.handler.SimpleUrlHandlerMapping - Mapped URL path [/resources/**] onto handler 'org.springframework.web.servlet.resource.ResourceHttpRequestHandler#0'
2017-03-17 12:01:59.103 [localhost-startStop-1] INFO  org.springframework.web.servlet.DispatcherServlet - FrameworkServlet 'maizhong-portal': initialization completed in 1133 ms
2017-03-17 17:46:01.155 [localhost-startStop-1] INFO  org.springframework.web.context.ContextLoader - Root WebApplicationContext: initialization started
2017-03-17 17:46:01.262 [localhost-startStop-1] INFO  o.s.web.context.support.XmlWebApplicationContext - Refreshing Root WebApplicationContext: startup date [Fri Mar 17 17:46:01 CST 2017]; root of context hierarchy
2017-03-17 17:46:01.315 [localhost-startStop-1] INFO  o.s.beans.factory.xml.XmlBeanDefinitionReader - Loading XML bean definitions from class path resource [spring/spring-service.xml]
2017-03-17 17:46:01.655 [localhost-startStop-1] INFO  o.s.c.support.PropertySourcesPlaceholderConfigurer - Loading properties file from class path resource [resource.properties]
2017-03-17 17:46:01.664 [localhost-startStop-1] INFO  o.s.b.f.a.AutowiredAnnotationBeanPostProcessor - JSR-330 'javax.inject.Inject' annotation found and supported for autowiring
2017-03-17 17:46:01.701 [localhost-startStop-1] INFO  org.springframework.web.context.ContextLoader - Root WebApplicationContext: initialization completed in 543 ms
2017-03-17 17:46:01.737 [localhost-startStop-1] INFO  org.springframework.web.servlet.DispatcherServlet - FrameworkServlet 'maizhong-portal': initialization started
2017-03-17 17:46:01.741 [localhost-startStop-1] INFO  o.s.web.context.support.XmlWebApplicationContext - Refreshing WebApplicationContext for namespace 'maizhong-portal-servlet': startup date [Fri Mar 17 17:46:01 CST 2017]; parent: Root WebApplicationContext
2017-03-17 17:46:01.742 [localhost-startStop-1] INFO  o.s.beans.factory.xml.XmlBeanDefinitionReader - Loading XML bean definitions from class path resource [spring/spring_mvc.xml]
2017-03-17 17:46:01.897 [localhost-startStop-1] INFO  o.s.b.f.a.AutowiredAnnotationBeanPostProcessor - JSR-330 'javax.inject.Inject' annotation found and supported for autowiring
2017-03-17 17:46:02.043 [localhost-startStop-1] INFO  o.s.w.s.m.m.a.RequestMappingHandlerMapping - Mapped "{[/index]}" onto public java.lang.String com.maizhong.portal.controller.IndexController.index(org.springframework.ui.Model)
2017-03-17 17:46:02.089 [localhost-startStop-1] INFO  org.hibernate.validator.internal.util.Version - HV000001: Hibernate Validator 5.1.1.Final
2017-03-17 17:46:02.558 [localhost-startStop-1] INFO  o.s.w.s.m.m.a.RequestMappingHandlerAdapter - Looking for @ControllerAdvice: WebApplicationContext for namespace 'maizhong-portal-servlet': startup date [Fri Mar 17 17:46:01 CST 2017]; parent: Root WebApplicationContext
2017-03-17 17:46:02.618 [localhost-startStop-1] INFO  o.s.w.s.m.m.a.RequestMappingHandlerAdapter - Looking for @ControllerAdvice: WebApplicationContext for namespace 'maizhong-portal-servlet': startup date [Fri Mar 17 17:46:01 CST 2017]; parent: Root WebApplicationContext
2017-03-17 17:46:02.737 [localhost-startStop-1] INFO  o.s.web.servlet.handler.SimpleUrlHandlerMapping - Mapped URL path [/resources/**] onto handler 'org.springframework.web.servlet.resource.ResourceHttpRequestHandler#0'
2017-03-17 17:46:02.763 [localhost-startStop-1] INFO  org.springframework.web.servlet.DispatcherServlet - FrameworkServlet 'maizhong-portal': initialization completed in 1026 ms
2017-03-17 18:14:42.137 [localhost-startStop-1] INFO  org.springframework.web.context.ContextLoader - Root WebApplicationContext: initialization started
2017-03-17 18:14:42.227 [localhost-startStop-1] INFO  o.s.web.context.support.XmlWebApplicationContext - Refreshing Root WebApplicationContext: startup date [Fri Mar 17 18:14:42 CST 2017]; root of context hierarchy
2017-03-17 18:14:42.274 [localhost-startStop-1] INFO  o.s.beans.factory.xml.XmlBeanDefinitionReader - Loading XML bean definitions from class path resource [spring/spring-service.xml]
2017-03-17 18:14:42.620 [localhost-startStop-1] INFO  o.s.c.support.PropertySourcesPlaceholderConfigurer - Loading properties file from class path resource [resource.properties]
2017-03-17 18:14:42.626 [localhost-startStop-1] INFO  o.s.b.f.a.AutowiredAnnotationBeanPostProcessor - JSR-330 'javax.inject.Inject' annotation found and supported for autowiring
2017-03-17 18:14:42.661 [localhost-startStop-1] INFO  org.springframework.web.context.ContextLoader - Root WebApplicationContext: initialization completed in 521 ms
2017-03-17 18:14:42.699 [localhost-startStop-1] INFO  org.springframework.web.servlet.DispatcherServlet - FrameworkServlet 'maizhong-portal': initialization started
2017-03-17 18:14:42.703 [localhost-startStop-1] INFO  o.s.web.context.support.XmlWebApplicationContext - Refreshing WebApplicationContext for namespace 'maizhong-portal-servlet': startup date [Fri Mar 17 18:14:42 CST 2017]; parent: Root WebApplicationContext
2017-03-17 18:14:42.704 [localhost-startStop-1] INFO  o.s.beans.factory.xml.XmlBeanDefinitionReader - Loading XML bean definitions from class path resource [spring/spring_mvc.xml]
2017-03-17 18:14:42.862 [localhost-startStop-1] INFO  o.s.b.f.a.AutowiredAnnotationBeanPostProcessor - JSR-330 'javax.inject.Inject' annotation found and supported for autowiring
2017-03-17 18:14:43.015 [localhost-startStop-1] INFO  o.s.w.s.m.m.a.RequestMappingHandlerMapping - Mapped "{[/index]}" onto public java.lang.String com.maizhong.portal.controller.IndexController.index(org.springframework.ui.Model)
2017-03-17 18:14:43.059 [localhost-startStop-1] INFO  org.hibernate.validator.internal.util.Version - HV000001: Hibernate Validator 5.1.1.Final
2017-03-17 18:14:43.504 [localhost-startStop-1] INFO  o.s.w.s.m.m.a.RequestMappingHandlerAdapter - Looking for @ControllerAdvice: WebApplicationContext for namespace 'maizhong-portal-servlet': startup date [Fri Mar 17 18:14:42 CST 2017]; parent: Root WebApplicationContext
2017-03-17 18:14:43.626 [localhost-startStop-1] INFO  o.s.w.s.m.m.a.RequestMappingHandlerAdapter - Looking for @ControllerAdvice: WebApplicationContext for namespace 'maizhong-portal-servlet': startup date [Fri Mar 17 18:14:42 CST 2017]; parent: Root WebApplicationContext
2017-03-17 18:14:43.758 [localhost-startStop-1] INFO  o.s.web.servlet.handler.SimpleUrlHandlerMapping - Mapped URL path [/resources/**] onto handler 'org.springframework.web.servlet.resource.ResourceHttpRequestHandler#0'
2017-03-17 18:14:43.784 [localhost-startStop-1] INFO  org.springframework.web.servlet.DispatcherServlet - FrameworkServlet 'maizhong-portal': initialization completed in 1085 ms
2017-03-17 18:15:51.828 [localhost-startStop-1] INFO  org.springframework.web.context.ContextLoader - Root WebApplicationContext: initialization started
2017-03-17 18:15:51.918 [localhost-startStop-1] INFO  o.s.web.context.support.XmlWebApplicationContext - Refreshing Root WebApplicationContext: startup date [Fri Mar 17 18:15:51 CST 2017]; root of context hierarchy
2017-03-17 18:15:51.971 [localhost-startStop-1] INFO  o.s.beans.factory.xml.XmlBeanDefinitionReader - Loading XML bean definitions from class path resource [spring/spring-service.xml]
2017-03-17 18:15:52.321 [localhost-startStop-1] INFO  o.s.c.support.PropertySourcesPlaceholderConfigurer - Loading properties file from class path resource [resource.properties]
2017-03-17 18:15:52.328 [localhost-startStop-1] INFO  o.s.b.f.a.AutowiredAnnotationBeanPostProcessor - JSR-330 'javax.inject.Inject' annotation found and supported for autowiring
2017-03-17 18:15:52.362 [localhost-startStop-1] INFO  org.springframework.web.context.ContextLoader - Root WebApplicationContext: initialization completed in 531 ms
2017-03-17 18:15:52.399 [localhost-startStop-1] INFO  org.springframework.web.servlet.DispatcherServlet - FrameworkServlet 'maizhong-portal': initialization started
2017-03-17 18:15:52.404 [localhost-startStop-1] INFO  o.s.web.context.support.XmlWebApplicationContext - Refreshing WebApplicationContext for namespace 'maizhong-portal-servlet': startup date [Fri Mar 17 18:15:52 CST 2017]; parent: Root WebApplicationContext
2017-03-17 18:15:52.406 [localhost-startStop-1] INFO  o.s.beans.factory.xml.XmlBeanDefinitionReader - Loading XML bean definitions from class path resource [spring/spring_mvc.xml]
2017-03-17 18:15:52.559 [localhost-startStop-1] INFO  o.s.b.f.a.AutowiredAnnotationBeanPostProcessor - JSR-330 'javax.inject.Inject' annotation found and supported for autowiring
2017-03-17 18:15:52.707 [localhost-startStop-1] INFO  o.s.w.s.m.m.a.RequestMappingHandlerMapping - Mapped "{[/index]}" onto public java.lang.String com.maizhong.portal.controller.IndexController.index(org.springframework.ui.Model)
2017-03-17 18:15:52.751 [localhost-startStop-1] INFO  org.hibernate.validator.internal.util.Version - HV000001: Hibernate Validator 5.1.1.Final
2017-03-17 18:15:53.201 [localhost-startStop-1] INFO  o.s.w.s.m.m.a.RequestMappingHandlerAdapter - Looking for @ControllerAdvice: WebApplicationContext for namespace 'maizhong-portal-servlet': startup date [Fri Mar 17 18:15:52 CST 2017]; parent: Root WebApplicationContext
2017-03-17 18:15:53.255 [localhost-startStop-1] INFO  o.s.w.s.m.m.a.RequestMappingHandlerAdapter - Looking for @ControllerAdvice: WebApplicationContext for namespace 'maizhong-portal-servlet': startup date [Fri Mar 17 18:15:52 CST 2017]; parent: Root WebApplicationContext
2017-03-17 18:15:53.361 [localhost-startStop-1] INFO  o.s.web.servlet.handler.SimpleUrlHandlerMapping - Mapped URL path [/resources/**] onto handler 'org.springframework.web.servlet.resource.ResourceHttpRequestHandler#0'
2017-03-17 18:15:53.388 [localhost-startStop-1] INFO  org.springframework.web.servlet.DispatcherServlet - FrameworkServlet 'maizhong-portal': initialization completed in 988 ms
2017-03-17 18:27:48.270 [http-bio-8080-exec-8] INFO  org.apache.http.impl.execchain.RetryExec - I/O exception (java.net.NoRouteToHostException) caught when processing request to {}->http://192.168.3.192:8080: No route to host: connect
2017-03-17 18:27:48.272 [http-bio-8080-exec-8] INFO  org.apache.http.impl.execchain.RetryExec - Retrying request to {}->http://192.168.3.192:8080
2017-03-17 18:27:48.274 [http-bio-8080-exec-8] INFO  org.apache.http.impl.execchain.RetryExec - I/O exception (java.net.NoRouteToHostException) caught when processing request to {}->http://192.168.3.192:8080: No route to host: connect
2017-03-17 18:27:48.274 [http-bio-8080-exec-8] INFO  org.apache.http.impl.execchain.RetryExec - Retrying request to {}->http://192.168.3.192:8080
2017-03-17 18:27:48.284 [http-bio-8080-exec-8] INFO  org.apache.http.impl.execchain.RetryExec - I/O exception (java.net.NoRouteToHostException) caught when processing request to {}->http://192.168.3.192:8080: No route to host: connect
2017-03-17 18:27:48.292 [http-bio-8080-exec-8] INFO  org.apache.http.impl.execchain.RetryExec - Retrying request to {}->http://192.168.3.192:8080
