[INFO][2017-08-07 11:50:14] org.springframework.web.servlet.handler.AbstractHandlerMethodMapping.registerHandlerMethod(AbstractHandlerMethodMapping.java:217) localhost-startStop-1 Mapped "{[/user/login]}" onto public java.lang.String com.maizhong.auction.controller.IndexController.login() 
[INFO][2017-08-07 11:50:14] org.springframework.web.servlet.handler.AbstractHandlerMethodMapping.registerHandlerMethod(AbstractHandlerMethodMapping.java:217) localhost-startStop-1 Mapped "{[/regist/phone]}" onto public com.maizhong.common.result.JsonResult com.maizhong.auction.controller.IndexController.registUser(long,java.lang.String,int,javax.servlet.http.HttpServletResponse) 
[INFO][2017-08-07 11:50:14] org.springframework.web.servlet.handler.AbstractHandlerMethodMapping.registerHandlerMethod(AbstractHandlerMethodMapping.java:217) localhost-startStop-1 Mapped "{[/auction/car/like/{carId}]}" onto public com.maizhong.common.result.JsonResult com.maizhong.auction.controller.IndexController.carLike(long,javax.servlet.http.HttpServletRequest) 
[INFO][2017-08-07 11:50:14] org.springframework.web.servlet.handler.AbstractHandlerMethodMapping.registerHandlerMethod(AbstractHandlerMethodMapping.java:217) localhost-startStop-1 Mapped "{[/auction/car/like/cancle/{carId}]}" onto public com.maizhong.common.result.JsonResult com.maizhong.auction.controller.IndexController.carLikeCancle(long,javax.servlet.http.HttpServletRequest) 
[INFO][2017-08-07 11:50:14] org.springframework.web.servlet.handler.AbstractHandlerMethodMapping.registerHandlerMethod(AbstractHandlerMethodMapping.java:217) localhost-startStop-1 Mapped "{[/list/detail/{carId}]}" onto public java.lang.String com.maizhong.auction.controller.IndexController.carDetail(long,org.springframework.ui.Model) 
[INFO][2017-08-07 11:50:14] org.springframework.web.servlet.handler.AbstractHandlerMethodMapping.registerHandlerMethod(AbstractHandlerMethodMapping.java:217) localhost-startStop-1 Mapped "{[/login/pass]}" onto public com.maizhong.common.result.JsonResult com.maizhong.auction.controller.IndexController.loginByPass(long,java.lang.String,javax.servlet.http.HttpServletResponse) 
[INFO][2017-08-07 11:50:14] org.springframework.web.servlet.handler.AbstractHandlerMethodMapping.registerHandlerMethod(AbstractHandlerMethodMapping.java:217) localhost-startStop-1 Mapped "{[/system/logOff]}" onto public com.maizhong.common.result.JsonResult com.maizhong.auction.controller.IndexController.logOff(javax.servlet.http.HttpServletRequest) 
[INFO][2017-08-07 11:50:14] org.springframework.web.servlet.handler.AbstractHandlerMethodMapping.registerHandlerMethod(AbstractHandlerMethodMapping.java:217) localhost-startStop-1 Mapped "{[/login/phone]}" onto public com.maizhong.common.result.JsonResult com.maizhong.auction.controller.IndexController.loginByPhone(long,java.lang.String,javax.servlet.http.HttpServletResponse) 
[INFO][2017-08-07 11:50:14] org.springframework.web.servlet.handler.AbstractHandlerMethodMapping.registerHandlerMethod(AbstractHandlerMethodMapping.java:217) localhost-startStop-1 Mapped "{[/login/check]}" onto public com.maizhong.common.result.JsonResult com.maizhong.auction.controller.IndexController.loginCheck(java.lang.String,java.lang.String,boolean) 
[INFO][2017-08-07 11:50:14] org.springframework.web.servlet.handler.AbstractHandlerMethodMapping.registerHandlerMethod(AbstractHandlerMethodMapping.java:217) localhost-startStop-1 Mapped "{[/app/personal/getToken/{deviceId}]}" onto public com.maizhong.common.result.JsonResult com.maizhong.auction.controller.PersonalAppController.getToken(java.lang.String) 
[INFO][2017-08-07 11:50:14] org.springframework.web.servlet.handler.AbstractHandlerMethodMapping.registerHandlerMethod(AbstractHandlerMethodMapping.java:217) localhost-startStop-1 Mapped "{[/app/personal/feedback]}" onto public com.maizhong.common.result.JsonResult com.maizhong.auction.controller.PersonalAppController.feedback(java.lang.String,javax.servlet.http.HttpServletRequest) 
[INFO][2017-08-07 11:50:14] org.springframework.web.servlet.handler.AbstractHandlerMethodMapping.registerHandlerMethod(AbstractHandlerMethodMapping.java:217) localhost-startStop-1 Mapped "{[/app/personal/news/detail/{id}]}" onto public com.maizhong.common.result.JsonResult com.maizhong.auction.controller.PersonalAppController.newsDetail(long) 
[INFO][2017-08-07 11:50:14] org.springframework.web.servlet.handler.AbstractHandlerMethodMapping.registerHandlerMethod(AbstractHandlerMethodMapping.java:217) localhost-startStop-1 Mapped "{[/app/personal/news/list]}" onto public com.maizhong.common.result.JsonResult com.maizhong.auction.controller.PersonalAppController.newsList() 
[INFO][2017-08-07 11:50:14] org.springframework.web.servlet.handler.AbstractHandlerMethodMapping.registerHandlerMethod(AbstractHandlerMethodMapping.java:217) localhost-startStop-1 Mapped "{[/app/personal/problem/detail/{id}]}" onto public com.maizhong.common.result.JsonResult com.maizhong.auction.controller.PersonalAppController.problemDetail(long) 
[INFO][2017-08-07 11:50:14] org.springframework.web.servlet.handler.AbstractHandlerMethodMapping.registerHandlerMethod(AbstractHandlerMethodMapping.java:217) localhost-startStop-1 Mapped "{[/app/personal/problem/list]}" onto public com.maizhong.common.result.JsonResult com.maizhong.auction.controller.PersonalAppController.problemList() 
[INFO][2017-08-07 11:50:14] org.springframework.web.servlet.handler.AbstractHandlerMethodMapping.registerHandlerMethod(AbstractHandlerMethodMapping.java:217) localhost-startStop-1 Mapped "{[/app/personal/getVerifyCode/{phone}]}" onto public com.maizhong.common.result.JsonResult com.maizhong.auction.controller.PersonalAppController.getVerifyCode(long) 
[INFO][2017-08-07 11:50:14] org.springframework.web.servlet.handler.AbstractHandlerMethodMapping.registerHandlerMethod(AbstractHandlerMethodMapping.java:217) localhost-startStop-1 Mapped "{[/app/personal/headimg]}" onto public com.maizhong.common.result.JsonResult com.maizhong.auction.controller.PersonalAppController.headImg(java.lang.String,javax.servlet.http.HttpServletRequest) 
[INFO][2017-08-07 11:50:14] org.springframework.web.servlet.handler.AbstractHandlerMethodMapping.registerHandlerMethod(AbstractHandlerMethodMapping.java:217) localhost-startStop-1 Mapped "{[/app/personal/login/{phone}/{verifyCode}]}" onto public com.maizhong.common.result.JsonResult com.maizhong.auction.controller.PersonalAppController.login(long,java.lang.String,javax.servlet.http.HttpServletRequest) 
[INFO][2017-08-07 11:50:14] org.springframework.web.servlet.handler.AbstractHandlerMethodMapping.registerHandlerMethod(AbstractHandlerMethodMapping.java:217) localhost-startStop-1 Mapped "{[/app/personal/sale/{phone}/{cityId}]}" onto public com.maizhong.common.result.JsonResult com.maizhong.auction.controller.PersonalAppController.saleCar(long,int,javax.servlet.http.HttpServletRequest) 
[INFO][2017-08-07 11:50:14] org.springframework.web.servlet.handler.AbstractHandlerMethodMapping.registerHandlerMethod(AbstractHandlerMethodMapping.java:217) localhost-startStop-1 Mapped "{[/system/channel/over/list]}" onto public com.maizhong.common.result.JsonResult com.maizhong.auction.controller.SystemController.channelOverList(com.maizhong.common.dto.PageSearchParam) 
[INFO][2017-08-07 11:50:14] org.springframework.web.servlet.handler.AbstractHandlerMethodMapping.registerHandlerMethod(AbstractHandlerMethodMapping.java:217) localhost-startStop-1 Mapped "{[/system/check/account/list],methods=[POST]}" onto public com.maizhong.common.result.JsonResult com.maizhong.auction.controller.SystemController.checkAccountList(com.maizhong.common.dto.PageSearchParam) 
[INFO][2017-08-07 11:50:14] org.springframework.web.servlet.handler.AbstractHandlerMethodMapping.registerHandlerMethod(AbstractHandlerMethodMapping.java:217) localhost-startStop-1 Mapped "{[/system/company/user/list]}" onto public com.maizhong.common.result.JsonResult com.maizhong.auction.controller.SystemController.companyUserList(com.maizhong.common.dto.PageSearchParam) 
[INFO][2017-08-07 11:50:14] org.springframework.web.servlet.handler.AbstractHandlerMethodMapping.registerHandlerMethod(AbstractHandlerMethodMapping.java:217) localhost-startStop-1 Mapped "{[/system/company/user/status/{id}/{status}]}" onto public com.maizhong.common.result.JsonResult com.maizhong.auction.controller.SystemController.companyUserChangeStatus(long,int,javax.servlet.http.HttpServletRequest) 
[INFO][2017-08-07 11:50:14] org.springframework.web.servlet.handler.AbstractHandlerMethodMapping.registerHandlerMethod(AbstractHandlerMethodMapping.java:217) localhost-startStop-1 Mapped "{[/system/check/account/del/{id}]}" onto public com.maizhong.common.result.JsonResult com.maizhong.auction.controller.SystemController.checkAccountDelete(long) 
[INFO][2017-08-07 11:50:14] org.springframework.web.servlet.handler.AbstractHandlerMethodMapping.registerHandlerMethod(AbstractHandlerMethodMapping.java:217) localhost-startStop-1 Mapped "{[/system/company/user/add/{id}/{plus}]}" onto public com.maizhong.common.result.JsonResult com.maizhong.auction.controller.SystemController.companyUserBzjAdd(long,long,javax.servlet.http.HttpServletRequest) 
[INFO][2017-08-07 11:50:14] org.springframework.web.servlet.handler.AbstractHandlerMethodMapping.registerHandlerMethod(AbstractHandlerMethodMapping.java:217) localhost-startStop-1 Mapped "{[/system/check/account]}" onto public java.lang.String com.maizhong.auction.controller.SystemController.checkAccountIndex(org.springframework.ui.Model,javax.servlet.http.HttpServletRequest) 
[INFO][2017-08-07 11:50:14] org.springframework.web.servlet.handler.AbstractHandlerMethodMapping.registerHandlerMethod(AbstractHandlerMethodMapping.java:217) localhost-startStop-1 Mapped "{[/system/channel/queue/list/{key}]}" onto public com.maizhong.common.result.JsonResult com.maizhong.auction.controller.SystemController.channelKeyList(java.lang.String) 
[INFO][2017-08-07 11:50:14] org.springframework.web.servlet.handler.AbstractHandlerMethodMapping.registerHandlerMethod(AbstractHandlerMethodMapping.java:217) localhost-startStop-1 Mapped "{[/system/check/account/status/{id}/{status}]}" onto public com.maizhong.common.result.JsonResult com.maizhong.auction.controller.SystemController.checkAccountStatus(long,int) 
[INFO][2017-08-07 11:50:14] org.springframework.web.servlet.handler.AbstractHandlerMethodMapping.registerHandlerMethod(AbstractHandlerMethodMapping.java:217) localhost-startStop-1 Mapped "{[/system/check/account/save]}" onto public com.maizhong.common.result.JsonResult com.maizhong.auction.controller.SystemController.checkAccountSave(com.maizhong.auction.pojo.CkUser,javax.servlet.http.HttpServletRequest) 
[INFO][2017-08-07 11:50:14] org.springframework.web.servlet.handler.AbstractHandlerMethodMapping.registerHandlerMethod(AbstractHandlerMethodMapping.java:217) localhost-startStop-1 Mapped "{[/system/channel/over]}" onto public java.lang.String com.maizhong.auction.controller.SystemController.channgelOverIndex(javax.servlet.http.HttpServletRequest,org.springframework.ui.Model) 
[INFO][2017-08-07 11:50:14] org.springframework.web.servlet.handler.AbstractHandlerMethodMapping.registerHandlerMethod(AbstractHandlerMethodMapping.java:217) localhost-startStop-1 Mapped "{[/system/check/car/step4/{carId}]}" onto public com.maizhong.common.result.JsonResult com.maizhong.auction.controller.SystemController.checkCarSTEP4(long) 
[INFO][2017-08-07 11:50:14] org.springframework.web.servlet.handler.AbstractHandlerMethodMapping.registerHandlerMethod(AbstractHandlerMethodMapping.java:217) localhost-startStop-1 Mapped "{[/system/check/car/step3/{carId}]}" onto public com.maizhong.common.result.JsonResult com.maizhong.auction.controller.SystemController.checkCarSTEP3(long) 
[INFO][2017-08-07 11:50:14] org.springframework.web.servlet.handler.AbstractHandlerMethodMapping.registerHandlerMethod(AbstractHandlerMethodMapping.java:217) localhost-startStop-1 Mapped "{[/system/check/car/step5/{carId}]}" onto public com.maizhong.common.result.JsonResult com.maizhong.auction.controller.SystemController.checkCarSTEP5(long) 
[INFO][2017-08-07 11:50:14] org.springframework.web.servlet.handler.AbstractHandlerMethodMapping.registerHandlerMethod(AbstractHandlerMethodMapping.java:217) localhost-startStop-1 Mapped "{[/system/check/car/step1/{carId}]}" onto public com.maizhong.common.result.JsonResult com.maizhong.auction.controller.SystemController.checkCarSTEP1(long) 
[INFO][2017-08-07 11:50:14] org.springframework.web.servlet.handler.AbstractHandlerMethodMapping.registerHandlerMethod(AbstractHandlerMethodMapping.java:217) localhost-startStop-1 Mapped "{[/system/check/examine/list]}" onto public com.maizhong.common.result.JsonResult com.maizhong.auction.controller.SystemController.examineList(com.maizhong.common.dto.PageSearchParam) 
[INFO][2017-08-07 11:50:14] org.springframework.web.servlet.handler.AbstractHandlerMethodMapping.registerHandlerMethod(AbstractHandlerMethodMapping.java:217) localhost-startStop-1 Mapped "{[/system/account/save]}" onto public com.maizhong.common.result.JsonResult com.maizhong.auction.controller.SystemController.accountSave(com.maizhong.auction.pojo.SysUser,javax.servlet.http.HttpServletRequest) 
[INFO][2017-08-07 11:50:14] org.springframework.web.servlet.handler.AbstractHandlerMethodMapping.registerHandlerMethod(AbstractHandlerMethodMapping.java:217) localhost-startStop-1 Mapped "{[/system/company/del/{id}]}" onto public com.maizhong.common.result.JsonResult com.maizhong.auction.controller.SystemController.companyDelete(long) 
[INFO][2017-08-07 11:50:14] org.springframework.web.servlet.handler.AbstractHandlerMethodMapping.registerHandlerMethod(AbstractHandlerMethodMapping.java:217) localhost-startStop-1 Mapped "{[/system/account/status/{id}/{status}]}" onto public com.maizhong.common.result.JsonResult com.maizhong.auction.controller.SystemController.accountStatus(long,int) 
[INFO][2017-08-07 11:50:14] org.springframework.web.servlet.handler.AbstractHandlerMethodMapping.registerHandlerMethod(AbstractHandlerMethodMapping.java:217) localhost-startStop-1 Mapped "{[/system/check/car/step2/{carId}]}" onto public com.maizhong.common.result.JsonResult com.maizhong.auction.controller.SystemController.checkCarSTEP2(long) 
[INFO][2017-08-07 11:50:14] org.springframework.web.servlet.handler.AbstractHandlerMethodMapping.registerHandlerMethod(AbstractHandlerMethodMapping.java:217) localhost-startStop-1 Mapped "{[/system/company/save]}" onto public com.maizhong.common.result.JsonResult com.maizhong.auction.controller.SystemController.companySave(com.maizhong.auction.pojo.SysCompany,javax.servlet.http.HttpServletRequest) 
[INFO][2017-08-07 11:50:14] org.springframework.web.servlet.handler.AbstractHandlerMethodMapping.registerHandlerMethod(AbstractHandlerMethodMapping.java:217) localhost-startStop-1 Mapped "{[/system/check/wait]}" onto public java.lang.String com.maizhong.auction.controller.SystemController.checkCarWait(javax.servlet.http.HttpServletRequest,org.springframework.ui.Model) 
[INFO][2017-08-07 11:50:14] org.springframework.web.servlet.handler.AbstractHandlerMethodMapping.registerHandlerMethod(AbstractHandlerMethodMapping.java:217) localhost-startStop-1 Mapped "{[/system/channel/queue]}" onto public java.lang.String com.maizhong.auction.controller.SystemController.channgelIndex(javax.servlet.http.HttpServletRequest,org.springframework.ui.Model) 
[INFO][2017-08-07 11:50:14] org.springframework.web.servlet.handler.AbstractHandlerMethodMapping.registerHandlerMethod(AbstractHandlerMethodMapping.java:217) localhost-startStop-1 Mapped "{[/system/channel/queue/list]}" onto public com.maizhong.common.result.JsonResult com.maizhong.auction.controller.SystemController.channelList() 
[INFO][2017-08-07 11:50:14] org.springframework.web.servlet.handler.AbstractHandlerMethodMapping.registerHandlerMethod(AbstractHandlerMethodMapping.java:217) localhost-startStop-1 Mapped "{[/system/channel/now]}" onto public java.lang.String com.maizhong.auction.controller.SystemController.auctionCarNow(org.springframework.ui.Model,javax.servlet.http.HttpServletRequest) 
[INFO][2017-08-07 11:50:14] org.springframework.web.servlet.handler.AbstractHandlerMethodMapping.registerHandlerMethod(AbstractHandlerMethodMapping.java:217) localhost-startStop-1 Mapped "{[/system/check/examine]}" onto public java.lang.String com.maizhong.auction.controller.SystemController.examineIndex(org.springframework.ui.Model,javax.servlet.http.HttpServletRequest) 
[INFO][2017-08-07 11:50:14] org.springframework.web.servlet.handler.AbstractHandlerMethodMapping.registerHandlerMethod(AbstractHandlerMethodMapping.java:217) localhost-startStop-1 Mapped "{[/system/company/user]}" onto public java.lang.String com.maizhong.auction.controller.SystemController.companyUser(javax.servlet.http.HttpServletRequest,org.springframework.ui.Model) 
[INFO][2017-08-07 11:50:14] org.springframework.web.servlet.handler.AbstractHandlerMethodMapping.registerHandlerMethod(AbstractHandlerMethodMapping.java:217) localhost-startStop-1 Mapped "{[/system/check/wait/list]}" onto public com.maizhong.common.result.JsonResult com.maizhong.auction.controller.SystemController.waitList(com.maizhong.common.dto.PageSearchParam) 
[INFO][2017-08-07 11:50:14] org.springframework.web.servlet.handler.AbstractHandlerMethodMapping.registerHandlerMethod(AbstractHandlerMethodMapping.java:217) localhost-startStop-1 Mapped "{[/system/company]}" onto public java.lang.String com.maizhong.auction.controller.SystemController.companyIndex(org.springframework.ui.Model,javax.servlet.http.HttpServletRequest) 
[INFO][2017-08-07 11:50:14] org.springframework.web.servlet.handler.AbstractHandlerMethodMapping.registerHandlerMethod(AbstractHandlerMethodMapping.java:217) localhost-startStop-1 Mapped "{[/system/account/list],methods=[POST]}" onto public com.maizhong.common.result.JsonResult com.maizhong.auction.controller.SystemController.accountList(com.maizhong.common.dto.PageSearchParam) 
[INFO][2017-08-07 11:50:14] org.springframework.web.servlet.handler.AbstractHandlerMethodMapping.registerHandlerMethod(AbstractHandlerMethodMapping.java:217) localhost-startStop-1 Mapped "{[/system/account]}" onto public java.lang.String com.maizhong.auction.controller.SystemController.accountIndex(org.springframework.ui.Model,javax.servlet.http.HttpServletRequest) 
[INFO][2017-08-07 11:50:14] org.springframework.web.servlet.handler.AbstractHandlerMethodMapping.registerHandlerMethod(AbstractHandlerMethodMapping.java:217) localhost-startStop-1 Mapped "{[/system/account/del/{id}]}" onto public com.maizhong.common.result.JsonResult com.maizhong.auction.controller.SystemController.accountDelete(long) 
[INFO][2017-08-07 11:50:14] org.springframework.web.servlet.handler.AbstractHandlerMethodMapping.registerHandlerMethod(AbstractHandlerMethodMapping.java:217) localhost-startStop-1 Mapped "{[/system/company/list],methods=[POST]}" onto public com.maizhong.common.result.JsonResult com.maizhong.auction.controller.SystemController.companyList(com.maizhong.common.dto.PageSearchParam) 
[INFO][2017-08-07 11:50:14] org.springframework.web.servlet.handler.AbstractHandlerMethodMapping.registerHandlerMethod(AbstractHandlerMethodMapping.java:217) localhost-startStop-1 Mapped "{[/system/company/status/{id}/{status}]}" onto public com.maizhong.common.result.JsonResult com.maizhong.auction.controller.SystemController.companyStatus(long,int) 
[INFO][2017-08-07 11:50:14] org.springframework.web.servlet.handler.AbstractHandlerMethodMapping.registerHandlerMethod(AbstractHandlerMethodMapping.java:217) localhost-startStop-1 Mapped "{[/system/company/user/del/{id}]}" onto public com.maizhong.common.result.JsonResult com.maizhong.auction.controller.SystemController.companyUserDel(long,javax.servlet.http.HttpServletRequest) 
[INFO][2017-08-07 11:50:14] org.springframework.web.servlet.handler.AbstractHandlerMethodMapping.registerHandlerMethod(AbstractHandlerMethodMapping.java:217) localhost-startStop-1 Mapped "{[/system/car/saveprice/{carId}]}" onto public com.maizhong.common.result.JsonResult com.maizhong.auction.controller.SystemController.setCarSavePrice(long,java.lang.String) 
[INFO][2017-08-07 11:50:14] org.springframework.web.servlet.handler.AbstractHandlerMethodMapping.registerHandlerMethod(AbstractHandlerMethodMapping.java:217) localhost-startStop-1 Mapped "{[/system/channel/now/list]}" onto public com.maizhong.common.result.JsonResult com.maizhong.auction.controller.SystemController.auctionCarList() 
[INFO][2017-08-07 11:50:14] org.springframework.web.servlet.handler.AbstractHandlerMethodMapping.registerHandlerMethod(AbstractHandlerMethodMapping.java:217) localhost-startStop-1 Mapped "{[/system/car/startprice/{carId}]}" onto public com.maizhong.common.result.JsonResult com.maizhong.auction.controller.SystemController.setCarStartPrice(long,java.lang.String) 
[INFO][2017-08-07 11:50:14] org.springframework.web.servlet.handler.AbstractHandlerMethodMapping.registerHandlerMethod(AbstractHandlerMethodMapping.java:217) localhost-startStop-1 Mapped "{[/system/check/examine/reject/{id}]}" onto public com.maizhong.common.result.JsonResult com.maizhong.auction.controller.SystemController.examineReject(long,java.lang.String,javax.servlet.http.HttpServletRequest) 
[INFO][2017-08-07 11:50:14] org.springframework.web.servlet.handler.AbstractHandlerMethodMapping.registerHandlerMethod(AbstractHandlerMethodMapping.java:217) localhost-startStop-1 Mapped "{[/system/check/examine/pass/{id}]}" onto public com.maizhong.common.result.JsonResult com.maizhong.auction.controller.SystemController.examinePass(long,javax.servlet.http.HttpServletRequest) 
[INFO][2017-08-07 11:50:14] org.springframework.web.servlet.handler.AbstractHandlerMethodMapping.registerHandlerMethod(AbstractHandlerMethodMapping.java:217) localhost-startStop-1 Mapped "{[/system/car/second/{carId}]}" onto public com.maizhong.common.result.JsonResult com.maizhong.auction.controller.SystemController.carSecond(long) 
[INFO][2017-08-07 11:50:14] org.springframework.web.servlet.handler.AbstractHandlerMethodMapping.registerHandlerMethod(AbstractHandlerMethodMapping.java:217) localhost-startStop-1 Mapped "{[/system/car/deal/{carId}]}" onto public com.maizhong.common.result.JsonResult com.maizhong.auction.controller.SystemController.carDeal(long) 
[INFO][2017-08-07 11:50:14] org.springframework.web.servlet.handler.AbstractHandlerMethodMapping.registerHandlerMethod(AbstractHandlerMethodMapping.java:217) localhost-startStop-1 Mapped "{[/system/channel/add]}" onto public com.maizhong.common.result.JsonResult com.maizhong.auction.controller.SystemController.channelAdd(java.lang.String,int,java.lang.String) 
[INFO][2017-08-07 11:50:14] org.hibernate.validator.internal.util.Version.<clinit>(Version.java:27) localhost-startStop-1 HV000001: Hibernate Validator 5.1.1.Final 
[INFO][2017-08-07 11:50:14] org.springframework.web.servlet.mvc.method.annotation.RequestMappingHandlerAdapter.initControllerAdviceCache(RequestMappingHandlerAdapter.java:517) localhost-startStop-1 Looking for @ControllerAdvice: WebApplicationContext for namespace 'maizhong-auction-servlet': startup date [Mon Aug 07 11:50:13 CST 2017]; parent: Root WebApplicationContext 
[INFO][2017-08-07 11:50:14] org.springframework.web.servlet.mvc.method.annotation.RequestMappingHandlerAdapter.initControllerAdviceCache(RequestMappingHandlerAdapter.java:517) localhost-startStop-1 Looking for @ControllerAdvice: WebApplicationContext for namespace 'maizhong-auction-servlet': startup date [Mon Aug 07 11:50:13 CST 2017]; parent: Root WebApplicationContext 
[INFO][2017-08-07 11:50:14] org.springframework.web.servlet.handler.AbstractUrlHandlerMapping.registerHandler(AbstractUrlHandlerMapping.java:314) localhost-startStop-1 Mapped URL path [/resources/**] onto handler 'org.springframework.web.servlet.resource.ResourceHttpRequestHandler#0' 
[INFO][2017-08-07 11:50:14] org.springframework.web.servlet.handler.AbstractUrlHandlerMapping.registerHandler(AbstractUrlHandlerMapping.java:314) localhost-startStop-1 Mapped URL path [/favicon.ico] onto handler 'org.springframework.web.servlet.resource.ResourceHttpRequestHandler#1' 
[INFO][2017-08-07 11:50:14] org.springframework.web.servlet.FrameworkServlet.initServletBean(FrameworkServlet.java:504) localhost-startStop-1 FrameworkServlet 'maizhong-auction': initialization completed in 1161 ms 
[WARN][2017-08-07 13:37:17] org.springframework.web.servlet.DispatcherServlet.noHandlerFound(DispatcherServlet.java:1136) http-nio-8090-exec-4 No mapping found for HTTP request with URI [/app/check/newcar] in DispatcherServlet with name 'maizhong-auction' 
[WARN][2017-08-07 13:37:17] org.springframework.web.servlet.DispatcherServlet.noHandlerFound(DispatcherServlet.java:1136) http-nio-8090-exec-4 No mapping found for HTTP request with URI [/index] in DispatcherServlet with name 'maizhong-auction' 
[WARN][2017-08-07 13:37:19] org.springframework.web.servlet.DispatcherServlet.noHandlerFound(DispatcherServlet.java:1136) http-nio-8090-exec-5 No mapping found for HTTP request with URI [/app/check/newcar] in DispatcherServlet with name 'maizhong-auction' 
[WARN][2017-08-07 13:37:19] org.springframework.web.servlet.DispatcherServlet.noHandlerFound(DispatcherServlet.java:1136) http-nio-8090-exec-5 No mapping found for HTTP request with URI [/index] in DispatcherServlet with name 'maizhong-auction' 
[WARN][2017-08-07 13:37:21] org.springframework.web.servlet.DispatcherServlet.noHandlerFound(DispatcherServlet.java:1136) http-nio-8090-exec-6 No mapping found for HTTP request with URI [/app/check/newcar] in DispatcherServlet with name 'maizhong-auction' 
[WARN][2017-08-07 13:37:21] org.springframework.web.servlet.DispatcherServlet.noHandlerFound(DispatcherServlet.java:1136) http-nio-8090-exec-6 No mapping found for HTTP request with URI [/index] in DispatcherServlet with name 'maizhong-auction' 
[WARN][2017-08-07 13:37:21] org.springframework.web.servlet.DispatcherServlet.noHandlerFound(DispatcherServlet.java:1136) http-nio-8090-exec-7 No mapping found for HTTP request with URI [/app/check/newcar] in DispatcherServlet with name 'maizhong-auction' 
[WARN][2017-08-07 13:37:21] org.springframework.web.servlet.DispatcherServlet.noHandlerFound(DispatcherServlet.java:1136) http-nio-8090-exec-7 No mapping found for HTTP request with URI [/index] in DispatcherServlet with name 'maizhong-auction' 
[WARN][2017-08-07 13:39:28] org.springframework.web.servlet.DispatcherServlet.noHandlerFound(DispatcherServlet.java:1136) http-nio-8090-exec-9 No mapping found for HTTP request with URI [/app/check/newcar] in DispatcherServlet with name 'maizhong-auction' 
[WARN][2017-08-07 13:39:28] org.springframework.web.servlet.DispatcherServlet.noHandlerFound(DispatcherServlet.java:1136) http-nio-8090-exec-9 No mapping found for HTTP request with URI [/index] in DispatcherServlet with name 'maizhong-auction' 
[WARN][2017-08-07 13:39:33] org.springframework.web.servlet.DispatcherServlet.noHandlerFound(DispatcherServlet.java:1136) http-nio-8090-exec-10 No mapping found for HTTP request with URI [/app/check/newcar] in DispatcherServlet with name 'maizhong-auction' 
[WARN][2017-08-07 13:39:33] org.springframework.web.servlet.DispatcherServlet.noHandlerFound(DispatcherServlet.java:1136) http-nio-8090-exec-10 No mapping found for HTTP request with URI [/index] in DispatcherServlet with name 'maizhong-auction' 
[WARN][2017-08-07 13:39:35] org.springframework.web.servlet.DispatcherServlet.noHandlerFound(DispatcherServlet.java:1136) http-nio-8090-exec-1 No mapping found for HTTP request with URI [/app/check/newcar] in DispatcherServlet with name 'maizhong-auction' 
[WARN][2017-08-07 13:39:35] org.springframework.web.servlet.DispatcherServlet.noHandlerFound(DispatcherServlet.java:1136) http-nio-8090-exec-1 No mapping found for HTTP request with URI [/index] in DispatcherServlet with name 'maizhong-auction' 
[WARN][2017-08-07 13:53:13] org.springframework.web.servlet.DispatcherServlet.noHandlerFound(DispatcherServlet.java:1136) http-nio-8090-exec-1 No mapping found for HTTP request with URI [/app/check/newcar] in DispatcherServlet with name 'maizhong-auction' 
[WARN][2017-08-07 13:53:13] org.springframework.web.servlet.DispatcherServlet.noHandlerFound(DispatcherServlet.java:1136) http-nio-8090-exec-1 No mapping found for HTTP request with URI [/index] in DispatcherServlet with name 'maizhong-auction' 
[INFO][2017-08-07 14:30:34] com.maizhong.auction.service.impl.AuctionServiceImpl.addPrice(AuctionServiceImpl.java:698) http-nio-8090-exec-4 ADD BID 车辆 ID 310 通道 CH2 
[INFO][2017-08-07 14:30:50] com.maizhong.auction.service.impl.AuctionServiceImpl.addPrice(AuctionServiceImpl.java:698) http-nio-8090-exec-10 ADD BID 车辆 ID 309 通道 CH1 
[WARN][2017-08-07 16:00:38] org.springframework.web.servlet.DispatcherServlet.noHandlerFound(DispatcherServlet.java:1136) http-nio-8090-exec-8 No mapping found for HTTP request with URI [/app/personal/mycar/list] in DispatcherServlet with name 'maizhong-auction' 
[WARN][2017-08-07 16:00:38] org.springframework.web.servlet.DispatcherServlet.noHandlerFound(DispatcherServlet.java:1136) http-nio-8090-exec-8 No mapping found for HTTP request with URI [/index] in DispatcherServlet with name 'maizhong-auction' 
[WARN][2017-08-07 16:00:53] org.springframework.web.servlet.DispatcherServlet.noHandlerFound(DispatcherServlet.java:1136) http-nio-8090-exec-4 No mapping found for HTTP request with URI [/app/personal/mycar/list] in DispatcherServlet with name 'maizhong-auction' 
[WARN][2017-08-07 16:00:53] org.springframework.web.servlet.DispatcherServlet.noHandlerFound(DispatcherServlet.java:1136) http-nio-8090-exec-4 No mapping found for HTTP request with URI [/index] in DispatcherServlet with name 'maizhong-auction' 
[WARN][2017-08-07 16:00:58] org.springframework.web.servlet.DispatcherServlet.noHandlerFound(DispatcherServlet.java:1136) http-nio-8090-exec-7 No mapping found for HTTP request with URI [/app/personal/mycar/list] in DispatcherServlet with name 'maizhong-auction' 
[WARN][2017-08-07 16:00:58] org.springframework.web.servlet.DispatcherServlet.noHandlerFound(DispatcherServlet.java:1136) http-nio-8090-exec-7 No mapping found for HTTP request with URI [/index] in DispatcherServlet with name 'maizhong-auction' 
[WARN][2017-08-07 16:01:37] org.springframework.web.servlet.DispatcherServlet.noHandlerFound(DispatcherServlet.java:1136) http-nio-8090-exec-8 No mapping found for HTTP request with URI [/app/personal/mycar/list] in DispatcherServlet with name 'maizhong-auction' 
[WARN][2017-08-07 16:01:37] org.springframework.web.servlet.DispatcherServlet.noHandlerFound(DispatcherServlet.java:1136) http-nio-8090-exec-8 No mapping found for HTTP request with URI [/index] in DispatcherServlet with name 'maizhong-auction' 
[WARN][2017-08-07 16:23:59] org.springframework.web.servlet.DispatcherServlet.noHandlerFound(DispatcherServlet.java:1136) http-nio-8090-exec-2 No mapping found for HTTP request with URI [/list/detail/main/img/20170723015201-2xrdktb4v45(1).jpg] in DispatcherServlet with name 'maizhong-auction' 
[WARN][2017-08-07 16:23:59] org.springframework.web.servlet.DispatcherServlet.noHandlerFound(DispatcherServlet.java:1136) http-nio-8090-exec-2 No mapping found for HTTP request with URI [/index] in DispatcherServlet with name 'maizhong-auction' 
[WARN][2017-08-07 16:23:59] org.springframework.web.servlet.DispatcherServlet.noHandlerFound(DispatcherServlet.java:1136) http-nio-8090-exec-4 No mapping found for HTTP request with URI [/list/detail/main/img/0170723015210-owcbg2e1yu0.jpg] in DispatcherServlet with name 'maizhong-auction' 
[WARN][2017-08-07 16:23:59] org.springframework.web.servlet.DispatcherServlet.noHandlerFound(DispatcherServlet.java:1136) http-nio-8090-exec-4 No mapping found for HTTP request with URI [/index] in DispatcherServlet with name 'maizhong-auction' 
[WARN][2017-08-07 16:23:59] org.springframework.web.servlet.DispatcherServlet.noHandlerFound(DispatcherServlet.java:1136) http-nio-8090-exec-5 No mapping found for HTTP request with URI [/list/detail/main/img/20170723015210-je1ellia2qt.jpg] in DispatcherServlet with name 'maizhong-auction' 
[WARN][2017-08-07 16:23:59] org.springframework.web.servlet.DispatcherServlet.noHandlerFound(DispatcherServlet.java:1136) http-nio-8090-exec-5 No mapping found for HTTP request with URI [/index] in DispatcherServlet with name 'maizhong-auction' 
[WARN][2017-08-07 16:24:00] org.springframework.web.servlet.DispatcherServlet.noHandlerFound(DispatcherServlet.java:1136) http-nio-8090-exec-10 No mapping found for HTTP request with URI [/list/detail/main/img/20170723015201-2xrdktb4v45(1).jpg] in DispatcherServlet with name 'maizhong-auction' 
[WARN][2017-08-07 16:24:00] org.springframework.web.servlet.DispatcherServlet.noHandlerFound(DispatcherServlet.java:1136) http-nio-8090-exec-7 No mapping found for HTTP request with URI [/list/detail/main/img/20170723015210-je1ellia2qt.jpg] in DispatcherServlet with name 'maizhong-auction' 
[WARN][2017-08-07 16:24:00] org.springframework.web.servlet.DispatcherServlet.noHandlerFound(DispatcherServlet.java:1136) http-nio-8090-exec-10 No mapping found for HTTP request with URI [/index] in DispatcherServlet with name 'maizhong-auction' 
[WARN][2017-08-07 16:24:00] org.springframework.web.servlet.DispatcherServlet.noHandlerFound(DispatcherServlet.java:1136) http-nio-8090-exec-7 No mapping found for HTTP request with URI [/index] in DispatcherServlet with name 'maizhong-auction' 
[WARN][2017-08-07 16:24:00] org.springframework.web.servlet.DispatcherServlet.noHandlerFound(DispatcherServlet.java:1136) http-nio-8090-exec-6 No mapping found for HTTP request with URI [/list/detail/main/img/0170723015210-owcbg2e1yu0.jpg] in DispatcherServlet with name 'maizhong-auction' 
[WARN][2017-08-07 16:24:00] org.springframework.web.servlet.DispatcherServlet.noHandlerFound(DispatcherServlet.java:1136) http-nio-8090-exec-6 No mapping found for HTTP request with URI [/index] in DispatcherServlet with name 'maizhong-auction' 
[WARN][2017-08-07 16:33:44] org.springframework.web.servlet.DispatcherServlet.noHandlerFound(DispatcherServlet.java:1136) http-nio-8090-exec-1 No mapping found for HTTP request with URI [/list/images/CarDetail/pic.png] in DispatcherServlet with name 'maizhong-auction' 
[WARN][2017-08-07 16:33:44] org.springframework.web.servlet.DispatcherServlet.noHandlerFound(DispatcherServlet.java:1136) http-nio-8090-exec-1 No mapping found for HTTP request with URI [/index] in DispatcherServlet with name 'maizhong-auction' 
[WARN][2017-08-07 16:33:44] org.springframework.web.servlet.DispatcherServlet.noHandlerFound(DispatcherServlet.java:1136) http-nio-8090-exec-8 No mapping found for HTTP request with URI [/list/images/CarDetail/pic.png] in DispatcherServlet with name 'maizhong-auction' 
[WARN][2017-08-07 16:33:44] org.springframework.web.servlet.DispatcherServlet.noHandlerFound(DispatcherServlet.java:1136) http-nio-8090-exec-8 No mapping found for HTTP request with URI [/index] in DispatcherServlet with name 'maizhong-auction' 
[WARN][2017-08-07 16:34:05] org.springframework.web.servlet.DispatcherServlet.noHandlerFound(DispatcherServlet.java:1136) http-nio-8090-exec-9 No mapping found for HTTP request with URI [/list/images/CarDetail/pic.png] in DispatcherServlet with name 'maizhong-auction' 
[WARN][2017-08-07 16:34:05] org.springframework.web.servlet.DispatcherServlet.noHandlerFound(DispatcherServlet.java:1136) http-nio-8090-exec-9 No mapping found for HTTP request with URI [/index] in DispatcherServlet with name 'maizhong-auction' 
[WARN][2017-08-07 16:34:06] org.springframework.web.servlet.DispatcherServlet.noHandlerFound(DispatcherServlet.java:1136) http-nio-8090-exec-2 No mapping found for HTTP request with URI [/list/images/CarDetail/pic.png] in DispatcherServlet with name 'maizhong-auction' 
[WARN][2017-08-07 16:34:06] org.springframework.web.servlet.DispatcherServlet.noHandlerFound(DispatcherServlet.java:1136) http-nio-8090-exec-2 No mapping found for HTTP request with URI [/index] in DispatcherServlet with name 'maizhong-auction' 
[ERROR][2017-08-07 16:49:53] com.maizhong.auction.resolver.GlobalExceptionResolver.doResolveException(GlobalExceptionResolver.java:28) http-nio-8090-exec-9 Error:{} 
java.lang.NullPointerException
	at com.maizhong.auction.service.impl.AuctionServiceImpl.getCarNow(AuctionServiceImpl.java:890)
	at com.maizhong.auction.controller.AuctionAppController.getCarNow(AuctionAppController.java:344)
	at sun.reflect.GeneratedMethodAccessor309.invoke(Unknown Source)
	at sun.reflect.DelegatingMethodAccessorImpl.invoke(DelegatingMethodAccessorImpl.java:43)
	at java.lang.reflect.Method.invoke(Method.java:606)
	at org.springframework.web.method.support.InvocableHandlerMethod.doInvoke(InvocableHandlerMethod.java:221)
	at org.springframework.web.method.support.InvocableHandlerMethod.invokeForRequest(InvocableHandlerMethod.java:137)
	at org.springframework.web.servlet.mvc.method.annotation.ServletInvocableHandlerMethod.invokeAndHandle(ServletInvocableHandlerMethod.java:110)
	at org.springframework.web.servlet.mvc.method.annotation.RequestMappingHandlerAdapter.invokeHandleMethod(RequestMappingHandlerAdapter.java:776)
	at org.springframework.web.servlet.mvc.method.annotation.RequestMappingHandlerAdapter.handleInternal(RequestMappingHandlerAdapter.java:705)
	at org.springframework.web.servlet.mvc.method.AbstractHandlerMethodAdapter.handle(AbstractHandlerMethodAdapter.java:85)
	at org.springframework.web.servlet.DispatcherServlet.doDispatch(DispatcherServlet.java:959)
	at org.springframework.web.servlet.DispatcherServlet.doService(DispatcherServlet.java:893)
	at org.springframework.web.servlet.FrameworkServlet.processRequest(FrameworkServlet.java:967)
	at org.springframework.web.servlet.FrameworkServlet.doGet(FrameworkServlet.java:858)
	at javax.servlet.http.HttpServlet.service(HttpServlet.java:621)
	at org.springframework.web.servlet.FrameworkServlet.service(FrameworkServlet.java:843)
	at javax.servlet.http.HttpServlet.service(HttpServlet.java:728)
	at org.apache.catalina.core.ApplicationFilterChain.internalDoFilter(ApplicationFilterChain.java:305)
	at org.apache.catalina.core.ApplicationFilterChain.doFilter(ApplicationFilterChain.java:210)
	at org.apache.tomcat.websocket.server.WsFilter.doFilter(WsFilter.java:51)
	at org.apache.catalina.core.ApplicationFilterChain.internalDoFilter(ApplicationFilterChain.java:243)
	at org.apache.catalina.core.ApplicationFilterChain.doFilter(ApplicationFilterChain.java:210)
	at org.springframework.web.filter.CharacterEncodingFilter.doFilterInternal(CharacterEncodingFilter.java:85)
	at org.springframework.web.filter.OncePerRequestFilter.doFilter(OncePerRequestFilter.java:107)
	at org.apache.catalina.core.ApplicationFilterChain.internalDoFilter(ApplicationFilterChain.java:243)
	at org.apache.catalina.core.ApplicationFilterChain.doFilter(ApplicationFilterChain.java:210)
	at org.apache.catalina.core.StandardWrapperValve.invoke(StandardWrapperValve.java:222)
	at org.apache.catalina.core.StandardContextValve.invoke(StandardContextValve.java:123)
	at org.apache.catalina.authenticator.AuthenticatorBase.invoke(AuthenticatorBase.java:502)
	at org.apache.catalina.core.StandardHostValve.invoke(StandardHostValve.java:171)
	at org.apache.catalina.valves.ErrorReportValve.invoke(ErrorReportValve.java:100)
	at org.apache.catalina.valves.AccessLogValve.invoke(AccessLogValve.java:953)
	at org.apache.catalina.core.StandardEngineValve.invoke(StandardEngineValve.java:118)
	at org.apache.catalina.connector.CoyoteAdapter.service(CoyoteAdapter.java:408)
	at org.apache.coyote.http11.AbstractHttp11Processor.process(AbstractHttp11Processor.java:1041)
	at org.apache.coyote.AbstractProtocol$AbstractConnectionHandler.process(AbstractProtocol.java:603)
	at org.apache.tomcat.util.net.NioEndpoint$SocketProcessor.doRun(NioEndpoint.java:1721)
	at org.apache.tomcat.util.net.NioEndpoint$SocketProcessor.run(NioEndpoint.java:1679)
	at java.util.concurrent.ThreadPoolExecutor.runWorker(ThreadPoolExecutor.java:1145)
	at java.util.concurrent.ThreadPoolExecutor$Worker.run(ThreadPoolExecutor.java:615)
	at java.lang.Thread.run(Thread.java:745)
[WARN][2017-08-07 16:49:53] org.springframework.web.servlet.DispatcherServlet.noHandlerFound(DispatcherServlet.java:1136) http-nio-8090-exec-9 No mapping found for HTTP request with URI [/index] in DispatcherServlet with name 'maizhong-auction' 
