2017-03-03 11:12:14.093 [localhost-startStop-1] INFO  org.springframework.web.context.ContextLoader - Root WebApplicationContext: initialization started
2017-03-03 11:12:14.355 [localhost-startStop-1] INFO  o.s.web.context.support.XmlWebApplicationContext - Refreshing Root WebApplicationContext: startup date [Fri Mar 03 11:12:14 CST 2017]; root of context hierarchy
2017-03-03 11:12:14.529 [localhost-startStop-1] INFO  o.s.beans.factory.xml.XmlBeanDefinitionReader - Loading XML bean definitions from class path resource [spring/spring-dao.xml]
2017-03-03 11:12:15.850 [localhost-startStop-1] INFO  o.s.beans.factory.xml.XmlBeanDefinitionReader - Loading XML bean definitions from class path resource [spring/spring-service.xml]
2017-03-03 11:12:16.134 [localhost-startStop-1] INFO  o.s.beans.factory.xml.XmlBeanDefinitionReader - Loading XML bean definitions from class path resource [spring/spring-shiro.xml]
2017-03-03 11:12:16.166 [localhost-startStop-1] INFO  o.s.beans.factory.xml.XmlBeanDefinitionReader - Loading XML bean definitions from class path resource [spring/spring-jedis.xml]
2017-03-03 11:12:16.729 [localhost-startStop-1] INFO  o.s.c.support.PropertySourcesPlaceholderConfigurer - Loading properties file from file [D:\workspace\MaiZhong\Manager\Manager_Controller\target\classes\resource\db.properties]
2017-03-03 11:12:16.729 [localhost-startStop-1] INFO  o.s.c.support.PropertySourcesPlaceholderConfigurer - Loading properties file from file [D:\workspace\MaiZhong\Manager\Manager_Controller\target\classes\resource\resource.properties]
2017-03-03 11:12:17.186 [localhost-startStop-1] INFO  o.s.c.s.PostProcessorRegistrationDelegate$BeanPostProcessorChecker - Bean 'org.springframework.aop.support.DefaultBeanFactoryPointcutAdvisor#0' of type [class org.springframework.aop.support.DefaultBeanFactoryPointcutAdvisor] is not eligible for getting processed by all BeanPostProcessors (for example: not eligible for auto-proxying)
2017-03-03 11:12:19.870 [localhost-startStop-1] INFO  com.alibaba.druid.pool.DruidDataSource - {dataSource-1} inited
2017-03-03 11:12:19.870 [localhost-startStop-1] INFO  o.s.c.s.PostProcessorRegistrationDelegate$BeanPostProcessorChecker - Bean 'dataSource' of type [class com.alibaba.druid.pool.DruidDataSource] is not eligible for getting processed by all BeanPostProcessors (for example: not eligible for auto-proxying)
2017-03-03 11:12:22.905 [localhost-startStop-1] INFO  o.s.c.s.PostProcessorRegistrationDelegate$BeanPostProcessorChecker - Bean 'sqlSessionFactory' of type [class org.mybatis.spring.SqlSessionFactoryBean] is not eligible for getting processed by all BeanPostProcessors (for example: not eligible for auto-proxying)
2017-03-03 11:12:22.955 [localhost-startStop-1] INFO  o.s.c.s.PostProcessorRegistrationDelegate$BeanPostProcessorChecker - Bean 'sqlSessionFactory' of type [class org.apache.ibatis.session.defaults.DefaultSqlSessionFactory] is not eligible for getting processed by all BeanPostProcessors (for example: not eligible for auto-proxying)
2017-03-03 11:12:22.987 [localhost-startStop-1] INFO  o.s.c.s.PostProcessorRegistrationDelegate$BeanPostProcessorChecker - Bean 'tbRolePermissionMapper' of type [class org.mybatis.spring.mapper.MapperFactoryBean] is not eligible for getting processed by all BeanPostProcessors (for example: not eligible for auto-proxying)
2017-03-03 11:12:22.991 [localhost-startStop-1] INFO  o.s.c.s.PostProcessorRegistrationDelegate$BeanPostProcessorChecker - Bean 'tbUserRoleMapper' of type [class org.mybatis.spring.mapper.MapperFactoryBean] is not eligible for getting processed by all BeanPostProcessors (for example: not eligible for auto-proxying)
2017-03-03 11:12:22.993 [localhost-startStop-1] INFO  o.s.c.s.PostProcessorRegistrationDelegate$BeanPostProcessorChecker - Bean 'tbMenuMapper' of type [class org.mybatis.spring.mapper.MapperFactoryBean] is not eligible for getting processed by all BeanPostProcessors (for example: not eligible for auto-proxying)
2017-03-03 11:12:22.998 [localhost-startStop-1] INFO  o.s.c.s.PostProcessorRegistrationDelegate$BeanPostProcessorChecker - Bean 'tbUserMapper' of type [class org.mybatis.spring.mapper.MapperFactoryBean] is not eligible for getting processed by all BeanPostProcessors (for example: not eligible for auto-proxying)
2017-03-03 11:12:23.000 [localhost-startStop-1] INFO  o.s.c.s.PostProcessorRegistrationDelegate$BeanPostProcessorChecker - Bean 'tbPermissionMapper' of type [class org.mybatis.spring.mapper.MapperFactoryBean] is not eligible for getting processed by all BeanPostProcessors (for example: not eligible for auto-proxying)
2017-03-03 11:12:23.002 [localhost-startStop-1] INFO  o.s.c.s.PostProcessorRegistrationDelegate$BeanPostProcessorChecker - Bean 'tbRoleMapper' of type [class org.mybatis.spring.mapper.MapperFactoryBean] is not eligible for getting processed by all BeanPostProcessors (for example: not eligible for auto-proxying)
2017-03-03 11:12:23.004 [localhost-startStop-1] INFO  o.s.c.s.PostProcessorRegistrationDelegate$BeanPostProcessorChecker - Bean 'tbDictionaryMapper' of type [class org.mybatis.spring.mapper.MapperFactoryBean] is not eligible for getting processed by all BeanPostProcessors (for example: not eligible for auto-proxying)
2017-03-03 11:12:23.007 [localhost-startStop-1] INFO  o.s.c.s.PostProcessorRegistrationDelegate$BeanPostProcessorChecker - Bean 'tbLogMapper' of type [class org.mybatis.spring.mapper.MapperFactoryBean] is not eligible for getting processed by all BeanPostProcessors (for example: not eligible for auto-proxying)
2017-03-03 11:12:23.019 [localhost-startStop-1] INFO  o.s.c.s.PostProcessorRegistrationDelegate$BeanPostProcessorChecker - Bean 'tbUserMapper' of type [class com.sun.proxy.$Proxy28] is not eligible for getting processed by all BeanPostProcessors (for example: not eligible for auto-proxying)
2017-03-03 11:12:23.240 [localhost-startStop-1] INFO  o.s.c.s.PostProcessorRegistrationDelegate$BeanPostProcessorChecker - Bean 'userServiceImpl' of type [class com.maizhong.service.impl.UserServiceImpl] is not eligible for getting processed by all BeanPostProcessors (for example: not eligible for auto-proxying)
2017-03-03 11:12:23.278 [localhost-startStop-1] INFO  o.s.c.s.PostProcessorRegistrationDelegate$BeanPostProcessorChecker - Bean 'transactionManager' of type [class org.springframework.jdbc.datasource.DataSourceTransactionManager] is not eligible for getting processed by all BeanPostProcessors (for example: not eligible for auto-proxying)
2017-03-03 11:12:23.320 [localhost-startStop-1] INFO  o.s.c.s.PostProcessorRegistrationDelegate$BeanPostProcessorChecker - Bean '(inner bean)#1bad2bc2' of type [class org.springframework.transaction.interceptor.NameMatchTransactionAttributeSource] is not eligible for getting processed by all BeanPostProcessors (for example: not eligible for auto-proxying)
2017-03-03 11:12:23.330 [localhost-startStop-1] INFO  o.s.c.s.PostProcessorRegistrationDelegate$BeanPostProcessorChecker - Bean 'txAdvice' of type [class org.springframework.transaction.interceptor.TransactionInterceptor] is not eligible for getting processed by all BeanPostProcessors (for example: not eligible for auto-proxying)
2017-03-03 11:12:23.470 [localhost-startStop-1] INFO  o.s.c.s.PostProcessorRegistrationDelegate$BeanPostProcessorChecker - Bean 'tbRoleMapper' of type [class com.sun.proxy.$Proxy33] is not eligible for getting processed by all BeanPostProcessors (for example: not eligible for auto-proxying)
2017-03-03 11:12:23.507 [localhost-startStop-1] INFO  o.s.c.s.PostProcessorRegistrationDelegate$BeanPostProcessorChecker - Bean 'tbRolePermissionMapper' of type [class com.sun.proxy.$Proxy34] is not eligible for getting processed by all BeanPostProcessors (for example: not eligible for auto-proxying)
2017-03-03 11:12:23.532 [localhost-startStop-1] INFO  o.s.c.s.PostProcessorRegistrationDelegate$BeanPostProcessorChecker - Bean 'tbUserRoleMapper' of type [class com.sun.proxy.$Proxy35] is not eligible for getting processed by all BeanPostProcessors (for example: not eligible for auto-proxying)
2017-03-03 11:12:23.557 [localhost-startStop-1] INFO  o.s.c.s.PostProcessorRegistrationDelegate$BeanPostProcessorChecker - Bean 'roleServiceImpl' of type [class com.maizhong.service.impl.RoleServiceImpl] is not eligible for getting processed by all BeanPostProcessors (for example: not eligible for auto-proxying)
2017-03-03 11:12:23.584 [localhost-startStop-1] INFO  o.s.c.s.PostProcessorRegistrationDelegate$BeanPostProcessorChecker - Bean 'tbPermissionMapper' of type [class com.sun.proxy.$Proxy38] is not eligible for getting processed by all BeanPostProcessors (for example: not eligible for auto-proxying)
2017-03-03 11:12:23.631 [localhost-startStop-1] INFO  o.s.c.s.PostProcessorRegistrationDelegate$BeanPostProcessorChecker - Bean 'permissionServiceImpl' of type [class com.maizhong.service.impl.PermissionServiceImpl] is not eligible for getting processed by all BeanPostProcessors (for example: not eligible for auto-proxying)
2017-03-03 11:12:23.656 [localhost-startStop-1] INFO  org.apache.shiro.realm.AuthorizingRealm - No cache or cacheManager properties have been set.  Authorization cache cannot be obtained.
2017-03-03 11:12:23.657 [localhost-startStop-1] INFO  o.s.c.s.PostProcessorRegistrationDelegate$BeanPostProcessorChecker - Bean 'userRealm' of type [class com.maizhong.shiro.MyRealm] is not eligible for getting processed by all BeanPostProcessors (for example: not eligible for auto-proxying)
2017-03-03 11:12:23.876 [localhost-startStop-1] INFO  o.s.c.s.PostProcessorRegistrationDelegate$BeanPostProcessorChecker - Bean 'cacheManager' of type [class org.apache.shiro.cache.ehcache.EhCacheManager] is not eligible for getting processed by all BeanPostProcessors (for example: not eligible for auto-proxying)
2017-03-03 11:12:23.884 [localhost-startStop-1] INFO  org.apache.shiro.cache.ehcache.EhCacheManager - Cache with name 'com.maizhong.shiro.MyRealm.authorizationCache' does not yet exist.  Creating now.
2017-03-03 11:12:23.922 [localhost-startStop-1] INFO  org.apache.shiro.cache.ehcache.EhCacheManager - Added EhCache named [com.maizhong.shiro.MyRealm.authorizationCache]
2017-03-03 11:12:23.924 [localhost-startStop-1] INFO  o.s.c.s.PostProcessorRegistrationDelegate$BeanPostProcessorChecker - Bean 'securityManager' of type [class org.apache.shiro.web.mgt.DefaultWebSecurityManager] is not eligible for getting processed by all BeanPostProcessors (for example: not eligible for auto-proxying)
2017-03-03 11:12:24.038 [localhost-startStop-1] INFO  o.s.c.s.PostProcessorRegistrationDelegate$BeanPostProcessorChecker - Bean 'org.apache.shiro.spring.security.interceptor.AuthorizationAttributeSourceAdvisor#0' of type [class org.apache.shiro.spring.security.interceptor.AuthorizationAttributeSourceAdvisor] is not eligible for getting processed by all BeanPostProcessors (for example: not eligible for auto-proxying)
2017-03-03 11:12:24.553 [localhost-startStop-1] INFO  org.springframework.web.context.ContextLoader - Root WebApplicationContext: initialization completed in 10455 ms
2017-03-03 11:12:51.735 [http-bio-8081-exec-1] INFO  org.springframework.web.servlet.DispatcherServlet - FrameworkServlet 'dispathcher': initialization started
2017-03-03 11:12:51.738 [http-bio-8081-exec-1] INFO  o.s.web.context.support.XmlWebApplicationContext - Refreshing WebApplicationContext for namespace 'dispathcher-servlet': startup date [Fri Mar 03 11:12:51 CST 2017]; parent: Root WebApplicationContext
2017-03-03 11:12:51.739 [http-bio-8081-exec-1] INFO  o.s.beans.factory.xml.XmlBeanDefinitionReader - Loading XML bean definitions from class path resource [spring/spring_mvc.xml]
2017-03-03 11:12:52.788 [http-bio-8081-exec-1] INFO  o.s.w.s.m.m.a.RequestMappingHandlerMapping - Mapped "{[/permission/handle/{id}]}" onto public java.lang.String com.maizhong.controller.PermissionController.handle(java.lang.String,org.springframework.ui.Model)
2017-03-03 11:12:52.788 [http-bio-8081-exec-1] INFO  o.s.w.s.m.m.a.RequestMappingHandlerMapping - Mapped "{[/permission],methods=[GET]}" onto public java.lang.String com.maizhong.controller.PermissionController.permission(org.springframework.ui.Model)
2017-03-03 11:12:52.789 [http-bio-8081-exec-1] INFO  o.s.w.s.m.m.a.RequestMappingHandlerMapping - Mapped "{[/permission/save],methods=[POST]}" onto public com.maizhong.common.result.JsonResult com.maizhong.controller.PermissionController.permissionSave(com.maizhong.pojo.TbPermission,org.springframework.validation.BindingResult)
2017-03-03 11:12:52.789 [http-bio-8081-exec-1] INFO  o.s.w.s.m.m.a.RequestMappingHandlerMapping - Mapped "{[/permission/update],methods=[POST]}" onto public com.maizhong.common.result.JsonResult com.maizhong.controller.PermissionController.permissionUpdate(com.maizhong.pojo.TbPermission,org.springframework.validation.BindingResult)
2017-03-03 11:12:52.789 [http-bio-8081-exec-1] INFO  o.s.w.s.m.m.a.RequestMappingHandlerMapping - Mapped "{[/permission/delete/{id}],methods=[POST]}" onto public com.maizhong.common.result.JsonResult com.maizhong.controller.PermissionController.permissionDelete(java.lang.String)
2017-03-03 11:12:52.789 [http-bio-8081-exec-1] INFO  o.s.w.s.m.m.a.RequestMappingHandlerMapping - Mapped "{[/permission/list],methods=[POST]}" onto public com.maizhong.common.result.JsonResult com.maizhong.controller.PermissionController.permissionList()
2017-03-03 11:12:52.790 [http-bio-8081-exec-1] INFO  o.s.w.s.m.m.a.RequestMappingHandlerMapping - Mapped "{[/test/{test}]}" onto public java.lang.String com.maizhong.controller.TestController.test(java.lang.String)
2017-03-03 11:12:52.792 [http-bio-8081-exec-1] INFO  o.s.w.s.m.m.a.RequestMappingHandlerMapping - Mapped "{[/log/error/delete],methods=[POST]}" onto public com.maizhong.common.result.JsonResult com.maizhong.controller.LogController.logErrorDelete()
2017-03-03 11:12:52.792 [http-bio-8081-exec-1] INFO  o.s.w.s.m.m.a.RequestMappingHandlerMapping - Mapped "{[/log/error/detail/{id}]}" onto public java.lang.String com.maizhong.controller.LogController.logErrorDetail(int,org.springframework.ui.Model)
2017-03-03 11:12:52.792 [http-bio-8081-exec-1] INFO  o.s.w.s.m.m.a.RequestMappingHandlerMapping - Mapped "{[/log/run/list],methods=[POST]}" onto public com.maizhong.common.result.JsonResult com.maizhong.controller.LogController.logRunList(com.maizhong.common.dto.PageSearchParam)
2017-03-03 11:12:52.792 [http-bio-8081-exec-1] INFO  o.s.w.s.m.m.a.RequestMappingHandlerMapping - Mapped "{[/log/run],methods=[GET]}" onto public java.lang.String com.maizhong.controller.LogController.runLog(org.springframework.ui.Model)
2017-03-03 11:12:52.792 [http-bio-8081-exec-1] INFO  o.s.w.s.m.m.a.RequestMappingHandlerMapping - Mapped "{[/log/error],methods=[GET]}" onto public java.lang.String com.maizhong.controller.LogController.errorLog(org.springframework.ui.Model)
2017-03-03 11:12:52.792 [http-bio-8081-exec-1] INFO  o.s.w.s.m.m.a.RequestMappingHandlerMapping - Mapped "{[/log/error/list],methods=[POST]}" onto public com.maizhong.common.result.JsonResult com.maizhong.controller.LogController.logErrorList(com.maizhong.common.dto.PageSearchParam)
2017-03-03 11:12:52.793 [http-bio-8081-exec-1] INFO  o.s.w.s.m.m.a.RequestMappingHandlerMapping - Mapped "{[/log/run/delete],methods=[POST]}" onto public com.maizhong.common.result.JsonResult com.maizhong.controller.LogController.logRunDelete()
2017-03-03 11:12:52.794 [http-bio-8081-exec-1] INFO  o.s.w.s.m.m.a.RequestMappingHandlerMapping - Mapped "{[/lock/{un}/{pwd}],methods=[POST]}" onto public com.maizhong.common.result.JsonResult com.maizhong.controller.LoginController.lock(java.lang.String,java.lang.String)
2017-03-03 11:12:52.794 [http-bio-8081-exec-1] INFO  o.s.w.s.m.m.a.RequestMappingHandlerMapping - Mapped "{[/loginCheck]}" onto public com.maizhong.common.result.JsonResult com.maizhong.controller.LoginController.loginCheck(com.maizhong.pojo.TbUser,org.springframework.validation.BindingResult,javax.servlet.http.HttpServletRequest)
2017-03-03 11:12:52.794 [http-bio-8081-exec-1] INFO  o.s.w.s.m.m.a.RequestMappingHandlerMapping - Mapped "{[/logOut],methods=[POST]}" onto public com.maizhong.common.result.JsonResult com.maizhong.controller.LoginController.logOut()
2017-03-03 11:12:52.794 [http-bio-8081-exec-1] INFO  o.s.w.s.m.m.a.RequestMappingHandlerMapping - Mapped "{[/login]}" onto public java.lang.String com.maizhong.controller.LoginController.login()
2017-03-03 11:12:52.794 [http-bio-8081-exec-1] INFO  o.s.w.s.m.m.a.RequestMappingHandlerMapping - Mapped "{[/verifyCode],methods=[GET]}" onto public void com.maizhong.controller.LoginController.verifyCode(javax.servlet.http.HttpServletRequest,javax.servlet.http.HttpServletResponse) throws java.io.IOException
2017-03-03 11:12:52.796 [http-bio-8081-exec-1] INFO  o.s.w.s.m.m.a.RequestMappingHandlerMapping - Mapped "{[/role/handle/{id}]}" onto public java.lang.String com.maizhong.controller.RoleController.handle(java.lang.String,org.springframework.ui.Model)
2017-03-03 11:12:52.796 [http-bio-8081-exec-1] INFO  o.s.w.s.m.m.a.RequestMappingHandlerMapping - Mapped "{[/role/save],methods=[POST]}" onto public com.maizhong.common.result.JsonResult com.maizhong.controller.RoleController.save(com.maizhong.pojo.TbRole,org.springframework.validation.BindingResult)
2017-03-03 11:12:52.797 [http-bio-8081-exec-1] INFO  o.s.w.s.m.m.a.RequestMappingHandlerMapping - Mapped "{[/role/delete/{id}],methods=[POST]}" onto public com.maizhong.common.result.JsonResult com.maizhong.controller.RoleController.delete(java.lang.String)
2017-03-03 11:12:52.797 [http-bio-8081-exec-1] INFO  o.s.w.s.m.m.a.RequestMappingHandlerMapping - Mapped "{[/role/update],methods=[POST]}" onto public com.maizhong.common.result.JsonResult com.maizhong.controller.RoleController.update(com.maizhong.pojo.TbRole,org.springframework.validation.BindingResult)
2017-03-03 11:12:52.797 [http-bio-8081-exec-1] INFO  o.s.w.s.m.m.a.RequestMappingHandlerMapping - Mapped "{[/role],methods=[GET]}" onto public java.lang.String com.maizhong.controller.RoleController.role(org.springframework.ui.Model)
2017-03-03 11:12:52.797 [http-bio-8081-exec-1] INFO  o.s.w.s.m.m.a.RequestMappingHandlerMapping - Mapped "{[/role/permission/save],methods=[POST]}" onto public com.maizhong.common.result.JsonResult com.maizhong.controller.RoleController.rolePermission(java.util.List,long)
2017-03-03 11:12:52.797 [http-bio-8081-exec-1] INFO  o.s.w.s.m.m.a.RequestMappingHandlerMapping - Mapped "{[/role/permission/{id}],methods=[GET]}" onto public java.lang.String com.maizhong.controller.RoleController.rolePermission(java.lang.String,org.springframework.ui.Model)
2017-03-03 11:12:52.797 [http-bio-8081-exec-1] INFO  o.s.w.s.m.m.a.RequestMappingHandlerMapping - Mapped "{[/role/list],methods=[POST]}" onto public com.maizhong.common.result.JsonResult com.maizhong.controller.RoleController.roleList(com.maizhong.common.dto.PageSearchParam)
2017-03-03 11:12:52.799 [http-bio-8081-exec-1] INFO  o.s.w.s.m.m.a.RequestMappingHandlerMapping - Mapped "{[/menu/handle/{id}]}" onto public java.lang.String com.maizhong.controller.MenuController.handle(java.lang.String,org.springframework.ui.Model)
2017-03-03 11:12:52.799 [http-bio-8081-exec-1] INFO  o.s.w.s.m.m.a.RequestMappingHandlerMapping - Mapped "{[/menu/redis/clear],methods=[POST]}" onto public com.maizhong.common.result.JsonResult com.maizhong.controller.MenuController.menuRedisClear()
2017-03-03 11:12:52.799 [http-bio-8081-exec-1] INFO  o.s.w.s.m.m.a.RequestMappingHandlerMapping - Mapped "{[/menu],methods=[GET]}" onto public java.lang.String com.maizhong.controller.MenuController.menu(org.springframework.ui.Model)
2017-03-03 11:12:52.800 [http-bio-8081-exec-1] INFO  o.s.w.s.m.m.a.RequestMappingHandlerMapping - Mapped "{[/menu/list],methods=[POST]}" onto public com.maizhong.common.result.JsonResult com.maizhong.controller.MenuController.menuList()
2017-03-03 11:12:52.800 [http-bio-8081-exec-1] INFO  o.s.w.s.m.m.a.RequestMappingHandlerMapping - Mapped "{[/menu/update],methods=[POST]}" onto public com.maizhong.common.result.JsonResult com.maizhong.controller.MenuController.menuUpdate(com.maizhong.pojo.TbMenu,org.springframework.validation.BindingResult)
2017-03-03 11:12:52.800 [http-bio-8081-exec-1] INFO  o.s.w.s.m.m.a.RequestMappingHandlerMapping - Mapped "{[/menu/save],methods=[POST]}" onto public com.maizhong.common.result.JsonResult com.maizhong.controller.MenuController.menuSave(com.maizhong.pojo.TbMenu,org.springframework.validation.BindingResult)
2017-03-03 11:12:52.800 [http-bio-8081-exec-1] INFO  o.s.w.s.m.m.a.RequestMappingHandlerMapping - Mapped "{[/menu/delete/{id}],methods=[POST]}" onto public com.maizhong.common.result.JsonResult com.maizhong.controller.MenuController.menuDelete(java.lang.String)
2017-03-03 11:12:52.800 [http-bio-8081-exec-1] INFO  o.s.w.s.m.m.a.RequestMappingHandlerMapping - Mapped "{[/menu/json/{typeId}],methods=[GET]}" onto public com.maizhong.common.result.JsonResult com.maizhong.controller.MenuController.menuJson(java.lang.String)
2017-03-03 11:12:52.801 [http-bio-8081-exec-1] INFO  o.s.w.s.m.m.a.RequestMappingHandlerMapping - Mapped "{[/dictionary/handle/{id}]}" onto public java.lang.String com.maizhong.controller.DictionaryController.handle(java.lang.String,org.springframework.ui.Model)
2017-03-03 11:12:52.801 [http-bio-8081-exec-1] INFO  o.s.w.s.m.m.a.RequestMappingHandlerMapping - Mapped "{[/dictionary/save],methods=[POST]}" onto public com.maizhong.common.result.JsonResult com.maizhong.controller.DictionaryController.dictionarySave(com.maizhong.pojo.TbDictionary,org.springframework.validation.BindingResult)
2017-03-03 11:12:52.801 [http-bio-8081-exec-1] INFO  o.s.w.s.m.m.a.RequestMappingHandlerMapping - Mapped "{[/dictionary/update],methods=[POST]}" onto public com.maizhong.common.result.JsonResult com.maizhong.controller.DictionaryController.dictionaryUpdate(com.maizhong.pojo.TbDictionary,org.springframework.validation.BindingResult)
2017-03-03 11:12:52.801 [http-bio-8081-exec-1] INFO  o.s.w.s.m.m.a.RequestMappingHandlerMapping - Mapped "{[/dictionary/delete/{id}],methods=[POST]}" onto public com.maizhong.common.result.JsonResult com.maizhong.controller.DictionaryController.dictionaryDelete(java.lang.String)
2017-03-03 11:12:52.801 [http-bio-8081-exec-1] INFO  o.s.w.s.m.m.a.RequestMappingHandlerMapping - Mapped "{[/dictionary/list],methods=[POST]}" onto public com.maizhong.common.result.JsonResult com.maizhong.controller.DictionaryController.dictionaryList()
2017-03-03 11:12:52.801 [http-bio-8081-exec-1] INFO  o.s.w.s.m.m.a.RequestMappingHandlerMapping - Mapped "{[/dictionary],methods=[GET]}" onto public java.lang.String com.maizhong.controller.DictionaryController.dictionary(org.springframework.ui.Model)
2017-03-03 11:12:52.802 [http-bio-8081-exec-1] INFO  o.s.w.s.m.m.a.RequestMappingHandlerMapping - Mapped "{[/index],methods=[GET]}" onto public java.lang.String com.maizhong.controller.IndexController.Index(org.springframework.ui.Model)
2017-03-03 11:12:53.200 [http-bio-8081-exec-1] INFO  org.hibernate.validator.internal.util.Version - HV000001: Hibernate Validator 5.1.1.Final
2017-03-03 11:12:53.778 [http-bio-8081-exec-1] INFO  o.s.w.s.m.m.a.RequestMappingHandlerAdapter - Looking for @ControllerAdvice: WebApplicationContext for namespace 'dispathcher-servlet': startup date [Fri Mar 03 11:12:51 CST 2017]; parent: Root WebApplicationContext
2017-03-03 11:12:53.909 [http-bio-8081-exec-1] INFO  o.s.w.s.m.m.a.RequestMappingHandlerAdapter - Looking for @ControllerAdvice: WebApplicationContext for namespace 'dispathcher-servlet': startup date [Fri Mar 03 11:12:51 CST 2017]; parent: Root WebApplicationContext
2017-03-03 11:12:54.195 [http-bio-8081-exec-1] INFO  o.s.web.servlet.handler.SimpleUrlHandlerMapping - Mapped URL path [/resources/**] onto handler 'org.springframework.web.servlet.resource.ResourceHttpRequestHandler#0'
2017-03-03 11:12:54.329 [http-bio-8081-exec-1] INFO  org.springframework.web.servlet.DispatcherServlet - FrameworkServlet 'dispathcher': initialization completed in 2593 ms
2017-03-03 11:13:16.425 [http-bio-8081-exec-3] WARN  org.springframework.web.servlet.PageNotFound - No mapping found for HTTP request with URI [/Center.html] in DispatcherServlet with name 'dispathcher'
2017-03-03 11:13:16.613 [http-bio-8081-exec-3] WARN  org.springframework.web.servlet.PageNotFound - No mapping found for HTTP request with URI [/favicon.ico] in DispatcherServlet with name 'dispathcher'
2017-03-03 11:13:21.594 [http-bio-8081-exec-3] INFO  com.maizhong.service.impl.MenuServiceImpl - 命中缓存 MANAGER_MENU_KEY:[{"children":[{"href":"/user","icon":"fa2 fa-address-card-o","spread":false,"title":"用户管理"},{"href":"/role","icon":"fa2 fa-group","spread":false,"title":"角色管理"}],"icon":"fa2 fa-user","spread":true,"title":"用户控制"},{"children":[{"href":"/menu","icon":"fa2 fa-globe","spread":false,"title":"菜单管理"},{"href":"/dictionary","icon":"fa2 fa-book","spread":false,"title":"数据字典"},{"href":"/permission","icon":"fa2 fa-key","spread":false,"title":"权限管理"}],"icon":"fa2 fa-cogs","spread":false,"title":"系统控制"},{"children":[{"href":"/log/run","icon":"fa2 fa-modx","spread":false,"title":"运行日志"},{"href":"/log/error","icon":"fa2 fa-bug","spread":false,"title":"异常日志"}],"icon":"fa2 fa-file-code-o","spread":false,"title":"系统日志"}]
2017-03-03 13:51:10.299 [http-bio-8081-exec-7] WARN  org.springframework.web.servlet.PageNotFound - No mapping found for HTTP request with URI [/Center.html] in DispatcherServlet with name 'dispathcher'
2017-03-03 13:51:12.054 [http-bio-8081-exec-4] INFO  com.maizhong.service.impl.MenuServiceImpl - 命中缓存 MANAGER_MENU_KEY:[{"children":[{"href":"/user","icon":"fa2 fa-address-card-o","spread":false,"title":"用户管理"},{"href":"/role","icon":"fa2 fa-group","spread":false,"title":"角色管理"}],"icon":"fa2 fa-user","spread":true,"title":"用户控制"},{"children":[{"href":"/menu","icon":"fa2 fa-globe","spread":false,"title":"菜单管理"},{"href":"/dictionary","icon":"fa2 fa-book","spread":false,"title":"数据字典"},{"href":"/permission","icon":"fa2 fa-key","spread":false,"title":"权限管理"}],"icon":"fa2 fa-cogs","spread":false,"title":"系统控制"},{"children":[{"href":"/log/run","icon":"fa2 fa-modx","spread":false,"title":"运行日志"},{"href":"/log/error","icon":"fa2 fa-bug","spread":false,"title":"异常日志"}],"icon":"fa2 fa-file-code-o","spread":false,"title":"系统日志"}]
2017-03-03 17:28:44.255 [localhost-startStop-1] INFO  org.springframework.web.context.ContextLoader - Root WebApplicationContext: initialization started
2017-03-03 17:28:44.411 [localhost-startStop-1] INFO  o.s.web.context.support.XmlWebApplicationContext - Refreshing Root WebApplicationContext: startup date [Fri Mar 03 17:28:44 CST 2017]; root of context hierarchy
2017-03-03 17:28:44.486 [localhost-startStop-1] INFO  o.s.beans.factory.xml.XmlBeanDefinitionReader - Loading XML bean definitions from class path resource [spring/spring-dao.xml]
2017-03-03 17:28:44.681 [localhost-startStop-1] INFO  o.s.beans.factory.xml.XmlBeanDefinitionReader - Loading XML bean definitions from class path resource [spring/spring-service.xml]
2017-03-03 17:28:44.937 [localhost-startStop-1] INFO  o.s.beans.factory.xml.XmlBeanDefinitionReader - Loading XML bean definitions from class path resource [spring/spring-shiro.xml]
2017-03-03 17:28:44.984 [localhost-startStop-1] INFO  o.s.beans.factory.xml.XmlBeanDefinitionReader - Loading XML bean definitions from class path resource [spring/spring-jedis.xml]
2017-03-03 17:28:45.437 [localhost-startStop-1] INFO  o.s.c.support.PropertySourcesPlaceholderConfigurer - Loading properties file from file [D:\workspace\MaiZhong\Manager\Manager_Controller\target\classes\resource\db.properties]
2017-03-03 17:28:45.438 [localhost-startStop-1] INFO  o.s.c.support.PropertySourcesPlaceholderConfigurer - Loading properties file from file [D:\workspace\MaiZhong\Manager\Manager_Controller\target\classes\resource\resource.properties]
2017-03-03 17:28:45.591 [localhost-startStop-1] INFO  o.s.c.s.PostProcessorRegistrationDelegate$BeanPostProcessorChecker - Bean 'org.springframework.aop.support.DefaultBeanFactoryPointcutAdvisor#0' of type [class org.springframework.aop.support.DefaultBeanFactoryPointcutAdvisor] is not eligible for getting processed by all BeanPostProcessors (for example: not eligible for auto-proxying)
2017-03-03 17:28:47.138 [localhost-startStop-1] INFO  com.alibaba.druid.pool.DruidDataSource - {dataSource-1} inited
2017-03-03 17:28:47.138 [localhost-startStop-1] INFO  o.s.c.s.PostProcessorRegistrationDelegate$BeanPostProcessorChecker - Bean 'dataSource' of type [class com.alibaba.druid.pool.DruidDataSource] is not eligible for getting processed by all BeanPostProcessors (for example: not eligible for auto-proxying)
2017-03-03 17:28:52.101 [localhost-startStop-1] INFO  o.s.c.s.PostProcessorRegistrationDelegate$BeanPostProcessorChecker - Bean 'sqlSessionFactory' of type [class org.mybatis.spring.SqlSessionFactoryBean] is not eligible for getting processed by all BeanPostProcessors (for example: not eligible for auto-proxying)
2017-03-03 17:28:52.135 [localhost-startStop-1] INFO  o.s.c.s.PostProcessorRegistrationDelegate$BeanPostProcessorChecker - Bean 'sqlSessionFactory' of type [class org.apache.ibatis.session.defaults.DefaultSqlSessionFactory] is not eligible for getting processed by all BeanPostProcessors (for example: not eligible for auto-proxying)
2017-03-03 17:28:52.159 [localhost-startStop-1] INFO  o.s.c.s.PostProcessorRegistrationDelegate$BeanPostProcessorChecker - Bean 'tbRolePermissionMapper' of type [class org.mybatis.spring.mapper.MapperFactoryBean] is not eligible for getting processed by all BeanPostProcessors (for example: not eligible for auto-proxying)
2017-03-03 17:28:52.161 [localhost-startStop-1] INFO  o.s.c.s.PostProcessorRegistrationDelegate$BeanPostProcessorChecker - Bean 'tbUserRoleMapper' of type [class org.mybatis.spring.mapper.MapperFactoryBean] is not eligible for getting processed by all BeanPostProcessors (for example: not eligible for auto-proxying)
2017-03-03 17:28:52.163 [localhost-startStop-1] INFO  o.s.c.s.PostProcessorRegistrationDelegate$BeanPostProcessorChecker - Bean 'tbMenuMapper' of type [class org.mybatis.spring.mapper.MapperFactoryBean] is not eligible for getting processed by all BeanPostProcessors (for example: not eligible for auto-proxying)
2017-03-03 17:28:52.165 [localhost-startStop-1] INFO  o.s.c.s.PostProcessorRegistrationDelegate$BeanPostProcessorChecker - Bean 'tbUserMapper' of type [class org.mybatis.spring.mapper.MapperFactoryBean] is not eligible for getting processed by all BeanPostProcessors (for example: not eligible for auto-proxying)
2017-03-03 17:28:52.167 [localhost-startStop-1] INFO  o.s.c.s.PostProcessorRegistrationDelegate$BeanPostProcessorChecker - Bean 'tbPermissionMapper' of type [class org.mybatis.spring.mapper.MapperFactoryBean] is not eligible for getting processed by all BeanPostProcessors (for example: not eligible for auto-proxying)
2017-03-03 17:28:52.169 [localhost-startStop-1] INFO  o.s.c.s.PostProcessorRegistrationDelegate$BeanPostProcessorChecker - Bean 'tbRoleMapper' of type [class org.mybatis.spring.mapper.MapperFactoryBean] is not eligible for getting processed by all BeanPostProcessors (for example: not eligible for auto-proxying)
2017-03-03 17:28:52.171 [localhost-startStop-1] INFO  o.s.c.s.PostProcessorRegistrationDelegate$BeanPostProcessorChecker - Bean 'tbDictionaryMapper' of type [class org.mybatis.spring.mapper.MapperFactoryBean] is not eligible for getting processed by all BeanPostProcessors (for example: not eligible for auto-proxying)
2017-03-03 17:28:52.174 [localhost-startStop-1] INFO  o.s.c.s.PostProcessorRegistrationDelegate$BeanPostProcessorChecker - Bean 'tbLogMapper' of type [class org.mybatis.spring.mapper.MapperFactoryBean] is not eligible for getting processed by all BeanPostProcessors (for example: not eligible for auto-proxying)
2017-03-03 17:28:52.183 [localhost-startStop-1] INFO  o.s.c.s.PostProcessorRegistrationDelegate$BeanPostProcessorChecker - Bean 'tbUserMapper' of type [class com.sun.proxy.$Proxy28] is not eligible for getting processed by all BeanPostProcessors (for example: not eligible for auto-proxying)
2017-03-03 17:28:52.210 [localhost-startStop-1] INFO  o.s.c.s.PostProcessorRegistrationDelegate$BeanPostProcessorChecker - Bean 'userServiceImpl' of type [class com.maizhong.service.impl.UserServiceImpl] is not eligible for getting processed by all BeanPostProcessors (for example: not eligible for auto-proxying)
2017-03-03 17:28:52.233 [localhost-startStop-1] INFO  o.s.c.s.PostProcessorRegistrationDelegate$BeanPostProcessorChecker - Bean 'transactionManager' of type [class org.springframework.jdbc.datasource.DataSourceTransactionManager] is not eligible for getting processed by all BeanPostProcessors (for example: not eligible for auto-proxying)
2017-03-03 17:28:52.268 [localhost-startStop-1] INFO  o.s.c.s.PostProcessorRegistrationDelegate$BeanPostProcessorChecker - Bean '(inner bean)#58930831' of type [class org.springframework.transaction.interceptor.NameMatchTransactionAttributeSource] is not eligible for getting processed by all BeanPostProcessors (for example: not eligible for auto-proxying)
2017-03-03 17:28:52.277 [localhost-startStop-1] INFO  o.s.c.s.PostProcessorRegistrationDelegate$BeanPostProcessorChecker - Bean 'txAdvice' of type [class org.springframework.transaction.interceptor.TransactionInterceptor] is not eligible for getting processed by all BeanPostProcessors (for example: not eligible for auto-proxying)
2017-03-03 17:28:52.310 [localhost-startStop-1] INFO  o.s.c.s.PostProcessorRegistrationDelegate$BeanPostProcessorChecker - Bean 'tbRoleMapper' of type [class com.sun.proxy.$Proxy33] is not eligible for getting processed by all BeanPostProcessors (for example: not eligible for auto-proxying)
2017-03-03 17:28:52.354 [localhost-startStop-1] INFO  o.s.c.s.PostProcessorRegistrationDelegate$BeanPostProcessorChecker - Bean 'tbRolePermissionMapper' of type [class com.sun.proxy.$Proxy34] is not eligible for getting processed by all BeanPostProcessors (for example: not eligible for auto-proxying)
2017-03-03 17:28:52.382 [localhost-startStop-1] INFO  o.s.c.s.PostProcessorRegistrationDelegate$BeanPostProcessorChecker - Bean 'tbUserRoleMapper' of type [class com.sun.proxy.$Proxy35] is not eligible for getting processed by all BeanPostProcessors (for example: not eligible for auto-proxying)
2017-03-03 17:28:52.401 [localhost-startStop-1] INFO  o.s.c.s.PostProcessorRegistrationDelegate$BeanPostProcessorChecker - Bean 'roleServiceImpl' of type [class com.maizhong.service.impl.RoleServiceImpl] is not eligible for getting processed by all BeanPostProcessors (for example: not eligible for auto-proxying)
2017-03-03 17:28:52.425 [localhost-startStop-1] INFO  o.s.c.s.PostProcessorRegistrationDelegate$BeanPostProcessorChecker - Bean 'tbPermissionMapper' of type [class com.sun.proxy.$Proxy38] is not eligible for getting processed by all BeanPostProcessors (for example: not eligible for auto-proxying)
2017-03-03 17:28:52.452 [localhost-startStop-1] INFO  o.s.c.s.PostProcessorRegistrationDelegate$BeanPostProcessorChecker - Bean 'permissionServiceImpl' of type [class com.maizhong.service.impl.PermissionServiceImpl] is not eligible for getting processed by all BeanPostProcessors (for example: not eligible for auto-proxying)
2017-03-03 17:28:52.464 [localhost-startStop-1] INFO  org.apache.shiro.realm.AuthorizingRealm - No cache or cacheManager properties have been set.  Authorization cache cannot be obtained.
2017-03-03 17:28:52.464 [localhost-startStop-1] INFO  o.s.c.s.PostProcessorRegistrationDelegate$BeanPostProcessorChecker - Bean 'userRealm' of type [class com.maizhong.shiro.MyRealm] is not eligible for getting processed by all BeanPostProcessors (for example: not eligible for auto-proxying)
2017-03-03 17:28:52.639 [localhost-startStop-1] INFO  o.s.c.s.PostProcessorRegistrationDelegate$BeanPostProcessorChecker - Bean 'cacheManager' of type [class org.apache.shiro.cache.ehcache.EhCacheManager] is not eligible for getting processed by all BeanPostProcessors (for example: not eligible for auto-proxying)
2017-03-03 17:28:52.647 [localhost-startStop-1] INFO  org.apache.shiro.cache.ehcache.EhCacheManager - Cache with name 'com.maizhong.shiro.MyRealm.authorizationCache' does not yet exist.  Creating now.
2017-03-03 17:28:52.682 [localhost-startStop-1] INFO  org.apache.shiro.cache.ehcache.EhCacheManager - Added EhCache named [com.maizhong.shiro.MyRealm.authorizationCache]
2017-03-03 17:28:52.683 [localhost-startStop-1] INFO  o.s.c.s.PostProcessorRegistrationDelegate$BeanPostProcessorChecker - Bean 'securityManager' of type [class org.apache.shiro.web.mgt.DefaultWebSecurityManager] is not eligible for getting processed by all BeanPostProcessors (for example: not eligible for auto-proxying)
2017-03-03 17:28:52.765 [localhost-startStop-1] INFO  o.s.c.s.PostProcessorRegistrationDelegate$BeanPostProcessorChecker - Bean 'org.apache.shiro.spring.security.interceptor.AuthorizationAttributeSourceAdvisor#0' of type [class org.apache.shiro.spring.security.interceptor.AuthorizationAttributeSourceAdvisor] is not eligible for getting processed by all BeanPostProcessors (for example: not eligible for auto-proxying)
2017-03-03 17:28:53.297 [localhost-startStop-1] INFO  org.springframework.web.context.ContextLoader - Root WebApplicationContext: initialization completed in 9036 ms
2017-03-03 17:28:53.490 [http-bio-8081-exec-1] INFO  org.springframework.web.servlet.DispatcherServlet - FrameworkServlet 'dispathcher': initialization started
2017-03-03 17:28:53.493 [http-bio-8081-exec-1] INFO  o.s.web.context.support.XmlWebApplicationContext - Refreshing WebApplicationContext for namespace 'dispathcher-servlet': startup date [Fri Mar 03 17:28:53 CST 2017]; parent: Root WebApplicationContext
2017-03-03 17:28:53.494 [http-bio-8081-exec-1] INFO  o.s.beans.factory.xml.XmlBeanDefinitionReader - Loading XML bean definitions from class path resource [spring/spring_mvc.xml]
2017-03-03 17:28:54.454 [http-bio-8081-exec-1] INFO  o.s.w.s.m.m.a.RequestMappingHandlerMapping - Mapped "{[/permission/handle/{id}]}" onto public java.lang.String com.maizhong.controller.PermissionController.handle(java.lang.String,org.springframework.ui.Model)
2017-03-03 17:28:54.455 [http-bio-8081-exec-1] INFO  o.s.w.s.m.m.a.RequestMappingHandlerMapping - Mapped "{[/permission],methods=[GET]}" onto public java.lang.String com.maizhong.controller.PermissionController.permission(org.springframework.ui.Model)
2017-03-03 17:28:54.455 [http-bio-8081-exec-1] INFO  o.s.w.s.m.m.a.RequestMappingHandlerMapping - Mapped "{[/permission/list],methods=[POST]}" onto public com.maizhong.common.result.JsonResult com.maizhong.controller.PermissionController.permissionList()
2017-03-03 17:28:54.455 [http-bio-8081-exec-1] INFO  o.s.w.s.m.m.a.RequestMappingHandlerMapping - Mapped "{[/permission/save],methods=[POST]}" onto public com.maizhong.common.result.JsonResult com.maizhong.controller.PermissionController.permissionSave(com.maizhong.pojo.TbPermission,org.springframework.validation.BindingResult)
2017-03-03 17:28:54.455 [http-bio-8081-exec-1] INFO  o.s.w.s.m.m.a.RequestMappingHandlerMapping - Mapped "{[/permission/update],methods=[POST]}" onto public com.maizhong.common.result.JsonResult com.maizhong.controller.PermissionController.permissionUpdate(com.maizhong.pojo.TbPermission,org.springframework.validation.BindingResult)
2017-03-03 17:28:54.455 [http-bio-8081-exec-1] INFO  o.s.w.s.m.m.a.RequestMappingHandlerMapping - Mapped "{[/permission/delete/{id}],methods=[POST]}" onto public com.maizhong.common.result.JsonResult com.maizhong.controller.PermissionController.permissionDelete(java.lang.String)
2017-03-03 17:28:54.456 [http-bio-8081-exec-1] INFO  o.s.w.s.m.m.a.RequestMappingHandlerMapping - Mapped "{[/test/{test}]}" onto public java.lang.String com.maizhong.controller.TestController.test(java.lang.String)
2017-03-03 17:28:54.457 [http-bio-8081-exec-1] INFO  o.s.w.s.m.m.a.RequestMappingHandlerMapping - Mapped "{[/log/error/delete],methods=[POST]}" onto public com.maizhong.common.result.JsonResult com.maizhong.controller.LogController.logErrorDelete()
2017-03-03 17:28:54.457 [http-bio-8081-exec-1] INFO  o.s.w.s.m.m.a.RequestMappingHandlerMapping - Mapped "{[/log/error/detail/{id}]}" onto public java.lang.String com.maizhong.controller.LogController.logErrorDetail(int,org.springframework.ui.Model)
2017-03-03 17:28:54.458 [http-bio-8081-exec-1] INFO  o.s.w.s.m.m.a.RequestMappingHandlerMapping - Mapped "{[/log/run/list],methods=[POST]}" onto public com.maizhong.common.result.JsonResult com.maizhong.controller.LogController.logRunList(com.maizhong.common.dto.PageSearchParam)
2017-03-03 17:28:54.458 [http-bio-8081-exec-1] INFO  o.s.w.s.m.m.a.RequestMappingHandlerMapping - Mapped "{[/log/run],methods=[GET]}" onto public java.lang.String com.maizhong.controller.LogController.runLog(org.springframework.ui.Model)
2017-03-03 17:28:54.458 [http-bio-8081-exec-1] INFO  o.s.w.s.m.m.a.RequestMappingHandlerMapping - Mapped "{[/log/error],methods=[GET]}" onto public java.lang.String com.maizhong.controller.LogController.errorLog(org.springframework.ui.Model)
2017-03-03 17:28:54.458 [http-bio-8081-exec-1] INFO  o.s.w.s.m.m.a.RequestMappingHandlerMapping - Mapped "{[/log/error/list],methods=[POST]}" onto public com.maizhong.common.result.JsonResult com.maizhong.controller.LogController.logErrorList(com.maizhong.common.dto.PageSearchParam)
2017-03-03 17:28:54.458 [http-bio-8081-exec-1] INFO  o.s.w.s.m.m.a.RequestMappingHandlerMapping - Mapped "{[/log/run/delete],methods=[POST]}" onto public com.maizhong.common.result.JsonResult com.maizhong.controller.LogController.logRunDelete()
2017-03-03 17:28:54.459 [http-bio-8081-exec-1] INFO  o.s.w.s.m.m.a.RequestMappingHandlerMapping - Mapped "{[/lock/{un}/{pwd}],methods=[POST]}" onto public com.maizhong.common.result.JsonResult com.maizhong.controller.LoginController.lock(java.lang.String,java.lang.String)
2017-03-03 17:28:54.460 [http-bio-8081-exec-1] INFO  o.s.w.s.m.m.a.RequestMappingHandlerMapping - Mapped "{[/login]}" onto public java.lang.String com.maizhong.controller.LoginController.login()
2017-03-03 17:28:54.460 [http-bio-8081-exec-1] INFO  o.s.w.s.m.m.a.RequestMappingHandlerMapping - Mapped "{[/loginCheck]}" onto public com.maizhong.common.result.JsonResult com.maizhong.controller.LoginController.loginCheck(com.maizhong.pojo.TbUser,org.springframework.validation.BindingResult,javax.servlet.http.HttpServletRequest)
2017-03-03 17:28:54.460 [http-bio-8081-exec-1] INFO  o.s.w.s.m.m.a.RequestMappingHandlerMapping - Mapped "{[/logOut],methods=[POST]}" onto public com.maizhong.common.result.JsonResult com.maizhong.controller.LoginController.logOut()
2017-03-03 17:28:54.460 [http-bio-8081-exec-1] INFO  o.s.w.s.m.m.a.RequestMappingHandlerMapping - Mapped "{[/verifyCode],methods=[GET]}" onto public void com.maizhong.controller.LoginController.verifyCode(javax.servlet.http.HttpServletRequest,javax.servlet.http.HttpServletResponse) throws java.io.IOException
2017-03-03 17:28:54.461 [http-bio-8081-exec-1] INFO  o.s.w.s.m.m.a.RequestMappingHandlerMapping - Mapped "{[/role/handle/{id}]}" onto public java.lang.String com.maizhong.controller.RoleController.handle(java.lang.String,org.springframework.ui.Model)
2017-03-03 17:28:54.462 [http-bio-8081-exec-1] INFO  o.s.w.s.m.m.a.RequestMappingHandlerMapping - Mapped "{[/role/save],methods=[POST]}" onto public com.maizhong.common.result.JsonResult com.maizhong.controller.RoleController.save(com.maizhong.pojo.TbRole,org.springframework.validation.BindingResult)
2017-03-03 17:28:54.462 [http-bio-8081-exec-1] INFO  o.s.w.s.m.m.a.RequestMappingHandlerMapping - Mapped "{[/role/delete/{id}],methods=[POST]}" onto public com.maizhong.common.result.JsonResult com.maizhong.controller.RoleController.delete(java.lang.String)
2017-03-03 17:28:54.462 [http-bio-8081-exec-1] INFO  o.s.w.s.m.m.a.RequestMappingHandlerMapping - Mapped "{[/role/update],methods=[POST]}" onto public com.maizhong.common.result.JsonResult com.maizhong.controller.RoleController.update(com.maizhong.pojo.TbRole,org.springframework.validation.BindingResult)
2017-03-03 17:28:54.462 [http-bio-8081-exec-1] INFO  o.s.w.s.m.m.a.RequestMappingHandlerMapping - Mapped "{[/role],methods=[GET]}" onto public java.lang.String com.maizhong.controller.RoleController.role(org.springframework.ui.Model)
2017-03-03 17:28:54.462 [http-bio-8081-exec-1] INFO  o.s.w.s.m.m.a.RequestMappingHandlerMapping - Mapped "{[/role/permission/save],methods=[POST]}" onto public com.maizhong.common.result.JsonResult com.maizhong.controller.RoleController.rolePermission(java.util.List,long)
2017-03-03 17:28:54.462 [http-bio-8081-exec-1] INFO  o.s.w.s.m.m.a.RequestMappingHandlerMapping - Mapped "{[/role/permission/{id}],methods=[GET]}" onto public java.lang.String com.maizhong.controller.RoleController.rolePermission(java.lang.String,org.springframework.ui.Model)
2017-03-03 17:28:54.462 [http-bio-8081-exec-1] INFO  o.s.w.s.m.m.a.RequestMappingHandlerMapping - Mapped "{[/role/list],methods=[POST]}" onto public com.maizhong.common.result.JsonResult com.maizhong.controller.RoleController.roleList(com.maizhong.common.dto.PageSearchParam)
2017-03-03 17:28:54.463 [http-bio-8081-exec-1] INFO  o.s.w.s.m.m.a.RequestMappingHandlerMapping - Mapped "{[/menu/handle/{id}]}" onto public java.lang.String com.maizhong.controller.MenuController.handle(java.lang.String,org.springframework.ui.Model)
2017-03-03 17:28:54.463 [http-bio-8081-exec-1] INFO  o.s.w.s.m.m.a.RequestMappingHandlerMapping - Mapped "{[/menu/update],methods=[POST]}" onto public com.maizhong.common.result.JsonResult com.maizhong.controller.MenuController.menuUpdate(com.maizhong.pojo.TbMenu,org.springframework.validation.BindingResult)
2017-03-03 17:28:54.464 [http-bio-8081-exec-1] INFO  o.s.w.s.m.m.a.RequestMappingHandlerMapping - Mapped "{[/menu/save],methods=[POST]}" onto public com.maizhong.common.result.JsonResult com.maizhong.controller.MenuController.menuSave(com.maizhong.pojo.TbMenu,org.springframework.validation.BindingResult)
2017-03-03 17:28:54.465 [http-bio-8081-exec-1] INFO  o.s.w.s.m.m.a.RequestMappingHandlerMapping - Mapped "{[/menu/delete/{id}],methods=[POST]}" onto public com.maizhong.common.result.JsonResult com.maizhong.controller.MenuController.menuDelete(java.lang.String)
2017-03-03 17:28:54.465 [http-bio-8081-exec-1] INFO  o.s.w.s.m.m.a.RequestMappingHandlerMapping - Mapped "{[/menu/json/{typeId}],methods=[GET]}" onto public com.maizhong.common.result.JsonResult com.maizhong.controller.MenuController.menuJson(java.lang.String)
2017-03-03 17:28:54.465 [http-bio-8081-exec-1] INFO  o.s.w.s.m.m.a.RequestMappingHandlerMapping - Mapped "{[/menu/redis/clear],methods=[POST]}" onto public com.maizhong.common.result.JsonResult com.maizhong.controller.MenuController.menuRedisClear()
2017-03-03 17:28:54.465 [http-bio-8081-exec-1] INFO  o.s.w.s.m.m.a.RequestMappingHandlerMapping - Mapped "{[/menu],methods=[GET]}" onto public java.lang.String com.maizhong.controller.MenuController.menu(org.springframework.ui.Model)
2017-03-03 17:28:54.465 [http-bio-8081-exec-1] INFO  o.s.w.s.m.m.a.RequestMappingHandlerMapping - Mapped "{[/menu/list],methods=[POST]}" onto public com.maizhong.common.result.JsonResult com.maizhong.controller.MenuController.menuList()
2017-03-03 17:28:54.466 [http-bio-8081-exec-1] INFO  o.s.w.s.m.m.a.RequestMappingHandlerMapping - Mapped "{[/dictionary/handle/{id}]}" onto public java.lang.String com.maizhong.controller.DictionaryController.handle(java.lang.String,org.springframework.ui.Model)
2017-03-03 17:28:54.466 [http-bio-8081-exec-1] INFO  o.s.w.s.m.m.a.RequestMappingHandlerMapping - Mapped "{[/dictionary/save],methods=[POST]}" onto public com.maizhong.common.result.JsonResult com.maizhong.controller.DictionaryController.dictionarySave(com.maizhong.pojo.TbDictionary,org.springframework.validation.BindingResult)
2017-03-03 17:28:54.466 [http-bio-8081-exec-1] INFO  o.s.w.s.m.m.a.RequestMappingHandlerMapping - Mapped "{[/dictionary/update],methods=[POST]}" onto public com.maizhong.common.result.JsonResult com.maizhong.controller.DictionaryController.dictionaryUpdate(com.maizhong.pojo.TbDictionary,org.springframework.validation.BindingResult)
2017-03-03 17:28:54.466 [http-bio-8081-exec-1] INFO  o.s.w.s.m.m.a.RequestMappingHandlerMapping - Mapped "{[/dictionary/delete/{id}],methods=[POST]}" onto public com.maizhong.common.result.JsonResult com.maizhong.controller.DictionaryController.dictionaryDelete(java.lang.String)
2017-03-03 17:28:54.466 [http-bio-8081-exec-1] INFO  o.s.w.s.m.m.a.RequestMappingHandlerMapping - Mapped "{[/dictionary/list],methods=[POST]}" onto public com.maizhong.common.result.JsonResult com.maizhong.controller.DictionaryController.dictionaryList()
2017-03-03 17:28:54.466 [http-bio-8081-exec-1] INFO  o.s.w.s.m.m.a.RequestMappingHandlerMapping - Mapped "{[/dictionary],methods=[GET]}" onto public java.lang.String com.maizhong.controller.DictionaryController.dictionary(org.springframework.ui.Model)
2017-03-03 17:28:54.467 [http-bio-8081-exec-1] INFO  o.s.w.s.m.m.a.RequestMappingHandlerMapping - Mapped "{[/index],methods=[GET]}" onto public java.lang.String com.maizhong.controller.IndexController.Index(org.springframework.ui.Model)
2017-03-03 17:28:54.583 [http-bio-8081-exec-1] INFO  org.hibernate.validator.internal.util.Version - HV000001: Hibernate Validator 5.1.1.Final
2017-03-03 17:28:55.032 [http-bio-8081-exec-1] INFO  o.s.w.s.m.m.a.RequestMappingHandlerAdapter - Looking for @ControllerAdvice: WebApplicationContext for namespace 'dispathcher-servlet': startup date [Fri Mar 03 17:28:53 CST 2017]; parent: Root WebApplicationContext
2017-03-03 17:28:55.210 [http-bio-8081-exec-1] INFO  o.s.w.s.m.m.a.RequestMappingHandlerAdapter - Looking for @ControllerAdvice: WebApplicationContext for namespace 'dispathcher-servlet': startup date [Fri Mar 03 17:28:53 CST 2017]; parent: Root WebApplicationContext
2017-03-03 17:28:55.532 [http-bio-8081-exec-1] INFO  o.s.web.servlet.handler.SimpleUrlHandlerMapping - Mapped URL path [/resources/**] onto handler 'org.springframework.web.servlet.resource.ResourceHttpRequestHandler#0'
2017-03-03 17:28:55.651 [http-bio-8081-exec-1] INFO  org.springframework.web.servlet.DispatcherServlet - FrameworkServlet 'dispathcher': initialization completed in 2160 ms
2017-03-03 17:29:06.431 [http-bio-8081-exec-5] WARN  org.springframework.web.servlet.PageNotFound - No mapping found for HTTP request with URI [/Center.html] in DispatcherServlet with name 'dispathcher'
2017-03-03 17:34:22.219 [http-bio-8081-exec-2] WARN  org.springframework.web.servlet.PageNotFound - No mapping found for HTTP request with URI [/Center.html] in DispatcherServlet with name 'dispathcher'
2017-03-03 17:52:36.784 [localhost-startStop-1] INFO  org.springframework.web.context.ContextLoader - Root WebApplicationContext: initialization started
2017-03-03 17:52:36.888 [localhost-startStop-1] INFO  o.s.web.context.support.XmlWebApplicationContext - Refreshing Root WebApplicationContext: startup date [Fri Mar 03 17:52:36 CST 2017]; root of context hierarchy
2017-03-03 17:52:36.931 [localhost-startStop-1] INFO  o.s.beans.factory.xml.XmlBeanDefinitionReader - Loading XML bean definitions from class path resource [spring/spring-dao.xml]
2017-03-03 17:52:37.072 [localhost-startStop-1] INFO  o.s.beans.factory.xml.XmlBeanDefinitionReader - Loading XML bean definitions from class path resource [spring/spring-service.xml]
2017-03-03 17:52:37.233 [localhost-startStop-1] INFO  o.s.beans.factory.xml.XmlBeanDefinitionReader - Loading XML bean definitions from class path resource [spring/spring-shiro.xml]
2017-03-03 17:52:37.255 [localhost-startStop-1] INFO  o.s.beans.factory.xml.XmlBeanDefinitionReader - Loading XML bean definitions from class path resource [spring/spring-jedis.xml]
2017-03-03 17:52:37.544 [localhost-startStop-1] INFO  o.s.c.support.PropertySourcesPlaceholderConfigurer - Loading properties file from file [D:\workspace\MaiZhong\Manager\Manager_Controller\target\classes\resource\db.properties]
2017-03-03 17:52:37.544 [localhost-startStop-1] INFO  o.s.c.support.PropertySourcesPlaceholderConfigurer - Loading properties file from file [D:\workspace\MaiZhong\Manager\Manager_Controller\target\classes\resource\resource.properties]
2017-03-03 17:52:37.667 [localhost-startStop-1] INFO  o.s.c.s.PostProcessorRegistrationDelegate$BeanPostProcessorChecker - Bean 'org.springframework.aop.support.DefaultBeanFactoryPointcutAdvisor#0' of type [class org.springframework.aop.support.DefaultBeanFactoryPointcutAdvisor] is not eligible for getting processed by all BeanPostProcessors (for example: not eligible for auto-proxying)
2017-03-03 17:52:38.731 [localhost-startStop-1] INFO  com.alibaba.druid.pool.DruidDataSource - {dataSource-1} inited
2017-03-03 17:52:38.731 [localhost-startStop-1] INFO  o.s.c.s.PostProcessorRegistrationDelegate$BeanPostProcessorChecker - Bean 'dataSource' of type [class com.alibaba.druid.pool.DruidDataSource] is not eligible for getting processed by all BeanPostProcessors (for example: not eligible for auto-proxying)
2017-03-03 17:52:40.561 [localhost-startStop-1] INFO  o.s.c.s.PostProcessorRegistrationDelegate$BeanPostProcessorChecker - Bean 'sqlSessionFactory' of type [class org.mybatis.spring.SqlSessionFactoryBean] is not eligible for getting processed by all BeanPostProcessors (for example: not eligible for auto-proxying)
2017-03-03 17:52:40.591 [localhost-startStop-1] INFO  o.s.c.s.PostProcessorRegistrationDelegate$BeanPostProcessorChecker - Bean 'sqlSessionFactory' of type [class org.apache.ibatis.session.defaults.DefaultSqlSessionFactory] is not eligible for getting processed by all BeanPostProcessors (for example: not eligible for auto-proxying)
2017-03-03 17:52:40.613 [localhost-startStop-1] INFO  o.s.c.s.PostProcessorRegistrationDelegate$BeanPostProcessorChecker - Bean 'tbRolePermissionMapper' of type [class org.mybatis.spring.mapper.MapperFactoryBean] is not eligible for getting processed by all BeanPostProcessors (for example: not eligible for auto-proxying)
2017-03-03 17:52:40.615 [localhost-startStop-1] INFO  o.s.c.s.PostProcessorRegistrationDelegate$BeanPostProcessorChecker - Bean 'tbUserRoleMapper' of type [class org.mybatis.spring.mapper.MapperFactoryBean] is not eligible for getting processed by all BeanPostProcessors (for example: not eligible for auto-proxying)
2017-03-03 17:52:40.617 [localhost-startStop-1] INFO  o.s.c.s.PostProcessorRegistrationDelegate$BeanPostProcessorChecker - Bean 'tbMenuMapper' of type [class org.mybatis.spring.mapper.MapperFactoryBean] is not eligible for getting processed by all BeanPostProcessors (for example: not eligible for auto-proxying)
2017-03-03 17:52:40.619 [localhost-startStop-1] INFO  o.s.c.s.PostProcessorRegistrationDelegate$BeanPostProcessorChecker - Bean 'tbUserMapper' of type [class org.mybatis.spring.mapper.MapperFactoryBean] is not eligible for getting processed by all BeanPostProcessors (for example: not eligible for auto-proxying)
2017-03-03 17:52:40.620 [localhost-startStop-1] INFO  o.s.c.s.PostProcessorRegistrationDelegate$BeanPostProcessorChecker - Bean 'tbPermissionMapper' of type [class org.mybatis.spring.mapper.MapperFactoryBean] is not eligible for getting processed by all BeanPostProcessors (for example: not eligible for auto-proxying)
2017-03-03 17:52:40.622 [localhost-startStop-1] INFO  o.s.c.s.PostProcessorRegistrationDelegate$BeanPostProcessorChecker - Bean 'tbRoleMapper' of type [class org.mybatis.spring.mapper.MapperFactoryBean] is not eligible for getting processed by all BeanPostProcessors (for example: not eligible for auto-proxying)
2017-03-03 17:52:40.624 [localhost-startStop-1] INFO  o.s.c.s.PostProcessorRegistrationDelegate$BeanPostProcessorChecker - Bean 'tbDictionaryMapper' of type [class org.mybatis.spring.mapper.MapperFactoryBean] is not eligible for getting processed by all BeanPostProcessors (for example: not eligible for auto-proxying)
2017-03-03 17:52:40.626 [localhost-startStop-1] INFO  o.s.c.s.PostProcessorRegistrationDelegate$BeanPostProcessorChecker - Bean 'tbLogMapper' of type [class org.mybatis.spring.mapper.MapperFactoryBean] is not eligible for getting processed by all BeanPostProcessors (for example: not eligible for auto-proxying)
2017-03-03 17:52:40.635 [localhost-startStop-1] INFO  o.s.c.s.PostProcessorRegistrationDelegate$BeanPostProcessorChecker - Bean 'tbUserMapper' of type [class com.sun.proxy.$Proxy28] is not eligible for getting processed by all BeanPostProcessors (for example: not eligible for auto-proxying)
2017-03-03 17:52:40.660 [localhost-startStop-1] INFO  o.s.c.s.PostProcessorRegistrationDelegate$BeanPostProcessorChecker - Bean 'userServiceImpl' of type [class com.maizhong.service.impl.UserServiceImpl] is not eligible for getting processed by all BeanPostProcessors (for example: not eligible for auto-proxying)
2017-03-03 17:52:40.685 [localhost-startStop-1] INFO  o.s.c.s.PostProcessorRegistrationDelegate$BeanPostProcessorChecker - Bean 'transactionManager' of type [class org.springframework.jdbc.datasource.DataSourceTransactionManager] is not eligible for getting processed by all BeanPostProcessors (for example: not eligible for auto-proxying)
2017-03-03 17:52:40.723 [localhost-startStop-1] INFO  o.s.c.s.PostProcessorRegistrationDelegate$BeanPostProcessorChecker - Bean '(inner bean)#6861536f' of type [class org.springframework.transaction.interceptor.NameMatchTransactionAttributeSource] is not eligible for getting processed by all BeanPostProcessors (for example: not eligible for auto-proxying)
2017-03-03 17:52:40.731 [localhost-startStop-1] INFO  o.s.c.s.PostProcessorRegistrationDelegate$BeanPostProcessorChecker - Bean 'txAdvice' of type [class org.springframework.transaction.interceptor.TransactionInterceptor] is not eligible for getting processed by all BeanPostProcessors (for example: not eligible for auto-proxying)
2017-03-03 17:52:40.764 [localhost-startStop-1] INFO  o.s.c.s.PostProcessorRegistrationDelegate$BeanPostProcessorChecker - Bean 'tbRoleMapper' of type [class com.sun.proxy.$Proxy33] is not eligible for getting processed by all BeanPostProcessors (for example: not eligible for auto-proxying)
2017-03-03 17:52:40.795 [localhost-startStop-1] INFO  o.s.c.s.PostProcessorRegistrationDelegate$BeanPostProcessorChecker - Bean 'tbRolePermissionMapper' of type [class com.sun.proxy.$Proxy34] is not eligible for getting processed by all BeanPostProcessors (for example: not eligible for auto-proxying)
2017-03-03 17:52:40.835 [localhost-startStop-1] INFO  o.s.c.s.PostProcessorRegistrationDelegate$BeanPostProcessorChecker - Bean 'tbUserRoleMapper' of type [class com.sun.proxy.$Proxy35] is not eligible for getting processed by all BeanPostProcessors (for example: not eligible for auto-proxying)
2017-03-03 17:52:40.859 [localhost-startStop-1] INFO  o.s.c.s.PostProcessorRegistrationDelegate$BeanPostProcessorChecker - Bean 'roleServiceImpl' of type [class com.maizhong.service.impl.RoleServiceImpl] is not eligible for getting processed by all BeanPostProcessors (for example: not eligible for auto-proxying)
2017-03-03 17:52:40.886 [localhost-startStop-1] INFO  o.s.c.s.PostProcessorRegistrationDelegate$BeanPostProcessorChecker - Bean 'tbPermissionMapper' of type [class com.sun.proxy.$Proxy38] is not eligible for getting processed by all BeanPostProcessors (for example: not eligible for auto-proxying)
2017-03-03 17:52:40.908 [localhost-startStop-1] INFO  o.s.c.s.PostProcessorRegistrationDelegate$BeanPostProcessorChecker - Bean 'permissionServiceImpl' of type [class com.maizhong.service.impl.PermissionServiceImpl] is not eligible for getting processed by all BeanPostProcessors (for example: not eligible for auto-proxying)
2017-03-03 17:52:40.918 [localhost-startStop-1] INFO  org.apache.shiro.realm.AuthorizingRealm - No cache or cacheManager properties have been set.  Authorization cache cannot be obtained.
2017-03-03 17:52:40.918 [localhost-startStop-1] INFO  o.s.c.s.PostProcessorRegistrationDelegate$BeanPostProcessorChecker - Bean 'userRealm' of type [class com.maizhong.shiro.MyRealm] is not eligible for getting processed by all BeanPostProcessors (for example: not eligible for auto-proxying)
2017-03-03 17:52:41.090 [localhost-startStop-1] INFO  o.s.c.s.PostProcessorRegistrationDelegate$BeanPostProcessorChecker - Bean 'cacheManager' of type [class org.apache.shiro.cache.ehcache.EhCacheManager] is not eligible for getting processed by all BeanPostProcessors (for example: not eligible for auto-proxying)
2017-03-03 17:52:41.102 [localhost-startStop-1] INFO  org.apache.shiro.cache.ehcache.EhCacheManager - Cache with name 'com.maizhong.shiro.MyRealm.authorizationCache' does not yet exist.  Creating now.
2017-03-03 17:52:41.144 [localhost-startStop-1] INFO  org.apache.shiro.cache.ehcache.EhCacheManager - Added EhCache named [com.maizhong.shiro.MyRealm.authorizationCache]
2017-03-03 17:52:41.146 [localhost-startStop-1] INFO  o.s.c.s.PostProcessorRegistrationDelegate$BeanPostProcessorChecker - Bean 'securityManager' of type [class org.apache.shiro.web.mgt.DefaultWebSecurityManager] is not eligible for getting processed by all BeanPostProcessors (for example: not eligible for auto-proxying)
2017-03-03 17:52:41.201 [localhost-startStop-1] INFO  o.s.c.s.PostProcessorRegistrationDelegate$BeanPostProcessorChecker - Bean 'org.apache.shiro.spring.security.interceptor.AuthorizationAttributeSourceAdvisor#0' of type [class org.apache.shiro.spring.security.interceptor.AuthorizationAttributeSourceAdvisor] is not eligible for getting processed by all BeanPostProcessors (for example: not eligible for auto-proxying)
2017-03-03 17:52:41.758 [localhost-startStop-1] INFO  org.springframework.web.context.ContextLoader - Root WebApplicationContext: initialization completed in 4969 ms
2017-03-03 17:52:55.499 [http-bio-8081-exec-1] INFO  org.springframework.web.servlet.DispatcherServlet - FrameworkServlet 'dispathcher': initialization started
2017-03-03 17:52:55.503 [http-bio-8081-exec-1] INFO  o.s.web.context.support.XmlWebApplicationContext - Refreshing WebApplicationContext for namespace 'dispathcher-servlet': startup date [Fri Mar 03 17:52:55 CST 2017]; parent: Root WebApplicationContext
2017-03-03 17:52:55.504 [http-bio-8081-exec-1] INFO  o.s.beans.factory.xml.XmlBeanDefinitionReader - Loading XML bean definitions from class path resource [spring/spring_mvc.xml]
2017-03-03 17:52:56.370 [http-bio-8081-exec-1] INFO  o.s.w.s.m.m.a.RequestMappingHandlerMapping - Mapped "{[/permission/handle/{id}]}" onto public java.lang.String com.maizhong.controller.PermissionController.handle(java.lang.String,org.springframework.ui.Model)
2017-03-03 17:52:56.371 [http-bio-8081-exec-1] INFO  o.s.w.s.m.m.a.RequestMappingHandlerMapping - Mapped "{[/permission],methods=[GET]}" onto public java.lang.String com.maizhong.controller.PermissionController.permission(org.springframework.ui.Model)
2017-03-03 17:52:56.371 [http-bio-8081-exec-1] INFO  o.s.w.s.m.m.a.RequestMappingHandlerMapping - Mapped "{[/permission/list],methods=[POST]}" onto public com.maizhong.common.result.JsonResult com.maizhong.controller.PermissionController.permissionList()
2017-03-03 17:52:56.371 [http-bio-8081-exec-1] INFO  o.s.w.s.m.m.a.RequestMappingHandlerMapping - Mapped "{[/permission/save],methods=[POST]}" onto public com.maizhong.common.result.JsonResult com.maizhong.controller.PermissionController.permissionSave(com.maizhong.pojo.TbPermission,org.springframework.validation.BindingResult)
2017-03-03 17:52:56.371 [http-bio-8081-exec-1] INFO  o.s.w.s.m.m.a.RequestMappingHandlerMapping - Mapped "{[/permission/update],methods=[POST]}" onto public com.maizhong.common.result.JsonResult com.maizhong.controller.PermissionController.permissionUpdate(com.maizhong.pojo.TbPermission,org.springframework.validation.BindingResult)
2017-03-03 17:52:56.371 [http-bio-8081-exec-1] INFO  o.s.w.s.m.m.a.RequestMappingHandlerMapping - Mapped "{[/permission/delete/{id}],methods=[POST]}" onto public com.maizhong.common.result.JsonResult com.maizhong.controller.PermissionController.permissionDelete(java.lang.String)
2017-03-03 17:52:56.372 [http-bio-8081-exec-1] INFO  o.s.w.s.m.m.a.RequestMappingHandlerMapping - Mapped "{[/test/{test}]}" onto public java.lang.String com.maizhong.controller.TestController.test(java.lang.String)
2017-03-03 17:52:56.372 [http-bio-8081-exec-1] INFO  o.s.w.s.m.m.a.RequestMappingHandlerMapping - Mapped "{[/test/carSku/add]}" onto public java.lang.String com.maizhong.controller.TestController.testSku(java.lang.String[])
2017-03-03 17:52:56.373 [http-bio-8081-exec-1] INFO  o.s.w.s.m.m.a.RequestMappingHandlerMapping - Mapped "{[/log/error/delete],methods=[POST]}" onto public com.maizhong.common.result.JsonResult com.maizhong.controller.LogController.logErrorDelete()
2017-03-03 17:52:56.373 [http-bio-8081-exec-1] INFO  o.s.w.s.m.m.a.RequestMappingHandlerMapping - Mapped "{[/log/error/detail/{id}]}" onto public java.lang.String com.maizhong.controller.LogController.logErrorDetail(int,org.springframework.ui.Model)
2017-03-03 17:52:56.374 [http-bio-8081-exec-1] INFO  o.s.w.s.m.m.a.RequestMappingHandlerMapping - Mapped "{[/log/error],methods=[GET]}" onto public java.lang.String com.maizhong.controller.LogController.errorLog(org.springframework.ui.Model)
2017-03-03 17:52:56.374 [http-bio-8081-exec-1] INFO  o.s.w.s.m.m.a.RequestMappingHandlerMapping - Mapped "{[/log/run/list],methods=[POST]}" onto public com.maizhong.common.result.JsonResult com.maizhong.controller.LogController.logRunList(com.maizhong.common.dto.PageSearchParam)
2017-03-03 17:52:56.374 [http-bio-8081-exec-1] INFO  o.s.w.s.m.m.a.RequestMappingHandlerMapping - Mapped "{[/log/run],methods=[GET]}" onto public java.lang.String com.maizhong.controller.LogController.runLog(org.springframework.ui.Model)
2017-03-03 17:52:56.374 [http-bio-8081-exec-1] INFO  o.s.w.s.m.m.a.RequestMappingHandlerMapping - Mapped "{[/log/error/list],methods=[POST]}" onto public com.maizhong.common.result.JsonResult com.maizhong.controller.LogController.logErrorList(com.maizhong.common.dto.PageSearchParam)
2017-03-03 17:52:56.374 [http-bio-8081-exec-1] INFO  o.s.w.s.m.m.a.RequestMappingHandlerMapping - Mapped "{[/log/run/delete],methods=[POST]}" onto public com.maizhong.common.result.JsonResult com.maizhong.controller.LogController.logRunDelete()
2017-03-03 17:52:56.375 [http-bio-8081-exec-1] INFO  o.s.w.s.m.m.a.RequestMappingHandlerMapping - Mapped "{[/lock/{un}/{pwd}],methods=[POST]}" onto public com.maizhong.common.result.JsonResult com.maizhong.controller.LoginController.lock(java.lang.String,java.lang.String)
2017-03-03 17:52:56.375 [http-bio-8081-exec-1] INFO  o.s.w.s.m.m.a.RequestMappingHandlerMapping - Mapped "{[/login]}" onto public java.lang.String com.maizhong.controller.LoginController.login()
2017-03-03 17:52:56.375 [http-bio-8081-exec-1] INFO  o.s.w.s.m.m.a.RequestMappingHandlerMapping - Mapped "{[/loginCheck]}" onto public com.maizhong.common.result.JsonResult com.maizhong.controller.LoginController.loginCheck(com.maizhong.pojo.TbUser,org.springframework.validation.BindingResult,javax.servlet.http.HttpServletRequest)
2017-03-03 17:52:56.375 [http-bio-8081-exec-1] INFO  o.s.w.s.m.m.a.RequestMappingHandlerMapping - Mapped "{[/logOut],methods=[POST]}" onto public com.maizhong.common.result.JsonResult com.maizhong.controller.LoginController.logOut()
2017-03-03 17:52:56.375 [http-bio-8081-exec-1] INFO  o.s.w.s.m.m.a.RequestMappingHandlerMapping - Mapped "{[/verifyCode],methods=[GET]}" onto public void com.maizhong.controller.LoginController.verifyCode(javax.servlet.http.HttpServletRequest,javax.servlet.http.HttpServletResponse) throws java.io.IOException
2017-03-03 17:52:56.376 [http-bio-8081-exec-1] INFO  o.s.w.s.m.m.a.RequestMappingHandlerMapping - Mapped "{[/role/handle/{id}]}" onto public java.lang.String com.maizhong.controller.RoleController.handle(java.lang.String,org.springframework.ui.Model)
2017-03-03 17:52:56.376 [http-bio-8081-exec-1] INFO  o.s.w.s.m.m.a.RequestMappingHandlerMapping - Mapped "{[/role/save],methods=[POST]}" onto public com.maizhong.common.result.JsonResult com.maizhong.controller.RoleController.save(com.maizhong.pojo.TbRole,org.springframework.validation.BindingResult)
2017-03-03 17:52:56.377 [http-bio-8081-exec-1] INFO  o.s.w.s.m.m.a.RequestMappingHandlerMapping - Mapped "{[/role/delete/{id}],methods=[POST]}" onto public com.maizhong.common.result.JsonResult com.maizhong.controller.RoleController.delete(java.lang.String)
2017-03-03 17:52:56.377 [http-bio-8081-exec-1] INFO  o.s.w.s.m.m.a.RequestMappingHandlerMapping - Mapped "{[/role/update],methods=[POST]}" onto public com.maizhong.common.result.JsonResult com.maizhong.controller.RoleController.update(com.maizhong.pojo.TbRole,org.springframework.validation.BindingResult)
2017-03-03 17:52:56.377 [http-bio-8081-exec-1] INFO  o.s.w.s.m.m.a.RequestMappingHandlerMapping - Mapped "{[/role],methods=[GET]}" onto public java.lang.String com.maizhong.controller.RoleController.role(org.springframework.ui.Model)
2017-03-03 17:52:56.377 [http-bio-8081-exec-1] INFO  o.s.w.s.m.m.a.RequestMappingHandlerMapping - Mapped "{[/role/permission/save],methods=[POST]}" onto public com.maizhong.common.result.JsonResult com.maizhong.controller.RoleController.rolePermission(java.util.List,long)
2017-03-03 17:52:56.377 [http-bio-8081-exec-1] INFO  o.s.w.s.m.m.a.RequestMappingHandlerMapping - Mapped "{[/role/permission/{id}],methods=[GET]}" onto public java.lang.String com.maizhong.controller.RoleController.rolePermission(java.lang.String,org.springframework.ui.Model)
2017-03-03 17:52:56.377 [http-bio-8081-exec-1] INFO  o.s.w.s.m.m.a.RequestMappingHandlerMapping - Mapped "{[/role/list],methods=[POST]}" onto public com.maizhong.common.result.JsonResult com.maizhong.controller.RoleController.roleList(com.maizhong.common.dto.PageSearchParam)
2017-03-03 17:52:56.378 [http-bio-8081-exec-1] INFO  o.s.w.s.m.m.a.RequestMappingHandlerMapping - Mapped "{[/menu/handle/{id}]}" onto public java.lang.String com.maizhong.controller.MenuController.handle(java.lang.String,org.springframework.ui.Model)
2017-03-03 17:52:56.378 [http-bio-8081-exec-1] INFO  o.s.w.s.m.m.a.RequestMappingHandlerMapping - Mapped "{[/menu/update],methods=[POST]}" onto public com.maizhong.common.result.JsonResult com.maizhong.controller.MenuController.menuUpdate(com.maizhong.pojo.TbMenu,org.springframework.validation.BindingResult)
2017-03-03 17:52:56.378 [http-bio-8081-exec-1] INFO  o.s.w.s.m.m.a.RequestMappingHandlerMapping - Mapped "{[/menu/save],methods=[POST]}" onto public com.maizhong.common.result.JsonResult com.maizhong.controller.MenuController.menuSave(com.maizhong.pojo.TbMenu,org.springframework.validation.BindingResult)
2017-03-03 17:52:56.378 [http-bio-8081-exec-1] INFO  o.s.w.s.m.m.a.RequestMappingHandlerMapping - Mapped "{[/menu/delete/{id}],methods=[POST]}" onto public com.maizhong.common.result.JsonResult com.maizhong.controller.MenuController.menuDelete(java.lang.String)
2017-03-03 17:52:56.378 [http-bio-8081-exec-1] INFO  o.s.w.s.m.m.a.RequestMappingHandlerMapping - Mapped "{[/menu/json/{typeId}],methods=[GET]}" onto public com.maizhong.common.result.JsonResult com.maizhong.controller.MenuController.menuJson(java.lang.String)
2017-03-03 17:52:56.378 [http-bio-8081-exec-1] INFO  o.s.w.s.m.m.a.RequestMappingHandlerMapping - Mapped "{[/menu],methods=[GET]}" onto public java.lang.String com.maizhong.controller.MenuController.menu(org.springframework.ui.Model)
2017-03-03 17:52:56.379 [http-bio-8081-exec-1] INFO  o.s.w.s.m.m.a.RequestMappingHandlerMapping - Mapped "{[/menu/list],methods=[POST]}" onto public com.maizhong.common.result.JsonResult com.maizhong.controller.MenuController.menuList()
2017-03-03 17:52:56.379 [http-bio-8081-exec-1] INFO  o.s.w.s.m.m.a.RequestMappingHandlerMapping - Mapped "{[/menu/redis/clear],methods=[POST]}" onto public com.maizhong.common.result.JsonResult com.maizhong.controller.MenuController.menuRedisClear()
2017-03-03 17:52:56.379 [http-bio-8081-exec-1] INFO  o.s.w.s.m.m.a.RequestMappingHandlerMapping - Mapped "{[/dictionary/handle/{id}]}" onto public java.lang.String com.maizhong.controller.DictionaryController.handle(java.lang.String,org.springframework.ui.Model)
2017-03-03 17:52:56.379 [http-bio-8081-exec-1] INFO  o.s.w.s.m.m.a.RequestMappingHandlerMapping - Mapped "{[/dictionary],methods=[GET]}" onto public java.lang.String com.maizhong.controller.DictionaryController.dictionary(org.springframework.ui.Model)
2017-03-03 17:52:56.379 [http-bio-8081-exec-1] INFO  o.s.w.s.m.m.a.RequestMappingHandlerMapping - Mapped "{[/dictionary/save],methods=[POST]}" onto public com.maizhong.common.result.JsonResult com.maizhong.controller.DictionaryController.dictionarySave(com.maizhong.pojo.TbDictionary,org.springframework.validation.BindingResult)
2017-03-03 17:52:56.380 [http-bio-8081-exec-1] INFO  o.s.w.s.m.m.a.RequestMappingHandlerMapping - Mapped "{[/dictionary/update],methods=[POST]}" onto public com.maizhong.common.result.JsonResult com.maizhong.controller.DictionaryController.dictionaryUpdate(com.maizhong.pojo.TbDictionary,org.springframework.validation.BindingResult)
2017-03-03 17:52:56.380 [http-bio-8081-exec-1] INFO  o.s.w.s.m.m.a.RequestMappingHandlerMapping - Mapped "{[/dictionary/delete/{id}],methods=[POST]}" onto public com.maizhong.common.result.JsonResult com.maizhong.controller.DictionaryController.dictionaryDelete(java.lang.String)
2017-03-03 17:52:56.380 [http-bio-8081-exec-1] INFO  o.s.w.s.m.m.a.RequestMappingHandlerMapping - Mapped "{[/dictionary/list],methods=[POST]}" onto public com.maizhong.common.result.JsonResult com.maizhong.controller.DictionaryController.dictionaryList()
2017-03-03 17:52:56.380 [http-bio-8081-exec-1] INFO  o.s.w.s.m.m.a.RequestMappingHandlerMapping - Mapped "{[/index],methods=[GET]}" onto public java.lang.String com.maizhong.controller.IndexController.Index(org.springframework.ui.Model)
2017-03-03 17:52:56.493 [http-bio-8081-exec-1] INFO  org.hibernate.validator.internal.util.Version - HV000001: Hibernate Validator 5.1.1.Final
2017-03-03 17:52:56.926 [http-bio-8081-exec-1] INFO  o.s.w.s.m.m.a.RequestMappingHandlerAdapter - Looking for @ControllerAdvice: WebApplicationContext for namespace 'dispathcher-servlet': startup date [Fri Mar 03 17:52:55 CST 2017]; parent: Root WebApplicationContext
2017-03-03 17:52:57.130 [http-bio-8081-exec-1] INFO  o.s.w.s.m.m.a.RequestMappingHandlerAdapter - Looking for @ControllerAdvice: WebApplicationContext for namespace 'dispathcher-servlet': startup date [Fri Mar 03 17:52:55 CST 2017]; parent: Root WebApplicationContext
2017-03-03 17:52:57.410 [http-bio-8081-exec-1] INFO  o.s.web.servlet.handler.SimpleUrlHandlerMapping - Mapped URL path [/resources/**] onto handler 'org.springframework.web.servlet.resource.ResourceHttpRequestHandler#0'
2017-03-03 17:52:57.508 [http-bio-8081-exec-1] INFO  org.springframework.web.servlet.DispatcherServlet - FrameworkServlet 'dispathcher': initialization completed in 2008 ms
2017-03-03 17:53:18.178 [http-bio-8081-exec-9] WARN  org.springframework.web.servlet.PageNotFound - No mapping found for HTTP request with URI [/Center.html] in DispatcherServlet with name 'dispathcher'
2017-03-03 17:53:46.953 [http-bio-8081-exec-2] WARN  org.springframework.web.servlet.PageNotFound - Request method 'POST' not supported
