2017-02-28 16:52:58.399 [localhost-startStop-1] INFO  org.springframework.web.context.ContextLoader - Root WebApplicationContext: initialization started
2017-02-28 16:52:58.490 [localhost-startStop-1] INFO  o.s.web.context.support.XmlWebApplicationContext - Refreshing Root WebApplicationContext: startup date [Tue Feb 28 16:52:58 CST 2017]; root of context hierarchy
2017-02-28 16:52:58.532 [localhost-startStop-1] INFO  o.s.beans.factory.xml.XmlBeanDefinitionReader - Loading XML bean definitions from class path resource [spring/spring-dao.xml]
2017-02-28 16:52:58.712 [localhost-startStop-1] INFO  o.s.beans.factory.xml.XmlBeanDefinitionReader - Loading XML bean definitions from class path resource [spring/spring-service.xml]
2017-02-28 16:52:58.806 [localhost-startStop-1] INFO  o.s.beans.factory.xml.XmlBeanDefinitionReader - Loading XML bean definitions from class path resource [spring/spring-shiro.xml]
2017-02-28 16:52:58.827 [localhost-startStop-1] INFO  o.s.beans.factory.xml.XmlBeanDefinitionReader - Loading XML bean definitions from class path resource [spring/spring-jedis.xml]
2017-02-28 16:52:59.100 [localhost-startStop-1] WARN  org.mybatis.spring.mapper.ClassPathMapperScanner - No MyBatis mapper was found in '[com.upingwang.mapper]' package. Please check your configuration.
2017-02-28 16:52:59.178 [localhost-startStop-1] INFO  o.s.c.support.PropertySourcesPlaceholderConfigurer - Loading properties file from file [C:\Users\Xushd\IdeaProjects\MaiZhong\Manager\Manager_Controller\target\classes\resource\db.properties]
2017-02-28 16:52:59.178 [localhost-startStop-1] INFO  o.s.c.support.PropertySourcesPlaceholderConfigurer - Loading properties file from file [C:\Users\Xushd\IdeaProjects\MaiZhong\Manager\Manager_Controller\target\classes\resource\resource.properties]
2017-02-28 16:52:59.193 [localhost-startStop-1] INFO  o.s.b.f.a.AutowiredAnnotationBeanPostProcessor - JSR-330 'javax.inject.Inject' annotation found and supported for autowiring
2017-02-28 16:52:59.328 [localhost-startStop-1] INFO  o.s.c.s.PostProcessorRegistrationDelegate$BeanPostProcessorChecker - Bean 'org.springframework.aop.support.DefaultBeanFactoryPointcutAdvisor#0' of type [class org.springframework.aop.support.DefaultBeanFactoryPointcutAdvisor] is not eligible for getting processed by all BeanPostProcessors (for example: not eligible for auto-proxying)
2017-02-28 16:52:59.509 [localhost-startStop-1] INFO  org.apache.shiro.realm.AuthorizingRealm - No cache or cacheManager properties have been set.  Authorization cache cannot be obtained.
2017-02-28 16:52:59.510 [localhost-startStop-1] INFO  o.s.c.s.PostProcessorRegistrationDelegate$BeanPostProcessorChecker - Bean 'userRealm' of type [class com.maizhong.shiro.MyRealm] is not eligible for getting processed by all BeanPostProcessors (for example: not eligible for auto-proxying)
2017-02-28 16:52:59.781 [localhost-startStop-1] INFO  o.s.c.s.PostProcessorRegistrationDelegate$BeanPostProcessorChecker - Bean 'cacheManager' of type [class org.apache.shiro.cache.ehcache.EhCacheManager] is not eligible for getting processed by all BeanPostProcessors (for example: not eligible for auto-proxying)
2017-02-28 16:52:59.783 [localhost-startStop-1] INFO  org.apache.shiro.cache.ehcache.EhCacheManager - Cache with name 'com.maizhong.shiro.MyRealm.authorizationCache' does not yet exist.  Creating now.
2017-02-28 16:52:59.822 [localhost-startStop-1] INFO  org.apache.shiro.cache.ehcache.EhCacheManager - Added EhCache named [com.maizhong.shiro.MyRealm.authorizationCache]
2017-02-28 16:52:59.826 [localhost-startStop-1] INFO  o.s.c.s.PostProcessorRegistrationDelegate$BeanPostProcessorChecker - Bean 'securityManager' of type [class org.apache.shiro.web.mgt.DefaultWebSecurityManager] is not eligible for getting processed by all BeanPostProcessors (for example: not eligible for auto-proxying)
2017-02-28 16:52:59.855 [localhost-startStop-1] INFO  o.s.c.s.PostProcessorRegistrationDelegate$BeanPostProcessorChecker - Bean 'org.apache.shiro.spring.security.interceptor.AuthorizationAttributeSourceAdvisor#0' of type [class org.apache.shiro.spring.security.interceptor.AuthorizationAttributeSourceAdvisor] is not eligible for getting processed by all BeanPostProcessors (for example: not eligible for auto-proxying)
2017-02-28 16:53:00.225 [localhost-startStop-1] INFO  com.alibaba.druid.pool.DruidDataSource - {dataSource-1} inited
2017-02-28 16:53:01.246 [localhost-startStop-1] INFO  org.springframework.web.context.ContextLoader - Root WebApplicationContext: initialization completed in 2842 ms
2017-02-28 16:53:12.730 [http-bio-8081-exec-1] INFO  org.springframework.web.servlet.DispatcherServlet - FrameworkServlet 'dispathcher': initialization started
2017-02-28 16:53:12.732 [http-bio-8081-exec-1] INFO  o.s.web.context.support.XmlWebApplicationContext - Refreshing WebApplicationContext for namespace 'dispathcher-servlet': startup date [Tue Feb 28 16:53:12 CST 2017]; parent: Root WebApplicationContext
2017-02-28 16:53:12.733 [http-bio-8081-exec-1] INFO  o.s.beans.factory.xml.XmlBeanDefinitionReader - Loading XML bean definitions from class path resource [spring/spring_mvc.xml]
2017-02-28 16:53:12.952 [http-bio-8081-exec-1] INFO  o.s.b.f.a.AutowiredAnnotationBeanPostProcessor - JSR-330 'javax.inject.Inject' annotation found and supported for autowiring
2017-02-28 16:53:13.208 [http-bio-8081-exec-1] INFO  o.s.w.s.m.m.a.RequestMappingHandlerMapping - Mapped "{[/index],methods=[GET]}" onto public java.lang.String com.maizhong.controller.IndexController.Index()
2017-02-28 16:53:13.305 [http-bio-8081-exec-1] INFO  org.hibernate.validator.internal.util.Version - HV000001: Hibernate Validator 5.1.1.Final
2017-02-28 16:53:13.566 [http-bio-8081-exec-1] INFO  o.s.w.s.m.m.a.RequestMappingHandlerAdapter - Looking for @ControllerAdvice: WebApplicationContext for namespace 'dispathcher-servlet': startup date [Tue Feb 28 16:53:12 CST 2017]; parent: Root WebApplicationContext
2017-02-28 16:53:13.652 [http-bio-8081-exec-1] INFO  o.s.w.s.m.m.a.RequestMappingHandlerAdapter - Looking for @ControllerAdvice: WebApplicationContext for namespace 'dispathcher-servlet': startup date [Tue Feb 28 16:53:12 CST 2017]; parent: Root WebApplicationContext
2017-02-28 16:53:13.819 [http-bio-8081-exec-1] INFO  o.s.web.servlet.handler.SimpleUrlHandlerMapping - Mapped URL path [/resources/**] onto handler 'org.springframework.web.servlet.resource.ResourceHttpRequestHandler#0'
2017-02-28 16:53:13.911 [http-bio-8081-exec-1] INFO  org.springframework.web.servlet.DispatcherServlet - FrameworkServlet 'dispathcher': initialization completed in 1181 ms
2017-02-28 16:53:13.981 [http-bio-8081-exec-4] WARN  org.springframework.web.servlet.PageNotFound - No mapping found for HTTP request with URI [/login;jsessionid=5D1B384851A19351260180064E0ECDF5] in DispatcherServlet with name 'dispathcher'
2017-02-28 16:58:51.394 [localhost-startStop-1] INFO  org.springframework.web.context.ContextLoader - Root WebApplicationContext: initialization started
2017-02-28 16:58:51.495 [localhost-startStop-1] INFO  o.s.web.context.support.XmlWebApplicationContext - Refreshing Root WebApplicationContext: startup date [Tue Feb 28 16:58:51 CST 2017]; root of context hierarchy
2017-02-28 16:58:51.540 [localhost-startStop-1] INFO  o.s.beans.factory.xml.XmlBeanDefinitionReader - Loading XML bean definitions from class path resource [spring/spring-dao.xml]
2017-02-28 16:58:51.719 [localhost-startStop-1] INFO  o.s.beans.factory.xml.XmlBeanDefinitionReader - Loading XML bean definitions from class path resource [spring/spring-service.xml]
2017-02-28 16:58:51.821 [localhost-startStop-1] INFO  o.s.beans.factory.xml.XmlBeanDefinitionReader - Loading XML bean definitions from class path resource [spring/spring-shiro.xml]
2017-02-28 16:58:51.847 [localhost-startStop-1] INFO  o.s.beans.factory.xml.XmlBeanDefinitionReader - Loading XML bean definitions from class path resource [spring/spring-jedis.xml]
2017-02-28 16:58:52.161 [localhost-startStop-1] WARN  org.mybatis.spring.mapper.ClassPathMapperScanner - No MyBatis mapper was found in '[com.upingwang.mapper]' package. Please check your configuration.
2017-02-28 16:58:52.261 [localhost-startStop-1] INFO  o.s.c.support.PropertySourcesPlaceholderConfigurer - Loading properties file from file [C:\Users\Xushd\IdeaProjects\MaiZhong\Manager\Manager_Controller\target\classes\resource\db.properties]
2017-02-28 16:58:52.262 [localhost-startStop-1] INFO  o.s.c.support.PropertySourcesPlaceholderConfigurer - Loading properties file from file [C:\Users\Xushd\IdeaProjects\MaiZhong\Manager\Manager_Controller\target\classes\resource\resource.properties]
2017-02-28 16:58:52.282 [localhost-startStop-1] INFO  o.s.b.f.a.AutowiredAnnotationBeanPostProcessor - JSR-330 'javax.inject.Inject' annotation found and supported for autowiring
2017-02-28 16:58:52.487 [localhost-startStop-1] INFO  o.s.c.s.PostProcessorRegistrationDelegate$BeanPostProcessorChecker - Bean 'org.springframework.aop.support.DefaultBeanFactoryPointcutAdvisor#0' of type [class org.springframework.aop.support.DefaultBeanFactoryPointcutAdvisor] is not eligible for getting processed by all BeanPostProcessors (for example: not eligible for auto-proxying)
2017-02-28 16:58:52.640 [localhost-startStop-1] INFO  org.apache.shiro.realm.AuthorizingRealm - No cache or cacheManager properties have been set.  Authorization cache cannot be obtained.
2017-02-28 16:58:52.640 [localhost-startStop-1] INFO  o.s.c.s.PostProcessorRegistrationDelegate$BeanPostProcessorChecker - Bean 'userRealm' of type [class com.maizhong.shiro.MyRealm] is not eligible for getting processed by all BeanPostProcessors (for example: not eligible for auto-proxying)
2017-02-28 16:58:52.935 [localhost-startStop-1] INFO  o.s.c.s.PostProcessorRegistrationDelegate$BeanPostProcessorChecker - Bean 'cacheManager' of type [class org.apache.shiro.cache.ehcache.EhCacheManager] is not eligible for getting processed by all BeanPostProcessors (for example: not eligible for auto-proxying)
2017-02-28 16:58:52.937 [localhost-startStop-1] INFO  org.apache.shiro.cache.ehcache.EhCacheManager - Cache with name 'com.maizhong.shiro.MyRealm.authorizationCache' does not yet exist.  Creating now.
2017-02-28 16:58:52.976 [localhost-startStop-1] INFO  org.apache.shiro.cache.ehcache.EhCacheManager - Added EhCache named [com.maizhong.shiro.MyRealm.authorizationCache]
2017-02-28 16:58:52.981 [localhost-startStop-1] INFO  o.s.c.s.PostProcessorRegistrationDelegate$BeanPostProcessorChecker - Bean 'securityManager' of type [class org.apache.shiro.web.mgt.DefaultWebSecurityManager] is not eligible for getting processed by all BeanPostProcessors (for example: not eligible for auto-proxying)
2017-02-28 16:58:53.012 [localhost-startStop-1] INFO  o.s.c.s.PostProcessorRegistrationDelegate$BeanPostProcessorChecker - Bean 'org.apache.shiro.spring.security.interceptor.AuthorizationAttributeSourceAdvisor#0' of type [class org.apache.shiro.spring.security.interceptor.AuthorizationAttributeSourceAdvisor] is not eligible for getting processed by all BeanPostProcessors (for example: not eligible for auto-proxying)
2017-02-28 16:58:53.419 [localhost-startStop-1] INFO  com.alibaba.druid.pool.DruidDataSource - {dataSource-1} inited
2017-02-28 16:58:54.485 [localhost-startStop-1] INFO  org.springframework.web.context.ContextLoader - Root WebApplicationContext: initialization completed in 3087 ms
2017-02-28 17:00:14.965 [http-bio-8081-exec-1] INFO  org.springframework.web.servlet.DispatcherServlet - FrameworkServlet 'dispathcher': initialization started
2017-02-28 17:00:14.968 [http-bio-8081-exec-1] INFO  o.s.web.context.support.XmlWebApplicationContext - Refreshing WebApplicationContext for namespace 'dispathcher-servlet': startup date [Tue Feb 28 17:00:14 CST 2017]; parent: Root WebApplicationContext
2017-02-28 17:00:14.969 [http-bio-8081-exec-1] INFO  o.s.beans.factory.xml.XmlBeanDefinitionReader - Loading XML bean definitions from class path resource [spring/spring_mvc.xml]
2017-02-28 17:00:15.170 [http-bio-8081-exec-1] INFO  o.s.b.f.a.AutowiredAnnotationBeanPostProcessor - JSR-330 'javax.inject.Inject' annotation found and supported for autowiring
2017-02-28 17:00:15.384 [http-bio-8081-exec-1] INFO  o.s.w.s.m.m.a.RequestMappingHandlerMapping - Mapped "{[/index],methods=[GET]}" onto public java.lang.String com.maizhong.controller.IndexController.Index()
2017-02-28 17:00:15.384 [http-bio-8081-exec-1] INFO  o.s.w.s.m.m.a.RequestMappingHandlerMapping - Mapped "{[/login]}" onto public java.lang.String com.maizhong.controller.LoginController.login()
2017-02-28 17:00:15.484 [http-bio-8081-exec-1] INFO  org.hibernate.validator.internal.util.Version - HV000001: Hibernate Validator 5.1.1.Final
2017-02-28 17:00:15.788 [http-bio-8081-exec-1] INFO  o.s.w.s.m.m.a.RequestMappingHandlerAdapter - Looking for @ControllerAdvice: WebApplicationContext for namespace 'dispathcher-servlet': startup date [Tue Feb 28 17:00:14 CST 2017]; parent: Root WebApplicationContext
2017-02-28 17:00:15.871 [http-bio-8081-exec-1] INFO  o.s.w.s.m.m.a.RequestMappingHandlerAdapter - Looking for @ControllerAdvice: WebApplicationContext for namespace 'dispathcher-servlet': startup date [Tue Feb 28 17:00:14 CST 2017]; parent: Root WebApplicationContext
2017-02-28 17:00:16.032 [http-bio-8081-exec-1] INFO  o.s.web.servlet.handler.SimpleUrlHandlerMapping - Mapped URL path [/resources/**] onto handler 'org.springframework.web.servlet.resource.ResourceHttpRequestHandler#0'
2017-02-28 17:00:16.129 [http-bio-8081-exec-1] INFO  org.springframework.web.servlet.DispatcherServlet - FrameworkServlet 'dispathcher': initialization completed in 1164 ms
2017-02-28 17:02:25.175 [http-bio-8081-exec-8] WARN  org.springframework.web.servlet.PageNotFound - No mapping found for HTTP request with URI [/verifyCode] in DispatcherServlet with name 'dispathcher'
2017-02-28 17:03:55.716 [http-bio-8081-exec-1] WARN  org.springframework.web.servlet.PageNotFound - No mapping found for HTTP request with URI [/verifyCode] in DispatcherServlet with name 'dispathcher'
2017-02-28 17:03:55.728 [http-bio-8081-exec-1] WARN  org.springframework.web.servlet.PageNotFound - No mapping found for HTTP request with URI [/verifyCode] in DispatcherServlet with name 'dispathcher'
2017-02-28 17:05:17.295 [http-bio-8081-exec-10] WARN  org.springframework.web.servlet.PageNotFound - No mapping found for HTTP request with URI [/verifyCode] in DispatcherServlet with name 'dispathcher'
2017-02-28 17:23:36.134 [localhost-startStop-1] INFO  org.springframework.web.context.ContextLoader - Root WebApplicationContext: initialization started
2017-02-28 17:23:36.233 [localhost-startStop-1] INFO  o.s.web.context.support.XmlWebApplicationContext - Refreshing Root WebApplicationContext: startup date [Tue Feb 28 17:23:36 CST 2017]; root of context hierarchy
2017-02-28 17:23:36.278 [localhost-startStop-1] INFO  o.s.beans.factory.xml.XmlBeanDefinitionReader - Loading XML bean definitions from class path resource [spring/spring-dao.xml]
2017-02-28 17:23:36.448 [localhost-startStop-1] INFO  o.s.beans.factory.xml.XmlBeanDefinitionReader - Loading XML bean definitions from class path resource [spring/spring-service.xml]
2017-02-28 17:23:36.547 [localhost-startStop-1] INFO  o.s.beans.factory.xml.XmlBeanDefinitionReader - Loading XML bean definitions from class path resource [spring/spring-shiro.xml]
2017-02-28 17:23:36.568 [localhost-startStop-1] INFO  o.s.beans.factory.xml.XmlBeanDefinitionReader - Loading XML bean definitions from class path resource [spring/spring-jedis.xml]
2017-02-28 17:23:36.907 [localhost-startStop-1] WARN  org.mybatis.spring.mapper.ClassPathMapperScanner - No MyBatis mapper was found in '[com.upingwang.mapper]' package. Please check your configuration.
2017-02-28 17:23:36.935 [localhost-startStop-1] INFO  o.s.c.support.PropertySourcesPlaceholderConfigurer - Loading properties file from file [C:\Users\Xushd\IdeaProjects\MaiZhong\Manager\Manager_Controller\target\classes\resource\db.properties]
2017-02-28 17:23:36.935 [localhost-startStop-1] INFO  o.s.c.support.PropertySourcesPlaceholderConfigurer - Loading properties file from file [C:\Users\Xushd\IdeaProjects\MaiZhong\Manager\Manager_Controller\target\classes\resource\resource.properties]
2017-02-28 17:23:36.949 [localhost-startStop-1] INFO  o.s.b.f.a.AutowiredAnnotationBeanPostProcessor - JSR-330 'javax.inject.Inject' annotation found and supported for autowiring
2017-02-28 17:23:37.093 [localhost-startStop-1] INFO  o.s.c.s.PostProcessorRegistrationDelegate$BeanPostProcessorChecker - Bean 'org.springframework.aop.support.DefaultBeanFactoryPointcutAdvisor#0' of type [class org.springframework.aop.support.DefaultBeanFactoryPointcutAdvisor] is not eligible for getting processed by all BeanPostProcessors (for example: not eligible for auto-proxying)
2017-02-28 17:23:37.299 [localhost-startStop-1] INFO  org.apache.shiro.realm.AuthorizingRealm - No cache or cacheManager properties have been set.  Authorization cache cannot be obtained.
2017-02-28 17:23:37.299 [localhost-startStop-1] INFO  o.s.c.s.PostProcessorRegistrationDelegate$BeanPostProcessorChecker - Bean 'userRealm' of type [class com.maizhong.shiro.MyRealm] is not eligible for getting processed by all BeanPostProcessors (for example: not eligible for auto-proxying)
2017-02-28 17:23:37.589 [localhost-startStop-1] INFO  o.s.c.s.PostProcessorRegistrationDelegate$BeanPostProcessorChecker - Bean 'cacheManager' of type [class org.apache.shiro.cache.ehcache.EhCacheManager] is not eligible for getting processed by all BeanPostProcessors (for example: not eligible for auto-proxying)
2017-02-28 17:23:37.592 [localhost-startStop-1] INFO  org.apache.shiro.cache.ehcache.EhCacheManager - Cache with name 'com.maizhong.shiro.MyRealm.authorizationCache' does not yet exist.  Creating now.
2017-02-28 17:23:37.625 [localhost-startStop-1] INFO  org.apache.shiro.cache.ehcache.EhCacheManager - Added EhCache named [com.maizhong.shiro.MyRealm.authorizationCache]
2017-02-28 17:23:37.631 [localhost-startStop-1] INFO  o.s.c.s.PostProcessorRegistrationDelegate$BeanPostProcessorChecker - Bean 'securityManager' of type [class org.apache.shiro.web.mgt.DefaultWebSecurityManager] is not eligible for getting processed by all BeanPostProcessors (for example: not eligible for auto-proxying)
2017-02-28 17:23:37.660 [localhost-startStop-1] INFO  o.s.c.s.PostProcessorRegistrationDelegate$BeanPostProcessorChecker - Bean 'org.apache.shiro.spring.security.interceptor.AuthorizationAttributeSourceAdvisor#0' of type [class org.apache.shiro.spring.security.interceptor.AuthorizationAttributeSourceAdvisor] is not eligible for getting processed by all BeanPostProcessors (for example: not eligible for auto-proxying)
2017-02-28 17:23:38.074 [localhost-startStop-1] INFO  com.alibaba.druid.pool.DruidDataSource - {dataSource-1} inited
2017-02-28 17:23:39.118 [localhost-startStop-1] INFO  org.springframework.web.context.ContextLoader - Root WebApplicationContext: initialization completed in 2979 ms
2017-02-28 17:23:42.980 [http-bio-8081-exec-1] INFO  org.springframework.web.servlet.DispatcherServlet - FrameworkServlet 'dispathcher': initialization started
2017-02-28 17:23:42.984 [http-bio-8081-exec-1] INFO  o.s.web.context.support.XmlWebApplicationContext - Refreshing WebApplicationContext for namespace 'dispathcher-servlet': startup date [Tue Feb 28 17:23:42 CST 2017]; parent: Root WebApplicationContext
2017-02-28 17:23:42.985 [http-bio-8081-exec-1] INFO  o.s.beans.factory.xml.XmlBeanDefinitionReader - Loading XML bean definitions from class path resource [spring/spring_mvc.xml]
2017-02-28 17:23:43.173 [http-bio-8081-exec-1] INFO  o.s.b.f.a.AutowiredAnnotationBeanPostProcessor - JSR-330 'javax.inject.Inject' annotation found and supported for autowiring
2017-02-28 17:23:43.379 [http-bio-8081-exec-1] INFO  o.s.w.s.m.m.a.RequestMappingHandlerMapping - Mapped "{[/index],methods=[GET]}" onto public java.lang.String com.maizhong.controller.IndexController.Index()
2017-02-28 17:23:43.380 [http-bio-8081-exec-1] INFO  o.s.w.s.m.m.a.RequestMappingHandlerMapping - Mapped "{[/login]}" onto public java.lang.String com.maizhong.controller.LoginController.login()
2017-02-28 17:23:43.380 [http-bio-8081-exec-1] INFO  o.s.w.s.m.m.a.RequestMappingHandlerMapping - Mapped "{[/verifyCode],methods=[GET]}" onto public void com.maizhong.controller.LoginController.verifyCode(javax.servlet.http.HttpServletRequest,javax.servlet.http.HttpServletResponse) throws java.io.IOException
2017-02-28 17:23:43.459 [http-bio-8081-exec-1] INFO  org.hibernate.validator.internal.util.Version - HV000001: Hibernate Validator 5.1.1.Final
2017-02-28 17:23:43.766 [http-bio-8081-exec-1] INFO  o.s.w.s.m.m.a.RequestMappingHandlerAdapter - Looking for @ControllerAdvice: WebApplicationContext for namespace 'dispathcher-servlet': startup date [Tue Feb 28 17:23:42 CST 2017]; parent: Root WebApplicationContext
2017-02-28 17:23:43.869 [http-bio-8081-exec-1] INFO  o.s.w.s.m.m.a.RequestMappingHandlerAdapter - Looking for @ControllerAdvice: WebApplicationContext for namespace 'dispathcher-servlet': startup date [Tue Feb 28 17:23:42 CST 2017]; parent: Root WebApplicationContext
2017-02-28 17:23:44.033 [http-bio-8081-exec-1] INFO  o.s.web.servlet.handler.SimpleUrlHandlerMapping - Mapped URL path [/resources/**] onto handler 'org.springframework.web.servlet.resource.ResourceHttpRequestHandler#0'
2017-02-28 17:23:44.116 [http-bio-8081-exec-1] INFO  org.springframework.web.servlet.DispatcherServlet - FrameworkServlet 'dispathcher': initialization completed in 1135 ms
