2017-03-24 08:51:51.914 [localhost-startStop-1] INFO  org.springframework.web.context.ContextLoader - Root WebApplicationContext: initialization started
2017-03-24 08:51:52.040 [localhost-startStop-1] INFO  o.s.web.context.support.XmlWebApplicationContext - Refreshing Root WebApplicationContext: startup date [Fri Mar 24 08:51:52 CST 2017]; root of context hierarchy
2017-03-24 08:51:52.090 [localhost-startStop-1] INFO  o.s.beans.factory.xml.XmlBeanDefinitionReader - Loading XML bean definitions from class path resource [spring/spring-dao.xml]
2017-03-24 08:51:52.906 [localhost-startStop-1] INFO  o.s.beans.factory.xml.XmlBeanDefinitionReader - Loading XML bean definitions from class path resource [spring/spring-service.xml]
2017-03-24 08:51:53.068 [localhost-startStop-1] INFO  o.s.beans.factory.xml.XmlBeanDefinitionReader - Loading XML bean definitions from class path resource [spring/spring-shiro.xml]
2017-03-24 08:51:53.087 [localhost-startStop-1] INFO  o.s.beans.factory.xml.XmlBeanDefinitionReader - Loading XML bean definitions from class path resource [spring/spring-jedis.xml]
2017-03-24 08:51:53.472 [localhost-startStop-1] INFO  o.s.c.support.PropertySourcesPlaceholderConfigurer - Loading properties file from file [D:\workspace\MaiZhong\Manager\Manager_Controller\target\classes\resource\db.properties]
2017-03-24 08:51:53.472 [localhost-startStop-1] INFO  o.s.c.support.PropertySourcesPlaceholderConfigurer - Loading properties file from file [D:\workspace\MaiZhong\Manager\Manager_Controller\target\classes\resource\resource.properties]
2017-03-24 08:51:53.494 [localhost-startStop-1] INFO  o.s.b.f.a.AutowiredAnnotationBeanPostProcessor - JSR-330 'javax.inject.Inject' annotation found and supported for autowiring
2017-03-24 08:51:53.614 [localhost-startStop-1] INFO  o.s.c.s.PostProcessorRegistrationDelegate$BeanPostProcessorChecker - Bean 'org.springframework.aop.support.DefaultBeanFactoryPointcutAdvisor#0' of type [class org.springframework.aop.support.DefaultBeanFactoryPointcutAdvisor] is not eligible for getting processed by all BeanPostProcessors (for example: not eligible for auto-proxying)
2017-03-24 08:51:54.942 [localhost-startStop-1] INFO  com.alibaba.druid.pool.DruidDataSource - {dataSource-1} inited
2017-03-24 08:51:54.942 [localhost-startStop-1] INFO  o.s.c.s.PostProcessorRegistrationDelegate$BeanPostProcessorChecker - Bean 'dataSource' of type [class com.alibaba.druid.pool.DruidDataSource] is not eligible for getting processed by all BeanPostProcessors (for example: not eligible for auto-proxying)
2017-03-24 08:51:58.720 [localhost-startStop-1] INFO  o.s.c.s.PostProcessorRegistrationDelegate$BeanPostProcessorChecker - Bean 'sqlSessionFactory' of type [class org.mybatis.spring.SqlSessionFactoryBean] is not eligible for getting processed by all BeanPostProcessors (for example: not eligible for auto-proxying)
2017-03-24 08:51:58.748 [localhost-startStop-1] INFO  o.s.c.s.PostProcessorRegistrationDelegate$BeanPostProcessorChecker - Bean 'sqlSessionFactory' of type [class org.apache.ibatis.session.defaults.DefaultSqlSessionFactory] is not eligible for getting processed by all BeanPostProcessors (for example: not eligible for auto-proxying)
2017-03-24 08:51:58.770 [localhost-startStop-1] INFO  o.s.c.s.PostProcessorRegistrationDelegate$BeanPostProcessorChecker - Bean 'tbUserRoleMapper' of type [class org.mybatis.spring.mapper.MapperFactoryBean] is not eligible for getting processed by all BeanPostProcessors (for example: not eligible for auto-proxying)
2017-03-24 08:51:58.773 [localhost-startStop-1] INFO  o.s.c.s.PostProcessorRegistrationDelegate$BeanPostProcessorChecker - Bean 'tbRolePermissionMapper' of type [class org.mybatis.spring.mapper.MapperFactoryBean] is not eligible for getting processed by all BeanPostProcessors (for example: not eligible for auto-proxying)
2017-03-24 08:51:58.775 [localhost-startStop-1] INFO  o.s.c.s.PostProcessorRegistrationDelegate$BeanPostProcessorChecker - Bean 'tbAdvertMapper' of type [class org.mybatis.spring.mapper.MapperFactoryBean] is not eligible for getting processed by all BeanPostProcessors (for example: not eligible for auto-proxying)
2017-03-24 08:51:58.777 [localhost-startStop-1] INFO  o.s.c.s.PostProcessorRegistrationDelegate$BeanPostProcessorChecker - Bean 'tbMenuMapper' of type [class org.mybatis.spring.mapper.MapperFactoryBean] is not eligible for getting processed by all BeanPostProcessors (for example: not eligible for auto-proxying)
2017-03-24 08:51:58.779 [localhost-startStop-1] INFO  o.s.c.s.PostProcessorRegistrationDelegate$BeanPostProcessorChecker - Bean 'tbPermissionMapper' of type [class org.mybatis.spring.mapper.MapperFactoryBean] is not eligible for getting processed by all BeanPostProcessors (for example: not eligible for auto-proxying)
2017-03-24 08:51:58.782 [localhost-startStop-1] INFO  o.s.c.s.PostProcessorRegistrationDelegate$BeanPostProcessorChecker - Bean 'tbUserMapper' of type [class org.mybatis.spring.mapper.MapperFactoryBean] is not eligible for getting processed by all BeanPostProcessors (for example: not eligible for auto-proxying)
2017-03-24 08:51:58.784 [localhost-startStop-1] INFO  o.s.c.s.PostProcessorRegistrationDelegate$BeanPostProcessorChecker - Bean 'tbFeedbackMapper' of type [class org.mybatis.spring.mapper.MapperFactoryBean] is not eligible for getting processed by all BeanPostProcessors (for example: not eligible for auto-proxying)
2017-03-24 08:51:58.786 [localhost-startStop-1] INFO  o.s.c.s.PostProcessorRegistrationDelegate$BeanPostProcessorChecker - Bean 'tbCarBrandLineMapper' of type [class org.mybatis.spring.mapper.MapperFactoryBean] is not eligible for getting processed by all BeanPostProcessors (for example: not eligible for auto-proxying)
2017-03-24 08:51:58.788 [localhost-startStop-1] INFO  o.s.c.s.PostProcessorRegistrationDelegate$BeanPostProcessorChecker - Bean 'tbDictionaryMapper' of type [class org.mybatis.spring.mapper.MapperFactoryBean] is not eligible for getting processed by all BeanPostProcessors (for example: not eligible for auto-proxying)
2017-03-24 08:51:58.790 [localhost-startStop-1] INFO  o.s.c.s.PostProcessorRegistrationDelegate$BeanPostProcessorChecker - Bean 'tbCarPropMapper' of type [class org.mybatis.spring.mapper.MapperFactoryBean] is not eligible for getting processed by all BeanPostProcessors (for example: not eligible for auto-proxying)
2017-03-24 08:51:58.793 [localhost-startStop-1] INFO  o.s.c.s.PostProcessorRegistrationDelegate$BeanPostProcessorChecker - Bean 'tbMemberMapper' of type [class org.mybatis.spring.mapper.MapperFactoryBean] is not eligible for getting processed by all BeanPostProcessors (for example: not eligible for auto-proxying)
2017-03-24 08:51:58.795 [localhost-startStop-1] INFO  o.s.c.s.PostProcessorRegistrationDelegate$BeanPostProcessorChecker - Bean 'restInterfaceMapper' of type [class org.mybatis.spring.mapper.MapperFactoryBean] is not eligible for getting processed by all BeanPostProcessors (for example: not eligible for auto-proxying)
2017-03-24 08:51:58.797 [localhost-startStop-1] INFO  o.s.c.s.PostProcessorRegistrationDelegate$BeanPostProcessorChecker - Bean 'tbLogMapper' of type [class org.mybatis.spring.mapper.MapperFactoryBean] is not eligible for getting processed by all BeanPostProcessors (for example: not eligible for auto-proxying)
2017-03-24 08:51:58.800 [localhost-startStop-1] INFO  o.s.c.s.PostProcessorRegistrationDelegate$BeanPostProcessorChecker - Bean 'tbAdvertPublishMapper' of type [class org.mybatis.spring.mapper.MapperFactoryBean] is not eligible for getting processed by all BeanPostProcessors (for example: not eligible for auto-proxying)
2017-03-24 08:51:58.802 [localhost-startStop-1] INFO  o.s.c.s.PostProcessorRegistrationDelegate$BeanPostProcessorChecker - Bean 'tbCarMapper' of type [class org.mybatis.spring.mapper.MapperFactoryBean] is not eligible for getting processed by all BeanPostProcessors (for example: not eligible for auto-proxying)
2017-03-24 08:51:58.805 [localhost-startStop-1] INFO  o.s.c.s.PostProcessorRegistrationDelegate$BeanPostProcessorChecker - Bean 'tbCarBrandMapper' of type [class org.mybatis.spring.mapper.MapperFactoryBean] is not eligible for getting processed by all BeanPostProcessors (for example: not eligible for auto-proxying)
2017-03-24 08:51:58.808 [localhost-startStop-1] INFO  o.s.c.s.PostProcessorRegistrationDelegate$BeanPostProcessorChecker - Bean 'tbCarColumnMapper' of type [class org.mybatis.spring.mapper.MapperFactoryBean] is not eligible for getting processed by all BeanPostProcessors (for example: not eligible for auto-proxying)
2017-03-24 08:51:58.810 [localhost-startStop-1] INFO  o.s.c.s.PostProcessorRegistrationDelegate$BeanPostProcessorChecker - Bean 'tbRoleMapper' of type [class org.mybatis.spring.mapper.MapperFactoryBean] is not eligible for getting processed by all BeanPostProcessors (for example: not eligible for auto-proxying)
2017-03-24 08:51:58.812 [localhost-startStop-1] INFO  o.s.c.s.PostProcessorRegistrationDelegate$BeanPostProcessorChecker - Bean 'tbCarMapperExt' of type [class org.mybatis.spring.mapper.MapperFactoryBean] is not eligible for getting processed by all BeanPostProcessors (for example: not eligible for auto-proxying)
2017-03-24 08:51:58.815 [localhost-startStop-1] INFO  o.s.c.s.PostProcessorRegistrationDelegate$BeanPostProcessorChecker - Bean 'tbCarBaseMapper' of type [class org.mybatis.spring.mapper.MapperFactoryBean] is not eligible for getting processed by all BeanPostProcessors (for example: not eligible for auto-proxying)
2017-03-24 08:51:58.819 [localhost-startStop-1] INFO  o.s.c.s.PostProcessorRegistrationDelegate$BeanPostProcessorChecker - Bean 'tbConsultMapper' of type [class org.mybatis.spring.mapper.MapperFactoryBean] is not eligible for getting processed by all BeanPostProcessors (for example: not eligible for auto-proxying)
2017-03-24 08:51:58.823 [localhost-startStop-1] INFO  o.s.c.s.PostProcessorRegistrationDelegate$BeanPostProcessorChecker - Bean 'tbCarTypeMapper' of type [class org.mybatis.spring.mapper.MapperFactoryBean] is not eligible for getting processed by all BeanPostProcessors (for example: not eligible for auto-proxying)
2017-03-24 08:51:58.846 [localhost-startStop-1] INFO  o.s.c.s.PostProcessorRegistrationDelegate$BeanPostProcessorChecker - Bean 'tbUserMapper' of type [class com.sun.proxy.$Proxy37] is not eligible for getting processed by all BeanPostProcessors (for example: not eligible for auto-proxying)
2017-03-24 08:51:58.879 [localhost-startStop-1] INFO  o.s.c.s.PostProcessorRegistrationDelegate$BeanPostProcessorChecker - Bean 'tbUserRoleMapper' of type [class com.sun.proxy.$Proxy39] is not eligible for getting processed by all BeanPostProcessors (for example: not eligible for auto-proxying)
2017-03-24 08:51:58.899 [localhost-startStop-1] INFO  o.s.c.s.PostProcessorRegistrationDelegate$BeanPostProcessorChecker - Bean 'tbRoleMapper' of type [class com.sun.proxy.$Proxy40] is not eligible for getting processed by all BeanPostProcessors (for example: not eligible for auto-proxying)
2017-03-24 08:51:58.915 [localhost-startStop-1] INFO  o.s.c.s.PostProcessorRegistrationDelegate$BeanPostProcessorChecker - Bean 'userServiceImpl' of type [class com.maizhong.service.impl.UserServiceImpl] is not eligible for getting processed by all BeanPostProcessors (for example: not eligible for auto-proxying)
2017-03-24 08:51:58.948 [localhost-startStop-1] INFO  o.s.c.s.PostProcessorRegistrationDelegate$BeanPostProcessorChecker - Bean 'transactionManager' of type [class org.springframework.jdbc.datasource.DataSourceTransactionManager] is not eligible for getting processed by all BeanPostProcessors (for example: not eligible for auto-proxying)
2017-03-24 08:51:59.000 [localhost-startStop-1] INFO  o.s.c.s.PostProcessorRegistrationDelegate$BeanPostProcessorChecker - Bean '(inner bean)#2159eb25' of type [class org.springframework.transaction.interceptor.NameMatchTransactionAttributeSource] is not eligible for getting processed by all BeanPostProcessors (for example: not eligible for auto-proxying)
2017-03-24 08:51:59.010 [localhost-startStop-1] INFO  o.s.c.s.PostProcessorRegistrationDelegate$BeanPostProcessorChecker - Bean 'txAdvice' of type [class org.springframework.transaction.interceptor.TransactionInterceptor] is not eligible for getting processed by all BeanPostProcessors (for example: not eligible for auto-proxying)
2017-03-24 08:51:59.056 [localhost-startStop-1] INFO  o.s.c.s.PostProcessorRegistrationDelegate$BeanPostProcessorChecker - Bean 'tbRolePermissionMapper' of type [class com.sun.proxy.$Proxy43] is not eligible for getting processed by all BeanPostProcessors (for example: not eligible for auto-proxying)
2017-03-24 08:51:59.068 [localhost-startStop-1] INFO  o.s.c.s.PostProcessorRegistrationDelegate$BeanPostProcessorChecker - Bean 'roleServiceImpl' of type [class com.maizhong.service.impl.RoleServiceImpl] is not eligible for getting processed by all BeanPostProcessors (for example: not eligible for auto-proxying)
2017-03-24 08:51:59.092 [localhost-startStop-1] INFO  o.s.c.s.PostProcessorRegistrationDelegate$BeanPostProcessorChecker - Bean 'tbPermissionMapper' of type [class com.sun.proxy.$Proxy46] is not eligible for getting processed by all BeanPostProcessors (for example: not eligible for auto-proxying)
2017-03-24 08:51:59.105 [localhost-startStop-1] INFO  o.s.c.s.PostProcessorRegistrationDelegate$BeanPostProcessorChecker - Bean 'permissionServiceImpl' of type [class com.maizhong.service.impl.PermissionServiceImpl] is not eligible for getting processed by all BeanPostProcessors (for example: not eligible for auto-proxying)
2017-03-24 08:51:59.116 [localhost-startStop-1] INFO  org.apache.shiro.realm.AuthorizingRealm - No cache or cacheManager properties have been set.  Authorization cache cannot be obtained.
2017-03-24 08:51:59.116 [localhost-startStop-1] INFO  o.s.c.s.PostProcessorRegistrationDelegate$BeanPostProcessorChecker - Bean 'userRealm' of type [class com.maizhong.shiro.MyRealm] is not eligible for getting processed by all BeanPostProcessors (for example: not eligible for auto-proxying)
2017-03-24 08:51:59.303 [localhost-startStop-1] INFO  o.s.c.s.PostProcessorRegistrationDelegate$BeanPostProcessorChecker - Bean 'cacheManager' of type [class org.apache.shiro.cache.ehcache.EhCacheManager] is not eligible for getting processed by all BeanPostProcessors (for example: not eligible for auto-proxying)
2017-03-24 08:51:59.310 [localhost-startStop-1] INFO  org.apache.shiro.cache.ehcache.EhCacheManager - Cache with name 'com.maizhong.shiro.MyRealm.authorizationCache' does not yet exist.  Creating now.
2017-03-24 08:51:59.339 [localhost-startStop-1] INFO  org.apache.shiro.cache.ehcache.EhCacheManager - Added EhCache named [com.maizhong.shiro.MyRealm.authorizationCache]
2017-03-24 08:51:59.340 [localhost-startStop-1] INFO  o.s.c.s.PostProcessorRegistrationDelegate$BeanPostProcessorChecker - Bean 'securityManager' of type [class org.apache.shiro.web.mgt.DefaultWebSecurityManager] is not eligible for getting processed by all BeanPostProcessors (for example: not eligible for auto-proxying)
2017-03-24 08:51:59.397 [localhost-startStop-1] INFO  o.s.c.s.PostProcessorRegistrationDelegate$BeanPostProcessorChecker - Bean 'org.apache.shiro.spring.security.interceptor.AuthorizationAttributeSourceAdvisor#0' of type [class org.apache.shiro.spring.security.interceptor.AuthorizationAttributeSourceAdvisor] is not eligible for getting processed by all BeanPostProcessors (for example: not eligible for auto-proxying)
2017-03-24 08:51:59.638 [localhost-startStop-1] WARN  o.s.b.f.a.AutowiredAnnotationBeanPostProcessor - Autowired annotation is not supported on static fields: private static java.lang.Integer com.maizhong.service.impl.CarServiceImpl.PAGESIZE
2017-03-24 08:51:59.639 [localhost-startStop-1] WARN  o.s.b.f.a.AutowiredAnnotationBeanPostProcessor - Autowired annotation is not supported on static fields: private static java.lang.Integer com.maizhong.service.impl.CarServiceImpl.POINTPRICE
2017-03-24 08:52:00.239 [localhost-startStop-1] INFO  org.springframework.web.context.ContextLoader - Root WebApplicationContext: initialization completed in 8321 ms
2017-03-24 08:52:00.350 [localhost-startStop-1] INFO  org.springframework.web.servlet.DispatcherServlet - FrameworkServlet 'dispathcher': initialization started
2017-03-24 08:52:00.354 [localhost-startStop-1] INFO  o.s.web.context.support.XmlWebApplicationContext - Refreshing WebApplicationContext for namespace 'dispathcher-servlet': startup date [Fri Mar 24 08:52:00 CST 2017]; parent: Root WebApplicationContext
2017-03-24 08:52:00.355 [localhost-startStop-1] INFO  o.s.beans.factory.xml.XmlBeanDefinitionReader - Loading XML bean definitions from class path resource [spring/spring_mvc.xml]
2017-03-24 08:52:00.793 [localhost-startStop-1] INFO  o.s.c.support.PropertySourcesPlaceholderConfigurer - Loading properties file from file [D:\workspace\MaiZhong\Manager\Manager_Controller\target\classes\resource\db.properties]
2017-03-24 08:52:00.793 [localhost-startStop-1] INFO  o.s.c.support.PropertySourcesPlaceholderConfigurer - Loading properties file from file [D:\workspace\MaiZhong\Manager\Manager_Controller\target\classes\resource\resource.properties]
2017-03-24 08:52:00.798 [localhost-startStop-1] INFO  o.s.b.f.a.AutowiredAnnotationBeanPostProcessor - JSR-330 'javax.inject.Inject' annotation found and supported for autowiring
2017-03-24 08:52:02.314 [localhost-startStop-1] WARN  o.s.b.f.a.AutowiredAnnotationBeanPostProcessor - Autowired annotation is not supported on static fields: private static java.lang.String com.maizhong.controller.CarController.PageSize
2017-03-24 08:52:02.315 [localhost-startStop-1] WARN  o.s.b.f.a.AutowiredAnnotationBeanPostProcessor - Autowired annotation is not supported on static fields: private static java.lang.String com.maizhong.controller.CarController.COLOR_CAR_DIC
2017-03-24 08:52:02.315 [localhost-startStop-1] WARN  o.s.b.f.a.AutowiredAnnotationBeanPostProcessor - Autowired annotation is not supported on static fields: private static java.lang.String com.maizhong.controller.CarController.GAERBOX_CAR_DIC
2017-03-24 08:52:02.594 [localhost-startStop-1] INFO  o.s.w.s.m.m.a.RequestMappingHandlerMapping - Mapped "{[/advert/handle/{id}]}" onto public java.lang.String com.maizhong.controller.AdvertController.handle(java.lang.String,org.springframework.ui.Model)
2017-03-24 08:52:02.594 [localhost-startStop-1] INFO  o.s.w.s.m.m.a.RequestMappingHandlerMapping - Mapped "{[/advert/list],methods=[POST]}" onto public com.maizhong.common.result.JsonResult com.maizhong.controller.AdvertController.advertList(com.maizhong.common.dto.PageSearchParam)
2017-03-24 08:52:02.594 [localhost-startStop-1] INFO  o.s.w.s.m.m.a.RequestMappingHandlerMapping - Mapped "{[/advert],methods=[GET]}" onto public java.lang.String com.maizhong.controller.AdvertController.advert(org.springframework.ui.Model)
2017-03-24 08:52:02.594 [localhost-startStop-1] INFO  o.s.w.s.m.m.a.RequestMappingHandlerMapping - Mapped "{[/advert/save],methods=[POST]}" onto public com.maizhong.common.result.JsonResult com.maizhong.controller.AdvertController.advertSave(com.maizhong.pojo.TbAdvert)
2017-03-24 08:52:02.594 [localhost-startStop-1] INFO  o.s.w.s.m.m.a.RequestMappingHandlerMapping - Mapped "{[/advert/delete/{id}],methods=[POST]}" onto public com.maizhong.common.result.JsonResult com.maizhong.controller.AdvertController.advertDelete(long)
2017-03-24 08:52:02.594 [localhost-startStop-1] INFO  o.s.w.s.m.m.a.RequestMappingHandlerMapping - Mapped "{[/advert/update],methods=[POST]}" onto public com.maizhong.common.result.JsonResult com.maizhong.controller.AdvertController.advertUpdate(com.maizhong.pojo.TbAdvert)
2017-03-24 08:52:02.594 [localhost-startStop-1] INFO  o.s.w.s.m.m.a.RequestMappingHandlerMapping - Mapped "{[/advert/fabu/{id}],methods=[POST]}" onto public com.maizhong.common.result.JsonResult com.maizhong.controller.AdvertController.advertPublish(long)
2017-03-24 08:52:02.595 [localhost-startStop-1] INFO  o.s.w.s.m.m.a.RequestMappingHandlerMapping - Mapped "{[/advert/{id}/advert/upload],methods=[POST]}" onto public com.maizhong.common.result.JsonResult com.maizhong.controller.AdvertController.AdvertImgUpdate(org.springframework.web.multipart.MultipartFile,java.lang.String)
2017-03-24 08:52:02.595 [localhost-startStop-1] INFO  o.s.w.s.m.m.a.RequestMappingHandlerMapping - Mapped "{[/advert/advert/upload],methods=[POST]}" onto public com.maizhong.common.result.JsonResult com.maizhong.controller.AdvertController.AdvertImgUpload(org.springframework.web.multipart.MultipartFile)
2017-03-24 08:52:02.595 [localhost-startStop-1] INFO  o.s.w.s.m.m.a.RequestMappingHandlerMapping - Mapped "{[/advert/remove/{id}],methods=[POST]}" onto public com.maizhong.common.result.JsonResult com.maizhong.controller.AdvertController.advertPublishRemove(long)
2017-03-24 08:52:02.595 [localhost-startStop-1] INFO  o.s.w.s.m.m.a.RequestMappingHandlerMapping - Mapped "{[/advertPublish],methods=[GET]}" onto public java.lang.String com.maizhong.controller.AdvertPublishController.advertPublish(org.springframework.ui.Model)
2017-03-24 08:52:02.595 [localhost-startStop-1] INFO  o.s.w.s.m.m.a.RequestMappingHandlerMapping - Mapped "{[/advertPublish/handle/{meth}/{id}]}" onto public com.maizhong.common.result.JsonResult com.maizhong.controller.AdvertPublishController.changeSort(java.lang.String,long)
2017-03-24 08:52:02.596 [localhost-startStop-1] INFO  o.s.w.s.m.m.a.RequestMappingHandlerMapping - Mapped "{[/advertPublish/list],methods=[POST]}" onto public com.maizhong.common.result.JsonResult com.maizhong.controller.AdvertPublishController.advertPublishList(com.maizhong.common.dto.PageSearchParam)
2017-03-24 08:52:02.596 [localhost-startStop-1] INFO  o.s.w.s.m.m.a.RequestMappingHandlerMapping - Mapped "{[/advertPublish/delete/{id}],methods=[POST]}" onto public com.maizhong.common.result.JsonResult com.maizhong.controller.AdvertPublishController.advertPublishDelete(long)
2017-03-24 08:52:02.597 [localhost-startStop-1] INFO  o.s.w.s.m.m.a.RequestMappingHandlerMapping - Mapped "{[/permission/handle/{id}]}" onto public java.lang.String com.maizhong.controller.PermissionController.handle(java.lang.String,org.springframework.ui.Model)
2017-03-24 08:52:02.598 [localhost-startStop-1] INFO  o.s.w.s.m.m.a.RequestMappingHandlerMapping - Mapped "{[/permission],methods=[GET]}" onto public java.lang.String com.maizhong.controller.PermissionController.permission(org.springframework.ui.Model)
2017-03-24 08:52:02.598 [localhost-startStop-1] INFO  o.s.w.s.m.m.a.RequestMappingHandlerMapping - Mapped "{[/permission/list],methods=[POST]}" onto public com.maizhong.common.result.JsonResult com.maizhong.controller.PermissionController.permissionList()
2017-03-24 08:52:02.598 [localhost-startStop-1] INFO  o.s.w.s.m.m.a.RequestMappingHandlerMapping - Mapped "{[/permission/save],methods=[POST]}" onto public com.maizhong.common.result.JsonResult com.maizhong.controller.PermissionController.permissionSave(com.maizhong.pojo.TbPermission,org.springframework.validation.BindingResult)
2017-03-24 08:52:02.598 [localhost-startStop-1] INFO  o.s.w.s.m.m.a.RequestMappingHandlerMapping - Mapped "{[/permission/update],methods=[POST]}" onto public com.maizhong.common.result.JsonResult com.maizhong.controller.PermissionController.permissionUpdate(com.maizhong.pojo.TbPermission,org.springframework.validation.BindingResult)
2017-03-24 08:52:02.598 [localhost-startStop-1] INFO  o.s.w.s.m.m.a.RequestMappingHandlerMapping - Mapped "{[/permission/delete/{id}],methods=[POST]}" onto public com.maizhong.common.result.JsonResult com.maizhong.controller.PermissionController.permissionDelete(java.lang.String)
2017-03-24 08:52:02.599 [localhost-startStop-1] INFO  o.s.w.s.m.m.a.RequestMappingHandlerMapping - Mapped "{[/test/{test}]}" onto public java.lang.String com.maizhong.controller.TestController.test(java.lang.String)
2017-03-24 08:52:02.599 [localhost-startStop-1] INFO  o.s.w.s.m.m.a.RequestMappingHandlerMapping - Mapped "{[/test/carSku/add]}" onto public java.lang.String com.maizhong.controller.TestController.testSku(java.lang.String[],java.lang.String[],java.lang.Integer[],java.lang.Double[],java.lang.Double[]) throws java.lang.Exception
2017-03-24 08:52:02.600 [localhost-startStop-1] INFO  o.s.w.s.m.m.a.RequestMappingHandlerMapping - Mapped "{[/brand/handle/{id}]}" onto public java.lang.String com.maizhong.controller.BrandController.handle(java.lang.String,org.springframework.ui.Model)
2017-03-24 08:52:02.600 [localhost-startStop-1] INFO  o.s.w.s.m.m.a.RequestMappingHandlerMapping - Mapped "{[/getCarBrandListAll],methods=[GET]}" onto public java.lang.String com.maizhong.controller.BrandController.brandListAll()
2017-03-24 08:52:02.600 [localhost-startStop-1] INFO  o.s.w.s.m.m.a.RequestMappingHandlerMapping - Mapped "{[/brand/list],methods=[POST]}" onto public com.maizhong.common.result.JsonResult com.maizhong.controller.BrandController.brandList(com.maizhong.common.dto.PageSearchParam)
2017-03-24 08:52:02.600 [localhost-startStop-1] INFO  o.s.w.s.m.m.a.RequestMappingHandlerMapping - Mapped "{[/brand/save],methods=[POST]}" onto public com.maizhong.common.result.JsonResult com.maizhong.controller.BrandController.carBrandSave(com.maizhong.pojo.TbCarBrand)
2017-03-24 08:52:02.600 [localhost-startStop-1] INFO  o.s.w.s.m.m.a.RequestMappingHandlerMapping - Mapped "{[/brand/update],methods=[POST]}" onto public com.maizhong.common.result.JsonResult com.maizhong.controller.BrandController.brandUpdate(com.maizhong.pojo.TbCarBrand)
2017-03-24 08:52:02.600 [localhost-startStop-1] INFO  o.s.w.s.m.m.a.RequestMappingHandlerMapping - Mapped "{[/brand/findAll]}" onto public com.maizhong.common.result.JsonResult com.maizhong.controller.BrandController.findAll()
2017-03-24 08:52:02.601 [localhost-startStop-1] INFO  o.s.w.s.m.m.a.RequestMappingHandlerMapping - Mapped "{[/brand],methods=[GET]}" onto public java.lang.String com.maizhong.controller.BrandController.carBrand(org.springframework.ui.Model)
2017-03-24 08:52:02.601 [localhost-startStop-1] INFO  o.s.w.s.m.m.a.RequestMappingHandlerMapping - Mapped "{[/brand/delete/{id}],methods=[POST]}" onto public com.maizhong.common.result.JsonResult com.maizhong.controller.BrandController.carBrandDelete(long)
2017-03-24 08:52:02.601 [localhost-startStop-1] INFO  o.s.w.s.m.m.a.RequestMappingHandlerMapping - Mapped "{[/brand/{id}/advert/upload],methods=[POST]}" onto public com.maizhong.common.result.JsonResult com.maizhong.controller.BrandController.brandAdvertUpdate(org.springframework.web.multipart.MultipartFile,java.lang.String)
2017-03-24 08:52:02.601 [localhost-startStop-1] INFO  o.s.w.s.m.m.a.RequestMappingHandlerMapping - Mapped "{[/brand/advert/upload],methods=[POST]}" onto public com.maizhong.common.result.JsonResult com.maizhong.controller.BrandController.brandAdvertUpload(org.springframework.web.multipart.MultipartFile)
2017-03-24 08:52:02.602 [localhost-startStop-1] INFO  o.s.w.s.m.m.a.RequestMappingHandlerMapping - Mapped "{[/role/handle/{id}]}" onto public java.lang.String com.maizhong.controller.RoleController.handle(java.lang.String,org.springframework.ui.Model)
2017-03-24 08:52:02.602 [localhost-startStop-1] INFO  o.s.w.s.m.m.a.RequestMappingHandlerMapping - Mapped "{[/role/save],methods=[POST]}" onto public com.maizhong.common.result.JsonResult com.maizhong.controller.RoleController.save(com.maizhong.pojo.TbRole,org.springframework.validation.BindingResult)
2017-03-24 08:52:02.602 [localhost-startStop-1] INFO  o.s.w.s.m.m.a.RequestMappingHandlerMapping - Mapped "{[/role/delete/{id}],methods=[POST]}" onto public com.maizhong.common.result.JsonResult com.maizhong.controller.RoleController.delete(java.lang.String)
2017-03-24 08:52:02.602 [localhost-startStop-1] INFO  o.s.w.s.m.m.a.RequestMappingHandlerMapping - Mapped "{[/role/update],methods=[POST]}" onto public com.maizhong.common.result.JsonResult com.maizhong.controller.RoleController.update(com.maizhong.pojo.TbRole,org.springframework.validation.BindingResult)
2017-03-24 08:52:02.602 [localhost-startStop-1] INFO  o.s.w.s.m.m.a.RequestMappingHandlerMapping - Mapped "{[/role],methods=[GET]}" onto public java.lang.String com.maizhong.controller.RoleController.role(org.springframework.ui.Model)
2017-03-24 08:52:02.602 [localhost-startStop-1] INFO  o.s.w.s.m.m.a.RequestMappingHandlerMapping - Mapped "{[/role/list],methods=[POST]}" onto public com.maizhong.common.result.JsonResult com.maizhong.controller.RoleController.roleList(com.maizhong.common.dto.PageSearchParam)
2017-03-24 08:52:02.603 [localhost-startStop-1] INFO  o.s.w.s.m.m.a.RequestMappingHandlerMapping - Mapped "{[/role/permission/save],methods=[POST]}" onto public com.maizhong.common.result.JsonResult com.maizhong.controller.RoleController.rolePermission(java.util.List,long)
2017-03-24 08:52:02.603 [localhost-startStop-1] INFO  o.s.w.s.m.m.a.RequestMappingHandlerMapping - Mapped "{[/role/permission/{id}],methods=[GET]}" onto public java.lang.String com.maizhong.controller.RoleController.rolePermission(java.lang.String,org.springframework.ui.Model)
2017-03-24 08:52:02.603 [localhost-startStop-1] INFO  o.s.w.s.m.m.a.RequestMappingHandlerMapping - Mapped "{[/user/handle/{id}]}" onto public java.lang.String com.maizhong.controller.UserController.handle(java.lang.String,org.springframework.ui.Model)
2017-03-24 08:52:02.604 [localhost-startStop-1] INFO  o.s.w.s.m.m.a.RequestMappingHandlerMapping - Mapped "{[/user],methods=[GET]}" onto public java.lang.String com.maizhong.controller.UserController.user(org.springframework.ui.Model)
2017-03-24 08:52:02.604 [localhost-startStop-1] INFO  o.s.w.s.m.m.a.RequestMappingHandlerMapping - Mapped "{[/user/list],methods=[POST]}" onto public com.maizhong.common.result.JsonResult com.maizhong.controller.UserController.userList(com.maizhong.common.dto.PageSearchParam)
2017-03-24 08:52:02.604 [localhost-startStop-1] INFO  o.s.w.s.m.m.a.RequestMappingHandlerMapping - Mapped "{[/user/update],methods=[POST]}" onto public com.maizhong.common.result.JsonResult com.maizhong.controller.UserController.userUpdate(com.maizhong.pojo.TbUser)
2017-03-24 08:52:02.604 [localhost-startStop-1] INFO  o.s.w.s.m.m.a.RequestMappingHandlerMapping - Mapped "{[/user/save],methods=[POST]}" onto public com.maizhong.common.result.JsonResult com.maizhong.controller.UserController.userSave(com.maizhong.pojo.TbUser)
2017-03-24 08:52:02.604 [localhost-startStop-1] INFO  o.s.w.s.m.m.a.RequestMappingHandlerMapping - Mapped "{[/user/delete/{userId}],methods=[POST]}" onto public com.maizhong.common.result.JsonResult com.maizhong.controller.UserController.userDelete(long)
2017-03-24 08:52:02.604 [localhost-startStop-1] INFO  o.s.w.s.m.m.a.RequestMappingHandlerMapping - Mapped "{[/user/{id}/pass/update],methods=[POST]}" onto public com.maizhong.common.result.JsonResult com.maizhong.controller.UserController.userPassUpdate(java.lang.String,java.lang.String,java.lang.String,java.lang.String)
2017-03-24 08:52:02.604 [localhost-startStop-1] INFO  o.s.w.s.m.m.a.RequestMappingHandlerMapping - Mapped "{[/user/{userId}/advert/upload],methods=[POST]}" onto public com.maizhong.common.result.JsonResult com.maizhong.controller.UserController.userAdvertUpload(org.springframework.web.multipart.MultipartFile,java.lang.String)
2017-03-24 08:52:02.604 [localhost-startStop-1] INFO  o.s.w.s.m.m.a.RequestMappingHandlerMapping - Mapped "{[/user/{userId}/role/update],methods=[POST]}" onto public com.maizhong.common.result.JsonResult com.maizhong.controller.UserController.userRoleUpdate(java.util.List,long)
2017-03-24 08:52:02.605 [localhost-startStop-1] INFO  o.s.w.s.m.m.a.RequestMappingHandlerMapping - Mapped "{[/member],methods=[GET]}" onto public java.lang.String com.maizhong.controller.MemberController.member(org.springframework.ui.Model)
2017-03-24 08:52:02.605 [localhost-startStop-1] INFO  o.s.w.s.m.m.a.RequestMappingHandlerMapping - Mapped "{[/member/list],methods=[POST]}" onto public com.maizhong.common.result.JsonResult com.maizhong.controller.MemberController.userList(com.maizhong.common.dto.PageSearchParam)
2017-03-24 08:52:02.605 [localhost-startStop-1] INFO  o.s.w.s.m.m.a.RequestMappingHandlerMapping - Mapped "{[/dictionary/handle/{id}]}" onto public java.lang.String com.maizhong.controller.DictionaryController.handle(java.lang.String,org.springframework.ui.Model)
2017-03-24 08:52:02.605 [localhost-startStop-1] INFO  o.s.w.s.m.m.a.RequestMappingHandlerMapping - Mapped "{[/dictionary],methods=[GET]}" onto public java.lang.String com.maizhong.controller.DictionaryController.dictionary(org.springframework.ui.Model)
2017-03-24 08:52:02.606 [localhost-startStop-1] INFO  o.s.w.s.m.m.a.RequestMappingHandlerMapping - Mapped "{[/dictionary/list],methods=[POST]}" onto public com.maizhong.common.result.JsonResult com.maizhong.controller.DictionaryController.dictionaryList()
2017-03-24 08:52:02.606 [localhost-startStop-1] INFO  o.s.w.s.m.m.a.RequestMappingHandlerMapping - Mapped "{[/dictionary/redis]}" onto public com.maizhong.common.result.JsonResult com.maizhong.controller.DictionaryController.dictionaryRedis()
2017-03-24 08:52:02.606 [localhost-startStop-1] INFO  o.s.w.s.m.m.a.RequestMappingHandlerMapping - Mapped "{[/dictionary/save],methods=[POST]}" onto public com.maizhong.common.result.JsonResult com.maizhong.controller.DictionaryController.dictionarySave(com.maizhong.pojo.TbDictionary,org.springframework.validation.BindingResult)
2017-03-24 08:52:02.606 [localhost-startStop-1] INFO  o.s.w.s.m.m.a.RequestMappingHandlerMapping - Mapped "{[/dictionary/update],methods=[POST]}" onto public com.maizhong.common.result.JsonResult com.maizhong.controller.DictionaryController.dictionaryUpdate(com.maizhong.pojo.TbDictionary,org.springframework.validation.BindingResult)
2017-03-24 08:52:02.606 [localhost-startStop-1] INFO  o.s.w.s.m.m.a.RequestMappingHandlerMapping - Mapped "{[/dictionary/delete/{id}],methods=[POST]}" onto public com.maizhong.common.result.JsonResult com.maizhong.controller.DictionaryController.dictionaryDelete(java.lang.String)
2017-03-24 08:52:02.607 [localhost-startStop-1] INFO  o.s.w.s.m.m.a.RequestMappingHandlerMapping - Mapped "{[/carProp/prop/{id}]}" onto public java.lang.String com.maizhong.controller.CarPropController.seePropUi(java.lang.Long,org.springframework.ui.Model)
2017-03-24 08:52:02.607 [localhost-startStop-1] INFO  o.s.w.s.m.m.a.RequestMappingHandlerMapping - Mapped "{[/carProp/save]}" onto public com.maizhong.common.result.JsonResult com.maizhong.controller.CarPropController.saveOrEdit(com.maizhong.pojo.TbCarProp)
2017-03-24 08:52:02.607 [localhost-startStop-1] INFO  o.s.w.s.m.m.a.RequestMappingHandlerMapping - Mapped "{[/feedback],methods=[GET]}" onto public java.lang.String com.maizhong.controller.FeedbackController.member(org.springframework.ui.Model)
2017-03-24 08:52:02.607 [localhost-startStop-1] INFO  o.s.w.s.m.m.a.RequestMappingHandlerMapping - Mapped "{[/feedback/list],methods=[POST]}" onto public com.maizhong.common.result.JsonResult com.maizhong.controller.FeedbackController.userList(com.maizhong.common.dto.PageSearchParam)
2017-03-24 08:52:02.608 [localhost-startStop-1] INFO  o.s.w.s.m.m.a.RequestMappingHandlerMapping - Mapped "{[/lock/{un}/{pwd}],methods=[POST]}" onto public com.maizhong.common.result.JsonResult com.maizhong.controller.LoginController.lock(java.lang.String,java.lang.String)
2017-03-24 08:52:02.608 [localhost-startStop-1] INFO  o.s.w.s.m.m.a.RequestMappingHandlerMapping - Mapped "{[/login]}" onto public java.lang.String com.maizhong.controller.LoginController.login()
2017-03-24 08:52:02.608 [localhost-startStop-1] INFO  o.s.w.s.m.m.a.RequestMappingHandlerMapping - Mapped "{[/loginCheck]}" onto public com.maizhong.common.result.JsonResult com.maizhong.controller.LoginController.loginCheck(com.maizhong.pojo.TbUser,org.springframework.validation.BindingResult,javax.servlet.http.HttpServletRequest)
2017-03-24 08:52:02.608 [localhost-startStop-1] INFO  o.s.w.s.m.m.a.RequestMappingHandlerMapping - Mapped "{[/logOut],methods=[POST]}" onto public com.maizhong.common.result.JsonResult com.maizhong.controller.LoginController.logOut()
2017-03-24 08:52:02.608 [localhost-startStop-1] INFO  o.s.w.s.m.m.a.RequestMappingHandlerMapping - Mapped "{[/verifyCode],methods=[GET]}" onto public void com.maizhong.controller.LoginController.verifyCode(javax.servlet.http.HttpServletRequest,javax.servlet.http.HttpServletResponse) throws java.io.IOException
2017-03-24 08:52:02.609 [localhost-startStop-1] INFO  o.s.w.s.m.m.a.RequestMappingHandlerMapping - Mapped "{[/log/run/delete],methods=[POST]}" onto public com.maizhong.common.result.JsonResult com.maizhong.controller.LogController.logRunDelete()
2017-03-24 08:52:02.609 [localhost-startStop-1] INFO  o.s.w.s.m.m.a.RequestMappingHandlerMapping - Mapped "{[/log/run],methods=[GET]}" onto public java.lang.String com.maizhong.controller.LogController.runLog(org.springframework.ui.Model)
2017-03-24 08:52:02.609 [localhost-startStop-1] INFO  o.s.w.s.m.m.a.RequestMappingHandlerMapping - Mapped "{[/log/run/list],methods=[POST]}" onto public com.maizhong.common.result.JsonResult com.maizhong.controller.LogController.logRunList(com.maizhong.common.dto.PageSearchParam)
2017-03-24 08:52:02.609 [localhost-startStop-1] INFO  o.s.w.s.m.m.a.RequestMappingHandlerMapping - Mapped "{[/log/error/list],methods=[POST]}" onto public com.maizhong.common.result.JsonResult com.maizhong.controller.LogController.logErrorList(com.maizhong.common.dto.PageSearchParam)
2017-03-24 08:52:02.609 [localhost-startStop-1] INFO  o.s.w.s.m.m.a.RequestMappingHandlerMapping - Mapped "{[/log/error],methods=[GET]}" onto public java.lang.String com.maizhong.controller.LogController.errorLog(org.springframework.ui.Model)
2017-03-24 08:52:02.609 [localhost-startStop-1] INFO  o.s.w.s.m.m.a.RequestMappingHandlerMapping - Mapped "{[/log/error/delete],methods=[POST]}" onto public com.maizhong.common.result.JsonResult com.maizhong.controller.LogController.logErrorDelete()
2017-03-24 08:52:02.609 [localhost-startStop-1] INFO  o.s.w.s.m.m.a.RequestMappingHandlerMapping - Mapped "{[/log/error/detail/{id}]}" onto public java.lang.String com.maizhong.controller.LogController.logErrorDetail(int,org.springframework.ui.Model)
2017-03-24 08:52:02.610 [localhost-startStop-1] INFO  o.s.w.s.m.m.a.RequestMappingHandlerMapping - Mapped "{[/carBrandLine/insert]}" onto public com.maizhong.common.result.JsonResult com.maizhong.controller.TbCarBrandLineController.insertLine(com.maizhong.pojo.TbCarBrandLine)
2017-03-24 08:52:02.610 [localhost-startStop-1] INFO  o.s.w.s.m.m.a.RequestMappingHandlerMapping - Mapped "{[/carBrandLine/delect/{id}]}" onto public com.maizhong.common.result.JsonResult com.maizhong.controller.TbCarBrandLineController.deleteLine(java.lang.Long)
2017-03-24 08:52:02.610 [localhost-startStop-1] INFO  o.s.w.s.m.m.a.RequestMappingHandlerMapping - Mapped "{[/carBrandLine/list/{brandId}]}" onto public com.maizhong.common.result.JsonResult com.maizhong.controller.TbCarBrandLineController.findLineByBrandId(java.lang.Long)
2017-03-24 08:52:02.610 [localhost-startStop-1] INFO  o.s.w.s.m.m.a.RequestMappingHandlerMapping - Mapped "{[/file/upload]}" onto public java.util.Map com.maizhong.controller.FileUploadController.upload(org.springframework.web.multipart.MultipartFile)
2017-03-24 08:52:02.611 [localhost-startStop-1] INFO  o.s.w.s.m.m.a.RequestMappingHandlerMapping - Mapped "{[/car/list]}" onto public java.lang.String com.maizhong.controller.CarController.list(org.springframework.ui.Model)
2017-03-24 08:52:02.612 [localhost-startStop-1] INFO  o.s.w.s.m.m.a.RequestMappingHandlerMapping - Mapped "{[/car/insert]}" onto public com.maizhong.common.result.JsonResult com.maizhong.controller.CarController.insert(com.maizhong.pojo.TbCar)
2017-03-24 08:52:02.612 [localhost-startStop-1] INFO  o.s.w.s.m.m.a.RequestMappingHandlerMapping - Mapped "{[/car/findAll]}" onto public com.maizhong.common.result.JsonResult com.maizhong.controller.CarController.findAll(com.maizhong.common.dto.PageSearchParam)
2017-03-24 08:52:02.612 [localhost-startStop-1] INFO  o.s.w.s.m.m.a.RequestMappingHandlerMapping - Mapped "{[/car/seeDesc]}" onto public com.maizhong.common.result.JsonResult com.maizhong.controller.CarController.seeDesc(java.lang.Long)
2017-03-24 08:52:02.612 [localhost-startStop-1] INFO  o.s.w.s.m.m.a.RequestMappingHandlerMapping - Mapped "{[/car/add]}" onto public java.lang.String com.maizhong.controller.CarController.addCar(org.springframework.ui.Model)
2017-03-24 08:52:02.612 [localhost-startStop-1] INFO  o.s.w.s.m.m.a.RequestMappingHandlerMapping - Mapped "{[/car/deleteCar/{id}]}" onto public com.maizhong.common.result.JsonResult com.maizhong.controller.CarController.delCar(java.lang.Long)
2017-03-24 08:52:02.612 [localhost-startStop-1] INFO  o.s.w.s.m.m.a.RequestMappingHandlerMapping - Mapped "{[/car/updateUI/{id}]}" onto public java.lang.String com.maizhong.controller.CarController.updateUI(java.lang.Long,org.springframework.ui.Model)
2017-03-24 08:52:02.612 [localhost-startStop-1] INFO  o.s.w.s.m.m.a.RequestMappingHandlerMapping - Mapped "{[/car/update]}" onto public com.maizhong.common.result.JsonResult com.maizhong.controller.CarController.updateCar(com.maizhong.pojo.TbCar)
2017-03-24 08:52:02.612 [localhost-startStop-1] INFO  o.s.w.s.m.m.a.RequestMappingHandlerMapping - Mapped "{[/car/overall/{carSeries}/{carYear}]}" onto public com.maizhong.common.result.JsonResult com.maizhong.controller.CarController.findBaseCar(java.lang.Long,java.lang.String)
2017-03-24 08:52:02.613 [localhost-startStop-1] INFO  o.s.w.s.m.m.a.RequestMappingHandlerMapping - Mapped "{[/menu/handle/{id}]}" onto public java.lang.String com.maizhong.controller.MenuController.handle(java.lang.String,org.springframework.ui.Model)
2017-03-24 08:52:02.613 [localhost-startStop-1] INFO  o.s.w.s.m.m.a.RequestMappingHandlerMapping - Mapped "{[/menu/save],methods=[POST]}" onto public com.maizhong.common.result.JsonResult com.maizhong.controller.MenuController.menuSave(com.maizhong.pojo.TbMenu,org.springframework.validation.BindingResult)
2017-03-24 08:52:02.613 [localhost-startStop-1] INFO  o.s.w.s.m.m.a.RequestMappingHandlerMapping - Mapped "{[/menu/update],methods=[POST]}" onto public com.maizhong.common.result.JsonResult com.maizhong.controller.MenuController.menuUpdate(com.maizhong.pojo.TbMenu,org.springframework.validation.BindingResult)
2017-03-24 08:52:02.613 [localhost-startStop-1] INFO  o.s.w.s.m.m.a.RequestMappingHandlerMapping - Mapped "{[/menu/delete/{id}],methods=[POST]}" onto public com.maizhong.common.result.JsonResult com.maizhong.controller.MenuController.menuDelete(java.lang.String)
2017-03-24 08:52:02.613 [localhost-startStop-1] INFO  o.s.w.s.m.m.a.RequestMappingHandlerMapping - Mapped "{[/menu/json/{typeId}],methods=[GET]}" onto public com.maizhong.common.result.JsonResult com.maizhong.controller.MenuController.menuJson(java.lang.String)
2017-03-24 08:52:02.613 [localhost-startStop-1] INFO  o.s.w.s.m.m.a.RequestMappingHandlerMapping - Mapped "{[/menu/list],methods=[POST]}" onto public com.maizhong.common.result.JsonResult com.maizhong.controller.MenuController.menuList()
2017-03-24 08:52:02.614 [localhost-startStop-1] INFO  o.s.w.s.m.m.a.RequestMappingHandlerMapping - Mapped "{[/menu],methods=[GET]}" onto public java.lang.String com.maizhong.controller.MenuController.menu(org.springframework.ui.Model)
2017-03-24 08:52:02.614 [localhost-startStop-1] INFO  o.s.w.s.m.m.a.RequestMappingHandlerMapping - Mapped "{[/menu/redis/clear],methods=[POST]}" onto public com.maizhong.common.result.JsonResult com.maizhong.controller.MenuController.menuRedisClear()
2017-03-24 08:52:02.614 [localhost-startStop-1] INFO  o.s.w.s.m.m.a.RequestMappingHandlerMapping - Mapped "{[/consult],methods=[GET]}" onto public java.lang.String com.maizhong.controller.ConsultController.member(org.springframework.ui.Model)
2017-03-24 08:52:02.614 [localhost-startStop-1] INFO  o.s.w.s.m.m.a.RequestMappingHandlerMapping - Mapped "{[/consult/handle/{id}]}" onto public java.lang.String com.maizhong.controller.ConsultController.handle(java.lang.String,org.springframework.ui.Model)
2017-03-24 08:52:02.614 [localhost-startStop-1] INFO  o.s.w.s.m.m.a.RequestMappingHandlerMapping - Mapped "{[/consult/list],methods=[POST]}" onto public com.maizhong.common.result.JsonResult com.maizhong.controller.ConsultController.consultList(com.maizhong.common.dto.PageSearchParam)
2017-03-24 08:52:02.614 [localhost-startStop-1] INFO  o.s.w.s.m.m.a.RequestMappingHandlerMapping - Mapped "{[/consult/update],methods=[POST]}" onto public com.maizhong.common.result.JsonResult com.maizhong.controller.ConsultController.consultUpdate(com.maizhong.pojo.TbConsult)
2017-03-24 08:52:02.615 [localhost-startStop-1] INFO  o.s.w.s.m.m.a.RequestMappingHandlerMapping - Mapped "{[/carColumn/handle/{id}]}" onto public java.lang.String com.maizhong.controller.BroadcastController.handle(java.lang.String,org.springframework.ui.Model)
2017-03-24 08:52:02.615 [localhost-startStop-1] INFO  o.s.w.s.m.m.a.RequestMappingHandlerMapping - Mapped "{[/carColumn/list],methods=[POST]}" onto public com.maizhong.common.result.JsonResult com.maizhong.controller.BroadcastController.advertList(com.maizhong.common.dto.PageSearchParam)
2017-03-24 08:52:02.615 [localhost-startStop-1] INFO  o.s.w.s.m.m.a.RequestMappingHandlerMapping - Mapped "{[/carColumn],methods=[GET]}" onto public java.lang.String com.maizhong.controller.BroadcastController.carColumn(org.springframework.ui.Model)
2017-03-24 08:52:02.615 [localhost-startStop-1] INFO  o.s.w.s.m.m.a.RequestMappingHandlerMapping - Mapped "{[/carColumn/carColumn_add],methods=[POST]}" onto public com.maizhong.common.result.JsonResult com.maizhong.controller.BroadcastController.columnCarSave(com.maizhong.pojo.TbCarColumn)
2017-03-24 08:52:02.615 [localhost-startStop-1] INFO  o.s.w.s.m.m.a.RequestMappingHandlerMapping - Mapped "{[/carColumn/redisUrl]}" onto public com.maizhong.common.result.JsonResult com.maizhong.controller.BroadcastController.dictionaryRedis()
2017-03-24 08:52:02.616 [localhost-startStop-1] INFO  o.s.w.s.m.m.a.RequestMappingHandlerMapping - Mapped "{[/carColumn/delete/{id}],methods=[POST]}" onto public com.maizhong.common.result.JsonResult com.maizhong.controller.BroadcastController.carBrandDelete(long)
2017-03-24 08:52:02.616 [localhost-startStop-1] INFO  o.s.w.s.m.m.a.RequestMappingHandlerMapping - Mapped "{[/carColumn/update],methods=[POST]}" onto public com.maizhong.common.result.JsonResult com.maizhong.controller.BroadcastController.carColumnUpdate(com.maizhong.pojo.TbCarColumn)
2017-03-24 08:52:02.616 [localhost-startStop-1] INFO  o.s.w.s.m.m.a.RequestMappingHandlerMapping - Mapped "{[/type/handle/{id}]}" onto public java.lang.String com.maizhong.controller.TypeController.handle(java.lang.String,org.springframework.ui.Model)
2017-03-24 08:52:02.617 [localhost-startStop-1] INFO  o.s.w.s.m.m.a.RequestMappingHandlerMapping - Mapped "{[/type/findAll]}" onto public com.maizhong.common.result.JsonResult com.maizhong.controller.TypeController.findAll()
2017-03-24 08:52:02.617 [localhost-startStop-1] INFO  o.s.w.s.m.m.a.RequestMappingHandlerMapping - Mapped "{[/getCarTypeListAll],methods=[GET]}" onto public java.lang.String com.maizhong.controller.TypeController.typeListAll()
2017-03-24 08:52:02.617 [localhost-startStop-1] INFO  o.s.w.s.m.m.a.RequestMappingHandlerMapping - Mapped "{[/type/save],methods=[POST]}" onto public com.maizhong.common.result.JsonResult com.maizhong.controller.TypeController.carTypeSave(com.maizhong.pojo.TbCarType)
2017-03-24 08:52:02.617 [localhost-startStop-1] INFO  o.s.w.s.m.m.a.RequestMappingHandlerMapping - Mapped "{[/type/delete/{id}],methods=[POST]}" onto public com.maizhong.common.result.JsonResult com.maizhong.controller.TypeController.carTypeDelete(long)
2017-03-24 08:52:02.617 [localhost-startStop-1] INFO  o.s.w.s.m.m.a.RequestMappingHandlerMapping - Mapped "{[/type/update],methods=[POST]}" onto public com.maizhong.common.result.JsonResult com.maizhong.controller.TypeController.typeUpdate(com.maizhong.pojo.TbCarType)
2017-03-24 08:52:02.617 [localhost-startStop-1] INFO  o.s.w.s.m.m.a.RequestMappingHandlerMapping - Mapped "{[/type/list],methods=[POST]}" onto public com.maizhong.common.result.JsonResult com.maizhong.controller.TypeController.typeList(com.maizhong.common.dto.PageSearchParam)
2017-03-24 08:52:02.617 [localhost-startStop-1] INFO  o.s.w.s.m.m.a.RequestMappingHandlerMapping - Mapped "{[/type],methods=[GET]}" onto public java.lang.String com.maizhong.controller.TypeController.carType(org.springframework.ui.Model)
2017-03-24 08:52:02.617 [localhost-startStop-1] INFO  o.s.w.s.m.m.a.RequestMappingHandlerMapping - Mapped "{[/type/{id}/advert/upload],methods=[POST]}" onto public com.maizhong.common.result.JsonResult com.maizhong.controller.TypeController.typeAdvertUpdate(org.springframework.web.multipart.MultipartFile,java.lang.String)
2017-03-24 08:52:02.617 [localhost-startStop-1] INFO  o.s.w.s.m.m.a.RequestMappingHandlerMapping - Mapped "{[/type/advert/upload],methods=[POST]}" onto public com.maizhong.common.result.JsonResult com.maizhong.controller.TypeController.typeAdvertUpload(org.springframework.web.multipart.MultipartFile)
2017-03-24 08:52:02.618 [localhost-startStop-1] INFO  o.s.w.s.m.m.a.RequestMappingHandlerMapping - Mapped "{[/]}" onto public java.lang.String com.maizhong.controller.IndexController.root()
2017-03-24 08:52:02.618 [localhost-startStop-1] INFO  o.s.w.s.m.m.a.RequestMappingHandlerMapping - Mapped "{[/index],methods=[GET]}" onto public java.lang.String com.maizhong.controller.IndexController.Index(org.springframework.ui.Model)
2017-03-24 08:52:02.724 [localhost-startStop-1] INFO  org.hibernate.validator.internal.util.Version - HV000001: Hibernate Validator 5.1.1.Final
2017-03-24 08:52:04.196 [localhost-startStop-1] INFO  o.s.w.s.m.m.a.RequestMappingHandlerAdapter - Looking for @ControllerAdvice: WebApplicationContext for namespace 'dispathcher-servlet': startup date [Fri Mar 24 08:52:00 CST 2017]; parent: Root WebApplicationContext
2017-03-24 08:52:04.382 [localhost-startStop-1] INFO  o.s.w.s.m.m.a.RequestMappingHandlerAdapter - Looking for @ControllerAdvice: WebApplicationContext for namespace 'dispathcher-servlet': startup date [Fri Mar 24 08:52:00 CST 2017]; parent: Root WebApplicationContext
2017-03-24 08:52:04.705 [localhost-startStop-1] INFO  o.s.web.servlet.handler.SimpleUrlHandlerMapping - Mapped URL path [/resources/**] onto handler 'org.springframework.web.servlet.resource.ResourceHttpRequestHandler#0'
2017-03-24 08:52:04.839 [localhost-startStop-1] INFO  org.springframework.web.servlet.DispatcherServlet - FrameworkServlet 'dispathcher': initialization completed in 4488 ms
2017-03-24 08:52:34.149 [http-bio-8081-exec-2] WARN  org.springframework.web.servlet.PageNotFound - No mapping found for HTTP request with URI [/Center.html] in DispatcherServlet with name 'dispathcher'
2017-03-24 08:52:34.314 [http-bio-8081-exec-2] WARN  org.springframework.web.servlet.PageNotFound - No mapping found for HTTP request with URI [/favicon.ico] in DispatcherServlet with name 'dispathcher'
2017-03-24 08:52:35.757 [http-bio-8081-exec-2] INFO  com.maizhong.service.impl.MenuServiceImpl -  MANAGER_MENU_KEY:[{"title":"","icon":"fa2 fa-th","href":null,"spread":false,"children":[{"title":"","icon":"fa2 fa-th","href":"/brand","spread":false,"children":null},{"title":"","icon":"fa2 fa-th","href":"/series","spread":false,"children":null},{"title":"","icon":"fa2 fa-th","href":"/type","spread":false,"children":null}]},{"title":"","icon":"fa2 fa-globe","href":null,"spread":false,"children":[{"title":"","icon":"fa2 fa-globe","href":"/car/list","spread":false,"children":null},{"title":"","icon":"fa2 fa-globe","href":"/car/add","spread":false,"children":null}]},{"title":"4S","icon":"fa2 fa-arrows-alt","href":null,"spread":false,"children":[{"title":"","icon":"fa2 fa-arrows-alt","href":"/business","spread":false,"children":null}]},{"title":"","icon":"fa  fa-shield","href":null,"spread":false,"children":[{"title":"","icon":"fa  fa-shield","href":"/advert","spread":false,"children":null},{"title":"","icon":"fa2  fa-shield","href":"/advertPublish","spread":false,"children":null}]},{"title":"","icon":"fa2 fa-h-square","href":null,"spread":false,"children":[{"title":"","icon":"fa2 fa-h-square","href":"/member","spread":false,"children":null},{"title":"","icon":"fa2 fa-h-square","href":"/feedback","spread":false,"children":null},{"title":"","icon":"fa2 fa-h-square","href":"/consult","spread":false,"children":null}]},{"title":"","icon":"fa2 fa-bullhorn","href":null,"spread":false,"children":[{"title":"","icon":"fa2 fa-car","href":"/carColumn","spread":false,"children":null}]}]
