[INFO][2017-08-15 13:32:19] org.springframework.web.context.ContextLoader.initWebApplicationContext(ContextLoader.java:285) main Root WebApplicationContext: initialization started 
[INFO][2017-08-15 13:32:19] org.springframework.context.support.AbstractApplicationContext.prepareRefresh(AbstractApplicationContext.java:510) main Refreshing Root WebApplicationContext: startup date [Tue Aug 15 13:32:19 CST 2017]; root of context hierarchy 
[INFO][2017-08-15 13:32:19] org.springframework.beans.factory.xml.XmlBeanDefinitionReader.loadBeanDefinitions(XmlBeanDefinitionReader.java:317) main Loading XML bean definitions from class path resource [spring/spring-dao.xml] 
[INFO][2017-08-15 13:32:19] org.springframework.beans.factory.xml.XmlBeanDefinitionReader.loadBeanDefinitions(XmlBeanDefinitionReader.java:317) main Loading XML bean definitions from class path resource [spring/spring-service.xml] 
[INFO][2017-08-15 13:32:20] org.springframework.beans.factory.xml.XmlBeanDefinitionReader.loadBeanDefinitions(XmlBeanDefinitionReader.java:317) main Loading XML bean definitions from class path resource [spring/spring-jedis.xml] 
[INFO][2017-08-15 13:32:20] org.springframework.core.io.support.PropertiesLoaderSupport.loadProperties(PropertiesLoaderSupport.java:172) main Loading properties file from file [C:\Users\Xushd\IdeaProjects\MaiZhong\WebSocketJetty\target\classes\properties\db.properties] 
[INFO][2017-08-15 13:32:20] org.springframework.core.io.support.PropertiesLoaderSupport.loadProperties(PropertiesLoaderSupport.java:172) main Loading properties file from file [C:\Users\Xushd\IdeaProjects\MaiZhong\WebSocketJetty\target\classes\properties\log4j.properties] 
[INFO][2017-08-15 13:32:20] org.springframework.core.io.support.PropertiesLoaderSupport.loadProperties(PropertiesLoaderSupport.java:172) main Loading properties file from file [C:\Users\Xushd\IdeaProjects\MaiZhong\WebSocketJetty\target\classes\properties\resource.properties] 
[INFO][2017-08-15 13:32:20] org.springframework.beans.factory.annotation.AutowiredAnnotationBeanPostProcessor.<init>(AutowiredAnnotationBeanPostProcessor.java:153) main JSR-330 'javax.inject.Inject' annotation found and supported for autowiring 
[INFO][2017-08-15 13:32:21] com.alibaba.druid.pool.DruidDataSource.init(DruidDataSource.java:722) main {dataSource-1} inited 
[INFO][2017-08-15 13:32:24] org.springframework.web.servlet.mvc.method.annotation.RequestMappingHandlerAdapter.initControllerAdviceCache(RequestMappingHandlerAdapter.java:517) main Looking for @ControllerAdvice: Root WebApplicationContext: startup date [Tue Aug 15 13:32:19 CST 2017]; root of context hierarchy 
[INFO][2017-08-15 13:32:24] org.springframework.scheduling.concurrent.ExecutorConfigurationSupport.initialize(ExecutorConfigurationSupport.java:165) main Initializing ExecutorService  'defaultSockJsTaskScheduler' 
[INFO][2017-08-15 13:32:24] org.springframework.web.servlet.handler.AbstractUrlHandlerMapping.registerHandler(AbstractUrlHandlerMapping.java:314) main Mapped URL path [/websocket/socketServer] onto handler of type [class org.springframework.web.socket.server.support.WebSocketHttpRequestHandler] 
[INFO][2017-08-15 13:32:24] org.springframework.web.servlet.handler.AbstractUrlHandlerMapping.registerHandler(AbstractUrlHandlerMapping.java:314) main Mapped URL path [/websocket/sockjs/**] onto handler of type [class org.springframework.web.socket.sockjs.support.SockJsHttpRequestHandler] 
[INFO][2017-08-15 13:32:24] org.springframework.web.context.ContextLoader.initWebApplicationContext(ContextLoader.java:325) main Root WebApplicationContext: initialization completed in 5040 ms 
[INFO][2017-08-15 13:32:24] com.maizhong.auction.channel.InitChannel.contextInitialized(InitChannel.java:40) main -----开启轮训线程----- 
[INFO][2017-08-15 13:32:24] com.maizhong.auction.channel.InitChannel.contextInitialized(InitChannel.java:53) main 开启通道轮训:CH0 
[INFO][2017-08-15 13:32:24] com.maizhong.auction.channel.InitChannel.contextInitialized(InitChannel.java:53) main 开启通道轮训:CH1 
[INFO][2017-08-15 13:32:24] com.maizhong.auction.channel.InitChannel.contextInitialized(InitChannel.java:53) main 开启通道轮训:CH2 
[INFO][2017-08-15 13:32:24] com.maizhong.auction.channel.InitChannel.contextInitialized(InitChannel.java:53) main 开启通道轮训:CH3 
[INFO][2017-08-15 13:32:24] com.maizhong.auction.channel.InitChannel.contextInitialized(InitChannel.java:53) main 开启通道轮训:CH4 
[INFO][2017-08-15 13:32:24] com.maizhong.auction.channel.InitChannel.contextInitialized(InitChannel.java:53) main 开启通道轮训:CH5 
[INFO][2017-08-15 13:32:24] com.maizhong.auction.channel.InitChannel.contextInitialized(InitChannel.java:53) main 开启通道轮训:CH6 
[INFO][2017-08-15 13:32:24] com.maizhong.auction.channel.InitChannel.contextInitialized(InitChannel.java:53) main 开启通道轮训:CH7 
[INFO][2017-08-15 13:32:24] com.maizhong.auction.channel.InitChannel.contextInitialized(InitChannel.java:53) main 开启通道轮训:CH8 
[INFO][2017-08-15 13:32:24] com.maizhong.auction.channel.InitChannel.contextInitialized(InitChannel.java:53) main 开启通道轮训:CH9 
[INFO][2017-08-15 13:32:24] com.maizhong.auction.channel.InitChannel.contextInitialized(InitChannel.java:55) main -----开启数据存储轮训线程----- 
[INFO][2017-08-15 13:32:24] com.maizhong.auction.channel.InitChannel.contextInitialized(InitChannel.java:63) main -----开启发送轮训线程----- 
[INFO][2017-08-15 13:32:24] org.springframework.web.servlet.FrameworkServlet.initServletBean(FrameworkServlet.java:485) main FrameworkServlet 'socket-jetty': initialization started 
[INFO][2017-08-15 13:32:24] org.springframework.context.support.AbstractApplicationContext.prepareRefresh(AbstractApplicationContext.java:510) main Refreshing WebApplicationContext for namespace 'socket-jetty-servlet': startup date [Tue Aug 15 13:32:24 CST 2017]; parent: Root WebApplicationContext 
[INFO][2017-08-15 13:32:24] org.springframework.beans.factory.xml.XmlBeanDefinitionReader.loadBeanDefinitions(XmlBeanDefinitionReader.java:317) main Loading XML bean definitions from class path resource [spring/spring_mvc.xml] 
[INFO][2017-08-15 13:32:24] org.springframework.beans.factory.annotation.AutowiredAnnotationBeanPostProcessor.<init>(AutowiredAnnotationBeanPostProcessor.java:153) main JSR-330 'javax.inject.Inject' annotation found and supported for autowiring 
[INFO][2017-08-15 13:32:24] org.springframework.web.servlet.handler.AbstractHandlerMethodMapping.registerHandlerMethod(AbstractHandlerMethodMapping.java:217) main Mapped "{[/]}" onto public java.lang.String com.maizhong.auction.controller.IndexController.index() 
[INFO][2017-08-15 13:32:24] org.springframework.web.servlet.mvc.method.annotation.RequestMappingHandlerAdapter.initControllerAdviceCache(RequestMappingHandlerAdapter.java:517) main Looking for @ControllerAdvice: WebApplicationContext for namespace 'socket-jetty-servlet': startup date [Tue Aug 15 13:32:24 CST 2017]; parent: Root WebApplicationContext 
[INFO][2017-08-15 13:32:24] org.springframework.web.servlet.mvc.method.annotation.RequestMappingHandlerAdapter.initControllerAdviceCache(RequestMappingHandlerAdapter.java:517) main Looking for @ControllerAdvice: WebApplicationContext for namespace 'socket-jetty-servlet': startup date [Tue Aug 15 13:32:24 CST 2017]; parent: Root WebApplicationContext 
[INFO][2017-08-15 13:32:24] org.springframework.web.servlet.handler.AbstractUrlHandlerMapping.registerHandler(AbstractUrlHandlerMapping.java:314) main Mapped URL path [/resources/**] onto handler 'org.springframework.web.servlet.resource.ResourceHttpRequestHandler#0' 
[INFO][2017-08-15 13:32:24] org.springframework.web.servlet.handler.AbstractUrlHandlerMapping.registerHandler(AbstractUrlHandlerMapping.java:314) main Mapped URL path [/favicon.ico] onto handler 'org.springframework.web.servlet.resource.ResourceHttpRequestHandler#1' 
[INFO][2017-08-15 13:32:24] org.springframework.web.servlet.FrameworkServlet.initServletBean(FrameworkServlet.java:504) main FrameworkServlet 'socket-jetty': initialization completed in 438 ms 
[INFO][2017-08-15 13:34:16] com.maizhong.auction.socket.SpringWebSocketHandler.afterConnectionEstablished(SpringWebSocketHandler.java:45) qtp878643419-17 通道 CH2 userId 150277525660257CH2  Time Tue Aug 15 13:34:16 CST 2017 
[INFO][2017-08-15 13:34:17] com.maizhong.auction.socket.SpringWebSocketHandler.afterConnectionEstablished(SpringWebSocketHandler.java:45) qtp878643419-15 通道 CH2 userId 150277525779208CH2  Time Tue Aug 15 13:34:17 CST 2017 
[INFO][2017-08-15 13:34:25] com.maizhong.auction.socket.SpringWebSocketHandler.afterConnectionClosed(SpringWebSocketHandler.java:85) qtp878643419-17 Socket会话已经移除:用户ID 150277525779208CH2 Time Tue Aug 15 13:34:25 CST 2017 
[INFO][2017-08-15 13:34:26] com.maizhong.auction.socket.SpringWebSocketHandler.afterConnectionClosed(SpringWebSocketHandler.java:85) qtp878643419-16 Socket会话已经移除:用户ID 150277525660257CH2 Time Tue Aug 15 13:34:26 CST 2017 
[INFO][2017-08-15 13:34:29] com.maizhong.auction.socket.SpringWebSocketHandler.afterConnectionEstablished(SpringWebSocketHandler.java:45) qtp878643419-22 通道 CH2 userId 150277526914813CH2  Time Tue Aug 15 13:34:29 CST 2017 
[INFO][2017-08-15 13:34:30] com.maizhong.auction.socket.SpringWebSocketHandler.afterConnectionEstablished(SpringWebSocketHandler.java:45) qtp878643419-19 通道 CH2 userId 150277527049462CH2  Time Tue Aug 15 13:34:30 CST 2017 
[INFO][2017-08-15 13:38:34] com.maizhong.auction.socket.SpringWebSocketHandler.afterConnectionClosed(SpringWebSocketHandler.java:85) qtp878643419-15 Socket会话已经移除:用户ID 150277527049462CH2 Time Tue Aug 15 13:38:34 CST 2017 
[INFO][2017-08-15 13:38:35] com.maizhong.auction.socket.SpringWebSocketHandler.afterConnectionClosed(SpringWebSocketHandler.java:85) qtp878643419-17 Socket会话已经移除:用户ID 150277526914813CH2 Time Tue Aug 15 13:38:35 CST 2017 
[INFO][2017-08-15 13:38:40] com.maizhong.auction.socket.SpringWebSocketHandler.afterConnectionEstablished(SpringWebSocketHandler.java:45) qtp878643419-16 通道 CH3 userId 150277552049276CH3  Time Tue Aug 15 13:38:40 CST 2017 
[INFO][2017-08-15 13:38:40] com.maizhong.auction.socket.SpringWebSocketHandler.afterConnectionEstablished(SpringWebSocketHandler.java:45) qtp878643419-22 通道 CH3 userId 150277552051047CH3  Time Tue Aug 15 13:38:40 CST 2017 
[INFO][2017-08-15 13:38:56] com.maizhong.auction.socket.SpringWebSocketHandler.afterConnectionClosed(SpringWebSocketHandler.java:85) qtp878643419-19 Socket会话已经移除:用户ID 150277552049276CH3 Time Tue Aug 15 13:38:56 CST 2017 
[INFO][2017-08-15 13:38:57] com.maizhong.auction.socket.SpringWebSocketHandler.afterConnectionEstablished(SpringWebSocketHandler.java:45) qtp878643419-15 通道 CH3 userId 150277553718261CH3  Time Tue Aug 15 13:38:57 CST 2017 
[INFO][2017-08-15 13:39:21] com.maizhong.auction.socket.SpringWebSocketHandler.afterConnectionClosed(SpringWebSocketHandler.java:85) qtp878643419-16 Socket会话已经移除:用户ID 150277553718261CH3 Time Tue Aug 15 13:39:21 CST 2017 
[INFO][2017-08-15 13:39:24] com.maizhong.auction.socket.SpringWebSocketHandler.afterConnectionClosed(SpringWebSocketHandler.java:85) qtp878643419-22 Socket会话已经移除:用户ID 150277552051047CH3 Time Tue Aug 15 13:39:24 CST 2017 
[INFO][2017-08-15 13:39:28] com.maizhong.auction.socket.SpringWebSocketHandler.afterConnectionEstablished(SpringWebSocketHandler.java:45) qtp878643419-19 通道 CH3 userId 150277556849607CH3  Time Tue Aug 15 13:39:28 CST 2017 
[INFO][2017-08-15 13:39:39] com.maizhong.auction.socket.SpringWebSocketHandler.afterConnectionClosed(SpringWebSocketHandler.java:85) qtp878643419-15 Socket会话已经移除:用户ID 150277556849607CH3 Time Tue Aug 15 13:39:39 CST 2017 
[INFO][2017-08-15 13:40:01] org.springframework.web.context.ContextLoader.initWebApplicationContext(ContextLoader.java:285) main Root WebApplicationContext: initialization started 
[INFO][2017-08-15 13:40:01] org.springframework.context.support.AbstractApplicationContext.prepareRefresh(AbstractApplicationContext.java:510) main Refreshing Root WebApplicationContext: startup date [Tue Aug 15 13:40:01 CST 2017]; root of context hierarchy 
[INFO][2017-08-15 13:40:01] org.springframework.beans.factory.xml.XmlBeanDefinitionReader.loadBeanDefinitions(XmlBeanDefinitionReader.java:317) main Loading XML bean definitions from class path resource [spring/spring-dao.xml] 
[INFO][2017-08-15 13:40:01] org.springframework.beans.factory.xml.XmlBeanDefinitionReader.loadBeanDefinitions(XmlBeanDefinitionReader.java:317) main Loading XML bean definitions from class path resource [spring/spring-service.xml] 
[INFO][2017-08-15 13:40:01] org.springframework.beans.factory.xml.XmlBeanDefinitionReader.loadBeanDefinitions(XmlBeanDefinitionReader.java:317) main Loading XML bean definitions from class path resource [spring/spring-jedis.xml] 
[INFO][2017-08-15 13:40:02] org.springframework.core.io.support.PropertiesLoaderSupport.loadProperties(PropertiesLoaderSupport.java:172) main Loading properties file from file [C:\Users\Xushd\IdeaProjects\MaiZhong\WebSocketJetty\target\classes\properties\db.properties] 
[INFO][2017-08-15 13:40:02] org.springframework.core.io.support.PropertiesLoaderSupport.loadProperties(PropertiesLoaderSupport.java:172) main Loading properties file from file [C:\Users\Xushd\IdeaProjects\MaiZhong\WebSocketJetty\target\classes\properties\log4j.properties] 
[INFO][2017-08-15 13:40:02] org.springframework.core.io.support.PropertiesLoaderSupport.loadProperties(PropertiesLoaderSupport.java:172) main Loading properties file from file [C:\Users\Xushd\IdeaProjects\MaiZhong\WebSocketJetty\target\classes\properties\resource.properties] 
[INFO][2017-08-15 13:40:02] org.springframework.beans.factory.annotation.AutowiredAnnotationBeanPostProcessor.<init>(AutowiredAnnotationBeanPostProcessor.java:153) main JSR-330 'javax.inject.Inject' annotation found and supported for autowiring 
[INFO][2017-08-15 13:40:02] com.alibaba.druid.pool.DruidDataSource.init(DruidDataSource.java:722) main {dataSource-1} inited 
[INFO][2017-08-15 13:40:04] org.springframework.web.servlet.mvc.method.annotation.RequestMappingHandlerAdapter.initControllerAdviceCache(RequestMappingHandlerAdapter.java:517) main Looking for @ControllerAdvice: Root WebApplicationContext: startup date [Tue Aug 15 13:40:01 CST 2017]; root of context hierarchy 
[INFO][2017-08-15 13:40:04] org.springframework.scheduling.concurrent.ExecutorConfigurationSupport.initialize(ExecutorConfigurationSupport.java:165) main Initializing ExecutorService  'defaultSockJsTaskScheduler' 
[INFO][2017-08-15 13:40:04] org.springframework.web.servlet.handler.AbstractUrlHandlerMapping.registerHandler(AbstractUrlHandlerMapping.java:314) main Mapped URL path [/websocket/socketServer] onto handler of type [class org.springframework.web.socket.server.support.WebSocketHttpRequestHandler] 
[INFO][2017-08-15 13:40:04] org.springframework.web.servlet.handler.AbstractUrlHandlerMapping.registerHandler(AbstractUrlHandlerMapping.java:314) main Mapped URL path [/websocket/sockjs/**] onto handler of type [class org.springframework.web.socket.sockjs.support.SockJsHttpRequestHandler] 
[INFO][2017-08-15 13:40:04] org.springframework.web.context.ContextLoader.initWebApplicationContext(ContextLoader.java:325) main Root WebApplicationContext: initialization completed in 3047 ms 
[INFO][2017-08-15 13:40:04] com.maizhong.auction.channel.InitChannel.contextInitialized(InitChannel.java:40) main -----开启轮训线程----- 
[INFO][2017-08-15 13:40:04] com.maizhong.auction.channel.InitChannel.contextInitialized(InitChannel.java:53) main 开启通道轮训:CH0 
[INFO][2017-08-15 13:40:04] com.maizhong.auction.channel.InitChannel.contextInitialized(InitChannel.java:53) main 开启通道轮训:CH1 
[INFO][2017-08-15 13:40:04] com.maizhong.auction.channel.InitChannel.contextInitialized(InitChannel.java:53) main 开启通道轮训:CH2 
[INFO][2017-08-15 13:40:04] com.maizhong.auction.channel.InitChannel.contextInitialized(InitChannel.java:53) main 开启通道轮训:CH3 
[INFO][2017-08-15 13:40:04] com.maizhong.auction.channel.InitChannel.contextInitialized(InitChannel.java:53) main 开启通道轮训:CH4 
[INFO][2017-08-15 13:40:04] com.maizhong.auction.channel.InitChannel.contextInitialized(InitChannel.java:53) main 开启通道轮训:CH5 
[INFO][2017-08-15 13:40:04] com.maizhong.auction.channel.InitChannel.contextInitialized(InitChannel.java:53) main 开启通道轮训:CH6 
[INFO][2017-08-15 13:40:04] com.maizhong.auction.channel.InitChannel.contextInitialized(InitChannel.java:53) main 开启通道轮训:CH7 
[INFO][2017-08-15 13:40:04] com.maizhong.auction.channel.InitChannel.contextInitialized(InitChannel.java:53) main 开启通道轮训:CH8 
[INFO][2017-08-15 13:40:04] com.maizhong.auction.channel.InitChannel.contextInitialized(InitChannel.java:53) main 开启通道轮训:CH9 
[INFO][2017-08-15 13:40:04] com.maizhong.auction.channel.InitChannel.contextInitialized(InitChannel.java:55) main -----开启数据存储轮训线程----- 
[INFO][2017-08-15 13:40:04] com.maizhong.auction.channel.InitChannel.contextInitialized(InitChannel.java:63) main -----开启发送轮训线程----- 
[INFO][2017-08-15 13:40:04] org.springframework.web.servlet.FrameworkServlet.initServletBean(FrameworkServlet.java:485) main FrameworkServlet 'socket-jetty': initialization started 
[INFO][2017-08-15 13:40:04] org.springframework.context.support.AbstractApplicationContext.prepareRefresh(AbstractApplicationContext.java:510) main Refreshing WebApplicationContext for namespace 'socket-jetty-servlet': startup date [Tue Aug 15 13:40:04 CST 2017]; parent: Root WebApplicationContext 
[INFO][2017-08-15 13:40:04] org.springframework.beans.factory.xml.XmlBeanDefinitionReader.loadBeanDefinitions(XmlBeanDefinitionReader.java:317) main Loading XML bean definitions from class path resource [spring/spring_mvc.xml] 
[INFO][2017-08-15 13:40:04] org.springframework.beans.factory.annotation.AutowiredAnnotationBeanPostProcessor.<init>(AutowiredAnnotationBeanPostProcessor.java:153) main JSR-330 'javax.inject.Inject' annotation found and supported for autowiring 
[INFO][2017-08-15 13:40:04] org.springframework.web.servlet.handler.AbstractHandlerMethodMapping.registerHandlerMethod(AbstractHandlerMethodMapping.java:217) main Mapped "{[/]}" onto public java.lang.String com.maizhong.auction.controller.IndexController.index() 
[INFO][2017-08-15 13:40:04] org.springframework.web.servlet.mvc.method.annotation.RequestMappingHandlerAdapter.initControllerAdviceCache(RequestMappingHandlerAdapter.java:517) main Looking for @ControllerAdvice: WebApplicationContext for namespace 'socket-jetty-servlet': startup date [Tue Aug 15 13:40:04 CST 2017]; parent: Root WebApplicationContext 
[INFO][2017-08-15 13:40:04] org.springframework.web.servlet.mvc.method.annotation.RequestMappingHandlerAdapter.initControllerAdviceCache(RequestMappingHandlerAdapter.java:517) main Looking for @ControllerAdvice: WebApplicationContext for namespace 'socket-jetty-servlet': startup date [Tue Aug 15 13:40:04 CST 2017]; parent: Root WebApplicationContext 
[INFO][2017-08-15 13:40:04] org.springframework.web.servlet.handler.AbstractUrlHandlerMapping.registerHandler(AbstractUrlHandlerMapping.java:314) main Mapped URL path [/resources/**] onto handler 'org.springframework.web.servlet.resource.ResourceHttpRequestHandler#0' 
[INFO][2017-08-15 13:40:04] org.springframework.web.servlet.handler.AbstractUrlHandlerMapping.registerHandler(AbstractUrlHandlerMapping.java:314) main Mapped URL path [/favicon.ico] onto handler 'org.springframework.web.servlet.resource.ResourceHttpRequestHandler#1' 
[INFO][2017-08-15 13:40:04] org.springframework.web.servlet.FrameworkServlet.initServletBean(FrameworkServlet.java:504) main FrameworkServlet 'socket-jetty': initialization completed in 362 ms 
[INFO][2017-08-15 13:40:15] com.maizhong.auction.socket.SpringWebSocketHandler.afterConnectionEstablished(SpringWebSocketHandler.java:45) qtp615417572-22 通道 CH3 userId 150277561587237CH3  Time Tue Aug 15 13:40:15 CST 2017 
[INFO][2017-08-15 13:43:24] com.maizhong.auction.socket.SpringWebSocketHandler.afterConnectionClosed(SpringWebSocketHandler.java:85) qtp615417572-19 Socket会话已经移除:用户ID 150277561587237CH3 Time Tue Aug 15 13:43:24 CST 2017 
[INFO][2017-08-15 13:43:25] com.maizhong.auction.socket.SpringWebSocketHandler.afterConnectionEstablished(SpringWebSocketHandler.java:45) qtp615417572-16 通道 CH3 userId 150277580594468CH3  Time Tue Aug 15 13:43:25 CST 2017 
[INFO][2017-08-15 13:43:42] com.maizhong.auction.socket.SpringWebSocketHandler.afterConnectionEstablished(SpringWebSocketHandler.java:45) qtp615417572-15 通道 CH3 userId 150277582282530CH3  Time Tue Aug 15 13:43:42 CST 2017 
[INFO][2017-08-15 13:43:54] com.maizhong.auction.service.impl.ChannelServiceImpl.autoPrice(ChannelServiceImpl.java:322) CH3 智能出价 {plus=0.05, price=5.15} 
[INFO][2017-08-15 13:44:36] com.maizhong.auction.socket.SpringWebSocketHandler.afterConnectionClosed(SpringWebSocketHandler.java:85) qtp615417572-15 Socket会话已经移除:用户ID 150277580594468CH3 Time Tue Aug 15 13:44:36 CST 2017 
[INFO][2017-08-15 13:44:36] com.maizhong.auction.socket.SpringWebSocketHandler.afterConnectionEstablished(SpringWebSocketHandler.java:45) qtp615417572-17 通道 CH3 userId 150277587681687CH3  Time Tue Aug 15 13:44:36 CST 2017 
[INFO][2017-08-15 13:44:44] com.maizhong.auction.socket.SpringWebSocketHandler.afterConnectionClosed(SpringWebSocketHandler.java:85) qtp615417572-22 Socket会话已经移除:用户ID 150277582282530CH3 Time Tue Aug 15 13:44:44 CST 2017 
[INFO][2017-08-15 13:44:45] com.maizhong.auction.socket.SpringWebSocketHandler.afterConnectionEstablished(SpringWebSocketHandler.java:45) qtp615417572-19 通道 CH3 userId 150277588510786CH3  Time Tue Aug 15 13:44:45 CST 2017 
[INFO][2017-08-15 13:44:55] com.maizhong.auction.socket.SpringWebSocketHandler.afterConnectionClosed(SpringWebSocketHandler.java:85) qtp615417572-16 Socket会话已经移除:用户ID 150277588510786CH3 Time Tue Aug 15 13:44:55 CST 2017 
[INFO][2017-08-15 13:44:57] com.maizhong.auction.socket.SpringWebSocketHandler.afterConnectionClosed(SpringWebSocketHandler.java:85) qtp615417572-15 Socket会话已经移除:用户ID 150277587681687CH3 Time Tue Aug 15 13:44:57 CST 2017 
[INFO][2017-08-15 13:45:00] com.maizhong.auction.socket.SpringWebSocketHandler.afterConnectionEstablished(SpringWebSocketHandler.java:45) qtp615417572-17 通道 CH3 userId 150277590001881CH3  Time Tue Aug 15 13:45:00 CST 2017 
[INFO][2017-08-15 13:45:02] com.maizhong.auction.socket.SpringWebSocketHandler.afterConnectionEstablished(SpringWebSocketHandler.java:45) qtp615417572-22 通道 CH3 userId 150277590206642CH3  Time Tue Aug 15 13:45:02 CST 2017 
[INFO][2017-08-15 13:45:22] com.maizhong.auction.service.impl.ChannelServiceImpl.autoPrice(ChannelServiceImpl.java:322) CH3 智能出价 {plus=0.05, price=5.36} 
[INFO][2017-08-15 13:45:25] com.maizhong.auction.socket.SpringWebSocketHandler.afterConnectionClosed(SpringWebSocketHandler.java:85) qtp615417572-19 Socket会话已经移除:用户ID 150277590001881CH3 Time Tue Aug 15 13:45:25 CST 2017 
[INFO][2017-08-15 13:45:26] com.maizhong.auction.socket.SpringWebSocketHandler.afterConnectionEstablished(SpringWebSocketHandler.java:45) qtp615417572-16 通道 CH3 userId 150277592612624CH3  Time Tue Aug 15 13:45:26 CST 2017 
[INFO][2017-08-15 13:45:29] com.maizhong.auction.socket.SpringWebSocketHandler.afterConnectionClosed(SpringWebSocketHandler.java:85) qtp615417572-15 Socket会话已经移除:用户ID 150277590206642CH3 Time Tue Aug 15 13:45:29 CST 2017 
[INFO][2017-08-15 13:45:30] com.maizhong.auction.socket.SpringWebSocketHandler.afterConnectionEstablished(SpringWebSocketHandler.java:45) qtp615417572-17 通道 CH3 userId 150277593040155CH3  Time Tue Aug 15 13:45:30 CST 2017 
[INFO][2017-08-15 13:45:34] com.maizhong.auction.socket.SpringWebSocketHandler.afterConnectionClosed(SpringWebSocketHandler.java:85) qtp615417572-22 Socket会话已经移除:用户ID 150277593040155CH3 Time Tue Aug 15 13:45:34 CST 2017 
[INFO][2017-08-15 13:45:36] com.maizhong.auction.socket.SpringWebSocketHandler.afterConnectionClosed(SpringWebSocketHandler.java:85) qtp615417572-19 Socket会话已经移除:用户ID 150277592612624CH3 Time Tue Aug 15 13:45:36 CST 2017 
[INFO][2017-08-15 13:45:36] com.maizhong.auction.socket.SpringWebSocketHandler.afterConnectionEstablished(SpringWebSocketHandler.java:45) qtp615417572-16 通道 CH3 userId 150277593660457CH3  Time Tue Aug 15 13:45:36 CST 2017 
[INFO][2017-08-15 13:45:52] com.maizhong.auction.socket.SpringWebSocketHandler.afterConnectionClosed(SpringWebSocketHandler.java:85) qtp615417572-15 Socket会话已经移除:用户ID 150277593660457CH3 Time Tue Aug 15 13:45:52 CST 2017 
[INFO][2017-08-15 13:51:30] org.springframework.web.context.ContextLoader.initWebApplicationContext(ContextLoader.java:285) main Root WebApplicationContext: initialization started 
[INFO][2017-08-15 13:51:30] org.springframework.context.support.AbstractApplicationContext.prepareRefresh(AbstractApplicationContext.java:510) main Refreshing Root WebApplicationContext: startup date [Tue Aug 15 13:51:30 CST 2017]; root of context hierarchy 
[INFO][2017-08-15 13:51:30] org.springframework.beans.factory.xml.XmlBeanDefinitionReader.loadBeanDefinitions(XmlBeanDefinitionReader.java:317) main Loading XML bean definitions from class path resource [spring/spring-dao.xml] 
[INFO][2017-08-15 13:51:30] org.springframework.beans.factory.xml.XmlBeanDefinitionReader.loadBeanDefinitions(XmlBeanDefinitionReader.java:317) main Loading XML bean definitions from class path resource [spring/spring-service.xml] 
[INFO][2017-08-15 13:51:30] org.springframework.beans.factory.xml.XmlBeanDefinitionReader.loadBeanDefinitions(XmlBeanDefinitionReader.java:317) main Loading XML bean definitions from class path resource [spring/spring-jedis.xml] 
[INFO][2017-08-15 13:51:31] org.springframework.core.io.support.PropertiesLoaderSupport.loadProperties(PropertiesLoaderSupport.java:172) main Loading properties file from file [C:\Users\Xushd\IdeaProjects\MaiZhong\WebSocketJetty\target\classes\properties\db.properties] 
[INFO][2017-08-15 13:51:31] org.springframework.core.io.support.PropertiesLoaderSupport.loadProperties(PropertiesLoaderSupport.java:172) main Loading properties file from file [C:\Users\Xushd\IdeaProjects\MaiZhong\WebSocketJetty\target\classes\properties\log4j.properties] 
[INFO][2017-08-15 13:51:31] org.springframework.core.io.support.PropertiesLoaderSupport.loadProperties(PropertiesLoaderSupport.java:172) main Loading properties file from file [C:\Users\Xushd\IdeaProjects\MaiZhong\WebSocketJetty\target\classes\properties\resource.properties] 
[INFO][2017-08-15 13:51:31] org.springframework.beans.factory.annotation.AutowiredAnnotationBeanPostProcessor.<init>(AutowiredAnnotationBeanPostProcessor.java:153) main JSR-330 'javax.inject.Inject' annotation found and supported for autowiring 
[INFO][2017-08-15 13:51:31] com.alibaba.druid.pool.DruidDataSource.init(DruidDataSource.java:722) main {dataSource-1} inited 
[INFO][2017-08-15 13:51:33] org.springframework.web.servlet.mvc.method.annotation.RequestMappingHandlerAdapter.initControllerAdviceCache(RequestMappingHandlerAdapter.java:517) main Looking for @ControllerAdvice: Root WebApplicationContext: startup date [Tue Aug 15 13:51:30 CST 2017]; root of context hierarchy 
[INFO][2017-08-15 13:51:33] org.springframework.scheduling.concurrent.ExecutorConfigurationSupport.initialize(ExecutorConfigurationSupport.java:165) main Initializing ExecutorService  'defaultSockJsTaskScheduler' 
[INFO][2017-08-15 13:51:33] org.springframework.web.servlet.handler.AbstractUrlHandlerMapping.registerHandler(AbstractUrlHandlerMapping.java:314) main Mapped URL path [/websocket/socketServer] onto handler of type [class org.springframework.web.socket.server.support.WebSocketHttpRequestHandler] 
[INFO][2017-08-15 13:51:33] org.springframework.web.servlet.handler.AbstractUrlHandlerMapping.registerHandler(AbstractUrlHandlerMapping.java:314) main Mapped URL path [/websocket/sockjs/**] onto handler of type [class org.springframework.web.socket.sockjs.support.SockJsHttpRequestHandler] 
[INFO][2017-08-15 13:51:33] org.springframework.web.context.ContextLoader.initWebApplicationContext(ContextLoader.java:325) main Root WebApplicationContext: initialization completed in 2994 ms 
[INFO][2017-08-15 13:51:33] com.maizhong.auction.channel.InitChannel.contextInitialized(InitChannel.java:40) main -----开启轮训线程----- 
[INFO][2017-08-15 13:51:33] com.maizhong.auction.channel.InitChannel.contextInitialized(InitChannel.java:53) main 开启通道轮训:CH0 
[INFO][2017-08-15 13:51:33] com.maizhong.auction.channel.InitChannel.contextInitialized(InitChannel.java:53) main 开启通道轮训:CH1 
[INFO][2017-08-15 13:51:33] com.maizhong.auction.channel.InitChannel.contextInitialized(InitChannel.java:53) main 开启通道轮训:CH2 
[INFO][2017-08-15 13:51:33] com.maizhong.auction.channel.InitChannel.contextInitialized(InitChannel.java:53) main 开启通道轮训:CH3 
[INFO][2017-08-15 13:51:33] com.maizhong.auction.channel.InitChannel.contextInitialized(InitChannel.java:53) main 开启通道轮训:CH4 
[INFO][2017-08-15 13:51:33] com.maizhong.auction.channel.InitChannel.contextInitialized(InitChannel.java:53) main 开启通道轮训:CH5 
[INFO][2017-08-15 13:51:33] com.maizhong.auction.channel.InitChannel.contextInitialized(InitChannel.java:53) main 开启通道轮训:CH6 
[INFO][2017-08-15 13:51:33] com.maizhong.auction.channel.InitChannel.contextInitialized(InitChannel.java:53) main 开启通道轮训:CH7 
[INFO][2017-08-15 13:51:33] com.maizhong.auction.channel.InitChannel.contextInitialized(InitChannel.java:53) main 开启通道轮训:CH8 
[INFO][2017-08-15 13:51:33] com.maizhong.auction.channel.InitChannel.contextInitialized(InitChannel.java:53) main 开启通道轮训:CH9 
[INFO][2017-08-15 13:51:33] com.maizhong.auction.channel.InitChannel.contextInitialized(InitChannel.java:55) main -----开启数据存储轮训线程----- 
[INFO][2017-08-15 13:51:33] com.maizhong.auction.channel.InitChannel.contextInitialized(InitChannel.java:63) main -----开启发送轮训线程----- 
[INFO][2017-08-15 13:51:33] org.springframework.web.servlet.FrameworkServlet.initServletBean(FrameworkServlet.java:485) main FrameworkServlet 'socket-jetty': initialization started 
[INFO][2017-08-15 13:51:33] org.springframework.context.support.AbstractApplicationContext.prepareRefresh(AbstractApplicationContext.java:510) main Refreshing WebApplicationContext for namespace 'socket-jetty-servlet': startup date [Tue Aug 15 13:51:33 CST 2017]; parent: Root WebApplicationContext 
[INFO][2017-08-15 13:51:33] org.springframework.beans.factory.xml.XmlBeanDefinitionReader.loadBeanDefinitions(XmlBeanDefinitionReader.java:317) main Loading XML bean definitions from class path resource [spring/spring_mvc.xml] 
[INFO][2017-08-15 13:51:33] org.springframework.beans.factory.annotation.AutowiredAnnotationBeanPostProcessor.<init>(AutowiredAnnotationBeanPostProcessor.java:153) main JSR-330 'javax.inject.Inject' annotation found and supported for autowiring 
[INFO][2017-08-15 13:51:33] org.springframework.web.servlet.handler.AbstractHandlerMethodMapping.registerHandlerMethod(AbstractHandlerMethodMapping.java:217) main Mapped "{[/]}" onto public java.lang.String com.maizhong.auction.controller.IndexController.index() 
[INFO][2017-08-15 13:51:33] org.springframework.web.servlet.mvc.method.annotation.RequestMappingHandlerAdapter.initControllerAdviceCache(RequestMappingHandlerAdapter.java:517) main Looking for @ControllerAdvice: WebApplicationContext for namespace 'socket-jetty-servlet': startup date [Tue Aug 15 13:51:33 CST 2017]; parent: Root WebApplicationContext 
[INFO][2017-08-15 13:51:33] org.springframework.web.servlet.mvc.method.annotation.RequestMappingHandlerAdapter.initControllerAdviceCache(RequestMappingHandlerAdapter.java:517) main Looking for @ControllerAdvice: WebApplicationContext for namespace 'socket-jetty-servlet': startup date [Tue Aug 15 13:51:33 CST 2017]; parent: Root WebApplicationContext 
[INFO][2017-08-15 13:51:33] org.springframework.web.servlet.handler.AbstractUrlHandlerMapping.registerHandler(AbstractUrlHandlerMapping.java:314) main Mapped URL path [/resources/**] onto handler 'org.springframework.web.servlet.resource.ResourceHttpRequestHandler#0' 
[INFO][2017-08-15 13:51:33] org.springframework.web.servlet.handler.AbstractUrlHandlerMapping.registerHandler(AbstractUrlHandlerMapping.java:314) main Mapped URL path [/favicon.ico] onto handler 'org.springframework.web.servlet.resource.ResourceHttpRequestHandler#1' 
[INFO][2017-08-15 13:51:33] org.springframework.web.servlet.FrameworkServlet.initServletBean(FrameworkServlet.java:504) main FrameworkServlet 'socket-jetty': initialization completed in 314 ms 
[INFO][2017-08-15 13:51:58] com.maizhong.auction.socket.SpringWebSocketHandler.afterConnectionEstablished(SpringWebSocketHandler.java:45) qtp793511791-19 通道 CH3 userId 150277631802414CH3  Time Tue Aug 15 13:51:58 CST 2017 
[INFO][2017-08-15 13:52:03] com.maizhong.auction.socket.SpringWebSocketHandler.afterConnectionEstablished(SpringWebSocketHandler.java:45) qtp793511791-15 通道 CH3 userId 150277632327387CH3  Time Tue Aug 15 13:52:03 CST 2017 
[INFO][2017-08-15 13:54:40] com.maizhong.auction.socket.SpringWebSocketHandler.afterConnectionClosed(SpringWebSocketHandler.java:85) qtp793511791-19 Socket会话已经移除:用户ID 150277631802414CH3 Time Tue Aug 15 13:54:40 CST 2017 
[INFO][2017-08-15 13:54:40] com.maizhong.auction.socket.SpringWebSocketHandler.afterConnectionEstablished(SpringWebSocketHandler.java:45) qtp793511791-16 通道 CH3 userId 150277648061013CH3  Time Tue Aug 15 13:54:40 CST 2017 
[INFO][2017-08-15 13:54:44] com.maizhong.auction.socket.SpringWebSocketHandler.afterConnectionClosed(SpringWebSocketHandler.java:85) qtp793511791-18 Socket会话已经移除:用户ID 150277632327387CH3 Time Tue Aug 15 13:54:44 CST 2017 
[INFO][2017-08-15 13:54:44] com.maizhong.auction.socket.SpringWebSocketHandler.afterConnectionEstablished(SpringWebSocketHandler.java:45) qtp793511791-19 通道 CH3 userId 150277648484200CH3  Time Tue Aug 15 13:54:44 CST 2017 
[INFO][2017-08-15 13:54:50] com.maizhong.auction.socket.SpringWebSocketHandler.afterConnectionClosed(SpringWebSocketHandler.java:85) qtp793511791-15 Socket会话已经移除:用户ID 150277648484200CH3 Time Tue Aug 15 13:54:50 CST 2017 
[INFO][2017-08-15 13:54:51] com.maizhong.auction.socket.SpringWebSocketHandler.afterConnectionEstablished(SpringWebSocketHandler.java:45) qtp793511791-22 通道 CH3 userId 150277649138604CH3  Time Tue Aug 15 13:54:51 CST 2017 
[INFO][2017-08-15 13:54:56] com.maizhong.auction.socket.SpringWebSocketHandler.afterConnectionClosed(SpringWebSocketHandler.java:85) qtp793511791-16 Socket会话已经移除:用户ID 150277649138604CH3 Time Tue Aug 15 13:54:56 CST 2017 
[INFO][2017-08-15 13:54:56] com.maizhong.auction.socket.SpringWebSocketHandler.afterConnectionClosed(SpringWebSocketHandler.java:85) qtp793511791-18 Socket会话已经移除:用户ID 150277648061013CH3 Time Tue Aug 15 13:54:56 CST 2017 
[INFO][2017-08-15 13:54:56] com.maizhong.auction.socket.SpringWebSocketHandler.afterConnectionEstablished(SpringWebSocketHandler.java:45) qtp793511791-19 通道 CH3 userId 150277649680069CH3  Time Tue Aug 15 13:54:56 CST 2017 
[INFO][2017-08-15 13:54:57] com.maizhong.auction.socket.SpringWebSocketHandler.afterConnectionClosed(SpringWebSocketHandler.java:85) qtp793511791-15 Socket会话已经移除:用户ID 150277649680069CH3 Time Tue Aug 15 13:54:57 CST 2017 
[INFO][2017-08-15 13:54:57] com.maizhong.auction.socket.SpringWebSocketHandler.afterConnectionEstablished(SpringWebSocketHandler.java:45) qtp793511791-22 通道 CH3 userId 150277649794916CH3  Time Tue Aug 15 13:54:57 CST 2017 
[INFO][2017-08-15 13:55:04] com.maizhong.auction.socket.SpringWebSocketHandler.afterConnectionClosed(SpringWebSocketHandler.java:85) qtp793511791-16 Socket会话已经移除:用户ID 150277649794916CH3 Time Tue Aug 15 13:55:04 CST 2017 
[INFO][2017-08-15 13:55:04] com.maizhong.auction.socket.SpringWebSocketHandler.afterConnectionEstablished(SpringWebSocketHandler.java:45) qtp793511791-18 通道 CH3 userId 150277650438796CH3  Time Tue Aug 15 13:55:04 CST 2017 
[INFO][2017-08-15 13:56:18] com.maizhong.auction.socket.SpringWebSocketHandler.afterConnectionClosed(SpringWebSocketHandler.java:85) qtp793511791-19 Socket会话已经移除:用户ID 150277650438796CH3 Time Tue Aug 15 13:56:18 CST 2017 
[INFO][2017-08-15 13:56:20] com.maizhong.auction.socket.SpringWebSocketHandler.afterConnectionEstablished(SpringWebSocketHandler.java:45) qtp793511791-15 通道 CH3 userId 150277658051535CH3  Time Tue Aug 15 13:56:20 CST 2017 
[INFO][2017-08-15 14:06:56] org.springframework.web.context.ContextLoader.initWebApplicationContext(ContextLoader.java:285) main Root WebApplicationContext: initialization started 
[INFO][2017-08-15 14:06:56] org.springframework.context.support.AbstractApplicationContext.prepareRefresh(AbstractApplicationContext.java:510) main Refreshing Root WebApplicationContext: startup date [Tue Aug 15 14:06:56 CST 2017]; root of context hierarchy 
[INFO][2017-08-15 14:06:56] org.springframework.beans.factory.xml.XmlBeanDefinitionReader.loadBeanDefinitions(XmlBeanDefinitionReader.java:317) main Loading XML bean definitions from class path resource [spring/spring-dao.xml] 
[INFO][2017-08-15 14:06:56] org.springframework.beans.factory.xml.XmlBeanDefinitionReader.loadBeanDefinitions(XmlBeanDefinitionReader.java:317) main Loading XML bean definitions from class path resource [spring/spring-service.xml] 
[INFO][2017-08-15 14:06:56] org.springframework.beans.factory.xml.XmlBeanDefinitionReader.loadBeanDefinitions(XmlBeanDefinitionReader.java:317) main Loading XML bean definitions from class path resource [spring/spring-jedis.xml] 
[INFO][2017-08-15 14:06:57] org.springframework.core.io.support.PropertiesLoaderSupport.loadProperties(PropertiesLoaderSupport.java:172) main Loading properties file from file [C:\Users\Xushd\IdeaProjects\MaiZhong\WebSocketJetty\target\classes\properties\db.properties] 
[INFO][2017-08-15 14:06:57] org.springframework.core.io.support.PropertiesLoaderSupport.loadProperties(PropertiesLoaderSupport.java:172) main Loading properties file from file [C:\Users\Xushd\IdeaProjects\MaiZhong\WebSocketJetty\target\classes\properties\log4j.properties] 
[INFO][2017-08-15 14:06:57] org.springframework.core.io.support.PropertiesLoaderSupport.loadProperties(PropertiesLoaderSupport.java:172) main Loading properties file from file [C:\Users\Xushd\IdeaProjects\MaiZhong\WebSocketJetty\target\classes\properties\resource.properties] 
[INFO][2017-08-15 14:06:57] org.springframework.beans.factory.annotation.AutowiredAnnotationBeanPostProcessor.<init>(AutowiredAnnotationBeanPostProcessor.java:153) main JSR-330 'javax.inject.Inject' annotation found and supported for autowiring 
[INFO][2017-08-15 14:06:57] com.alibaba.druid.pool.DruidDataSource.init(DruidDataSource.java:722) main {dataSource-1} inited 
[INFO][2017-08-15 14:06:59] org.springframework.web.servlet.mvc.method.annotation.RequestMappingHandlerAdapter.initControllerAdviceCache(RequestMappingHandlerAdapter.java:517) main Looking for @ControllerAdvice: Root WebApplicationContext: startup date [Tue Aug 15 14:06:56 CST 2017]; root of context hierarchy 
[INFO][2017-08-15 14:06:59] org.springframework.scheduling.concurrent.ExecutorConfigurationSupport.initialize(ExecutorConfigurationSupport.java:165) main Initializing ExecutorService  'defaultSockJsTaskScheduler' 
[INFO][2017-08-15 14:06:59] org.springframework.web.servlet.handler.AbstractUrlHandlerMapping.registerHandler(AbstractUrlHandlerMapping.java:314) main Mapped URL path [/websocket/socketServer] onto handler of type [class org.springframework.web.socket.server.support.WebSocketHttpRequestHandler] 
[INFO][2017-08-15 14:06:59] org.springframework.web.servlet.handler.AbstractUrlHandlerMapping.registerHandler(AbstractUrlHandlerMapping.java:314) main Mapped URL path [/websocket/sockjs/**] onto handler of type [class org.springframework.web.socket.sockjs.support.SockJsHttpRequestHandler] 
[INFO][2017-08-15 14:06:59] org.springframework.web.context.ContextLoader.initWebApplicationContext(ContextLoader.java:325) main Root WebApplicationContext: initialization completed in 3077 ms 
[INFO][2017-08-15 14:06:59] com.maizhong.auction.channel.InitChannel.contextInitialized(InitChannel.java:40) main -----开启轮训线程----- 
[INFO][2017-08-15 14:06:59] com.maizhong.auction.channel.InitChannel.contextInitialized(InitChannel.java:53) main 开启通道轮训:CH0 
[INFO][2017-08-15 14:06:59] com.maizhong.auction.channel.InitChannel.contextInitialized(InitChannel.java:53) main 开启通道轮训:CH1 
[INFO][2017-08-15 14:06:59] com.maizhong.auction.channel.InitChannel.contextInitialized(InitChannel.java:53) main 开启通道轮训:CH2 
[INFO][2017-08-15 14:06:59] com.maizhong.auction.channel.InitChannel.contextInitialized(InitChannel.java:53) main 开启通道轮训:CH3 
[INFO][2017-08-15 14:06:59] com.maizhong.auction.channel.InitChannel.contextInitialized(InitChannel.java:53) main 开启通道轮训:CH4 
[INFO][2017-08-15 14:06:59] com.maizhong.auction.channel.InitChannel.contextInitialized(InitChannel.java:53) main 开启通道轮训:CH5 
[INFO][2017-08-15 14:06:59] com.maizhong.auction.channel.InitChannel.contextInitialized(InitChannel.java:53) main 开启通道轮训:CH6 
[INFO][2017-08-15 14:06:59] com.maizhong.auction.channel.InitChannel.contextInitialized(InitChannel.java:53) main 开启通道轮训:CH7 
[INFO][2017-08-15 14:06:59] com.maizhong.auction.channel.InitChannel.contextInitialized(InitChannel.java:53) main 开启通道轮训:CH8 
[INFO][2017-08-15 14:06:59] com.maizhong.auction.channel.InitChannel.contextInitialized(InitChannel.java:53) main 开启通道轮训:CH9 
[INFO][2017-08-15 14:06:59] com.maizhong.auction.channel.InitChannel.contextInitialized(InitChannel.java:55) main -----开启数据存储轮训线程----- 
[INFO][2017-08-15 14:06:59] com.maizhong.auction.channel.InitChannel.contextInitialized(InitChannel.java:63) main -----开启发送轮训线程----- 
[INFO][2017-08-15 14:06:59] org.springframework.web.servlet.FrameworkServlet.initServletBean(FrameworkServlet.java:485) main FrameworkServlet 'socket-jetty': initialization started 
[INFO][2017-08-15 14:06:59] org.springframework.context.support.AbstractApplicationContext.prepareRefresh(AbstractApplicationContext.java:510) main Refreshing WebApplicationContext for namespace 'socket-jetty-servlet': startup date [Tue Aug 15 14:06:59 CST 2017]; parent: Root WebApplicationContext 
[INFO][2017-08-15 14:06:59] org.springframework.beans.factory.xml.XmlBeanDefinitionReader.loadBeanDefinitions(XmlBeanDefinitionReader.java:317) main Loading XML bean definitions from class path resource [spring/spring_mvc.xml] 
[INFO][2017-08-15 14:06:59] org.springframework.beans.factory.annotation.AutowiredAnnotationBeanPostProcessor.<init>(AutowiredAnnotationBeanPostProcessor.java:153) main JSR-330 'javax.inject.Inject' annotation found and supported for autowiring 
[INFO][2017-08-15 14:06:59] org.springframework.web.servlet.handler.AbstractHandlerMethodMapping.registerHandlerMethod(AbstractHandlerMethodMapping.java:217) main Mapped "{[/]}" onto public java.lang.String com.maizhong.auction.controller.IndexController.index() 
[INFO][2017-08-15 14:06:59] org.springframework.web.servlet.mvc.method.annotation.RequestMappingHandlerAdapter.initControllerAdviceCache(RequestMappingHandlerAdapter.java:517) main Looking for @ControllerAdvice: WebApplicationContext for namespace 'socket-jetty-servlet': startup date [Tue Aug 15 14:06:59 CST 2017]; parent: Root WebApplicationContext 
[INFO][2017-08-15 14:06:59] org.springframework.web.servlet.mvc.method.annotation.RequestMappingHandlerAdapter.initControllerAdviceCache(RequestMappingHandlerAdapter.java:517) main Looking for @ControllerAdvice: WebApplicationContext for namespace 'socket-jetty-servlet': startup date [Tue Aug 15 14:06:59 CST 2017]; parent: Root WebApplicationContext 
[INFO][2017-08-15 14:07:00] org.springframework.web.servlet.handler.AbstractUrlHandlerMapping.registerHandler(AbstractUrlHandlerMapping.java:314) main Mapped URL path [/resources/**] onto handler 'org.springframework.web.servlet.resource.ResourceHttpRequestHandler#0' 
[INFO][2017-08-15 14:07:00] org.springframework.web.servlet.handler.AbstractUrlHandlerMapping.registerHandler(AbstractUrlHandlerMapping.java:314) main Mapped URL path [/favicon.ico] onto handler 'org.springframework.web.servlet.resource.ResourceHttpRequestHandler#1' 
[INFO][2017-08-15 14:07:00] org.springframework.web.servlet.FrameworkServlet.initServletBean(FrameworkServlet.java:504) main FrameworkServlet 'socket-jetty': initialization completed in 390 ms 
[INFO][2017-08-15 14:07:01] com.maizhong.auction.socket.SpringWebSocketHandler.afterConnectionEstablished(SpringWebSocketHandler.java:45) qtp1684857283-21 通道 CH3 userId 150277722133363CH3  Time Tue Aug 15 14:07:01 CST 2017 
[INFO][2017-08-15 14:07:03] com.maizhong.auction.socket.SpringWebSocketHandler.afterConnectionClosed(SpringWebSocketHandler.java:85) qtp1684857283-20 Socket会话已经移除:用户ID 150277722133363CH3 Time Tue Aug 15 14:07:03 CST 2017 
[INFO][2017-08-15 14:07:09] com.maizhong.auction.socket.SpringWebSocketHandler.afterConnectionEstablished(SpringWebSocketHandler.java:45) qtp1684857283-22 通道 CH3 userId 150277722956254CH3  Time Tue Aug 15 14:07:09 CST 2017 
[INFO][2017-08-15 14:07:23] com.maizhong.auction.socket.SpringWebSocketHandler.afterConnectionEstablished(SpringWebSocketHandler.java:45) qtp1684857283-15 通道 CH3 userId 150277724397772CH3  Time Tue Aug 15 14:07:23 CST 2017 
[INFO][2017-08-15 14:07:44] com.maizhong.auction.service.impl.ChannelServiceImpl.autoPrice(ChannelServiceImpl.java:322) CH3 智能出价 {plus=0.05, price=5.74} 
[INFO][2017-08-15 14:07:53] com.maizhong.auction.service.impl.ChannelServiceImpl.autoPrice(ChannelServiceImpl.java:322) CH3 智能出价 {plus=0.05, price=5.9} 
[INFO][2017-08-15 14:08:54] com.maizhong.auction.socket.SpringWebSocketHandler.afterConnectionClosed(SpringWebSocketHandler.java:85) qtp1684857283-21 Socket会话已经移除:用户ID 150277722956254CH3 Time Tue Aug 15 14:08:54 CST 2017 
[INFO][2017-08-15 14:08:54] com.maizhong.auction.socket.SpringWebSocketHandler.afterConnectionEstablished(SpringWebSocketHandler.java:45) qtp1684857283-22 通道 CH3 userId 150277733473794CH3  Time Tue Aug 15 14:08:54 CST 2017 
[INFO][2017-08-15 14:09:02] com.maizhong.auction.service.impl.ChannelServiceImpl.autoPrice(ChannelServiceImpl.java:322) CH3 智能出价 {plus=0.03, price=5.97} 
[INFO][2017-08-15 14:11:15] com.maizhong.auction.socket.SpringWebSocketHandler.afterConnectionClosed(SpringWebSocketHandler.java:85) qtp1684857283-21 Socket会话已经移除:用户ID 150277733473794CH3 Time Tue Aug 15 14:11:15 CST 2017 
[INFO][2017-08-15 14:11:16] com.maizhong.auction.socket.SpringWebSocketHandler.afterConnectionEstablished(SpringWebSocketHandler.java:45) qtp1684857283-20 通道 CH3 userId 150277747653196CH3  Time Tue Aug 15 14:11:16 CST 2017 
[INFO][2017-08-15 14:11:17] com.maizhong.auction.socket.SpringWebSocketHandler.afterConnectionClosed(SpringWebSocketHandler.java:85) qtp1684857283-22 Socket会话已经移除:用户ID 150277724397772CH3 Time Tue Aug 15 14:11:17 CST 2017 
[INFO][2017-08-15 14:11:18] com.maizhong.auction.socket.SpringWebSocketHandler.afterConnectionEstablished(SpringWebSocketHandler.java:45) qtp1684857283-15 通道 CH3 userId 150277747820689CH3  Time Tue Aug 15 14:11:18 CST 2017 
[INFO][2017-08-15 14:11:42] com.maizhong.auction.socket.SpringWebSocketHandler.afterConnectionClosed(SpringWebSocketHandler.java:85) qtp1684857283-19 Socket会话已经移除:用户ID 150277747820689CH3 Time Tue Aug 15 14:11:42 CST 2017 
[INFO][2017-08-15 14:16:35] com.maizhong.auction.socket.SpringWebSocketHandler.handleTransportError(SpringWebSocketHandler.java:69) qtp1684857283-19 Socket会话已经移除:用户ID 150277747653196CH3 Time Tue Aug 15 14:16:35 CST 2017 
[INFO][2017-08-15 14:16:36] com.maizhong.auction.socket.SpringWebSocketHandler.afterConnectionEstablished(SpringWebSocketHandler.java:45) qtp1684857283-21 通道 CH3 userId 150277779662905CH3  Time Tue Aug 15 14:16:36 CST 2017 
[INFO][2017-08-15 14:21:36] com.maizhong.auction.socket.SpringWebSocketHandler.handleTransportError(SpringWebSocketHandler.java:69) qtp1684857283-21 Socket会话已经移除:用户ID 150277779662905CH3 Time Tue Aug 15 14:21:36 CST 2017 
[INFO][2017-08-15 14:21:37] com.maizhong.auction.socket.SpringWebSocketHandler.afterConnectionEstablished(SpringWebSocketHandler.java:45) qtp1684857283-20 通道 CH3 userId 150277809762961CH3  Time Tue Aug 15 14:21:37 CST 2017 
[INFO][2017-08-15 14:26:37] com.maizhong.auction.socket.SpringWebSocketHandler.handleTransportError(SpringWebSocketHandler.java:69) qtp1684857283-20 Socket会话已经移除:用户ID 150277809762961CH3 Time Tue Aug 15 14:26:37 CST 2017 
[INFO][2017-08-15 14:26:38] com.maizhong.auction.socket.SpringWebSocketHandler.afterConnectionEstablished(SpringWebSocketHandler.java:45) qtp1684857283-22 通道 CH3 userId 150277839862829CH3  Time Tue Aug 15 14:26:38 CST 2017 
[INFO][2017-08-15 14:31:18] com.maizhong.auction.socket.SpringWebSocketHandler.afterConnectionClosed(SpringWebSocketHandler.java:85) qtp1684857283-15 Socket会话已经移除:用户ID 150277839862829CH3 Time Tue Aug 15 14:31:18 CST 2017 
[INFO][2017-08-15 16:15:40] com.maizhong.auction.service.impl.ChannelServiceImpl.dataSave(ChannelServiceImpl.java:141) datasave UPDATE CARBASE 车辆 ID 319 拍卖状态 6 
[INFO][2017-08-15 16:15:40] com.maizhong.auction.service.impl.ChannelServiceImpl.dataSave(ChannelServiceImpl.java:152) datasave UPDATE RECORD carID 319 recordId 105 
