2017-03-02 15:07:59.634 [localhost-startStop-1] INFO  org.springframework.web.context.ContextLoader - Root WebApplicationContext: initialization started
2017-03-02 15:07:59.765 [localhost-startStop-1] INFO  o.s.web.context.support.XmlWebApplicationContext - Refreshing Root WebApplicationContext: startup date [Thu Mar 02 15:07:59 CST 2017]; root of context hierarchy
2017-03-02 15:07:59.834 [localhost-startStop-1] INFO  o.s.beans.factory.xml.XmlBeanDefinitionReader - Loading XML bean definitions from class path resource [spring/spring-dao.xml]
2017-03-02 15:08:00.147 [localhost-startStop-1] INFO  o.s.beans.factory.xml.XmlBeanDefinitionReader - Loading XML bean definitions from class path resource [spring/spring-service.xml]
2017-03-02 15:08:00.343 [localhost-startStop-1] INFO  o.s.beans.factory.xml.XmlBeanDefinitionReader - Loading XML bean definitions from class path resource [spring/spring-shiro.xml]
2017-03-02 15:08:00.388 [localhost-startStop-1] INFO  o.s.beans.factory.xml.XmlBeanDefinitionReader - Loading XML bean definitions from class path resource [spring/spring-jedis.xml]
2017-03-02 15:08:00.769 [localhost-startStop-1] INFO  o.s.c.support.PropertySourcesPlaceholderConfigurer - Loading properties file from file [D:\workspace\MaiZhong\Manager\Manager_Controller\target\classes\resource\db.properties]
2017-03-02 15:08:00.769 [localhost-startStop-1] INFO  o.s.c.support.PropertySourcesPlaceholderConfigurer - Loading properties file from file [D:\workspace\MaiZhong\Manager\Manager_Controller\target\classes\resource\resource.properties]
2017-03-02 15:08:00.913 [localhost-startStop-1] INFO  o.s.c.s.PostProcessorRegistrationDelegate$BeanPostProcessorChecker - Bean 'org.springframework.aop.support.DefaultBeanFactoryPointcutAdvisor#0' of type [class org.springframework.aop.support.DefaultBeanFactoryPointcutAdvisor] is not eligible for getting processed by all BeanPostProcessors (for example: not eligible for auto-proxying)
2017-03-02 15:08:02.599 [localhost-startStop-1] INFO  com.alibaba.druid.pool.DruidDataSource - {dataSource-1} inited
2017-03-02 15:08:02.599 [localhost-startStop-1] INFO  o.s.c.s.PostProcessorRegistrationDelegate$BeanPostProcessorChecker - Bean 'dataSource' of type [class com.alibaba.druid.pool.DruidDataSource] is not eligible for getting processed by all BeanPostProcessors (for example: not eligible for auto-proxying)
2017-03-02 15:08:04.965 [localhost-startStop-1] INFO  o.s.c.s.PostProcessorRegistrationDelegate$BeanPostProcessorChecker - Bean 'sqlSessionFactory' of type [class org.mybatis.spring.SqlSessionFactoryBean] is not eligible for getting processed by all BeanPostProcessors (for example: not eligible for auto-proxying)
2017-03-02 15:08:04.993 [localhost-startStop-1] INFO  o.s.c.s.PostProcessorRegistrationDelegate$BeanPostProcessorChecker - Bean 'sqlSessionFactory' of type [class org.apache.ibatis.session.defaults.DefaultSqlSessionFactory] is not eligible for getting processed by all BeanPostProcessors (for example: not eligible for auto-proxying)
2017-03-02 15:08:05.013 [localhost-startStop-1] INFO  o.s.c.s.PostProcessorRegistrationDelegate$BeanPostProcessorChecker - Bean 'tbUserRoleMapper' of type [class org.mybatis.spring.mapper.MapperFactoryBean] is not eligible for getting processed by all BeanPostProcessors (for example: not eligible for auto-proxying)
2017-03-02 15:08:05.015 [localhost-startStop-1] INFO  o.s.c.s.PostProcessorRegistrationDelegate$BeanPostProcessorChecker - Bean 'tbRolePermissionMapper' of type [class org.mybatis.spring.mapper.MapperFactoryBean] is not eligible for getting processed by all BeanPostProcessors (for example: not eligible for auto-proxying)
2017-03-02 15:08:05.016 [localhost-startStop-1] INFO  o.s.c.s.PostProcessorRegistrationDelegate$BeanPostProcessorChecker - Bean 'tbMenuMapper' of type [class org.mybatis.spring.mapper.MapperFactoryBean] is not eligible for getting processed by all BeanPostProcessors (for example: not eligible for auto-proxying)
2017-03-02 15:08:05.018 [localhost-startStop-1] INFO  o.s.c.s.PostProcessorRegistrationDelegate$BeanPostProcessorChecker - Bean 'tbUserMapper' of type [class org.mybatis.spring.mapper.MapperFactoryBean] is not eligible for getting processed by all BeanPostProcessors (for example: not eligible for auto-proxying)
2017-03-02 15:08:05.022 [localhost-startStop-1] INFO  o.s.c.s.PostProcessorRegistrationDelegate$BeanPostProcessorChecker - Bean 'tbPermissionMapper' of type [class org.mybatis.spring.mapper.MapperFactoryBean] is not eligible for getting processed by all BeanPostProcessors (for example: not eligible for auto-proxying)
2017-03-02 15:08:05.024 [localhost-startStop-1] INFO  o.s.c.s.PostProcessorRegistrationDelegate$BeanPostProcessorChecker - Bean 'tbRoleMapper' of type [class org.mybatis.spring.mapper.MapperFactoryBean] is not eligible for getting processed by all BeanPostProcessors (for example: not eligible for auto-proxying)
2017-03-02 15:08:05.026 [localhost-startStop-1] INFO  o.s.c.s.PostProcessorRegistrationDelegate$BeanPostProcessorChecker - Bean 'tbLogMapper' of type [class org.mybatis.spring.mapper.MapperFactoryBean] is not eligible for getting processed by all BeanPostProcessors (for example: not eligible for auto-proxying)
2017-03-02 15:08:05.034 [localhost-startStop-1] INFO  o.s.c.s.PostProcessorRegistrationDelegate$BeanPostProcessorChecker - Bean 'tbUserMapper' of type [class com.sun.proxy.$Proxy28] is not eligible for getting processed by all BeanPostProcessors (for example: not eligible for auto-proxying)
2017-03-02 15:08:05.063 [localhost-startStop-1] INFO  o.s.c.s.PostProcessorRegistrationDelegate$BeanPostProcessorChecker - Bean 'userServiceImpl' of type [class com.maizhong.service.impl.UserServiceImpl] is not eligible for getting processed by all BeanPostProcessors (for example: not eligible for auto-proxying)
2017-03-02 15:08:05.081 [localhost-startStop-1] INFO  o.s.c.s.PostProcessorRegistrationDelegate$BeanPostProcessorChecker - Bean 'transactionManager' of type [class org.springframework.jdbc.datasource.DataSourceTransactionManager] is not eligible for getting processed by all BeanPostProcessors (for example: not eligible for auto-proxying)
2017-03-02 15:08:05.111 [localhost-startStop-1] INFO  o.s.c.s.PostProcessorRegistrationDelegate$BeanPostProcessorChecker - Bean '(inner bean)#bde892' of type [class org.springframework.transaction.interceptor.NameMatchTransactionAttributeSource] is not eligible for getting processed by all BeanPostProcessors (for example: not eligible for auto-proxying)
2017-03-02 15:08:05.118 [localhost-startStop-1] INFO  o.s.c.s.PostProcessorRegistrationDelegate$BeanPostProcessorChecker - Bean 'txAdvice' of type [class org.springframework.transaction.interceptor.TransactionInterceptor] is not eligible for getting processed by all BeanPostProcessors (for example: not eligible for auto-proxying)
2017-03-02 15:08:05.140 [localhost-startStop-1] INFO  o.s.c.s.PostProcessorRegistrationDelegate$BeanPostProcessorChecker - Bean 'tbRoleMapper' of type [class com.sun.proxy.$Proxy32] is not eligible for getting processed by all BeanPostProcessors (for example: not eligible for auto-proxying)
2017-03-02 15:08:05.163 [localhost-startStop-1] INFO  o.s.c.s.PostProcessorRegistrationDelegate$BeanPostProcessorChecker - Bean 'roleServiceImpl' of type [class com.maizhong.service.impl.RoleServiceImpl] is not eligible for getting processed by all BeanPostProcessors (for example: not eligible for auto-proxying)
2017-03-02 15:08:05.186 [localhost-startStop-1] INFO  o.s.c.s.PostProcessorRegistrationDelegate$BeanPostProcessorChecker - Bean 'tbPermissionMapper' of type [class com.sun.proxy.$Proxy35] is not eligible for getting processed by all BeanPostProcessors (for example: not eligible for auto-proxying)
2017-03-02 15:08:05.226 [localhost-startStop-1] INFO  o.s.c.s.PostProcessorRegistrationDelegate$BeanPostProcessorChecker - Bean 'permissionServiceImpl' of type [class com.maizhong.service.impl.PermissionServiceImpl] is not eligible for getting processed by all BeanPostProcessors (for example: not eligible for auto-proxying)
2017-03-02 15:08:05.233 [localhost-startStop-1] INFO  org.apache.shiro.realm.AuthorizingRealm - No cache or cacheManager properties have been set.  Authorization cache cannot be obtained.
2017-03-02 15:08:05.233 [localhost-startStop-1] INFO  o.s.c.s.PostProcessorRegistrationDelegate$BeanPostProcessorChecker - Bean 'userRealm' of type [class com.maizhong.shiro.MyRealm] is not eligible for getting processed by all BeanPostProcessors (for example: not eligible for auto-proxying)
2017-03-02 15:08:05.384 [localhost-startStop-1] INFO  o.s.c.s.PostProcessorRegistrationDelegate$BeanPostProcessorChecker - Bean 'cacheManager' of type [class org.apache.shiro.cache.ehcache.EhCacheManager] is not eligible for getting processed by all BeanPostProcessors (for example: not eligible for auto-proxying)
2017-03-02 15:08:05.399 [localhost-startStop-1] INFO  org.apache.shiro.cache.ehcache.EhCacheManager - Cache with name 'com.maizhong.shiro.MyRealm.authorizationCache' does not yet exist.  Creating now.
2017-03-02 15:08:05.436 [localhost-startStop-1] INFO  org.apache.shiro.cache.ehcache.EhCacheManager - Added EhCache named [com.maizhong.shiro.MyRealm.authorizationCache]
2017-03-02 15:08:05.437 [localhost-startStop-1] INFO  o.s.c.s.PostProcessorRegistrationDelegate$BeanPostProcessorChecker - Bean 'securityManager' of type [class org.apache.shiro.web.mgt.DefaultWebSecurityManager] is not eligible for getting processed by all BeanPostProcessors (for example: not eligible for auto-proxying)
2017-03-02 15:08:05.484 [localhost-startStop-1] INFO  o.s.c.s.PostProcessorRegistrationDelegate$BeanPostProcessorChecker - Bean 'org.apache.shiro.spring.security.interceptor.AuthorizationAttributeSourceAdvisor#0' of type [class org.apache.shiro.spring.security.interceptor.AuthorizationAttributeSourceAdvisor] is not eligible for getting processed by all BeanPostProcessors (for example: not eligible for auto-proxying)
2017-03-02 15:08:05.849 [localhost-startStop-1] INFO  org.springframework.web.context.ContextLoader - Root WebApplicationContext: initialization completed in 6210 ms
2017-03-02 15:12:08.101 [http-bio-8081-exec-1] INFO  org.springframework.web.servlet.DispatcherServlet - FrameworkServlet 'dispathcher': initialization started
2017-03-02 15:12:08.104 [http-bio-8081-exec-1] INFO  o.s.web.context.support.XmlWebApplicationContext - Refreshing WebApplicationContext for namespace 'dispathcher-servlet': startup date [Thu Mar 02 15:12:08 CST 2017]; parent: Root WebApplicationContext
2017-03-02 15:12:08.105 [http-bio-8081-exec-1] INFO  o.s.beans.factory.xml.XmlBeanDefinitionReader - Loading XML bean definitions from class path resource [spring/spring_mvc.xml]
2017-03-02 15:12:08.766 [http-bio-8081-exec-1] INFO  o.s.w.s.m.m.a.RequestMappingHandlerMapping - Mapped "{[/lock/{un}/{pwd}],methods=[POST]}" onto public com.maizhong.common.result.JsonResult com.maizhong.controller.LoginController.lock(java.lang.String,java.lang.String)
2017-03-02 15:12:08.766 [http-bio-8081-exec-1] INFO  o.s.w.s.m.m.a.RequestMappingHandlerMapping - Mapped "{[/loginCheck]}" onto public com.maizhong.common.result.JsonResult com.maizhong.controller.LoginController.loginCheck(com.maizhong.pojo.TbUser,org.springframework.validation.BindingResult,javax.servlet.http.HttpServletRequest)
2017-03-02 15:12:08.767 [http-bio-8081-exec-1] INFO  o.s.w.s.m.m.a.RequestMappingHandlerMapping - Mapped "{[/logOut],methods=[POST]}" onto public com.maizhong.common.result.JsonResult com.maizhong.controller.LoginController.logOut()
2017-03-02 15:12:08.767 [http-bio-8081-exec-1] INFO  o.s.w.s.m.m.a.RequestMappingHandlerMapping - Mapped "{[/login]}" onto public java.lang.String com.maizhong.controller.LoginController.login()
2017-03-02 15:12:08.767 [http-bio-8081-exec-1] INFO  o.s.w.s.m.m.a.RequestMappingHandlerMapping - Mapped "{[/verifyCode],methods=[GET]}" onto public void com.maizhong.controller.LoginController.verifyCode(javax.servlet.http.HttpServletRequest,javax.servlet.http.HttpServletResponse) throws java.io.IOException
2017-03-02 15:12:08.768 [http-bio-8081-exec-1] INFO  o.s.w.s.m.m.a.RequestMappingHandlerMapping - Mapped "{[/menu/json/{typeId}],methods=[GET]}" onto public com.maizhong.common.result.JsonResult com.maizhong.controller.MenuController.menuJson(java.lang.String)
2017-03-02 15:12:08.768 [http-bio-8081-exec-1] INFO  o.s.w.s.m.m.a.RequestMappingHandlerMapping - Mapped "{[/index],methods=[GET]}" onto public java.lang.String com.maizhong.controller.IndexController.Index(org.springframework.ui.Model)
2017-03-02 15:12:09.003 [http-bio-8081-exec-1] INFO  org.hibernate.validator.internal.util.Version - HV000001: Hibernate Validator 5.1.1.Final
2017-03-02 15:12:09.703 [http-bio-8081-exec-1] INFO  o.s.w.s.m.m.a.RequestMappingHandlerAdapter - Looking for @ControllerAdvice: WebApplicationContext for namespace 'dispathcher-servlet': startup date [Thu Mar 02 15:12:08 CST 2017]; parent: Root WebApplicationContext
2017-03-02 15:12:09.854 [http-bio-8081-exec-1] INFO  o.s.w.s.m.m.a.RequestMappingHandlerAdapter - Looking for @ControllerAdvice: WebApplicationContext for namespace 'dispathcher-servlet': startup date [Thu Mar 02 15:12:08 CST 2017]; parent: Root WebApplicationContext
2017-03-02 15:12:10.187 [http-bio-8081-exec-1] INFO  o.s.web.servlet.handler.SimpleUrlHandlerMapping - Mapped URL path [/resources/**] onto handler 'org.springframework.web.servlet.resource.ResourceHttpRequestHandler#0'
2017-03-02 15:12:10.299 [http-bio-8081-exec-1] INFO  org.springframework.web.servlet.DispatcherServlet - FrameworkServlet 'dispathcher': initialization completed in 2197 ms
2017-03-02 15:15:29.917 [http-bio-8081-exec-8] ERROR com.maizhong.controller.LoginController - error:用户不存在
2017-03-02 15:34:06.227 [http-bio-8081-exec-10] ERROR com.maizhong.controller.LoginController - error:用户不存在
2017-03-02 15:34:12.966 [http-bio-8081-exec-10] ERROR com.maizhong.controller.LoginController - error:用户不存在
2017-03-02 15:34:19.486 [http-bio-8081-exec-10] ERROR com.maizhong.controller.LoginController - error:用户不存在
2017-03-02 15:34:29.582 [http-bio-8081-exec-1] WARN  org.springframework.web.servlet.PageNotFound - No mapping found for HTTP request with URI [/Center.html] in DispatcherServlet with name 'dispathcher'
2017-03-02 15:34:29.821 [http-bio-8081-exec-10] WARN  org.springframework.web.servlet.PageNotFound - No mapping found for HTTP request with URI [/favicon.ico] in DispatcherServlet with name 'dispathcher'
2017-03-02 15:34:38.016 [http-bio-8081-exec-10] INFO  com.maizhong.service.impl.MenuServiceImpl - 命中缓存 MANAGER_MENU_KEY:[{"children":[{"href":"/menu","icon":"fa2 fa-th-list","spread":false,"title":"菜单列表"}],"icon":"fa2 fa-th-large","spread":true,"title":"菜单管理"},{"children":[{"href":"/dictionary","icon":"fa2 fa-th-list","spread":false,"title":"字典列表"}],"icon":"fa2 fa-book","spread":false,"title":"字典管理"},{"children":[{"href":"/permission","icon":"fa2 fa-th-list","spread":false,"title":"权限列表"}],"icon":"fa2 fa-key","spread":false,"title":"权限管理"},{"children":[{"href":"/log/run","icon":"fa2 fa-terminal","spread":false,"title":"运行日志"},{"href":"/log/error","icon":"fa2 fa-exclamation-triangle","spread":false,"title":"异常日志"}],"icon":"fa2 fa-file","spread":false,"title":"日志管理"}]
2017-03-02 15:34:39.542 [http-bio-8081-exec-10] WARN  org.springframework.web.servlet.PageNotFound - No mapping found for HTTP request with URI [/menu] in DispatcherServlet with name 'dispathcher'
2017-03-02 15:34:42.152 [http-bio-8081-exec-10] WARN  org.springframework.web.servlet.PageNotFound - No mapping found for HTTP request with URI [/menu] in DispatcherServlet with name 'dispathcher'
2017-03-02 15:34:45.351 [http-bio-8081-exec-10] WARN  org.springframework.web.servlet.PageNotFound - No mapping found for HTTP request with URI [/dictionary] in DispatcherServlet with name 'dispathcher'
2017-03-02 15:34:46.559 [http-bio-8081-exec-10] WARN  org.springframework.web.servlet.PageNotFound - No mapping found for HTTP request with URI [/permission] in DispatcherServlet with name 'dispathcher'
2017-03-02 15:34:47.535 [http-bio-8081-exec-5] WARN  org.springframework.web.servlet.PageNotFound - No mapping found for HTTP request with URI [/log/run] in DispatcherServlet with name 'dispathcher'
2017-03-02 15:34:48.063 [http-bio-8081-exec-5] WARN  org.springframework.web.servlet.PageNotFound - No mapping found for HTTP request with URI [/log/error] in DispatcherServlet with name 'dispathcher'
2017-03-02 15:59:36.515 [localhost-startStop-1] INFO  org.springframework.web.context.ContextLoader - Root WebApplicationContext: initialization started
2017-03-02 15:59:36.641 [localhost-startStop-1] INFO  o.s.web.context.support.XmlWebApplicationContext - Refreshing Root WebApplicationContext: startup date [Thu Mar 02 15:59:36 CST 2017]; root of context hierarchy
2017-03-02 15:59:36.697 [localhost-startStop-1] INFO  o.s.beans.factory.xml.XmlBeanDefinitionReader - Loading XML bean definitions from class path resource [spring/spring-dao.xml]
2017-03-02 15:59:36.888 [localhost-startStop-1] INFO  o.s.beans.factory.xml.XmlBeanDefinitionReader - Loading XML bean definitions from class path resource [spring/spring-service.xml]
2017-03-02 15:59:37.146 [localhost-startStop-1] INFO  o.s.beans.factory.xml.XmlBeanDefinitionReader - Loading XML bean definitions from class path resource [spring/spring-shiro.xml]
2017-03-02 15:59:37.204 [localhost-startStop-1] INFO  o.s.beans.factory.xml.XmlBeanDefinitionReader - Loading XML bean definitions from class path resource [spring/spring-jedis.xml]
2017-03-02 15:59:37.653 [localhost-startStop-1] INFO  o.s.c.support.PropertySourcesPlaceholderConfigurer - Loading properties file from file [D:\workspace\MaiZhong\Manager\Manager_Controller\target\classes\resource\db.properties]
2017-03-02 15:59:37.653 [localhost-startStop-1] INFO  o.s.c.support.PropertySourcesPlaceholderConfigurer - Loading properties file from file [D:\workspace\MaiZhong\Manager\Manager_Controller\target\classes\resource\resource.properties]
2017-03-02 15:59:37.842 [localhost-startStop-1] INFO  o.s.c.s.PostProcessorRegistrationDelegate$BeanPostProcessorChecker - Bean 'org.springframework.aop.support.DefaultBeanFactoryPointcutAdvisor#0' of type [class org.springframework.aop.support.DefaultBeanFactoryPointcutAdvisor] is not eligible for getting processed by all BeanPostProcessors (for example: not eligible for auto-proxying)
2017-03-02 15:59:41.295 [localhost-startStop-1] INFO  com.alibaba.druid.pool.DruidDataSource - {dataSource-1} inited
2017-03-02 15:59:41.295 [localhost-startStop-1] INFO  o.s.c.s.PostProcessorRegistrationDelegate$BeanPostProcessorChecker - Bean 'dataSource' of type [class com.alibaba.druid.pool.DruidDataSource] is not eligible for getting processed by all BeanPostProcessors (for example: not eligible for auto-proxying)
2017-03-02 15:59:43.258 [localhost-startStop-1] INFO  o.s.c.s.PostProcessorRegistrationDelegate$BeanPostProcessorChecker - Bean 'sqlSessionFactory' of type [class org.mybatis.spring.SqlSessionFactoryBean] is not eligible for getting processed by all BeanPostProcessors (for example: not eligible for auto-proxying)
2017-03-02 15:59:43.294 [localhost-startStop-1] INFO  o.s.c.s.PostProcessorRegistrationDelegate$BeanPostProcessorChecker - Bean 'sqlSessionFactory' of type [class org.apache.ibatis.session.defaults.DefaultSqlSessionFactory] is not eligible for getting processed by all BeanPostProcessors (for example: not eligible for auto-proxying)
2017-03-02 15:59:43.324 [localhost-startStop-1] INFO  o.s.c.s.PostProcessorRegistrationDelegate$BeanPostProcessorChecker - Bean 'tbUserRoleMapper' of type [class org.mybatis.spring.mapper.MapperFactoryBean] is not eligible for getting processed by all BeanPostProcessors (for example: not eligible for auto-proxying)
2017-03-02 15:59:43.327 [localhost-startStop-1] INFO  o.s.c.s.PostProcessorRegistrationDelegate$BeanPostProcessorChecker - Bean 'tbRolePermissionMapper' of type [class org.mybatis.spring.mapper.MapperFactoryBean] is not eligible for getting processed by all BeanPostProcessors (for example: not eligible for auto-proxying)
2017-03-02 15:59:43.332 [localhost-startStop-1] INFO  o.s.c.s.PostProcessorRegistrationDelegate$BeanPostProcessorChecker - Bean 'tbMenuMapper' of type [class org.mybatis.spring.mapper.MapperFactoryBean] is not eligible for getting processed by all BeanPostProcessors (for example: not eligible for auto-proxying)
2017-03-02 15:59:43.336 [localhost-startStop-1] INFO  o.s.c.s.PostProcessorRegistrationDelegate$BeanPostProcessorChecker - Bean 'tbUserMapper' of type [class org.mybatis.spring.mapper.MapperFactoryBean] is not eligible for getting processed by all BeanPostProcessors (for example: not eligible for auto-proxying)
2017-03-02 15:59:43.338 [localhost-startStop-1] INFO  o.s.c.s.PostProcessorRegistrationDelegate$BeanPostProcessorChecker - Bean 'tbPermissionMapper' of type [class org.mybatis.spring.mapper.MapperFactoryBean] is not eligible for getting processed by all BeanPostProcessors (for example: not eligible for auto-proxying)
2017-03-02 15:59:43.342 [localhost-startStop-1] INFO  o.s.c.s.PostProcessorRegistrationDelegate$BeanPostProcessorChecker - Bean 'tbRoleMapper' of type [class org.mybatis.spring.mapper.MapperFactoryBean] is not eligible for getting processed by all BeanPostProcessors (for example: not eligible for auto-proxying)
2017-03-02 15:59:43.346 [localhost-startStop-1] INFO  o.s.c.s.PostProcessorRegistrationDelegate$BeanPostProcessorChecker - Bean 'tbLogMapper' of type [class org.mybatis.spring.mapper.MapperFactoryBean] is not eligible for getting processed by all BeanPostProcessors (for example: not eligible for auto-proxying)
2017-03-02 15:59:43.355 [localhost-startStop-1] INFO  o.s.c.s.PostProcessorRegistrationDelegate$BeanPostProcessorChecker - Bean 'tbUserMapper' of type [class com.sun.proxy.$Proxy28] is not eligible for getting processed by all BeanPostProcessors (for example: not eligible for auto-proxying)
2017-03-02 15:59:43.385 [localhost-startStop-1] INFO  o.s.c.s.PostProcessorRegistrationDelegate$BeanPostProcessorChecker - Bean 'userServiceImpl' of type [class com.maizhong.service.impl.UserServiceImpl] is not eligible for getting processed by all BeanPostProcessors (for example: not eligible for auto-proxying)
2017-03-02 15:59:43.407 [localhost-startStop-1] INFO  o.s.c.s.PostProcessorRegistrationDelegate$BeanPostProcessorChecker - Bean 'transactionManager' of type [class org.springframework.jdbc.datasource.DataSourceTransactionManager] is not eligible for getting processed by all BeanPostProcessors (for example: not eligible for auto-proxying)
2017-03-02 15:59:43.440 [localhost-startStop-1] INFO  o.s.c.s.PostProcessorRegistrationDelegate$BeanPostProcessorChecker - Bean '(inner bean)#1655a9b4' of type [class org.springframework.transaction.interceptor.NameMatchTransactionAttributeSource] is not eligible for getting processed by all BeanPostProcessors (for example: not eligible for auto-proxying)
2017-03-02 15:59:43.446 [localhost-startStop-1] INFO  o.s.c.s.PostProcessorRegistrationDelegate$BeanPostProcessorChecker - Bean 'txAdvice' of type [class org.springframework.transaction.interceptor.TransactionInterceptor] is not eligible for getting processed by all BeanPostProcessors (for example: not eligible for auto-proxying)
2017-03-02 15:59:43.477 [localhost-startStop-1] INFO  o.s.c.s.PostProcessorRegistrationDelegate$BeanPostProcessorChecker - Bean 'tbRoleMapper' of type [class com.sun.proxy.$Proxy32] is not eligible for getting processed by all BeanPostProcessors (for example: not eligible for auto-proxying)
2017-03-02 15:59:43.509 [localhost-startStop-1] INFO  o.s.c.s.PostProcessorRegistrationDelegate$BeanPostProcessorChecker - Bean 'roleServiceImpl' of type [class com.maizhong.service.impl.RoleServiceImpl] is not eligible for getting processed by all BeanPostProcessors (for example: not eligible for auto-proxying)
2017-03-02 15:59:43.529 [localhost-startStop-1] INFO  o.s.c.s.PostProcessorRegistrationDelegate$BeanPostProcessorChecker - Bean 'tbPermissionMapper' of type [class com.sun.proxy.$Proxy35] is not eligible for getting processed by all BeanPostProcessors (for example: not eligible for auto-proxying)
2017-03-02 15:59:43.561 [localhost-startStop-1] INFO  o.s.c.s.PostProcessorRegistrationDelegate$BeanPostProcessorChecker - Bean 'permissionServiceImpl' of type [class com.maizhong.service.impl.PermissionServiceImpl] is not eligible for getting processed by all BeanPostProcessors (for example: not eligible for auto-proxying)
2017-03-02 15:59:43.571 [localhost-startStop-1] INFO  org.apache.shiro.realm.AuthorizingRealm - No cache or cacheManager properties have been set.  Authorization cache cannot be obtained.
2017-03-02 15:59:43.571 [localhost-startStop-1] INFO  o.s.c.s.PostProcessorRegistrationDelegate$BeanPostProcessorChecker - Bean 'userRealm' of type [class com.maizhong.shiro.MyRealm] is not eligible for getting processed by all BeanPostProcessors (for example: not eligible for auto-proxying)
2017-03-02 15:59:43.770 [localhost-startStop-1] INFO  o.s.c.s.PostProcessorRegistrationDelegate$BeanPostProcessorChecker - Bean 'cacheManager' of type [class org.apache.shiro.cache.ehcache.EhCacheManager] is not eligible for getting processed by all BeanPostProcessors (for example: not eligible for auto-proxying)
2017-03-02 15:59:43.782 [localhost-startStop-1] INFO  org.apache.shiro.cache.ehcache.EhCacheManager - Cache with name 'com.maizhong.shiro.MyRealm.authorizationCache' does not yet exist.  Creating now.
2017-03-02 15:59:43.829 [localhost-startStop-1] INFO  org.apache.shiro.cache.ehcache.EhCacheManager - Added EhCache named [com.maizhong.shiro.MyRealm.authorizationCache]
2017-03-02 15:59:43.831 [localhost-startStop-1] INFO  o.s.c.s.PostProcessorRegistrationDelegate$BeanPostProcessorChecker - Bean 'securityManager' of type [class org.apache.shiro.web.mgt.DefaultWebSecurityManager] is not eligible for getting processed by all BeanPostProcessors (for example: not eligible for auto-proxying)
2017-03-02 15:59:43.891 [localhost-startStop-1] INFO  o.s.c.s.PostProcessorRegistrationDelegate$BeanPostProcessorChecker - Bean 'org.apache.shiro.spring.security.interceptor.AuthorizationAttributeSourceAdvisor#0' of type [class org.apache.shiro.spring.security.interceptor.AuthorizationAttributeSourceAdvisor] is not eligible for getting processed by all BeanPostProcessors (for example: not eligible for auto-proxying)
2017-03-02 15:59:44.295 [localhost-startStop-1] INFO  org.springframework.web.context.ContextLoader - Root WebApplicationContext: initialization completed in 7776 ms
2017-03-02 15:59:52.923 [http-bio-8081-exec-1] INFO  org.springframework.web.servlet.DispatcherServlet - FrameworkServlet 'dispathcher': initialization started
2017-03-02 15:59:52.925 [http-bio-8081-exec-1] INFO  o.s.web.context.support.XmlWebApplicationContext - Refreshing WebApplicationContext for namespace 'dispathcher-servlet': startup date [Thu Mar 02 15:59:52 CST 2017]; parent: Root WebApplicationContext
2017-03-02 15:59:52.926 [http-bio-8081-exec-1] INFO  o.s.beans.factory.xml.XmlBeanDefinitionReader - Loading XML bean definitions from class path resource [spring/spring_mvc.xml]
2017-03-02 15:59:53.803 [http-bio-8081-exec-1] INFO  o.s.w.s.m.m.a.RequestMappingHandlerMapping - Mapped "{[/test/{test}]}" onto public java.lang.String com.maizhong.controller.TestController.test(java.lang.String)
2017-03-02 15:59:53.805 [http-bio-8081-exec-1] INFO  o.s.w.s.m.m.a.RequestMappingHandlerMapping - Mapped "{[/lock/{un}/{pwd}],methods=[POST]}" onto public com.maizhong.common.result.JsonResult com.maizhong.controller.LoginController.lock(java.lang.String,java.lang.String)
2017-03-02 15:59:53.805 [http-bio-8081-exec-1] INFO  o.s.w.s.m.m.a.RequestMappingHandlerMapping - Mapped "{[/login]}" onto public java.lang.String com.maizhong.controller.LoginController.login()
2017-03-02 15:59:53.805 [http-bio-8081-exec-1] INFO  o.s.w.s.m.m.a.RequestMappingHandlerMapping - Mapped "{[/loginCheck]}" onto public com.maizhong.common.result.JsonResult com.maizhong.controller.LoginController.loginCheck(com.maizhong.pojo.TbUser,org.springframework.validation.BindingResult,javax.servlet.http.HttpServletRequest)
2017-03-02 15:59:53.805 [http-bio-8081-exec-1] INFO  o.s.w.s.m.m.a.RequestMappingHandlerMapping - Mapped "{[/logOut],methods=[POST]}" onto public com.maizhong.common.result.JsonResult com.maizhong.controller.LoginController.logOut()
2017-03-02 15:59:53.805 [http-bio-8081-exec-1] INFO  o.s.w.s.m.m.a.RequestMappingHandlerMapping - Mapped "{[/verifyCode],methods=[GET]}" onto public void com.maizhong.controller.LoginController.verifyCode(javax.servlet.http.HttpServletRequest,javax.servlet.http.HttpServletResponse) throws java.io.IOException
2017-03-02 15:59:53.806 [http-bio-8081-exec-1] INFO  o.s.w.s.m.m.a.RequestMappingHandlerMapping - Mapped "{[/menu/json/{typeId}],methods=[GET]}" onto public com.maizhong.common.result.JsonResult com.maizhong.controller.MenuController.menuJson(java.lang.String)
2017-03-02 15:59:53.807 [http-bio-8081-exec-1] INFO  o.s.w.s.m.m.a.RequestMappingHandlerMapping - Mapped "{[/index],methods=[GET]}" onto public java.lang.String com.maizhong.controller.IndexController.Index(org.springframework.ui.Model)
2017-03-02 15:59:53.913 [http-bio-8081-exec-1] INFO  org.hibernate.validator.internal.util.Version - HV000001: Hibernate Validator 5.1.1.Final
2017-03-02 15:59:54.273 [http-bio-8081-exec-1] INFO  o.s.w.s.m.m.a.RequestMappingHandlerAdapter - Looking for @ControllerAdvice: WebApplicationContext for namespace 'dispathcher-servlet': startup date [Thu Mar 02 15:59:52 CST 2017]; parent: Root WebApplicationContext
2017-03-02 15:59:54.425 [http-bio-8081-exec-1] INFO  o.s.w.s.m.m.a.RequestMappingHandlerAdapter - Looking for @ControllerAdvice: WebApplicationContext for namespace 'dispathcher-servlet': startup date [Thu Mar 02 15:59:52 CST 2017]; parent: Root WebApplicationContext
2017-03-02 15:59:54.753 [http-bio-8081-exec-1] INFO  o.s.web.servlet.handler.SimpleUrlHandlerMapping - Mapped URL path [/resources/**] onto handler 'org.springframework.web.servlet.resource.ResourceHttpRequestHandler#0'
2017-03-02 15:59:54.889 [http-bio-8081-exec-1] INFO  org.springframework.web.servlet.DispatcherServlet - FrameworkServlet 'dispathcher': initialization completed in 1966 ms
2017-03-02 16:36:45.749 [http-bio-8081-exec-2] WARN  org.springframework.web.servlet.PageNotFound - No mapping found for HTTP request with URI [/test/system/dictionary] in DispatcherServlet with name 'dispathcher'
2017-03-02 16:38:22.807 [localhost-startStop-1] INFO  org.springframework.web.context.ContextLoader - Root WebApplicationContext: initialization started
2017-03-02 16:38:22.910 [localhost-startStop-1] INFO  o.s.web.context.support.XmlWebApplicationContext - Refreshing Root WebApplicationContext: startup date [Thu Mar 02 16:38:22 CST 2017]; root of context hierarchy
2017-03-02 16:38:22.950 [localhost-startStop-1] INFO  o.s.beans.factory.xml.XmlBeanDefinitionReader - Loading XML bean definitions from class path resource [spring/spring-dao.xml]
2017-03-02 16:38:23.099 [localhost-startStop-1] INFO  o.s.beans.factory.xml.XmlBeanDefinitionReader - Loading XML bean definitions from class path resource [spring/spring-service.xml]
2017-03-02 16:38:23.267 [localhost-startStop-1] INFO  o.s.beans.factory.xml.XmlBeanDefinitionReader - Loading XML bean definitions from class path resource [spring/spring-shiro.xml]
2017-03-02 16:38:23.292 [localhost-startStop-1] INFO  o.s.beans.factory.xml.XmlBeanDefinitionReader - Loading XML bean definitions from class path resource [spring/spring-jedis.xml]
2017-03-02 16:38:23.577 [localhost-startStop-1] INFO  o.s.c.support.PropertySourcesPlaceholderConfigurer - Loading properties file from file [D:\workspace\MaiZhong\Manager\Manager_Controller\target\classes\resource\db.properties]
2017-03-02 16:38:23.577 [localhost-startStop-1] INFO  o.s.c.support.PropertySourcesPlaceholderConfigurer - Loading properties file from file [D:\workspace\MaiZhong\Manager\Manager_Controller\target\classes\resource\resource.properties]
2017-03-02 16:38:23.691 [localhost-startStop-1] INFO  o.s.c.s.PostProcessorRegistrationDelegate$BeanPostProcessorChecker - Bean 'org.springframework.aop.support.DefaultBeanFactoryPointcutAdvisor#0' of type [class org.springframework.aop.support.DefaultBeanFactoryPointcutAdvisor] is not eligible for getting processed by all BeanPostProcessors (for example: not eligible for auto-proxying)
2017-03-02 16:38:24.685 [localhost-startStop-1] INFO  com.alibaba.druid.pool.DruidDataSource - {dataSource-1} inited
2017-03-02 16:38:24.686 [localhost-startStop-1] INFO  o.s.c.s.PostProcessorRegistrationDelegate$BeanPostProcessorChecker - Bean 'dataSource' of type [class com.alibaba.druid.pool.DruidDataSource] is not eligible for getting processed by all BeanPostProcessors (for example: not eligible for auto-proxying)
2017-03-02 16:38:26.291 [localhost-startStop-1] INFO  o.s.c.s.PostProcessorRegistrationDelegate$BeanPostProcessorChecker - Bean 'sqlSessionFactory' of type [class org.mybatis.spring.SqlSessionFactoryBean] is not eligible for getting processed by all BeanPostProcessors (for example: not eligible for auto-proxying)
2017-03-02 16:38:26.314 [localhost-startStop-1] INFO  o.s.c.s.PostProcessorRegistrationDelegate$BeanPostProcessorChecker - Bean 'sqlSessionFactory' of type [class org.apache.ibatis.session.defaults.DefaultSqlSessionFactory] is not eligible for getting processed by all BeanPostProcessors (for example: not eligible for auto-proxying)
2017-03-02 16:38:26.333 [localhost-startStop-1] INFO  o.s.c.s.PostProcessorRegistrationDelegate$BeanPostProcessorChecker - Bean 'tbRolePermissionMapper' of type [class org.mybatis.spring.mapper.MapperFactoryBean] is not eligible for getting processed by all BeanPostProcessors (for example: not eligible for auto-proxying)
2017-03-02 16:38:26.334 [localhost-startStop-1] INFO  o.s.c.s.PostProcessorRegistrationDelegate$BeanPostProcessorChecker - Bean 'tbUserRoleMapper' of type [class org.mybatis.spring.mapper.MapperFactoryBean] is not eligible for getting processed by all BeanPostProcessors (for example: not eligible for auto-proxying)
2017-03-02 16:38:26.336 [localhost-startStop-1] INFO  o.s.c.s.PostProcessorRegistrationDelegate$BeanPostProcessorChecker - Bean 'tbMenuMapper' of type [class org.mybatis.spring.mapper.MapperFactoryBean] is not eligible for getting processed by all BeanPostProcessors (for example: not eligible for auto-proxying)
2017-03-02 16:38:26.338 [localhost-startStop-1] INFO  o.s.c.s.PostProcessorRegistrationDelegate$BeanPostProcessorChecker - Bean 'tbUserMapper' of type [class org.mybatis.spring.mapper.MapperFactoryBean] is not eligible for getting processed by all BeanPostProcessors (for example: not eligible for auto-proxying)
2017-03-02 16:38:26.340 [localhost-startStop-1] INFO  o.s.c.s.PostProcessorRegistrationDelegate$BeanPostProcessorChecker - Bean 'tbPermissionMapper' of type [class org.mybatis.spring.mapper.MapperFactoryBean] is not eligible for getting processed by all BeanPostProcessors (for example: not eligible for auto-proxying)
2017-03-02 16:38:26.341 [localhost-startStop-1] INFO  o.s.c.s.PostProcessorRegistrationDelegate$BeanPostProcessorChecker - Bean 'tbRoleMapper' of type [class org.mybatis.spring.mapper.MapperFactoryBean] is not eligible for getting processed by all BeanPostProcessors (for example: not eligible for auto-proxying)
2017-03-02 16:38:26.343 [localhost-startStop-1] INFO  o.s.c.s.PostProcessorRegistrationDelegate$BeanPostProcessorChecker - Bean 'tbDictionaryMapper' of type [class org.mybatis.spring.mapper.MapperFactoryBean] is not eligible for getting processed by all BeanPostProcessors (for example: not eligible for auto-proxying)
2017-03-02 16:38:26.346 [localhost-startStop-1] INFO  o.s.c.s.PostProcessorRegistrationDelegate$BeanPostProcessorChecker - Bean 'tbLogMapper' of type [class org.mybatis.spring.mapper.MapperFactoryBean] is not eligible for getting processed by all BeanPostProcessors (for example: not eligible for auto-proxying)
2017-03-02 16:38:26.354 [localhost-startStop-1] INFO  o.s.c.s.PostProcessorRegistrationDelegate$BeanPostProcessorChecker - Bean 'tbUserMapper' of type [class com.sun.proxy.$Proxy28] is not eligible for getting processed by all BeanPostProcessors (for example: not eligible for auto-proxying)
2017-03-02 16:38:26.376 [localhost-startStop-1] INFO  o.s.c.s.PostProcessorRegistrationDelegate$BeanPostProcessorChecker - Bean 'userServiceImpl' of type [class com.maizhong.service.impl.UserServiceImpl] is not eligible for getting processed by all BeanPostProcessors (for example: not eligible for auto-proxying)
2017-03-02 16:38:26.397 [localhost-startStop-1] INFO  o.s.c.s.PostProcessorRegistrationDelegate$BeanPostProcessorChecker - Bean 'transactionManager' of type [class org.springframework.jdbc.datasource.DataSourceTransactionManager] is not eligible for getting processed by all BeanPostProcessors (for example: not eligible for auto-proxying)
2017-03-02 16:38:26.426 [localhost-startStop-1] INFO  o.s.c.s.PostProcessorRegistrationDelegate$BeanPostProcessorChecker - Bean '(inner bean)#20b253fb' of type [class org.springframework.transaction.interceptor.NameMatchTransactionAttributeSource] is not eligible for getting processed by all BeanPostProcessors (for example: not eligible for auto-proxying)
2017-03-02 16:38:26.434 [localhost-startStop-1] INFO  o.s.c.s.PostProcessorRegistrationDelegate$BeanPostProcessorChecker - Bean 'txAdvice' of type [class org.springframework.transaction.interceptor.TransactionInterceptor] is not eligible for getting processed by all BeanPostProcessors (for example: not eligible for auto-proxying)
2017-03-02 16:38:26.460 [localhost-startStop-1] INFO  o.s.c.s.PostProcessorRegistrationDelegate$BeanPostProcessorChecker - Bean 'tbRoleMapper' of type [class com.sun.proxy.$Proxy33] is not eligible for getting processed by all BeanPostProcessors (for example: not eligible for auto-proxying)
2017-03-02 16:38:26.495 [localhost-startStop-1] INFO  o.s.c.s.PostProcessorRegistrationDelegate$BeanPostProcessorChecker - Bean 'tbRolePermissionMapper' of type [class com.sun.proxy.$Proxy34] is not eligible for getting processed by all BeanPostProcessors (for example: not eligible for auto-proxying)
2017-03-02 16:38:26.526 [localhost-startStop-1] INFO  o.s.c.s.PostProcessorRegistrationDelegate$BeanPostProcessorChecker - Bean 'tbUserRoleMapper' of type [class com.sun.proxy.$Proxy35] is not eligible for getting processed by all BeanPostProcessors (for example: not eligible for auto-proxying)
2017-03-02 16:38:26.551 [localhost-startStop-1] INFO  o.s.c.s.PostProcessorRegistrationDelegate$BeanPostProcessorChecker - Bean 'roleServiceImpl' of type [class com.maizhong.service.impl.RoleServiceImpl] is not eligible for getting processed by all BeanPostProcessors (for example: not eligible for auto-proxying)
2017-03-02 16:38:26.579 [localhost-startStop-1] INFO  o.s.c.s.PostProcessorRegistrationDelegate$BeanPostProcessorChecker - Bean 'tbPermissionMapper' of type [class com.sun.proxy.$Proxy38] is not eligible for getting processed by all BeanPostProcessors (for example: not eligible for auto-proxying)
2017-03-02 16:38:26.606 [localhost-startStop-1] INFO  o.s.c.s.PostProcessorRegistrationDelegate$BeanPostProcessorChecker - Bean 'permissionServiceImpl' of type [class com.maizhong.service.impl.PermissionServiceImpl] is not eligible for getting processed by all BeanPostProcessors (for example: not eligible for auto-proxying)
2017-03-02 16:38:26.616 [localhost-startStop-1] INFO  org.apache.shiro.realm.AuthorizingRealm - No cache or cacheManager properties have been set.  Authorization cache cannot be obtained.
2017-03-02 16:38:26.617 [localhost-startStop-1] INFO  o.s.c.s.PostProcessorRegistrationDelegate$BeanPostProcessorChecker - Bean 'userRealm' of type [class com.maizhong.shiro.MyRealm] is not eligible for getting processed by all BeanPostProcessors (for example: not eligible for auto-proxying)
2017-03-02 16:38:26.771 [localhost-startStop-1] INFO  o.s.c.s.PostProcessorRegistrationDelegate$BeanPostProcessorChecker - Bean 'cacheManager' of type [class org.apache.shiro.cache.ehcache.EhCacheManager] is not eligible for getting processed by all BeanPostProcessors (for example: not eligible for auto-proxying)
2017-03-02 16:38:26.778 [localhost-startStop-1] INFO  org.apache.shiro.cache.ehcache.EhCacheManager - Cache with name 'com.maizhong.shiro.MyRealm.authorizationCache' does not yet exist.  Creating now.
2017-03-02 16:38:26.812 [localhost-startStop-1] INFO  org.apache.shiro.cache.ehcache.EhCacheManager - Added EhCache named [com.maizhong.shiro.MyRealm.authorizationCache]
2017-03-02 16:38:26.813 [localhost-startStop-1] INFO  o.s.c.s.PostProcessorRegistrationDelegate$BeanPostProcessorChecker - Bean 'securityManager' of type [class org.apache.shiro.web.mgt.DefaultWebSecurityManager] is not eligible for getting processed by all BeanPostProcessors (for example: not eligible for auto-proxying)
2017-03-02 16:38:26.871 [localhost-startStop-1] INFO  o.s.c.s.PostProcessorRegistrationDelegate$BeanPostProcessorChecker - Bean 'org.apache.shiro.spring.security.interceptor.AuthorizationAttributeSourceAdvisor#0' of type [class org.apache.shiro.spring.security.interceptor.AuthorizationAttributeSourceAdvisor] is not eligible for getting processed by all BeanPostProcessors (for example: not eligible for auto-proxying)
2017-03-02 16:38:27.334 [localhost-startStop-1] INFO  org.springframework.web.context.ContextLoader - Root WebApplicationContext: initialization completed in 4523 ms
2017-03-02 16:38:30.411 [http-bio-8081-exec-1] INFO  org.springframework.web.servlet.DispatcherServlet - FrameworkServlet 'dispathcher': initialization started
2017-03-02 16:38:30.416 [http-bio-8081-exec-1] INFO  o.s.web.context.support.XmlWebApplicationContext - Refreshing WebApplicationContext for namespace 'dispathcher-servlet': startup date [Thu Mar 02 16:38:30 CST 2017]; parent: Root WebApplicationContext
2017-03-02 16:38:30.417 [http-bio-8081-exec-1] INFO  o.s.beans.factory.xml.XmlBeanDefinitionReader - Loading XML bean definitions from class path resource [spring/spring_mvc.xml]
2017-03-02 16:38:31.259 [http-bio-8081-exec-1] INFO  o.s.w.s.m.m.a.RequestMappingHandlerMapping - Mapped "{[/permission/handle/{id}]}" onto public java.lang.String com.maizhong.controller.PermissionController.handle(java.lang.String,org.springframework.ui.Model)
2017-03-02 16:38:31.259 [http-bio-8081-exec-1] INFO  o.s.w.s.m.m.a.RequestMappingHandlerMapping - Mapped "{[/permission],methods=[GET]}" onto public java.lang.String com.maizhong.controller.PermissionController.permission(org.springframework.ui.Model)
2017-03-02 16:38:31.260 [http-bio-8081-exec-1] INFO  o.s.w.s.m.m.a.RequestMappingHandlerMapping - Mapped "{[/permission/save],methods=[POST]}" onto public com.maizhong.common.result.JsonResult com.maizhong.controller.PermissionController.permissionSave(com.maizhong.pojo.TbPermission,org.springframework.validation.BindingResult)
2017-03-02 16:38:31.260 [http-bio-8081-exec-1] INFO  o.s.w.s.m.m.a.RequestMappingHandlerMapping - Mapped "{[/permission/update],methods=[POST]}" onto public com.maizhong.common.result.JsonResult com.maizhong.controller.PermissionController.permissionUpdate(com.maizhong.pojo.TbPermission,org.springframework.validation.BindingResult)
2017-03-02 16:38:31.260 [http-bio-8081-exec-1] INFO  o.s.w.s.m.m.a.RequestMappingHandlerMapping - Mapped "{[/permission/delete/{id}],methods=[POST]}" onto public com.maizhong.common.result.JsonResult com.maizhong.controller.PermissionController.permissionDelete(java.lang.String)
2017-03-02 16:38:31.260 [http-bio-8081-exec-1] INFO  o.s.w.s.m.m.a.RequestMappingHandlerMapping - Mapped "{[/permission/list],methods=[POST]}" onto public com.maizhong.common.result.JsonResult com.maizhong.controller.PermissionController.permissionList()
2017-03-02 16:38:31.260 [http-bio-8081-exec-1] INFO  o.s.w.s.m.m.a.RequestMappingHandlerMapping - Mapped "{[/test/{test}]}" onto public java.lang.String com.maizhong.controller.TestController.test(java.lang.String)
2017-03-02 16:38:31.261 [http-bio-8081-exec-1] INFO  o.s.w.s.m.m.a.RequestMappingHandlerMapping - Mapped "{[/log/error/delete],methods=[POST]}" onto public com.maizhong.common.result.JsonResult com.maizhong.controller.LogController.logErrorDelete()
2017-03-02 16:38:31.261 [http-bio-8081-exec-1] INFO  o.s.w.s.m.m.a.RequestMappingHandlerMapping - Mapped "{[/log/error/detail/{id}]}" onto public java.lang.String com.maizhong.controller.LogController.logErrorDetail(int,org.springframework.ui.Model)
2017-03-02 16:38:31.261 [http-bio-8081-exec-1] INFO  o.s.w.s.m.m.a.RequestMappingHandlerMapping - Mapped "{[/log/run/list],methods=[POST]}" onto public com.maizhong.common.result.JsonResult com.maizhong.controller.LogController.logRunList(com.maizhong.common.dto.PageSearchParam)
2017-03-02 16:38:31.262 [http-bio-8081-exec-1] INFO  o.s.w.s.m.m.a.RequestMappingHandlerMapping - Mapped "{[/log/run],methods=[GET]}" onto public java.lang.String com.maizhong.controller.LogController.runLog(org.springframework.ui.Model)
2017-03-02 16:38:31.262 [http-bio-8081-exec-1] INFO  o.s.w.s.m.m.a.RequestMappingHandlerMapping - Mapped "{[/log/error],methods=[GET]}" onto public java.lang.String com.maizhong.controller.LogController.errorLog(org.springframework.ui.Model)
2017-03-02 16:38:31.262 [http-bio-8081-exec-1] INFO  o.s.w.s.m.m.a.RequestMappingHandlerMapping - Mapped "{[/log/error/list],methods=[POST]}" onto public com.maizhong.common.result.JsonResult com.maizhong.controller.LogController.logErrorList(com.maizhong.common.dto.PageSearchParam)
2017-03-02 16:38:31.262 [http-bio-8081-exec-1] INFO  o.s.w.s.m.m.a.RequestMappingHandlerMapping - Mapped "{[/log/run/delete],methods=[POST]}" onto public com.maizhong.common.result.JsonResult com.maizhong.controller.LogController.logRunDelete()
2017-03-02 16:38:31.263 [http-bio-8081-exec-1] INFO  o.s.w.s.m.m.a.RequestMappingHandlerMapping - Mapped "{[/lock/{un}/{pwd}],methods=[POST]}" onto public com.maizhong.common.result.JsonResult com.maizhong.controller.LoginController.lock(java.lang.String,java.lang.String)
2017-03-02 16:38:31.263 [http-bio-8081-exec-1] INFO  o.s.w.s.m.m.a.RequestMappingHandlerMapping - Mapped "{[/login]}" onto public java.lang.String com.maizhong.controller.LoginController.login()
2017-03-02 16:38:31.263 [http-bio-8081-exec-1] INFO  o.s.w.s.m.m.a.RequestMappingHandlerMapping - Mapped "{[/loginCheck]}" onto public com.maizhong.common.result.JsonResult com.maizhong.controller.LoginController.loginCheck(com.maizhong.pojo.TbUser,org.springframework.validation.BindingResult,javax.servlet.http.HttpServletRequest)
2017-03-02 16:38:31.263 [http-bio-8081-exec-1] INFO  o.s.w.s.m.m.a.RequestMappingHandlerMapping - Mapped "{[/logOut],methods=[POST]}" onto public com.maizhong.common.result.JsonResult com.maizhong.controller.LoginController.logOut()
2017-03-02 16:38:31.263 [http-bio-8081-exec-1] INFO  o.s.w.s.m.m.a.RequestMappingHandlerMapping - Mapped "{[/verifyCode],methods=[GET]}" onto public void com.maizhong.controller.LoginController.verifyCode(javax.servlet.http.HttpServletRequest,javax.servlet.http.HttpServletResponse) throws java.io.IOException
2017-03-02 16:38:31.264 [http-bio-8081-exec-1] INFO  o.s.w.s.m.m.a.RequestMappingHandlerMapping - Mapped "{[/role/handle/{id}]}" onto public java.lang.String com.maizhong.controller.RoleController.handle(java.lang.String,org.springframework.ui.Model)
2017-03-02 16:38:31.265 [http-bio-8081-exec-1] INFO  o.s.w.s.m.m.a.RequestMappingHandlerMapping - Mapped "{[/role/save],methods=[POST]}" onto public com.maizhong.common.result.JsonResult com.maizhong.controller.RoleController.save(com.maizhong.pojo.TbRole,org.springframework.validation.BindingResult)
2017-03-02 16:38:31.265 [http-bio-8081-exec-1] INFO  o.s.w.s.m.m.a.RequestMappingHandlerMapping - Mapped "{[/role/delete/{id}],methods=[POST]}" onto public com.maizhong.common.result.JsonResult com.maizhong.controller.RoleController.delete(java.lang.String)
2017-03-02 16:38:31.265 [http-bio-8081-exec-1] INFO  o.s.w.s.m.m.a.RequestMappingHandlerMapping - Mapped "{[/role/update],methods=[POST]}" onto public com.maizhong.common.result.JsonResult com.maizhong.controller.RoleController.update(com.maizhong.pojo.TbRole,org.springframework.validation.BindingResult)
2017-03-02 16:38:31.265 [http-bio-8081-exec-1] INFO  o.s.w.s.m.m.a.RequestMappingHandlerMapping - Mapped "{[/role],methods=[GET]}" onto public java.lang.String com.maizhong.controller.RoleController.role(org.springframework.ui.Model)
2017-03-02 16:38:31.265 [http-bio-8081-exec-1] INFO  o.s.w.s.m.m.a.RequestMappingHandlerMapping - Mapped "{[/role/permission/save],methods=[POST]}" onto public com.maizhong.common.result.JsonResult com.maizhong.controller.RoleController.rolePermission(java.util.List,long)
2017-03-02 16:38:31.265 [http-bio-8081-exec-1] INFO  o.s.w.s.m.m.a.RequestMappingHandlerMapping - Mapped "{[/role/permission/{id}],methods=[GET]}" onto public java.lang.String com.maizhong.controller.RoleController.rolePermission(java.lang.String,org.springframework.ui.Model)
2017-03-02 16:38:31.265 [http-bio-8081-exec-1] INFO  o.s.w.s.m.m.a.RequestMappingHandlerMapping - Mapped "{[/role/list],methods=[POST]}" onto public com.maizhong.common.result.JsonResult com.maizhong.controller.RoleController.roleList(com.maizhong.common.dto.PageSearchParam)
2017-03-02 16:38:31.266 [http-bio-8081-exec-1] INFO  o.s.w.s.m.m.a.RequestMappingHandlerMapping - Mapped "{[/menu/handle/{id}]}" onto public java.lang.String com.maizhong.controller.MenuController.handle(java.lang.String,org.springframework.ui.Model)
2017-03-02 16:38:31.266 [http-bio-8081-exec-1] INFO  o.s.w.s.m.m.a.RequestMappingHandlerMapping - Mapped "{[/menu/update],methods=[POST]}" onto public com.maizhong.common.result.JsonResult com.maizhong.controller.MenuController.menuUpdate(com.maizhong.pojo.TbMenu,org.springframework.validation.BindingResult)
2017-03-02 16:38:31.266 [http-bio-8081-exec-1] INFO  o.s.w.s.m.m.a.RequestMappingHandlerMapping - Mapped "{[/menu/save],methods=[POST]}" onto public com.maizhong.common.result.JsonResult com.maizhong.controller.MenuController.menuSave(com.maizhong.pojo.TbMenu,org.springframework.validation.BindingResult)
2017-03-02 16:38:31.266 [http-bio-8081-exec-1] INFO  o.s.w.s.m.m.a.RequestMappingHandlerMapping - Mapped "{[/menu/delete/{id}],methods=[POST]}" onto public com.maizhong.common.result.JsonResult com.maizhong.controller.MenuController.menuDelete(java.lang.String)
2017-03-02 16:38:31.267 [http-bio-8081-exec-1] INFO  o.s.w.s.m.m.a.RequestMappingHandlerMapping - Mapped "{[/menu/json/{typeId}],methods=[GET]}" onto public com.maizhong.common.result.JsonResult com.maizhong.controller.MenuController.menuJson(java.lang.String)
2017-03-02 16:38:31.267 [http-bio-8081-exec-1] INFO  o.s.w.s.m.m.a.RequestMappingHandlerMapping - Mapped "{[/menu/redis/clear],methods=[POST]}" onto public com.maizhong.common.result.JsonResult com.maizhong.controller.MenuController.menuRedisClear()
2017-03-02 16:38:31.267 [http-bio-8081-exec-1] INFO  o.s.w.s.m.m.a.RequestMappingHandlerMapping - Mapped "{[/menu],methods=[GET]}" onto public java.lang.String com.maizhong.controller.MenuController.menu(org.springframework.ui.Model)
2017-03-02 16:38:31.267 [http-bio-8081-exec-1] INFO  o.s.w.s.m.m.a.RequestMappingHandlerMapping - Mapped "{[/menu/list],methods=[POST]}" onto public com.maizhong.common.result.JsonResult com.maizhong.controller.MenuController.menuList()
2017-03-02 16:38:31.267 [http-bio-8081-exec-1] INFO  o.s.w.s.m.m.a.RequestMappingHandlerMapping - Mapped "{[/dictionary/handle/{id}]}" onto public java.lang.String com.maizhong.controller.DictionaryController.handle(java.lang.String,org.springframework.ui.Model)
2017-03-02 16:38:31.268 [http-bio-8081-exec-1] INFO  o.s.w.s.m.m.a.RequestMappingHandlerMapping - Mapped "{[/dictionary/save],methods=[POST]}" onto public com.maizhong.common.result.JsonResult com.maizhong.controller.DictionaryController.dictionarySave(com.maizhong.pojo.TbDictionary,org.springframework.validation.BindingResult)
2017-03-02 16:38:31.268 [http-bio-8081-exec-1] INFO  o.s.w.s.m.m.a.RequestMappingHandlerMapping - Mapped "{[/dictionary/update],methods=[POST]}" onto public com.maizhong.common.result.JsonResult com.maizhong.controller.DictionaryController.dictionaryUpdate(com.maizhong.pojo.TbDictionary,org.springframework.validation.BindingResult)
2017-03-02 16:38:31.268 [http-bio-8081-exec-1] INFO  o.s.w.s.m.m.a.RequestMappingHandlerMapping - Mapped "{[/dictionary/delete/{id}],methods=[POST]}" onto public com.maizhong.common.result.JsonResult com.maizhong.controller.DictionaryController.dictionaryDelete(java.lang.String)
2017-03-02 16:38:31.268 [http-bio-8081-exec-1] INFO  o.s.w.s.m.m.a.RequestMappingHandlerMapping - Mapped "{[/dictionary/list],methods=[POST]}" onto public com.maizhong.common.result.JsonResult com.maizhong.controller.DictionaryController.dictionaryList()
2017-03-02 16:38:31.268 [http-bio-8081-exec-1] INFO  o.s.w.s.m.m.a.RequestMappingHandlerMapping - Mapped "{[/dictionary],methods=[GET]}" onto public java.lang.String com.maizhong.controller.DictionaryController.dictionary(org.springframework.ui.Model)
2017-03-02 16:38:31.268 [http-bio-8081-exec-1] INFO  o.s.w.s.m.m.a.RequestMappingHandlerMapping - Mapped "{[/index],methods=[GET]}" onto public java.lang.String com.maizhong.controller.IndexController.Index(org.springframework.ui.Model)
2017-03-02 16:38:31.410 [http-bio-8081-exec-1] INFO  org.hibernate.validator.internal.util.Version - HV000001: Hibernate Validator 5.1.1.Final
2017-03-02 16:38:31.829 [http-bio-8081-exec-1] INFO  o.s.w.s.m.m.a.RequestMappingHandlerAdapter - Looking for @ControllerAdvice: WebApplicationContext for namespace 'dispathcher-servlet': startup date [Thu Mar 02 16:38:30 CST 2017]; parent: Root WebApplicationContext
2017-03-02 16:38:32.029 [http-bio-8081-exec-1] INFO  o.s.w.s.m.m.a.RequestMappingHandlerAdapter - Looking for @ControllerAdvice: WebApplicationContext for namespace 'dispathcher-servlet': startup date [Thu Mar 02 16:38:30 CST 2017]; parent: Root WebApplicationContext
2017-03-02 16:38:32.414 [http-bio-8081-exec-1] INFO  o.s.web.servlet.handler.SimpleUrlHandlerMapping - Mapped URL path [/resources/**] onto handler 'org.springframework.web.servlet.resource.ResourceHttpRequestHandler#0'
2017-03-02 16:38:32.517 [http-bio-8081-exec-1] INFO  org.springframework.web.servlet.DispatcherServlet - FrameworkServlet 'dispathcher': initialization completed in 2106 ms
2017-03-02 16:38:32.894 [http-bio-8081-exec-1] WARN  org.springframework.web.servlet.PageNotFound - No mapping found for HTTP request with URI [/test/system/dictionary] in DispatcherServlet with name 'dispathcher'
2017-03-02 16:38:36.068 [http-bio-8081-exec-5] WARN  org.springframework.web.servlet.PageNotFound - No mapping found for HTTP request with URI [/test/system/dictionary] in DispatcherServlet with name 'dispathcher'
2017-03-02 16:38:41.631 [http-bio-8081-exec-6] WARN  org.springframework.web.servlet.PageNotFound - No mapping found for HTTP request with URI [/test/system/dictionary] in DispatcherServlet with name 'dispathcher'
2017-03-02 16:42:29.664 [localhost-startStop-1] INFO  org.springframework.web.context.ContextLoader - Root WebApplicationContext: initialization started
2017-03-02 16:42:29.793 [localhost-startStop-1] INFO  o.s.web.context.support.XmlWebApplicationContext - Refreshing Root WebApplicationContext: startup date [Thu Mar 02 16:42:29 CST 2017]; root of context hierarchy
2017-03-02 16:42:29.853 [localhost-startStop-1] INFO  o.s.beans.factory.xml.XmlBeanDefinitionReader - Loading XML bean definitions from class path resource [spring/spring-dao.xml]
2017-03-02 16:42:30.057 [localhost-startStop-1] INFO  o.s.beans.factory.xml.XmlBeanDefinitionReader - Loading XML bean definitions from class path resource [spring/spring-service.xml]
2017-03-02 16:42:30.313 [localhost-startStop-1] INFO  o.s.beans.factory.xml.XmlBeanDefinitionReader - Loading XML bean definitions from class path resource [spring/spring-shiro.xml]
2017-03-02 16:42:30.374 [localhost-startStop-1] INFO  o.s.beans.factory.xml.XmlBeanDefinitionReader - Loading XML bean definitions from class path resource [spring/spring-jedis.xml]
2017-03-02 16:42:30.854 [localhost-startStop-1] INFO  o.s.c.support.PropertySourcesPlaceholderConfigurer - Loading properties file from file [D:\workspace\MaiZhong\Manager\Manager_Controller\target\classes\resource\db.properties]
2017-03-02 16:42:30.854 [localhost-startStop-1] INFO  o.s.c.support.PropertySourcesPlaceholderConfigurer - Loading properties file from file [D:\workspace\MaiZhong\Manager\Manager_Controller\target\classes\resource\resource.properties]
2017-03-02 16:42:31.002 [localhost-startStop-1] INFO  o.s.c.s.PostProcessorRegistrationDelegate$BeanPostProcessorChecker - Bean 'org.springframework.aop.support.DefaultBeanFactoryPointcutAdvisor#0' of type [class org.springframework.aop.support.DefaultBeanFactoryPointcutAdvisor] is not eligible for getting processed by all BeanPostProcessors (for example: not eligible for auto-proxying)
2017-03-02 16:42:32.571 [localhost-startStop-1] INFO  com.alibaba.druid.pool.DruidDataSource - {dataSource-1} inited
2017-03-02 16:42:32.572 [localhost-startStop-1] INFO  o.s.c.s.PostProcessorRegistrationDelegate$BeanPostProcessorChecker - Bean 'dataSource' of type [class com.alibaba.druid.pool.DruidDataSource] is not eligible for getting processed by all BeanPostProcessors (for example: not eligible for auto-proxying)
2017-03-02 16:42:39.672 [localhost-startStop-1] INFO  o.s.c.s.PostProcessorRegistrationDelegate$BeanPostProcessorChecker - Bean 'sqlSessionFactory' of type [class org.mybatis.spring.SqlSessionFactoryBean] is not eligible for getting processed by all BeanPostProcessors (for example: not eligible for auto-proxying)
2017-03-02 16:42:39.701 [localhost-startStop-1] INFO  o.s.c.s.PostProcessorRegistrationDelegate$BeanPostProcessorChecker - Bean 'sqlSessionFactory' of type [class org.apache.ibatis.session.defaults.DefaultSqlSessionFactory] is not eligible for getting processed by all BeanPostProcessors (for example: not eligible for auto-proxying)
2017-03-02 16:42:39.720 [localhost-startStop-1] INFO  o.s.c.s.PostProcessorRegistrationDelegate$BeanPostProcessorChecker - Bean 'tbRolePermissionMapper' of type [class org.mybatis.spring.mapper.MapperFactoryBean] is not eligible for getting processed by all BeanPostProcessors (for example: not eligible for auto-proxying)
2017-03-02 16:42:39.722 [localhost-startStop-1] INFO  o.s.c.s.PostProcessorRegistrationDelegate$BeanPostProcessorChecker - Bean 'tbUserRoleMapper' of type [class org.mybatis.spring.mapper.MapperFactoryBean] is not eligible for getting processed by all BeanPostProcessors (for example: not eligible for auto-proxying)
2017-03-02 16:42:39.724 [localhost-startStop-1] INFO  o.s.c.s.PostProcessorRegistrationDelegate$BeanPostProcessorChecker - Bean 'tbMenuMapper' of type [class org.mybatis.spring.mapper.MapperFactoryBean] is not eligible for getting processed by all BeanPostProcessors (for example: not eligible for auto-proxying)
2017-03-02 16:42:39.726 [localhost-startStop-1] INFO  o.s.c.s.PostProcessorRegistrationDelegate$BeanPostProcessorChecker - Bean 'tbUserMapper' of type [class org.mybatis.spring.mapper.MapperFactoryBean] is not eligible for getting processed by all BeanPostProcessors (for example: not eligible for auto-proxying)
2017-03-02 16:42:39.728 [localhost-startStop-1] INFO  o.s.c.s.PostProcessorRegistrationDelegate$BeanPostProcessorChecker - Bean 'tbPermissionMapper' of type [class org.mybatis.spring.mapper.MapperFactoryBean] is not eligible for getting processed by all BeanPostProcessors (for example: not eligible for auto-proxying)
2017-03-02 16:42:39.731 [localhost-startStop-1] INFO  o.s.c.s.PostProcessorRegistrationDelegate$BeanPostProcessorChecker - Bean 'tbRoleMapper' of type [class org.mybatis.spring.mapper.MapperFactoryBean] is not eligible for getting processed by all BeanPostProcessors (for example: not eligible for auto-proxying)
2017-03-02 16:42:39.733 [localhost-startStop-1] INFO  o.s.c.s.PostProcessorRegistrationDelegate$BeanPostProcessorChecker - Bean 'tbDictionaryMapper' of type [class org.mybatis.spring.mapper.MapperFactoryBean] is not eligible for getting processed by all BeanPostProcessors (for example: not eligible for auto-proxying)
2017-03-02 16:42:39.735 [localhost-startStop-1] INFO  o.s.c.s.PostProcessorRegistrationDelegate$BeanPostProcessorChecker - Bean 'tbLogMapper' of type [class org.mybatis.spring.mapper.MapperFactoryBean] is not eligible for getting processed by all BeanPostProcessors (for example: not eligible for auto-proxying)
2017-03-02 16:42:39.745 [localhost-startStop-1] INFO  o.s.c.s.PostProcessorRegistrationDelegate$BeanPostProcessorChecker - Bean 'tbUserMapper' of type [class com.sun.proxy.$Proxy28] is not eligible for getting processed by all BeanPostProcessors (for example: not eligible for auto-proxying)
2017-03-02 16:42:39.771 [localhost-startStop-1] INFO  o.s.c.s.PostProcessorRegistrationDelegate$BeanPostProcessorChecker - Bean 'userServiceImpl' of type [class com.maizhong.service.impl.UserServiceImpl] is not eligible for getting processed by all BeanPostProcessors (for example: not eligible for auto-proxying)
2017-03-02 16:42:39.790 [localhost-startStop-1] INFO  o.s.c.s.PostProcessorRegistrationDelegate$BeanPostProcessorChecker - Bean 'transactionManager' of type [class org.springframework.jdbc.datasource.DataSourceTransactionManager] is not eligible for getting processed by all BeanPostProcessors (for example: not eligible for auto-proxying)
2017-03-02 16:42:39.819 [localhost-startStop-1] INFO  o.s.c.s.PostProcessorRegistrationDelegate$BeanPostProcessorChecker - Bean '(inner bean)#4c75dcca' of type [class org.springframework.transaction.interceptor.NameMatchTransactionAttributeSource] is not eligible for getting processed by all BeanPostProcessors (for example: not eligible for auto-proxying)
2017-03-02 16:42:39.826 [localhost-startStop-1] INFO  o.s.c.s.PostProcessorRegistrationDelegate$BeanPostProcessorChecker - Bean 'txAdvice' of type [class org.springframework.transaction.interceptor.TransactionInterceptor] is not eligible for getting processed by all BeanPostProcessors (for example: not eligible for auto-proxying)
2017-03-02 16:42:39.862 [localhost-startStop-1] INFO  o.s.c.s.PostProcessorRegistrationDelegate$BeanPostProcessorChecker - Bean 'tbRoleMapper' of type [class com.sun.proxy.$Proxy33] is not eligible for getting processed by all BeanPostProcessors (for example: not eligible for auto-proxying)
2017-03-02 16:42:39.889 [localhost-startStop-1] INFO  o.s.c.s.PostProcessorRegistrationDelegate$BeanPostProcessorChecker - Bean 'tbRolePermissionMapper' of type [class com.sun.proxy.$Proxy34] is not eligible for getting processed by all BeanPostProcessors (for example: not eligible for auto-proxying)
2017-03-02 16:42:39.909 [localhost-startStop-1] INFO  o.s.c.s.PostProcessorRegistrationDelegate$BeanPostProcessorChecker - Bean 'tbUserRoleMapper' of type [class com.sun.proxy.$Proxy35] is not eligible for getting processed by all BeanPostProcessors (for example: not eligible for auto-proxying)
2017-03-02 16:42:39.940 [localhost-startStop-1] INFO  o.s.c.s.PostProcessorRegistrationDelegate$BeanPostProcessorChecker - Bean 'roleServiceImpl' of type [class com.maizhong.service.impl.RoleServiceImpl] is not eligible for getting processed by all BeanPostProcessors (for example: not eligible for auto-proxying)
2017-03-02 16:42:39.979 [localhost-startStop-1] INFO  o.s.c.s.PostProcessorRegistrationDelegate$BeanPostProcessorChecker - Bean 'tbPermissionMapper' of type [class com.sun.proxy.$Proxy38] is not eligible for getting processed by all BeanPostProcessors (for example: not eligible for auto-proxying)
2017-03-02 16:42:40.019 [localhost-startStop-1] INFO  o.s.c.s.PostProcessorRegistrationDelegate$BeanPostProcessorChecker - Bean 'permissionServiceImpl' of type [class com.maizhong.service.impl.PermissionServiceImpl] is not eligible for getting processed by all BeanPostProcessors (for example: not eligible for auto-proxying)
2017-03-02 16:42:40.033 [localhost-startStop-1] INFO  org.apache.shiro.realm.AuthorizingRealm - No cache or cacheManager properties have been set.  Authorization cache cannot be obtained.
2017-03-02 16:42:40.033 [localhost-startStop-1] INFO  o.s.c.s.PostProcessorRegistrationDelegate$BeanPostProcessorChecker - Bean 'userRealm' of type [class com.maizhong.shiro.MyRealm] is not eligible for getting processed by all BeanPostProcessors (for example: not eligible for auto-proxying)
2017-03-02 16:42:40.210 [localhost-startStop-1] INFO  o.s.c.s.PostProcessorRegistrationDelegate$BeanPostProcessorChecker - Bean 'cacheManager' of type [class org.apache.shiro.cache.ehcache.EhCacheManager] is not eligible for getting processed by all BeanPostProcessors (for example: not eligible for auto-proxying)
2017-03-02 16:42:40.217 [localhost-startStop-1] INFO  org.apache.shiro.cache.ehcache.EhCacheManager - Cache with name 'com.maizhong.shiro.MyRealm.authorizationCache' does not yet exist.  Creating now.
2017-03-02 16:42:40.245 [localhost-startStop-1] INFO  org.apache.shiro.cache.ehcache.EhCacheManager - Added EhCache named [com.maizhong.shiro.MyRealm.authorizationCache]
2017-03-02 16:42:40.246 [localhost-startStop-1] INFO  o.s.c.s.PostProcessorRegistrationDelegate$BeanPostProcessorChecker - Bean 'securityManager' of type [class org.apache.shiro.web.mgt.DefaultWebSecurityManager] is not eligible for getting processed by all BeanPostProcessors (for example: not eligible for auto-proxying)
2017-03-02 16:42:40.298 [localhost-startStop-1] INFO  o.s.c.s.PostProcessorRegistrationDelegate$BeanPostProcessorChecker - Bean 'org.apache.shiro.spring.security.interceptor.AuthorizationAttributeSourceAdvisor#0' of type [class org.apache.shiro.spring.security.interceptor.AuthorizationAttributeSourceAdvisor] is not eligible for getting processed by all BeanPostProcessors (for example: not eligible for auto-proxying)
2017-03-02 16:42:40.806 [localhost-startStop-1] INFO  org.springframework.web.context.ContextLoader - Root WebApplicationContext: initialization completed in 11137 ms
2017-03-02 16:42:49.974 [http-bio-8081-exec-1] INFO  org.springframework.web.servlet.DispatcherServlet - FrameworkServlet 'dispathcher': initialization started
2017-03-02 16:42:49.977 [http-bio-8081-exec-1] INFO  o.s.web.context.support.XmlWebApplicationContext - Refreshing WebApplicationContext for namespace 'dispathcher-servlet': startup date [Thu Mar 02 16:42:49 CST 2017]; parent: Root WebApplicationContext
2017-03-02 16:42:49.979 [http-bio-8081-exec-1] INFO  o.s.beans.factory.xml.XmlBeanDefinitionReader - Loading XML bean definitions from class path resource [spring/spring_mvc.xml]
2017-03-02 16:42:51.135 [http-bio-8081-exec-1] INFO  o.s.w.s.m.m.a.RequestMappingHandlerMapping - Mapped "{[/permission/handle/{id}]}" onto public java.lang.String com.maizhong.controller.PermissionController.handle(java.lang.String,org.springframework.ui.Model)
2017-03-02 16:42:51.136 [http-bio-8081-exec-1] INFO  o.s.w.s.m.m.a.RequestMappingHandlerMapping - Mapped "{[/permission],methods=[GET]}" onto public java.lang.String com.maizhong.controller.PermissionController.permission(org.springframework.ui.Model)
2017-03-02 16:42:51.136 [http-bio-8081-exec-1] INFO  o.s.w.s.m.m.a.RequestMappingHandlerMapping - Mapped "{[/permission/list],methods=[POST]}" onto public com.maizhong.common.result.JsonResult com.maizhong.controller.PermissionController.permissionList()
2017-03-02 16:42:51.136 [http-bio-8081-exec-1] INFO  o.s.w.s.m.m.a.RequestMappingHandlerMapping - Mapped "{[/permission/save],methods=[POST]}" onto public com.maizhong.common.result.JsonResult com.maizhong.controller.PermissionController.permissionSave(com.maizhong.pojo.TbPermission,org.springframework.validation.BindingResult)
2017-03-02 16:42:51.136 [http-bio-8081-exec-1] INFO  o.s.w.s.m.m.a.RequestMappingHandlerMapping - Mapped "{[/permission/update],methods=[POST]}" onto public com.maizhong.common.result.JsonResult com.maizhong.controller.PermissionController.permissionUpdate(com.maizhong.pojo.TbPermission,org.springframework.validation.BindingResult)
2017-03-02 16:42:51.136 [http-bio-8081-exec-1] INFO  o.s.w.s.m.m.a.RequestMappingHandlerMapping - Mapped "{[/permission/delete/{id}],methods=[POST]}" onto public com.maizhong.common.result.JsonResult com.maizhong.controller.PermissionController.permissionDelete(java.lang.String)
2017-03-02 16:42:51.137 [http-bio-8081-exec-1] INFO  o.s.w.s.m.m.a.RequestMappingHandlerMapping - Mapped "{[/test/{test}]}" onto public java.lang.String com.maizhong.controller.TestController.test(java.lang.String)
2017-03-02 16:42:51.137 [http-bio-8081-exec-1] INFO  o.s.w.s.m.m.a.RequestMappingHandlerMapping - Mapped "{[/log/error],methods=[GET]}" onto public java.lang.String com.maizhong.controller.LogController.errorLog(org.springframework.ui.Model)
2017-03-02 16:42:51.138 [http-bio-8081-exec-1] INFO  o.s.w.s.m.m.a.RequestMappingHandlerMapping - Mapped "{[/log/run],methods=[GET]}" onto public java.lang.String com.maizhong.controller.LogController.runLog(org.springframework.ui.Model)
2017-03-02 16:42:51.138 [http-bio-8081-exec-1] INFO  o.s.w.s.m.m.a.RequestMappingHandlerMapping - Mapped "{[/log/run/list],methods=[POST]}" onto public com.maizhong.common.result.JsonResult com.maizhong.controller.LogController.logRunList(com.maizhong.common.dto.PageSearchParam)
2017-03-02 16:42:51.138 [http-bio-8081-exec-1] INFO  o.s.w.s.m.m.a.RequestMappingHandlerMapping - Mapped "{[/log/error/list],methods=[POST]}" onto public com.maizhong.common.result.JsonResult com.maizhong.controller.LogController.logErrorList(com.maizhong.common.dto.PageSearchParam)
2017-03-02 16:42:51.138 [http-bio-8081-exec-1] INFO  o.s.w.s.m.m.a.RequestMappingHandlerMapping - Mapped "{[/log/run/delete],methods=[POST]}" onto public com.maizhong.common.result.JsonResult com.maizhong.controller.LogController.logRunDelete()
2017-03-02 16:42:51.138 [http-bio-8081-exec-1] INFO  o.s.w.s.m.m.a.RequestMappingHandlerMapping - Mapped "{[/log/error/delete],methods=[POST]}" onto public com.maizhong.common.result.JsonResult com.maizhong.controller.LogController.logErrorDelete()
2017-03-02 16:42:51.138 [http-bio-8081-exec-1] INFO  o.s.w.s.m.m.a.RequestMappingHandlerMapping - Mapped "{[/log/error/detail/{id}]}" onto public java.lang.String com.maizhong.controller.LogController.logErrorDetail(int,org.springframework.ui.Model)
2017-03-02 16:42:51.139 [http-bio-8081-exec-1] INFO  o.s.w.s.m.m.a.RequestMappingHandlerMapping - Mapped "{[/lock/{un}/{pwd}],methods=[POST]}" onto public com.maizhong.common.result.JsonResult com.maizhong.controller.LoginController.lock(java.lang.String,java.lang.String)
2017-03-02 16:42:51.139 [http-bio-8081-exec-1] INFO  o.s.w.s.m.m.a.RequestMappingHandlerMapping - Mapped "{[/loginCheck]}" onto public com.maizhong.common.result.JsonResult com.maizhong.controller.LoginController.loginCheck(com.maizhong.pojo.TbUser,org.springframework.validation.BindingResult,javax.servlet.http.HttpServletRequest)
2017-03-02 16:42:51.139 [http-bio-8081-exec-1] INFO  o.s.w.s.m.m.a.RequestMappingHandlerMapping - Mapped "{[/logOut],methods=[POST]}" onto public com.maizhong.common.result.JsonResult com.maizhong.controller.LoginController.logOut()
2017-03-02 16:42:51.139 [http-bio-8081-exec-1] INFO  o.s.w.s.m.m.a.RequestMappingHandlerMapping - Mapped "{[/login]}" onto public java.lang.String com.maizhong.controller.LoginController.login()
2017-03-02 16:42:51.139 [http-bio-8081-exec-1] INFO  o.s.w.s.m.m.a.RequestMappingHandlerMapping - Mapped "{[/verifyCode],methods=[GET]}" onto public void com.maizhong.controller.LoginController.verifyCode(javax.servlet.http.HttpServletRequest,javax.servlet.http.HttpServletResponse) throws java.io.IOException
2017-03-02 16:42:51.140 [http-bio-8081-exec-1] INFO  o.s.w.s.m.m.a.RequestMappingHandlerMapping - Mapped "{[/role/handle/{id}]}" onto public java.lang.String com.maizhong.controller.RoleController.handle(java.lang.String,org.springframework.ui.Model)
2017-03-02 16:42:51.140 [http-bio-8081-exec-1] INFO  o.s.w.s.m.m.a.RequestMappingHandlerMapping - Mapped "{[/role/save],methods=[POST]}" onto public com.maizhong.common.result.JsonResult com.maizhong.controller.RoleController.save(com.maizhong.pojo.TbRole,org.springframework.validation.BindingResult)
2017-03-02 16:42:51.140 [http-bio-8081-exec-1] INFO  o.s.w.s.m.m.a.RequestMappingHandlerMapping - Mapped "{[/role/delete/{id}],methods=[POST]}" onto public com.maizhong.common.result.JsonResult com.maizhong.controller.RoleController.delete(java.lang.String)
2017-03-02 16:42:51.140 [http-bio-8081-exec-1] INFO  o.s.w.s.m.m.a.RequestMappingHandlerMapping - Mapped "{[/role/update],methods=[POST]}" onto public com.maizhong.common.result.JsonResult com.maizhong.controller.RoleController.update(com.maizhong.pojo.TbRole,org.springframework.validation.BindingResult)
2017-03-02 16:42:51.141 [http-bio-8081-exec-1] INFO  o.s.w.s.m.m.a.RequestMappingHandlerMapping - Mapped "{[/role],methods=[GET]}" onto public java.lang.String com.maizhong.controller.RoleController.role(org.springframework.ui.Model)
2017-03-02 16:42:51.141 [http-bio-8081-exec-1] INFO  o.s.w.s.m.m.a.RequestMappingHandlerMapping - Mapped "{[/role/list],methods=[POST]}" onto public com.maizhong.common.result.JsonResult com.maizhong.controller.RoleController.roleList(com.maizhong.common.dto.PageSearchParam)
2017-03-02 16:42:51.141 [http-bio-8081-exec-1] INFO  o.s.w.s.m.m.a.RequestMappingHandlerMapping - Mapped "{[/role/permission/save],methods=[POST]}" onto public com.maizhong.common.result.JsonResult com.maizhong.controller.RoleController.rolePermission(java.util.List,long)
2017-03-02 16:42:51.141 [http-bio-8081-exec-1] INFO  o.s.w.s.m.m.a.RequestMappingHandlerMapping - Mapped "{[/role/permission/{id}],methods=[GET]}" onto public java.lang.String com.maizhong.controller.RoleController.rolePermission(java.lang.String,org.springframework.ui.Model)
2017-03-02 16:42:51.142 [http-bio-8081-exec-1] INFO  o.s.w.s.m.m.a.RequestMappingHandlerMapping - Mapped "{[/menu/handle/{id}]}" onto public java.lang.String com.maizhong.controller.MenuController.handle(java.lang.String,org.springframework.ui.Model)
2017-03-02 16:42:51.142 [http-bio-8081-exec-1] INFO  o.s.w.s.m.m.a.RequestMappingHandlerMapping - Mapped "{[/menu/update],methods=[POST]}" onto public com.maizhong.common.result.JsonResult com.maizhong.controller.MenuController.menuUpdate(com.maizhong.pojo.TbMenu,org.springframework.validation.BindingResult)
2017-03-02 16:42:51.142 [http-bio-8081-exec-1] INFO  o.s.w.s.m.m.a.RequestMappingHandlerMapping - Mapped "{[/menu/save],methods=[POST]}" onto public com.maizhong.common.result.JsonResult com.maizhong.controller.MenuController.menuSave(com.maizhong.pojo.TbMenu,org.springframework.validation.BindingResult)
2017-03-02 16:42:51.142 [http-bio-8081-exec-1] INFO  o.s.w.s.m.m.a.RequestMappingHandlerMapping - Mapped "{[/menu/json/{typeId}],methods=[GET]}" onto public com.maizhong.common.result.JsonResult com.maizhong.controller.MenuController.menuJson(java.lang.String)
2017-03-02 16:42:51.142 [http-bio-8081-exec-1] INFO  o.s.w.s.m.m.a.RequestMappingHandlerMapping - Mapped "{[/menu/delete/{id}],methods=[POST]}" onto public com.maizhong.common.result.JsonResult com.maizhong.controller.MenuController.menuDelete(java.lang.String)
2017-03-02 16:42:51.142 [http-bio-8081-exec-1] INFO  o.s.w.s.m.m.a.RequestMappingHandlerMapping - Mapped "{[/menu],methods=[GET]}" onto public java.lang.String com.maizhong.controller.MenuController.menu(org.springframework.ui.Model)
2017-03-02 16:42:51.142 [http-bio-8081-exec-1] INFO  o.s.w.s.m.m.a.RequestMappingHandlerMapping - Mapped "{[/menu/list],methods=[POST]}" onto public com.maizhong.common.result.JsonResult com.maizhong.controller.MenuController.menuList()
2017-03-02 16:42:51.142 [http-bio-8081-exec-1] INFO  o.s.w.s.m.m.a.RequestMappingHandlerMapping - Mapped "{[/menu/redis/clear],methods=[POST]}" onto public com.maizhong.common.result.JsonResult com.maizhong.controller.MenuController.menuRedisClear()
2017-03-02 16:42:51.143 [http-bio-8081-exec-1] INFO  o.s.w.s.m.m.a.RequestMappingHandlerMapping - Mapped "{[/dictionary/handle/{id}]}" onto public java.lang.String com.maizhong.controller.DictionaryController.handle(java.lang.String,org.springframework.ui.Model)
2017-03-02 16:42:51.143 [http-bio-8081-exec-1] INFO  o.s.w.s.m.m.a.RequestMappingHandlerMapping - Mapped "{[/dictionary],methods=[GET]}" onto public java.lang.String com.maizhong.controller.DictionaryController.dictionary(org.springframework.ui.Model)
2017-03-02 16:42:51.143 [http-bio-8081-exec-1] INFO  o.s.w.s.m.m.a.RequestMappingHandlerMapping - Mapped "{[/dictionary/list],methods=[POST]}" onto public com.maizhong.common.result.JsonResult com.maizhong.controller.DictionaryController.dictionaryList()
2017-03-02 16:42:51.143 [http-bio-8081-exec-1] INFO  o.s.w.s.m.m.a.RequestMappingHandlerMapping - Mapped "{[/dictionary/save],methods=[POST]}" onto public com.maizhong.common.result.JsonResult com.maizhong.controller.DictionaryController.dictionarySave(com.maizhong.pojo.TbDictionary,org.springframework.validation.BindingResult)
2017-03-02 16:42:51.143 [http-bio-8081-exec-1] INFO  o.s.w.s.m.m.a.RequestMappingHandlerMapping - Mapped "{[/dictionary/update],methods=[POST]}" onto public com.maizhong.common.result.JsonResult com.maizhong.controller.DictionaryController.dictionaryUpdate(com.maizhong.pojo.TbDictionary,org.springframework.validation.BindingResult)
2017-03-02 16:42:51.143 [http-bio-8081-exec-1] INFO  o.s.w.s.m.m.a.RequestMappingHandlerMapping - Mapped "{[/dictionary/delete/{id}],methods=[POST]}" onto public com.maizhong.common.result.JsonResult com.maizhong.controller.DictionaryController.dictionaryDelete(java.lang.String)
2017-03-02 16:42:51.144 [http-bio-8081-exec-1] INFO  o.s.w.s.m.m.a.RequestMappingHandlerMapping - Mapped "{[/index],methods=[GET]}" onto public java.lang.String com.maizhong.controller.IndexController.Index(org.springframework.ui.Model)
2017-03-02 16:42:51.228 [http-bio-8081-exec-1] INFO  org.hibernate.validator.internal.util.Version - HV000001: Hibernate Validator 5.1.1.Final
2017-03-02 16:42:51.572 [http-bio-8081-exec-1] INFO  o.s.w.s.m.m.a.RequestMappingHandlerAdapter - Looking for @ControllerAdvice: WebApplicationContext for namespace 'dispathcher-servlet': startup date [Thu Mar 02 16:42:49 CST 2017]; parent: Root WebApplicationContext
2017-03-02 16:42:51.722 [http-bio-8081-exec-1] INFO  o.s.w.s.m.m.a.RequestMappingHandlerAdapter - Looking for @ControllerAdvice: WebApplicationContext for namespace 'dispathcher-servlet': startup date [Thu Mar 02 16:42:49 CST 2017]; parent: Root WebApplicationContext
2017-03-02 16:42:51.999 [http-bio-8081-exec-1] INFO  o.s.web.servlet.handler.SimpleUrlHandlerMapping - Mapped URL path [/resources/**] onto handler 'org.springframework.web.servlet.resource.ResourceHttpRequestHandler#0'
2017-03-02 16:42:52.134 [http-bio-8081-exec-1] INFO  org.springframework.web.servlet.DispatcherServlet - FrameworkServlet 'dispathcher': initialization completed in 2159 ms
2017-03-02 16:42:53.962 [http-bio-8081-exec-7] WARN  org.springframework.web.servlet.PageNotFound - No mapping found for HTTP request with URI [/Center.html] in DispatcherServlet with name 'dispathcher'
2017-03-02 16:43:02.268 [http-bio-8081-exec-10] WARN  org.springframework.web.servlet.PageNotFound - No mapping found for HTTP request with URI [/Center.html] in DispatcherServlet with name 'dispathcher'
2017-03-02 16:43:05.364 [http-bio-8081-exec-10] WARN  org.springframework.web.servlet.PageNotFound - No mapping found for HTTP request with URI [/] in DispatcherServlet with name 'dispathcher'
2017-03-02 16:43:07.082 [http-bio-8081-exec-10] WARN  org.springframework.web.servlet.PageNotFound - No mapping found for HTTP request with URI [/] in DispatcherServlet with name 'dispathcher'
2017-03-02 16:43:15.532 [http-bio-8081-exec-10] WARN  org.springframework.web.servlet.PageNotFound - No mapping found for HTTP request with URI [/Center.html] in DispatcherServlet with name 'dispathcher'
2017-03-02 16:43:17.790 [http-bio-8081-exec-10] INFO  com.maizhong.service.impl.MenuServiceImpl - 添加缓存 MANAGER_MENU_KEY:[]
2017-03-02 16:43:17.978 [http-bio-8081-exec-10] INFO  com.maizhong.service.impl.MenuServiceImpl - 命中缓存 MANAGER_MENU_KEY:[{"children":[{"href":"/user","icon":"fa2 fa-address-card-o","spread":false,"title":"用户管理"},{"href":"/role","icon":"fa2 fa-group","spread":false,"title":"角色管理"}],"icon":"fa2 fa-user","spread":true,"title":"用户控制"},{"children":[{"href":"/menu","icon":"fa2 fa-globe","spread":false,"title":"菜单管理"},{"href":"/dictionary","icon":"fa2 fa-book","spread":false,"title":"数据字典"},{"href":"/permission","icon":"fa2 fa-key","spread":false,"title":"权限管理"}],"icon":"fa2 fa-cogs","spread":false,"title":"系统控制"},{"children":[{"href":"/log/run","icon":"fa2 fa-modx","spread":false,"title":"运行日志"},{"href":"/log/error","icon":"fa2 fa-bug","spread":false,"title":"异常日志"}],"icon":"fa2 fa-file-code-o","spread":false,"title":"系统日志"}]
2017-03-02 16:43:19.277 [http-bio-8081-exec-10] WARN  org.springframework.web.servlet.PageNotFound - No mapping found for HTTP request with URI [/user] in DispatcherServlet with name 'dispathcher'
2017-03-02 16:43:40.535 [http-bio-8081-exec-10] WARN  org.springframework.web.servlet.PageNotFound - No mapping found for HTTP request with URI [/Center.html] in DispatcherServlet with name 'dispathcher'
2017-03-02 16:43:43.513 [http-bio-8081-exec-10] INFO  com.maizhong.service.impl.MenuServiceImpl - 命中缓存 MANAGER_MENU_KEY:[]
2017-03-02 16:43:43.770 [http-bio-8081-exec-10] INFO  com.maizhong.service.impl.MenuServiceImpl - 命中缓存 MANAGER_MENU_KEY:[{"children":[{"href":"/user","icon":"fa2 fa-address-card-o","spread":false,"title":"用户管理"},{"href":"/role","icon":"fa2 fa-group","spread":false,"title":"角色管理"}],"icon":"fa2 fa-user","spread":true,"title":"用户控制"},{"children":[{"href":"/menu","icon":"fa2 fa-globe","spread":false,"title":"菜单管理"},{"href":"/dictionary","icon":"fa2 fa-book","spread":false,"title":"数据字典"},{"href":"/permission","icon":"fa2 fa-key","spread":false,"title":"权限管理"}],"icon":"fa2 fa-cogs","spread":false,"title":"系统控制"},{"children":[{"href":"/log/run","icon":"fa2 fa-modx","spread":false,"title":"运行日志"},{"href":"/log/error","icon":"fa2 fa-bug","spread":false,"title":"异常日志"}],"icon":"fa2 fa-file-code-o","spread":false,"title":"系统日志"}]
2017-03-02 16:44:02.364 [http-bio-8081-exec-6] WARN  org.springframework.web.servlet.PageNotFound - No mapping found for HTTP request with URI [/user] in DispatcherServlet with name 'dispathcher'
2017-03-02 16:46:22.200 [http-bio-8081-exec-1] WARN  org.springframework.web.servlet.PageNotFound - No mapping found for HTTP request with URI [/Center.html] in DispatcherServlet with name 'dispathcher'
2017-03-02 16:46:23.502 [http-bio-8081-exec-1] WARN  org.springframework.web.servlet.PageNotFound - No mapping found for HTTP request with URI [/Center.html] in DispatcherServlet with name 'dispathcher'
2017-03-02 16:46:25.162 [http-bio-8081-exec-1] INFO  com.maizhong.service.impl.MenuServiceImpl - 命中缓存 MANAGER_MENU_KEY:[{"children":[{"href":"/user","icon":"fa2 fa-address-card-o","spread":false,"title":"用户管理"},{"href":"/role","icon":"fa2 fa-group","spread":false,"title":"角色管理"}],"icon":"fa2 fa-user","spread":true,"title":"用户控制"},{"children":[{"href":"/menu","icon":"fa2 fa-globe","spread":false,"title":"菜单管理"},{"href":"/dictionary","icon":"fa2 fa-book","spread":false,"title":"数据字典"},{"href":"/permission","icon":"fa2 fa-key","spread":false,"title":"权限管理"}],"icon":"fa2 fa-cogs","spread":false,"title":"系统控制"},{"children":[{"href":"/log/run","icon":"fa2 fa-modx","spread":false,"title":"运行日志"},{"href":"/log/error","icon":"fa2 fa-bug","spread":false,"title":"异常日志"}],"icon":"fa2 fa-file-code-o","spread":false,"title":"系统日志"}]
2017-03-02 16:49:01.511 [http-bio-8081-exec-5] WARN  org.springframework.web.servlet.PageNotFound - No mapping found for HTTP request with URI [/user] in DispatcherServlet with name 'dispathcher'
2017-03-02 16:52:45.726 [http-bio-8081-exec-1] WARN  org.springframework.web.servlet.PageNotFound - No mapping found for HTTP request with URI [/Center.html] in DispatcherServlet with name 'dispathcher'
2017-03-02 16:54:55.502 [http-bio-8081-exec-5] WARN  org.springframework.web.servlet.PageNotFound - No mapping found for HTTP request with URI [/Center.html] in DispatcherServlet with name 'dispathcher'
2017-03-02 16:54:57.074 [http-bio-8081-exec-5] WARN  org.springframework.web.servlet.PageNotFound - No mapping found for HTTP request with URI [/Center.html] in DispatcherServlet with name 'dispathcher'
2017-03-02 16:55:09.265 [http-bio-8081-exec-5] WARN  org.springframework.web.servlet.PageNotFound - No mapping found for HTTP request with URI [/Center.html] in DispatcherServlet with name 'dispathcher'
2017-03-02 16:55:10.537 [http-bio-8081-exec-5] INFO  com.maizhong.service.impl.MenuServiceImpl - 命中缓存 MANAGER_MENU_KEY:[{"children":[{"href":"/user","icon":"fa2 fa-address-card-o","spread":false,"title":"用户管理"},{"href":"/role","icon":"fa2 fa-group","spread":false,"title":"角色管理"}],"icon":"fa2 fa-user","spread":true,"title":"用户控制"},{"children":[{"href":"/menu","icon":"fa2 fa-globe","spread":false,"title":"菜单管理"},{"href":"/dictionary","icon":"fa2 fa-book","spread":false,"title":"数据字典"},{"href":"/permission","icon":"fa2 fa-key","spread":false,"title":"权限管理"}],"icon":"fa2 fa-cogs","spread":false,"title":"系统控制"},{"children":[{"href":"/log/run","icon":"fa2 fa-modx","spread":false,"title":"运行日志"},{"href":"/log/error","icon":"fa2 fa-bug","spread":false,"title":"异常日志"}],"icon":"fa2 fa-file-code-o","spread":false,"title":"系统日志"}]
2017-03-02 16:56:07.449 [http-bio-8081-exec-5] WARN  org.springframework.web.servlet.PageNotFound - No mapping found for HTTP request with URI [/Center.html] in DispatcherServlet with name 'dispathcher'
2017-03-02 16:56:08.992 [http-bio-8081-exec-8] INFO  com.maizhong.service.impl.MenuServiceImpl - 命中缓存 MANAGER_MENU_KEY:[{"children":[{"href":"/user","icon":"fa2 fa-address-card-o","spread":false,"title":"用户管理"},{"href":"/role","icon":"fa2 fa-group","spread":false,"title":"角色管理"}],"icon":"fa2 fa-user","spread":true,"title":"用户控制"},{"children":[{"href":"/menu","icon":"fa2 fa-globe","spread":false,"title":"菜单管理"},{"href":"/dictionary","icon":"fa2 fa-book","spread":false,"title":"数据字典"},{"href":"/permission","icon":"fa2 fa-key","spread":false,"title":"权限管理"}],"icon":"fa2 fa-cogs","spread":false,"title":"系统控制"},{"children":[{"href":"/log/run","icon":"fa2 fa-modx","spread":false,"title":"运行日志"},{"href":"/log/error","icon":"fa2 fa-bug","spread":false,"title":"异常日志"}],"icon":"fa2 fa-file-code-o","spread":false,"title":"系统日志"}]
2017-03-02 17:03:39.145 [http-bio-8081-exec-10] ERROR com.maizhong.controller.LoginController - error:密码错误
2017-03-02 17:03:48.391 [http-bio-8081-exec-10] ERROR com.maizhong.controller.LoginController - error:密码错误
2017-03-02 17:10:12.036 [http-bio-8081-exec-3] ERROR com.maizhong.controller.LoginController - error:密码错误
2017-03-02 17:10:16.505 [http-bio-8081-exec-3] WARN  org.springframework.web.servlet.PageNotFound - No mapping found for HTTP request with URI [/Center.html] in DispatcherServlet with name 'dispathcher'
2017-03-02 17:10:19.487 [http-bio-8081-exec-2] INFO  com.maizhong.service.impl.MenuServiceImpl - 命中缓存 MANAGER_MENU_KEY:[{"children":[{"href":"/user","icon":"fa2 fa-address-card-o","spread":false,"title":"用户管理"},{"href":"/role","icon":"fa2 fa-group","spread":false,"title":"角色管理"}],"icon":"fa2 fa-user","spread":true,"title":"用户控制"},{"children":[{"href":"/menu","icon":"fa2 fa-globe","spread":false,"title":"菜单管理"},{"href":"/dictionary","icon":"fa2 fa-book","spread":false,"title":"数据字典"},{"href":"/permission","icon":"fa2 fa-key","spread":false,"title":"权限管理"}],"icon":"fa2 fa-cogs","spread":false,"title":"系统控制"},{"children":[{"href":"/log/run","icon":"fa2 fa-modx","spread":false,"title":"运行日志"},{"href":"/log/error","icon":"fa2 fa-bug","spread":false,"title":"异常日志"}],"icon":"fa2 fa-file-code-o","spread":false,"title":"系统日志"}]
