[WARN][2017-05-04 16:40:35] org.springframework.web.servlet.DispatcherServlet.noHandlerFound(DispatcherServlet.java:1136) http-bio-8089-exec-8 No mapping found for HTTP request with URI [/help/OutletsMode] in DispatcherServlet with name 'maizhong-reckon' 
[WARN][2017-05-04 16:40:42] org.springframework.web.servlet.DispatcherServlet.noHandlerFound(DispatcherServlet.java:1136) http-bio-8089-exec-9 No mapping found for HTTP request with URI [/help/OutletsMode] in DispatcherServlet with name 'maizhong-reckon' 
[WARN][2017-05-04 16:41:02] org.springframework.web.servlet.DispatcherServlet.noHandlerFound(DispatcherServlet.java:1136) http-bio-8089-exec-9 No mapping found for HTTP request with URI [/help/OutletsMode] in DispatcherServlet with name 'maizhong-reckon' 
[WARN][2017-05-04 16:41:04] org.springframework.web.servlet.DispatcherServlet.noHandlerFound(DispatcherServlet.java:1136) http-bio-8089-exec-5 No mapping found for HTTP request with URI [/help/OutletsMode] in DispatcherServlet with name 'maizhong-reckon' 
[WARN][2017-05-04 16:41:14] org.springframework.web.servlet.DispatcherServlet.noHandlerFound(DispatcherServlet.java:1136) http-bio-8089-exec-4 No mapping found for HTTP request with URI [/help/OutletsMode] in DispatcherServlet with name 'maizhong-reckon' 
[WARN][2017-05-04 16:41:19] org.springframework.web.servlet.DispatcherServlet.noHandlerFound(DispatcherServlet.java:1136) http-bio-8089-exec-5 No mapping found for HTTP request with URI [/help/OutletsMode] in DispatcherServlet with name 'maizhong-reckon' 
[WARN][2017-05-04 16:41:26] org.springframework.web.servlet.DispatcherServlet.noHandlerFound(DispatcherServlet.java:1136) http-bio-8089-exec-4 No mapping found for HTTP request with URI [/help/OutletsMode] in DispatcherServlet with name 'maizhong-reckon' 
[WARN][2017-05-04 16:42:31] org.springframework.web.servlet.DispatcherServlet.noHandlerFound(DispatcherServlet.java:1136) http-bio-8089-exec-9 No mapping found for HTTP request with URI [/help/OutletsMode] in DispatcherServlet with name 'maizhong-reckon' 
[WARN][2017-05-04 16:43:01] org.springframework.web.servlet.DispatcherServlet.noHandlerFound(DispatcherServlet.java:1136) http-bio-8089-exec-8 No mapping found for HTTP request with URI [/help/OutletsMode] in DispatcherServlet with name 'maizhong-reckon' 
[WARN][2017-05-04 16:43:47] org.springframework.web.servlet.DispatcherServlet.noHandlerFound(DispatcherServlet.java:1136) http-bio-8089-exec-8 No mapping found for HTTP request with URI [/help/OutletsMode] in DispatcherServlet with name 'maizhong-reckon' 
[WARN][2017-05-04 16:44:06] org.springframework.web.servlet.DispatcherServlet.noHandlerFound(DispatcherServlet.java:1136) http-bio-8089-exec-6 No mapping found for HTTP request with URI [/help/OutletsMode] in DispatcherServlet with name 'maizhong-reckon' 
[WARN][2017-05-04 16:44:45] org.springframework.web.servlet.DispatcherServlet.noHandlerFound(DispatcherServlet.java:1136) http-bio-8089-exec-9 No mapping found for HTTP request with URI [/help/OutletsMode] in DispatcherServlet with name 'maizhong-reckon' 
[WARN][2017-05-04 16:44:57] org.springframework.web.servlet.DispatcherServlet.noHandlerFound(DispatcherServlet.java:1136) http-bio-8089-exec-6 No mapping found for HTTP request with URI [/help/OutletsMode] in DispatcherServlet with name 'maizhong-reckon' 
[WARN][2017-05-04 16:45:05] org.springframework.web.servlet.DispatcherServlet.noHandlerFound(DispatcherServlet.java:1136) http-bio-8089-exec-2 No mapping found for HTTP request with URI [/help/OutletsMode] in DispatcherServlet with name 'maizhong-reckon' 
[WARN][2017-05-04 16:46:08] org.springframework.web.servlet.DispatcherServlet.noHandlerFound(DispatcherServlet.java:1136) http-bio-8089-exec-1 No mapping found for HTTP request with URI [/help/OutletsMode] in DispatcherServlet with name 'maizhong-reckon' 
[WARN][2017-05-04 16:46:13] org.springframework.web.servlet.DispatcherServlet.noHandlerFound(DispatcherServlet.java:1136) http-bio-8089-exec-6 No mapping found for HTTP request with URI [/help/OutletsMode] in DispatcherServlet with name 'maizhong-reckon' 
[WARN][2017-05-04 16:46:17] org.springframework.web.servlet.DispatcherServlet.noHandlerFound(DispatcherServlet.java:1136) http-bio-8089-exec-10 No mapping found for HTTP request with URI [/help/OutletsMode] in DispatcherServlet with name 'maizhong-reckon' 
[WARN][2017-05-04 16:46:33] org.springframework.web.servlet.DispatcherServlet.noHandlerFound(DispatcherServlet.java:1136) http-bio-8089-exec-10 No mapping found for HTTP request with URI [/help/OutletsMode] in DispatcherServlet with name 'maizhong-reckon' 
[WARN][2017-05-04 16:46:36] org.springframework.web.servlet.DispatcherServlet.noHandlerFound(DispatcherServlet.java:1136) http-bio-8089-exec-1 No mapping found for HTTP request with URI [/help/OutletsMode] in DispatcherServlet with name 'maizhong-reckon' 
[WARN][2017-05-04 16:47:02] org.springframework.web.servlet.DispatcherServlet.noHandlerFound(DispatcherServlet.java:1136) http-bio-8089-exec-1 No mapping found for HTTP request with URI [/help/OutletsMode] in DispatcherServlet with name 'maizhong-reckon' 
[WARN][2017-05-04 16:47:08] org.springframework.web.servlet.DispatcherServlet.noHandlerFound(DispatcherServlet.java:1136) http-bio-8089-exec-10 No mapping found for HTTP request with URI [/help/OutletsMode] in DispatcherServlet with name 'maizhong-reckon' 
[WARN][2017-05-04 16:47:15] org.springframework.web.servlet.DispatcherServlet.noHandlerFound(DispatcherServlet.java:1136) http-bio-8089-exec-10 No mapping found for HTTP request with URI [/help/OutletsMode] in DispatcherServlet with name 'maizhong-reckon' 
[WARN][2017-05-04 16:47:24] org.springframework.web.servlet.DispatcherServlet.noHandlerFound(DispatcherServlet.java:1136) http-bio-8089-exec-10 No mapping found for HTTP request with URI [/help/OutletsMode] in DispatcherServlet with name 'maizhong-reckon' 
[WARN][2017-05-04 16:49:50] org.springframework.web.servlet.DispatcherServlet.noHandlerFound(DispatcherServlet.java:1136) http-bio-8089-exec-2 No mapping found for HTTP request with URI [/help/OutletsMode] in DispatcherServlet with name 'maizhong-reckon' 
[WARN][2017-05-04 16:49:54] org.springframework.web.servlet.DispatcherServlet.noHandlerFound(DispatcherServlet.java:1136) http-bio-8089-exec-5 No mapping found for HTTP request with URI [/help/OutletsMode] in DispatcherServlet with name 'maizhong-reckon' 
[WARN][2017-05-04 16:50:03] org.springframework.web.servlet.DispatcherServlet.noHandlerFound(DispatcherServlet.java:1136) http-bio-8089-exec-8 No mapping found for HTTP request with URI [/help/OutletsMode] in DispatcherServlet with name 'maizhong-reckon' 
[WARN][2017-05-04 16:50:13] org.springframework.web.servlet.DispatcherServlet.noHandlerFound(DispatcherServlet.java:1136) http-bio-8089-exec-3 No mapping found for HTTP request with URI [/help/OutletsMode] in DispatcherServlet with name 'maizhong-reckon' 
[WARN][2017-05-04 16:50:17] org.springframework.web.servlet.DispatcherServlet.noHandlerFound(DispatcherServlet.java:1136) http-bio-8089-exec-3 No mapping found for HTTP request with URI [/help/OutletsMode] in DispatcherServlet with name 'maizhong-reckon' 
[WARN][2017-05-04 18:34:49] org.springframework.web.servlet.DispatcherServlet.noHandlerFound(DispatcherServlet.java:1136) http-bio-8089-exec-4 No mapping found for HTTP request with URI [/help/OutletsMode] in DispatcherServlet with name 'maizhong-reckon' 
[INFO][2017-05-05 08:57:37] org.springframework.web.context.ContextLoader.initWebApplicationContext(ContextLoader.java:285) localhost-startStop-1 Root WebApplicationContext: initialization started 
[INFO][2017-05-05 08:57:37] org.springframework.context.support.AbstractApplicationContext.prepareRefresh(AbstractApplicationContext.java:510) localhost-startStop-1 Refreshing Root WebApplicationContext: startup date [Fri May 05 08:57:37 CST 2017]; root of context hierarchy 
[INFO][2017-05-05 08:57:37] org.springframework.beans.factory.xml.XmlBeanDefinitionReader.loadBeanDefinitions(XmlBeanDefinitionReader.java:317) localhost-startStop-1 Loading XML bean definitions from class path resource [spring/spring-service.xml] 
[INFO][2017-05-05 08:57:39] org.springframework.core.io.support.PropertiesLoaderSupport.loadProperties(PropertiesLoaderSupport.java:172) localhost-startStop-1 Loading properties file from URL [file:/C:/Users/Administrator/IdeaProjects/MaiZhong/Reckon/target/classes/resource/resource.properties] 
[INFO][2017-05-05 08:57:39] org.springframework.web.context.ContextLoader.initWebApplicationContext(ContextLoader.java:325) localhost-startStop-1 Root WebApplicationContext: initialization completed in 1986 ms 
[INFO][2017-05-05 08:57:39] org.springframework.web.servlet.FrameworkServlet.initServletBean(FrameworkServlet.java:485) localhost-startStop-1 FrameworkServlet 'maizhong-reckon': initialization started 
[INFO][2017-05-05 08:57:39] org.springframework.context.support.AbstractApplicationContext.prepareRefresh(AbstractApplicationContext.java:510) localhost-startStop-1 Refreshing WebApplicationContext for namespace 'maizhong-reckon-servlet': startup date [Fri May 05 08:57:39 CST 2017]; parent: Root WebApplicationContext 
[INFO][2017-05-05 08:57:39] org.springframework.beans.factory.xml.XmlBeanDefinitionReader.loadBeanDefinitions(XmlBeanDefinitionReader.java:317) localhost-startStop-1 Loading XML bean definitions from class path resource [spring/spring_mvc.xml] 
[INFO][2017-05-05 08:57:40] org.springframework.web.servlet.handler.AbstractHandlerMethodMapping.registerHandlerMethod(AbstractHandlerMethodMapping.java:217) localhost-startStop-1 Mapped "{[/]}" onto public java.lang.String com.maizhong.reckon.controller.IndexController.index(org.springframework.ui.Model) 
[INFO][2017-05-05 08:57:40] org.springframework.web.servlet.handler.AbstractHandlerMethodMapping.registerHandlerMethod(AbstractHandlerMethodMapping.java:217) localhost-startStop-1 Mapped "{[/guzhi/{param}]}" onto public java.lang.String com.maizhong.reckon.controller.IndexController.compute(java.lang.String,org.springframework.ui.Model) 
[INFO][2017-05-05 08:57:40] org.springframework.web.servlet.handler.AbstractHandlerMethodMapping.registerHandlerMethod(AbstractHandlerMethodMapping.java:217) localhost-startStop-1 Mapped "{[/index]}" onto public java.lang.String com.maizhong.reckon.controller.IndexController.index1(org.springframework.ui.Model) 
[INFO][2017-05-05 08:57:40] org.springframework.web.servlet.handler.AbstractHandlerMethodMapping.registerHandlerMethod(AbstractHandlerMethodMapping.java:217) localhost-startStop-1 Mapped "{[/login]}" onto public java.lang.String com.maizhong.reckon.controller.IndexController.login() 
[INFO][2017-05-05 08:57:40] org.springframework.web.servlet.handler.AbstractHandlerMethodMapping.registerHandlerMethod(AbstractHandlerMethodMapping.java:217) localhost-startStop-1 Mapped "{[/sale]}" onto public java.lang.String com.maizhong.reckon.controller.IndexController.sale(org.springframework.ui.Model) 
[INFO][2017-05-05 08:57:40] org.springframework.web.servlet.handler.AbstractHandlerMethodMapping.registerHandlerMethod(AbstractHandlerMethodMapping.java:217) localhost-startStop-1 Mapped "{[/sale/{param}]}" onto public java.lang.String com.maizhong.reckon.controller.IndexController.sale(org.springframework.ui.Model,java.lang.String) 
[INFO][2017-05-05 08:57:40] org.springframework.web.servlet.handler.AbstractHandlerMethodMapping.registerHandlerMethod(AbstractHandlerMethodMapping.java:217) localhost-startStop-1 Mapped "{[/yuyue]}" onto public java.lang.String com.maizhong.reckon.controller.IndexController.yuyue(java.lang.String,org.springframework.ui.Model) 
[INFO][2017-05-05 08:57:40] org.springframework.web.servlet.handler.AbstractHandlerMethodMapping.registerHandlerMethod(AbstractHandlerMethodMapping.java:217) localhost-startStop-1 Mapped "{[/per/{cu}]}" onto public java.lang.String com.maizhong.reckon.controller.IndexController.userCenter(java.lang.String,java.lang.String,java.lang.String,org.springframework.ui.Model) 
[INFO][2017-05-05 08:57:40] org.springframework.web.servlet.handler.AbstractHandlerMethodMapping.registerHandlerMethod(AbstractHandlerMethodMapping.java:217) localhost-startStop-1 Mapped "{[/getAllCity]}" onto public com.maizhong.common.result.JsonResult com.maizhong.reckon.controller.IndexController.getAllCity() 
[INFO][2017-05-05 08:57:40] org.springframework.web.servlet.handler.AbstractHandlerMethodMapping.registerHandlerMethod(AbstractHandlerMethodMapping.java:217) localhost-startStop-1 Mapped "{[/model/model_series/{seriesId}]}" onto public com.maizhong.common.result.JsonResult com.maizhong.reckon.controller.IndexController.getCarType(java.lang.String) 
[INFO][2017-05-05 08:57:40] org.springframework.web.servlet.handler.AbstractHandlerMethodMapping.registerHandlerMethod(AbstractHandlerMethodMapping.java:217) localhost-startStop-1 Mapped "{[/OrderConfim],methods=[POST]}" onto public com.maizhong.common.result.JsonResult com.maizhong.reckon.controller.IndexController.orderConfim(java.lang.String,java.lang.String,java.lang.String,java.lang.String,java.lang.String,java.lang.String,java.lang.String) 
[INFO][2017-05-05 08:57:40] org.springframework.web.servlet.handler.AbstractHandlerMethodMapping.registerHandlerMethod(AbstractHandlerMethodMapping.java:217) localhost-startStop-1 Mapped "{[/saleguzhi/{param}]}" onto public java.lang.String com.maizhong.reckon.controller.IndexController.saleguzhi(java.lang.String,org.springframework.ui.Model,java.lang.String) 
[INFO][2017-05-05 08:57:40] org.springframework.web.servlet.handler.AbstractHandlerMethodMapping.registerHandlerMethod(AbstractHandlerMethodMapping.java:217) localhost-startStop-1 Mapped "{[/series/series_brand/{brandId}]}" onto public com.maizhong.common.result.JsonResult com.maizhong.reckon.controller.IndexController.getSeries(java.lang.String) 
[INFO][2017-05-05 08:57:40] org.springframework.web.servlet.handler.AbstractHandlerMethodMapping.registerHandlerMethod(AbstractHandlerMethodMapping.java:217) localhost-startStop-1 Mapped "{[/getSite/{lineId}]}" onto public com.maizhong.common.result.JsonResult com.maizhong.reckon.controller.IndexController.getSiteByLineId(java.lang.String) 
[INFO][2017-05-05 08:57:40] org.springframework.web.servlet.handler.AbstractHandlerMethodMapping.registerHandlerMethod(AbstractHandlerMethodMapping.java:217) localhost-startStop-1 Mapped "{[/getSMSCode/{phone}],methods=[GET]}" onto public com.maizhong.common.result.JsonResult com.maizhong.reckon.controller.LoginController.getSMSCode(java.lang.String,javax.servlet.http.HttpServletRequest) 
[INFO][2017-05-05 08:57:40] org.springframework.web.servlet.handler.AbstractHandlerMethodMapping.registerHandlerMethod(AbstractHandlerMethodMapping.java:217) localhost-startStop-1 Mapped "{[/loginByToken/{phone}/{token}],methods=[GET]}" onto public com.maizhong.common.result.JsonResult com.maizhong.reckon.controller.LoginController.loginByToken(java.lang.String,java.lang.String) 
[INFO][2017-05-05 08:57:40] org.springframework.web.servlet.handler.AbstractHandlerMethodMapping.registerHandlerMethod(AbstractHandlerMethodMapping.java:217) localhost-startStop-1 Mapped "{[/userLogin/{phone}/{smsCode}],methods=[GET]}" onto public com.maizhong.common.result.JsonResult com.maizhong.reckon.controller.LoginController.userLogin(java.lang.String,java.lang.String,javax.servlet.http.HttpServletRequest) 
[INFO][2017-05-05 08:57:40] org.springframework.web.servlet.handler.AbstractHandlerMethodMapping.registerHandlerMethod(AbstractHandlerMethodMapping.java:217) localhost-startStop-1 Mapped "{[/doTest],methods=[GET]}" onto public java.lang.String com.maizhong.reckon.controller.TestController.testReckon() 
[INFO][2017-05-05 08:57:40] org.hibernate.validator.internal.util.Version.<clinit>(Version.java:27) localhost-startStop-1 HV000001: Hibernate Validator 5.1.1.Final 
[INFO][2017-05-05 08:57:40] org.springframework.web.servlet.mvc.method.annotation.RequestMappingHandlerAdapter.initControllerAdviceCache(RequestMappingHandlerAdapter.java:517) localhost-startStop-1 Looking for @ControllerAdvice: WebApplicationContext for namespace 'maizhong-reckon-servlet': startup date [Fri May 05 08:57:39 CST 2017]; parent: Root WebApplicationContext 
[INFO][2017-05-05 08:57:41] org.springframework.web.servlet.mvc.method.annotation.RequestMappingHandlerAdapter.initControllerAdviceCache(RequestMappingHandlerAdapter.java:517) localhost-startStop-1 Looking for @ControllerAdvice: WebApplicationContext for namespace 'maizhong-reckon-servlet': startup date [Fri May 05 08:57:39 CST 2017]; parent: Root WebApplicationContext 
[INFO][2017-05-05 08:57:41] org.springframework.web.servlet.handler.AbstractUrlHandlerMapping.registerHandler(AbstractUrlHandlerMapping.java:314) localhost-startStop-1 Mapped URL path [/resources/**] onto handler 'org.springframework.web.servlet.resource.ResourceHttpRequestHandler#0' 
[INFO][2017-05-05 08:57:41] org.springframework.web.servlet.FrameworkServlet.initServletBean(FrameworkServlet.java:504) localhost-startStop-1 FrameworkServlet 'maizhong-reckon': initialization completed in 1698 ms 
[WARN][2017-05-05 08:58:04] org.springframework.web.servlet.DispatcherServlet.noHandlerFound(DispatcherServlet.java:1136) http-bio-8089-exec-5 No mapping found for HTTP request with URI [/favicon.ico] in DispatcherServlet with name 'maizhong-reckon' 
[WARN][2017-05-05 09:32:13] org.springframework.web.servlet.DispatcherServlet.noHandlerFound(DispatcherServlet.java:1136) http-bio-8089-exec-3 No mapping found for HTTP request with URI [/favicon.ico] in DispatcherServlet with name 'maizhong-reckon' 
[WARN][2017-05-05 09:59:17] org.springframework.web.servlet.DispatcherServlet.noHandlerFound(DispatcherServlet.java:1136) http-bio-8089-exec-6 No mapping found for HTTP request with URI [/favicon.ico] in DispatcherServlet with name 'maizhong-reckon' 
[WARN][2017-05-05 10:00:59] org.springframework.web.servlet.DispatcherServlet.noHandlerFound(DispatcherServlet.java:1136) http-bio-8089-exec-7 No mapping found for HTTP request with URI [/favicon.ico] in DispatcherServlet with name 'maizhong-reckon' 
[WARN][2017-05-05 10:18:04] org.springframework.web.servlet.DispatcherServlet.noHandlerFound(DispatcherServlet.java:1136) http-bio-8089-exec-8 No mapping found for HTTP request with URI [/favicon.ico] in DispatcherServlet with name 'maizhong-reckon' 
[WARN][2017-05-05 11:07:29] org.springframework.web.servlet.DispatcherServlet.noHandlerFound(DispatcherServlet.java:1136) http-bio-8089-exec-2 No mapping found for HTTP request with URI [/favicon.ico] in DispatcherServlet with name 'maizhong-reckon' 
[WARN][2017-05-05 11:08:21] org.springframework.web.servlet.DispatcherServlet.noHandlerFound(DispatcherServlet.java:1136) http-bio-8089-exec-2 No mapping found for HTTP request with URI [/favicon.ico] in DispatcherServlet with name 'maizhong-reckon' 
[WARN][2017-05-05 11:34:45] org.springframework.web.servlet.DispatcherServlet.noHandlerFound(DispatcherServlet.java:1136) http-bio-8089-exec-4 No mapping found for HTTP request with URI [/favicon.ico] in DispatcherServlet with name 'maizhong-reckon' 
[WARN][2017-05-05 11:35:30] org.springframework.web.servlet.DispatcherServlet.noHandlerFound(DispatcherServlet.java:1136) http-bio-8089-exec-5 No mapping found for HTTP request with URI [/favicon.ico] in DispatcherServlet with name 'maizhong-reckon' 
[WARN][2017-05-05 11:35:35] org.springframework.web.servlet.DispatcherServlet.noHandlerFound(DispatcherServlet.java:1136) http-bio-8089-exec-3 No mapping found for HTTP request with URI [/favicon.ico] in DispatcherServlet with name 'maizhong-reckon' 
[WARN][2017-05-05 11:42:24] org.springframework.web.servlet.DispatcherServlet.noHandlerFound(DispatcherServlet.java:1136) http-bio-8089-exec-6 No mapping found for HTTP request with URI [/favicon.ico] in DispatcherServlet with name 'maizhong-reckon' 
[WARN][2017-05-05 11:53:34] org.springframework.web.servlet.DispatcherServlet.noHandlerFound(DispatcherServlet.java:1136) http-bio-8089-exec-6 No mapping found for HTTP request with URI [/favicon.ico] in DispatcherServlet with name 'maizhong-reckon' 
[WARN][2017-05-05 11:54:26] org.springframework.web.servlet.DispatcherServlet.noHandlerFound(DispatcherServlet.java:1136) http-bio-8089-exec-6 No mapping found for HTTP request with URI [/favicon.ico] in DispatcherServlet with name 'maizhong-reckon' 
[WARN][2017-05-05 11:59:54] org.springframework.web.servlet.DispatcherServlet.noHandlerFound(DispatcherServlet.java:1136) http-bio-8089-exec-10 No mapping found for HTTP request with URI [/favicon.ico] in DispatcherServlet with name 'maizhong-reckon' 
[WARN][2017-05-05 12:00:37] org.springframework.web.servlet.DispatcherServlet.noHandlerFound(DispatcherServlet.java:1136) http-bio-8089-exec-9 No mapping found for HTTP request with URI [/favicon.ico] in DispatcherServlet with name 'maizhong-reckon' 
[WARN][2017-05-05 12:00:38] org.springframework.web.servlet.DispatcherServlet.noHandlerFound(DispatcherServlet.java:1136) http-bio-8089-exec-2 No mapping found for HTTP request with URI [/favicon.ico] in DispatcherServlet with name 'maizhong-reckon' 
[WARN][2017-05-05 12:01:42] org.springframework.web.servlet.DispatcherServlet.noHandlerFound(DispatcherServlet.java:1136) http-bio-8089-exec-5 No mapping found for HTTP request with URI [/favicon.ico] in DispatcherServlet with name 'maizhong-reckon' 
[WARN][2017-05-05 12:02:45] org.springframework.web.servlet.DispatcherServlet.noHandlerFound(DispatcherServlet.java:1136) http-bio-8089-exec-5 No mapping found for HTTP request with URI [/favicon.ico] in DispatcherServlet with name 'maizhong-reckon' 
[WARN][2017-05-05 12:37:08] org.springframework.web.servlet.DispatcherServlet.noHandlerFound(DispatcherServlet.java:1136) http-bio-8089-exec-10 No mapping found for HTTP request with URI [/favicon.ico] in DispatcherServlet with name 'maizhong-reckon' 
[WARN][2017-05-05 12:48:23] org.springframework.web.servlet.DispatcherServlet.noHandlerFound(DispatcherServlet.java:1136) http-bio-8089-exec-5 No mapping found for HTTP request with URI [/favicon.ico] in DispatcherServlet with name 'maizhong-reckon' 
[WARN][2017-05-05 12:51:59] org.springframework.web.servlet.DispatcherServlet.noHandlerFound(DispatcherServlet.java:1136) http-bio-8089-exec-4 No mapping found for HTTP request with URI [/favicon.ico] in DispatcherServlet with name 'maizhong-reckon' 
[WARN][2017-05-05 12:53:07] org.springframework.web.servlet.DispatcherServlet.noHandlerFound(DispatcherServlet.java:1136) http-bio-8089-exec-6 No mapping found for HTTP request with URI [/favicon.ico] in DispatcherServlet with name 'maizhong-reckon' 
[WARN][2017-05-05 13:08:28] org.springframework.web.servlet.DispatcherServlet.noHandlerFound(DispatcherServlet.java:1136) http-bio-8089-exec-3 No mapping found for HTTP request with URI [/favicon.ico] in DispatcherServlet with name 'maizhong-reckon' 
[WARN][2017-05-05 13:09:29] org.springframework.web.servlet.DispatcherServlet.noHandlerFound(DispatcherServlet.java:1136) http-bio-8089-exec-9 No mapping found for HTTP request with URI [/favicon.ico] in DispatcherServlet with name 'maizhong-reckon' 
[WARN][2017-05-05 13:10:12] org.springframework.web.servlet.DispatcherServlet.noHandlerFound(DispatcherServlet.java:1136) http-bio-8089-exec-5 No mapping found for HTTP request with URI [/favicon.ico] in DispatcherServlet with name 'maizhong-reckon' 
[WARN][2017-05-05 13:15:44] org.springframework.web.servlet.DispatcherServlet.noHandlerFound(DispatcherServlet.java:1136) http-bio-8089-exec-3 No mapping found for HTTP request with URI [/favicon.ico] in DispatcherServlet with name 'maizhong-reckon' 
[WARN][2017-05-05 13:16:14] org.springframework.web.servlet.DispatcherServlet.noHandlerFound(DispatcherServlet.java:1136) http-bio-8089-exec-8 No mapping found for HTTP request with URI [/favicon.ico] in DispatcherServlet with name 'maizhong-reckon' 
[WARN][2017-05-05 13:16:32] org.springframework.web.servlet.DispatcherServlet.noHandlerFound(DispatcherServlet.java:1136) http-bio-8089-exec-4 No mapping found for HTTP request with URI [/favicon.ico] in DispatcherServlet with name 'maizhong-reckon' 
[WARN][2017-05-05 13:16:56] org.springframework.web.servlet.DispatcherServlet.noHandlerFound(DispatcherServlet.java:1136) http-bio-8089-exec-8 No mapping found for HTTP request with URI [/favicon.ico] in DispatcherServlet with name 'maizhong-reckon' 
[WARN][2017-05-05 13:22:10] org.springframework.web.servlet.DispatcherServlet.noHandlerFound(DispatcherServlet.java:1136) http-bio-8089-exec-7 No mapping found for HTTP request with URI [/favicon.ico] in DispatcherServlet with name 'maizhong-reckon' 
[WARN][2017-05-05 13:35:28] org.springframework.web.servlet.DispatcherServlet.noHandlerFound(DispatcherServlet.java:1136) http-bio-8089-exec-5 No mapping found for HTTP request with URI [/favicon.ico] in DispatcherServlet with name 'maizhong-reckon' 
[WARN][2017-05-05 13:50:52] org.springframework.web.servlet.DispatcherServlet.noHandlerFound(DispatcherServlet.java:1136) http-bio-8089-exec-5 No mapping found for HTTP request with URI [/favicon.ico] in DispatcherServlet with name 'maizhong-reckon' 
[WARN][2017-05-05 13:50:53] org.springframework.web.servlet.DispatcherServlet.noHandlerFound(DispatcherServlet.java:1136) http-bio-8089-exec-10 No mapping found for HTTP request with URI [/favicon.ico] in DispatcherServlet with name 'maizhong-reckon' 
[WARN][2017-05-05 14:10:17] org.springframework.web.servlet.DispatcherServlet.noHandlerFound(DispatcherServlet.java:1136) http-bio-8089-exec-1 No mapping found for HTTP request with URI [/favicon.ico] in DispatcherServlet with name 'maizhong-reckon' 
[WARN][2017-05-05 14:25:43] org.springframework.web.servlet.DispatcherServlet.noHandlerFound(DispatcherServlet.java:1136) http-bio-8089-exec-9 No mapping found for HTTP request with URI [/favicon.ico] in DispatcherServlet with name 'maizhong-reckon' 
[WARN][2017-05-05 14:25:44] org.springframework.web.servlet.DispatcherServlet.noHandlerFound(DispatcherServlet.java:1136) http-bio-8089-exec-11 No mapping found for HTTP request with URI [/favicon.ico] in DispatcherServlet with name 'maizhong-reckon' 
[WARN][2017-05-05 14:27:20] org.springframework.web.servlet.DispatcherServlet.noHandlerFound(DispatcherServlet.java:1136) http-bio-8089-exec-1 No mapping found for HTTP request with URI [/favicon.ico] in DispatcherServlet with name 'maizhong-reckon' 
[WARN][2017-05-05 14:43:17] org.springframework.web.servlet.DispatcherServlet.noHandlerFound(DispatcherServlet.java:1136) http-bio-8089-exec-19 No mapping found for HTTP request with URI [/favicon.ico] in DispatcherServlet with name 'maizhong-reckon' 
[WARN][2017-05-05 14:43:33] org.springframework.web.servlet.DispatcherServlet.noHandlerFound(DispatcherServlet.java:1136) http-bio-8089-exec-15 No mapping found for HTTP request with URI [/favicon.ico] in DispatcherServlet with name 'maizhong-reckon' 
[WARN][2017-05-05 14:45:04] org.springframework.web.servlet.DispatcherServlet.noHandlerFound(DispatcherServlet.java:1136) http-bio-8089-exec-10 No mapping found for HTTP request with URI [/favicon.ico] in DispatcherServlet with name 'maizhong-reckon' 
[WARN][2017-05-05 14:50:43] org.springframework.web.servlet.DispatcherServlet.noHandlerFound(DispatcherServlet.java:1136) http-bio-8089-exec-2 No mapping found for HTTP request with URI [/favicon.ico] in DispatcherServlet with name 'maizhong-reckon' 
[WARN][2017-05-05 14:51:50] org.springframework.web.servlet.DispatcherServlet.noHandlerFound(DispatcherServlet.java:1136) http-bio-8089-exec-15 No mapping found for HTTP request with URI [/favicon.ico] in DispatcherServlet with name 'maizhong-reckon' 
[WARN][2017-05-05 14:52:37] org.springframework.web.servlet.DispatcherServlet.noHandlerFound(DispatcherServlet.java:1136) http-bio-8089-exec-9 No mapping found for HTTP request with URI [/favicon.ico] in DispatcherServlet with name 'maizhong-reckon' 
[WARN][2017-05-05 17:10:00] org.springframework.web.servlet.DispatcherServlet.noHandlerFound(DispatcherServlet.java:1136) http-bio-8089-exec-15 No mapping found for HTTP request with URI [/act] in DispatcherServlet with name 'maizhong-reckon' 
[WARN][2017-05-05 17:10:03] org.springframework.web.servlet.DispatcherServlet.noHandlerFound(DispatcherServlet.java:1136) http-bio-8089-exec-1 No mapping found for HTTP request with URI [/act] in DispatcherServlet with name 'maizhong-reckon' 
[WARN][2017-05-05 17:10:57] org.springframework.web.servlet.DispatcherServlet.noHandlerFound(DispatcherServlet.java:1136) http-bio-8089-exec-1 No mapping found for HTTP request with URI [/act] in DispatcherServlet with name 'maizhong-reckon' 
[WARN][2017-05-05 17:15:21] org.springframework.web.servlet.DispatcherServlet.noHandlerFound(DispatcherServlet.java:1136) http-bio-8089-exec-17 No mapping found for HTTP request with URI [/act] in DispatcherServlet with name 'maizhong-reckon' 
[WARN][2017-05-05 17:16:02] org.springframework.web.servlet.DispatcherServlet.noHandlerFound(DispatcherServlet.java:1136) http-bio-8089-exec-17 No mapping found for HTTP request with URI [/act] in DispatcherServlet with name 'maizhong-reckon' 
[WARN][2017-05-05 17:16:03] org.springframework.web.servlet.DispatcherServlet.noHandlerFound(DispatcherServlet.java:1136) http-bio-8089-exec-3 No mapping found for HTTP request with URI [/act] in DispatcherServlet with name 'maizhong-reckon' 
[WARN][2017-05-05 17:16:05] org.springframework.web.servlet.DispatcherServlet.noHandlerFound(DispatcherServlet.java:1136) http-bio-8089-exec-3 No mapping found for HTTP request with URI [/act] in DispatcherServlet with name 'maizhong-reckon' 
[WARN][2017-05-05 17:16:05] org.springframework.web.servlet.DispatcherServlet.noHandlerFound(DispatcherServlet.java:1136) http-bio-8089-exec-19 No mapping found for HTTP request with URI [/act] in DispatcherServlet with name 'maizhong-reckon' 
[WARN][2017-05-05 17:16:05] org.springframework.web.servlet.DispatcherServlet.noHandlerFound(DispatcherServlet.java:1136) http-bio-8089-exec-2 No mapping found for HTTP request with URI [/act] in DispatcherServlet with name 'maizhong-reckon' 
[WARN][2017-05-05 17:16:05] org.springframework.web.servlet.DispatcherServlet.noHandlerFound(DispatcherServlet.java:1136) http-bio-8089-exec-2 No mapping found for HTTP request with URI [/act] in DispatcherServlet with name 'maizhong-reckon' 
[WARN][2017-05-05 17:16:05] org.springframework.web.servlet.DispatcherServlet.noHandlerFound(DispatcherServlet.java:1136) http-bio-8089-exec-3 No mapping found for HTTP request with URI [/act] in DispatcherServlet with name 'maizhong-reckon' 
[WARN][2017-05-05 17:16:05] org.springframework.web.servlet.DispatcherServlet.noHandlerFound(DispatcherServlet.java:1136) http-bio-8089-exec-17 No mapping found for HTTP request with URI [/act] in DispatcherServlet with name 'maizhong-reckon' 
[WARN][2017-05-05 17:16:06] org.springframework.web.servlet.DispatcherServlet.noHandlerFound(DispatcherServlet.java:1136) http-bio-8089-exec-1 No mapping found for HTTP request with URI [/favicon.ico] in DispatcherServlet with name 'maizhong-reckon' 
[WARN][2017-05-05 17:16:24] org.springframework.web.servlet.DispatcherServlet.noHandlerFound(DispatcherServlet.java:1136) http-bio-8089-exec-1 No mapping found for HTTP request with URI [/act] in DispatcherServlet with name 'maizhong-reckon' 
[WARN][2017-05-05 17:16:34] org.springframework.web.servlet.DispatcherServlet.noHandlerFound(DispatcherServlet.java:1136) http-bio-8089-exec-24 No mapping found for HTTP request with URI [/favicon.ico] in DispatcherServlet with name 'maizhong-reckon' 
[WARN][2017-05-05 17:23:28] org.springframework.web.servlet.DispatcherServlet.noHandlerFound(DispatcherServlet.java:1136) http-bio-8089-exec-19 No mapping found for HTTP request with URI [/act] in DispatcherServlet with name 'maizhong-reckon' 
[WARN][2017-05-05 17:51:47] org.springframework.web.servlet.DispatcherServlet.noHandlerFound(DispatcherServlet.java:1136) http-bio-8089-exec-24 No mapping found for HTTP request with URI [/act] in DispatcherServlet with name 'maizhong-reckon' 
[WARN][2017-05-05 17:51:50] org.springframework.web.servlet.DispatcherServlet.noHandlerFound(DispatcherServlet.java:1136) http-bio-8089-exec-25 No mapping found for HTTP request with URI [/act] in DispatcherServlet with name 'maizhong-reckon' 
[WARN][2017-05-05 17:51:51] org.springframework.web.servlet.DispatcherServlet.noHandlerFound(DispatcherServlet.java:1136) http-bio-8089-exec-25 No mapping found for HTTP request with URI [/act] in DispatcherServlet with name 'maizhong-reckon' 
[WARN][2017-05-05 18:11:53] org.springframework.web.servlet.DispatcherServlet.noHandlerFound(DispatcherServlet.java:1136) http-bio-8089-exec-22 No mapping found for HTTP request with URI [/act] in DispatcherServlet with name 'maizhong-reckon' 
[WARN][2017-05-05 18:12:27] org.springframework.web.servlet.DispatcherServlet.noHandlerFound(DispatcherServlet.java:1136) http-bio-8089-exec-1 No mapping found for HTTP request with URI [/act] in DispatcherServlet with name 'maizhong-reckon' 
[WARN][2017-05-05 18:12:34] org.springframework.web.servlet.DispatcherServlet.noHandlerFound(DispatcherServlet.java:1136) http-bio-8089-exec-1 No mapping found for HTTP request with URI [/act] in DispatcherServlet with name 'maizhong-reckon' 
[WARN][2017-05-05 18:13:19] org.springframework.web.servlet.DispatcherServlet.noHandlerFound(DispatcherServlet.java:1136) http-bio-8089-exec-1 No mapping found for HTTP request with URI [/act] in DispatcherServlet with name 'maizhong-reckon' 
[WARN][2017-05-05 18:13:44] org.springframework.web.servlet.DispatcherServlet.noHandlerFound(DispatcherServlet.java:1136) http-bio-8089-exec-25 No mapping found for HTTP request with URI [/act] in DispatcherServlet with name 'maizhong-reckon' 
[WARN][2017-05-05 18:14:05] org.springframework.web.servlet.DispatcherServlet.noHandlerFound(DispatcherServlet.java:1136) http-bio-8089-exec-25 No mapping found for HTTP request with URI [/act] in DispatcherServlet with name 'maizhong-reckon' 
[WARN][2017-05-05 18:14:05] org.springframework.web.servlet.DispatcherServlet.noHandlerFound(DispatcherServlet.java:1136) http-bio-8089-exec-24 No mapping found for HTTP request with URI [/act] in DispatcherServlet with name 'maizhong-reckon' 
[WARN][2017-05-05 18:15:05] org.springframework.web.servlet.DispatcherServlet.noHandlerFound(DispatcherServlet.java:1136) http-bio-8089-exec-25 No mapping found for HTTP request with URI [/act] in DispatcherServlet with name 'maizhong-reckon' 
[WARN][2017-05-05 18:16:03] org.springframework.web.servlet.DispatcherServlet.noHandlerFound(DispatcherServlet.java:1136) http-bio-8089-exec-25 No mapping found for HTTP request with URI [/act] in DispatcherServlet with name 'maizhong-reckon' 
[WARN][2017-05-05 18:16:39] org.springframework.web.servlet.DispatcherServlet.noHandlerFound(DispatcherServlet.java:1136) http-bio-8089-exec-25 No mapping found for HTTP request with URI [/act] in DispatcherServlet with name 'maizhong-reckon' 
[WARN][2017-05-05 18:26:40] org.springframework.web.servlet.DispatcherServlet.noHandlerFound(DispatcherServlet.java:1136) http-bio-8089-exec-33 No mapping found for HTTP request with URI [/favicon.ico] in DispatcherServlet with name 'maizhong-reckon' 
[INFO][2017-05-06 09:46:58] org.springframework.web.context.ContextLoader.initWebApplicationContext(ContextLoader.java:285) localhost-startStop-1 Root WebApplicationContext: initialization started 
[INFO][2017-05-06 09:46:58] org.springframework.context.support.AbstractApplicationContext.prepareRefresh(AbstractApplicationContext.java:510) localhost-startStop-1 Refreshing Root WebApplicationContext: startup date [Sat May 06 09:46:58 CST 2017]; root of context hierarchy 
[INFO][2017-05-06 09:46:58] org.springframework.beans.factory.xml.XmlBeanDefinitionReader.loadBeanDefinitions(XmlBeanDefinitionReader.java:317) localhost-startStop-1 Loading XML bean definitions from class path resource [spring/spring-service.xml] 
[INFO][2017-05-06 09:47:01] org.springframework.core.io.support.PropertiesLoaderSupport.loadProperties(PropertiesLoaderSupport.java:172) localhost-startStop-1 Loading properties file from URL [file:/C:/Users/Administrator/IdeaProjects/MaiZhong/Reckon/target/classes/resource/resource.properties] 
[INFO][2017-05-06 09:47:02] org.springframework.web.context.ContextLoader.initWebApplicationContext(ContextLoader.java:325) localhost-startStop-1 Root WebApplicationContext: initialization completed in 3656 ms 
[INFO][2017-05-06 09:47:02] org.springframework.web.servlet.FrameworkServlet.initServletBean(FrameworkServlet.java:485) localhost-startStop-1 FrameworkServlet 'maizhong-reckon': initialization started 
[INFO][2017-05-06 09:47:02] org.springframework.context.support.AbstractApplicationContext.prepareRefresh(AbstractApplicationContext.java:510) localhost-startStop-1 Refreshing WebApplicationContext for namespace 'maizhong-reckon-servlet': startup date [Sat May 06 09:47:02 CST 2017]; parent: Root WebApplicationContext 
[INFO][2017-05-06 09:47:02] org.springframework.beans.factory.xml.XmlBeanDefinitionReader.loadBeanDefinitions(XmlBeanDefinitionReader.java:317) localhost-startStop-1 Loading XML bean definitions from class path resource [spring/spring_mvc.xml] 
[INFO][2017-05-06 09:47:02] org.springframework.web.servlet.handler.AbstractHandlerMethodMapping.registerHandlerMethod(AbstractHandlerMethodMapping.java:217) localhost-startStop-1 Mapped "{[/]}" onto public java.lang.String com.maizhong.reckon.controller.IndexController.index(org.springframework.ui.Model) 
[INFO][2017-05-06 09:47:02] org.springframework.web.servlet.handler.AbstractHandlerMethodMapping.registerHandlerMethod(AbstractHandlerMethodMapping.java:217) localhost-startStop-1 Mapped "{[/guzhi/{param}]}" onto public java.lang.String com.maizhong.reckon.controller.IndexController.compute(java.lang.String,org.springframework.ui.Model) 
[INFO][2017-05-06 09:47:02] org.springframework.web.servlet.handler.AbstractHandlerMethodMapping.registerHandlerMethod(AbstractHandlerMethodMapping.java:217) localhost-startStop-1 Mapped "{[/index]}" onto public java.lang.String com.maizhong.reckon.controller.IndexController.index1(org.springframework.ui.Model) 
[INFO][2017-05-06 09:47:02] org.springframework.web.servlet.handler.AbstractHandlerMethodMapping.registerHandlerMethod(AbstractHandlerMethodMapping.java:217) localhost-startStop-1 Mapped "{[/login]}" onto public java.lang.String com.maizhong.reckon.controller.IndexController.login() 
[INFO][2017-05-06 09:47:02] org.springframework.web.servlet.handler.AbstractHandlerMethodMapping.registerHandlerMethod(AbstractHandlerMethodMapping.java:217) localhost-startStop-1 Mapped "{[/sale]}" onto public java.lang.String com.maizhong.reckon.controller.IndexController.sale(org.springframework.ui.Model) 
[INFO][2017-05-06 09:47:02] org.springframework.web.servlet.handler.AbstractHandlerMethodMapping.registerHandlerMethod(AbstractHandlerMethodMapping.java:217) localhost-startStop-1 Mapped "{[/sale/{param}]}" onto public java.lang.String com.maizhong.reckon.controller.IndexController.sale(org.springframework.ui.Model,java.lang.String) 
[INFO][2017-05-06 09:47:02] org.springframework.web.servlet.handler.AbstractHandlerMethodMapping.registerHandlerMethod(AbstractHandlerMethodMapping.java:217) localhost-startStop-1 Mapped "{[/yuyue]}" onto public java.lang.String com.maizhong.reckon.controller.IndexController.yuyue(java.lang.String,org.springframework.ui.Model) 
[INFO][2017-05-06 09:47:02] org.springframework.web.servlet.handler.AbstractHandlerMethodMapping.registerHandlerMethod(AbstractHandlerMethodMapping.java:217) localhost-startStop-1 Mapped "{[/per/{cu}]}" onto public java.lang.String com.maizhong.reckon.controller.IndexController.userCenter(java.lang.String,java.lang.String,java.lang.String,org.springframework.ui.Model) 
[INFO][2017-05-06 09:47:02] org.springframework.web.servlet.handler.AbstractHandlerMethodMapping.registerHandlerMethod(AbstractHandlerMethodMapping.java:217) localhost-startStop-1 Mapped "{[/getAllCity]}" onto public com.maizhong.common.result.JsonResult com.maizhong.reckon.controller.IndexController.getAllCity() 
[INFO][2017-05-06 09:47:02] org.springframework.web.servlet.handler.AbstractHandlerMethodMapping.registerHandlerMethod(AbstractHandlerMethodMapping.java:217) localhost-startStop-1 Mapped "{[/model/model_series/{seriesId}]}" onto public com.maizhong.common.result.JsonResult com.maizhong.reckon.controller.IndexController.getCarType(java.lang.String) 
[INFO][2017-05-06 09:47:02] org.springframework.web.servlet.handler.AbstractHandlerMethodMapping.registerHandlerMethod(AbstractHandlerMethodMapping.java:217) localhost-startStop-1 Mapped "{[/OrderConfim],methods=[POST]}" onto public com.maizhong.common.result.JsonResult com.maizhong.reckon.controller.IndexController.orderConfim(java.lang.String,java.lang.String,java.lang.String,java.lang.String,java.lang.String,java.lang.String,java.lang.String) 
[INFO][2017-05-06 09:47:02] org.springframework.web.servlet.handler.AbstractHandlerMethodMapping.registerHandlerMethod(AbstractHandlerMethodMapping.java:217) localhost-startStop-1 Mapped "{[/saleguzhi/{param}]}" onto public java.lang.String com.maizhong.reckon.controller.IndexController.saleguzhi(java.lang.String,org.springframework.ui.Model,java.lang.String) 
[INFO][2017-05-06 09:47:02] org.springframework.web.servlet.handler.AbstractHandlerMethodMapping.registerHandlerMethod(AbstractHandlerMethodMapping.java:217) localhost-startStop-1 Mapped "{[/series/series_brand/{brandId}]}" onto public com.maizhong.common.result.JsonResult com.maizhong.reckon.controller.IndexController.getSeries(java.lang.String) 
[INFO][2017-05-06 09:47:02] org.springframework.web.servlet.handler.AbstractHandlerMethodMapping.registerHandlerMethod(AbstractHandlerMethodMapping.java:217) localhost-startStop-1 Mapped "{[/getSite/{lineId}]}" onto public com.maizhong.common.result.JsonResult com.maizhong.reckon.controller.IndexController.getSiteByLineId(java.lang.String) 
[INFO][2017-05-06 09:47:02] org.springframework.web.servlet.handler.AbstractHandlerMethodMapping.registerHandlerMethod(AbstractHandlerMethodMapping.java:217) localhost-startStop-1 Mapped "{[/loginByToken/{phone}/{token}],methods=[GET]}" onto public com.maizhong.common.result.JsonResult com.maizhong.reckon.controller.LoginController.loginByToken(java.lang.String,java.lang.String) 
[INFO][2017-05-06 09:47:02] org.springframework.web.servlet.handler.AbstractHandlerMethodMapping.registerHandlerMethod(AbstractHandlerMethodMapping.java:217) localhost-startStop-1 Mapped "{[/getSMSCode/{phone}],methods=[GET]}" onto public com.maizhong.common.result.JsonResult com.maizhong.reckon.controller.LoginController.getSMSCode(java.lang.String,javax.servlet.http.HttpServletRequest) 
[INFO][2017-05-06 09:47:02] org.springframework.web.servlet.handler.AbstractHandlerMethodMapping.registerHandlerMethod(AbstractHandlerMethodMapping.java:217) localhost-startStop-1 Mapped "{[/userLogin/{phone}/{smsCode}],methods=[GET]}" onto public com.maizhong.common.result.JsonResult com.maizhong.reckon.controller.LoginController.userLogin(java.lang.String,java.lang.String,javax.servlet.http.HttpServletRequest) 
[INFO][2017-05-06 09:47:02] org.springframework.web.servlet.handler.AbstractHandlerMethodMapping.registerHandlerMethod(AbstractHandlerMethodMapping.java:217) localhost-startStop-1 Mapped "{[/doTest],methods=[GET]}" onto public java.lang.String com.maizhong.reckon.controller.TestController.testReckon() 
[INFO][2017-05-06 09:47:03] org.hibernate.validator.internal.util.Version.<clinit>(Version.java:27) localhost-startStop-1 HV000001: Hibernate Validator 5.1.1.Final 
[INFO][2017-05-06 09:47:05] org.springframework.web.servlet.mvc.method.annotation.RequestMappingHandlerAdapter.initControllerAdviceCache(RequestMappingHandlerAdapter.java:517) localhost-startStop-1 Looking for @ControllerAdvice: WebApplicationContext for namespace 'maizhong-reckon-servlet': startup date [Sat May 06 09:47:02 CST 2017]; parent: Root WebApplicationContext 
[INFO][2017-05-06 09:47:05] org.springframework.web.servlet.mvc.method.annotation.RequestMappingHandlerAdapter.initControllerAdviceCache(RequestMappingHandlerAdapter.java:517) localhost-startStop-1 Looking for @ControllerAdvice: WebApplicationContext for namespace 'maizhong-reckon-servlet': startup date [Sat May 06 09:47:02 CST 2017]; parent: Root WebApplicationContext 
[INFO][2017-05-06 09:47:06] org.springframework.web.servlet.handler.AbstractUrlHandlerMapping.registerHandler(AbstractUrlHandlerMapping.java:314) localhost-startStop-1 Mapped URL path [/resources/**] onto handler 'org.springframework.web.servlet.resource.ResourceHttpRequestHandler#0' 
[INFO][2017-05-06 09:47:06] org.springframework.web.servlet.FrameworkServlet.initServletBean(FrameworkServlet.java:504) localhost-startStop-1 FrameworkServlet 'maizhong-reckon': initialization completed in 3991 ms 
[WARN][2017-05-06 09:47:11] org.springframework.web.servlet.DispatcherServlet.noHandlerFound(DispatcherServlet.java:1136) http-bio-8089-exec-11 No mapping found for HTTP request with URI [/favicon.ico] in DispatcherServlet with name 'maizhong-reckon' 
[WARN][2017-05-06 09:55:47] org.springframework.web.servlet.DispatcherServlet.noHandlerFound(DispatcherServlet.java:1136) http-bio-8089-exec-10 No mapping found for HTTP request with URI [/favicon.ico] in DispatcherServlet with name 'maizhong-reckon' 
[WARN][2017-05-06 09:57:13] org.springframework.web.servlet.DispatcherServlet.noHandlerFound(DispatcherServlet.java:1136) http-bio-8089-exec-9 No mapping found for HTTP request with URI [/favicon.ico] in DispatcherServlet with name 'maizhong-reckon' 
[WARN][2017-05-06 09:57:34] org.springframework.web.servlet.DispatcherServlet.noHandlerFound(DispatcherServlet.java:1136) http-bio-8089-exec-10 No mapping found for HTTP request with URI [/favicon.ico] in DispatcherServlet with name 'maizhong-reckon' 
[WARN][2017-05-06 09:57:39] org.springframework.web.servlet.DispatcherServlet.noHandlerFound(DispatcherServlet.java:1136) http-bio-8089-exec-10 No mapping found for HTTP request with URI [/favicon.ico] in DispatcherServlet with name 'maizhong-reckon' 
[WARN][2017-05-06 10:02:49] org.springframework.web.servlet.DispatcherServlet.noHandlerFound(DispatcherServlet.java:1136) http-bio-8089-exec-7 No mapping found for HTTP request with URI [/favicon.ico] in DispatcherServlet with name 'maizhong-reckon' 
[WARN][2017-05-06 10:03:13] org.springframework.web.servlet.DispatcherServlet.noHandlerFound(DispatcherServlet.java:1136) http-bio-8089-exec-11 No mapping found for HTTP request with URI [/favicon.ico] in DispatcherServlet with name 'maizhong-reckon' 
[WARN][2017-05-06 10:03:30] org.springframework.web.servlet.DispatcherServlet.noHandlerFound(DispatcherServlet.java:1136) http-bio-8089-exec-5 No mapping found for HTTP request with URI [/favicon.ico] in DispatcherServlet with name 'maizhong-reckon' 
[WARN][2017-05-06 10:03:30] org.springframework.web.servlet.DispatcherServlet.noHandlerFound(DispatcherServlet.java:1136) http-bio-8089-exec-11 No mapping found for HTTP request with URI [/favicon.ico] in DispatcherServlet with name 'maizhong-reckon' 
[WARN][2017-05-06 10:03:51] org.springframework.web.servlet.DispatcherServlet.noHandlerFound(DispatcherServlet.java:1136) http-bio-8089-exec-5 No mapping found for HTTP request with URI [/favicon.ico] in DispatcherServlet with name 'maizhong-reckon' 
[WARN][2017-05-06 10:03:52] org.springframework.web.servlet.DispatcherServlet.noHandlerFound(DispatcherServlet.java:1136) http-bio-8089-exec-5 No mapping found for HTTP request with URI [/favicon.ico] in DispatcherServlet with name 'maizhong-reckon' 
[WARN][2017-05-06 11:20:54] org.springframework.web.servlet.DispatcherServlet.noHandlerFound(DispatcherServlet.java:1136) http-bio-8089-exec-20 No mapping found for HTTP request with URI [/favicon.ico] in DispatcherServlet with name 'maizhong-reckon' 
[WARN][2017-05-06 12:04:15] org.springframework.web.servlet.DispatcherServlet.noHandlerFound(DispatcherServlet.java:1136) http-bio-8089-exec-29 No mapping found for HTTP request with URI [/favicon.ico] in DispatcherServlet with name 'maizhong-reckon' 
[WARN][2017-05-06 16:25:18] org.springframework.web.servlet.DispatcherServlet.noHandlerFound(DispatcherServlet.java:1136) http-bio-8089-exec-39 No mapping found for HTTP request with URI [/favicon.ico] in DispatcherServlet with name 'maizhong-reckon' 
[WARN][2017-05-06 16:25:42] org.springframework.web.servlet.DispatcherServlet.noHandlerFound(DispatcherServlet.java:1136) http-bio-8089-exec-38 No mapping found for HTTP request with URI [/favicon.ico] in DispatcherServlet with name 'maizhong-reckon' 
[WARN][2017-05-06 16:26:11] org.springframework.web.servlet.DispatcherServlet.noHandlerFound(DispatcherServlet.java:1136) http-bio-8089-exec-30 No mapping found for HTTP request with URI [/favicon.ico] in DispatcherServlet with name 'maizhong-reckon' 
[WARN][2017-05-06 16:33:28] org.springframework.web.servlet.DispatcherServlet.noHandlerFound(DispatcherServlet.java:1136) http-bio-8089-exec-42 No mapping found for HTTP request with URI [/favicon.ico] in DispatcherServlet with name 'maizhong-reckon' 
[WARN][2017-05-06 16:33:28] org.springframework.web.servlet.DispatcherServlet.noHandlerFound(DispatcherServlet.java:1136) http-bio-8089-exec-31 No mapping found for HTTP request with URI [/favicon.ico] in DispatcherServlet with name 'maizhong-reckon' 
[WARN][2017-05-06 16:56:52] org.springframework.web.servlet.DispatcherServlet.noHandlerFound(DispatcherServlet.java:1136) http-bio-8089-exec-37 No mapping found for HTTP request with URI [/favicon.ico] in DispatcherServlet with name 'maizhong-reckon' 
[WARN][2017-05-06 17:29:12] org.springframework.web.servlet.DispatcherServlet.noHandlerFound(DispatcherServlet.java:1136) http-bio-8089-exec-42 No mapping found for HTTP request with URI [/favicon.ico] in DispatcherServlet with name 'maizhong-reckon' 
[INFO][2017-05-08 09:22:58] org.springframework.web.context.ContextLoader.initWebApplicationContext(ContextLoader.java:285) localhost-startStop-1 Root WebApplicationContext: initialization started 
[INFO][2017-05-08 09:22:58] org.springframework.context.support.AbstractApplicationContext.prepareRefresh(AbstractApplicationContext.java:510) localhost-startStop-1 Refreshing Root WebApplicationContext: startup date [Mon May 08 09:22:58 CST 2017]; root of context hierarchy 
[INFO][2017-05-08 09:22:58] org.springframework.beans.factory.xml.XmlBeanDefinitionReader.loadBeanDefinitions(XmlBeanDefinitionReader.java:317) localhost-startStop-1 Loading XML bean definitions from class path resource [spring/spring-service.xml] 
[INFO][2017-05-08 09:23:02] org.springframework.core.io.support.PropertiesLoaderSupport.loadProperties(PropertiesLoaderSupport.java:172) localhost-startStop-1 Loading properties file from URL [file:/C:/Users/Administrator/IdeaProjects/MaiZhong/Reckon/target/classes/resource/resource.properties] 
[INFO][2017-05-08 09:23:02] org.springframework.web.context.ContextLoader.initWebApplicationContext(ContextLoader.java:325) localhost-startStop-1 Root WebApplicationContext: initialization completed in 3630 ms 
[INFO][2017-05-08 09:23:02] org.springframework.web.servlet.FrameworkServlet.initServletBean(FrameworkServlet.java:485) localhost-startStop-1 FrameworkServlet 'maizhong-reckon': initialization started 
[INFO][2017-05-08 09:23:02] org.springframework.context.support.AbstractApplicationContext.prepareRefresh(AbstractApplicationContext.java:510) localhost-startStop-1 Refreshing WebApplicationContext for namespace 'maizhong-reckon-servlet': startup date [Mon May 08 09:23:02 CST 2017]; parent: Root WebApplicationContext 
[INFO][2017-05-08 09:23:02] org.springframework.beans.factory.xml.XmlBeanDefinitionReader.loadBeanDefinitions(XmlBeanDefinitionReader.java:317) localhost-startStop-1 Loading XML bean definitions from class path resource [spring/spring_mvc.xml] 
[INFO][2017-05-08 09:23:02] org.springframework.web.servlet.handler.AbstractHandlerMethodMapping.registerHandlerMethod(AbstractHandlerMethodMapping.java:217) localhost-startStop-1 Mapped "{[/]}" onto public java.lang.String com.maizhong.reckon.controller.IndexController.index(org.springframework.ui.Model) 
[INFO][2017-05-08 09:23:02] org.springframework.web.servlet.handler.AbstractHandlerMethodMapping.registerHandlerMethod(AbstractHandlerMethodMapping.java:217) localhost-startStop-1 Mapped "{[/guzhi/{param}]}" onto public java.lang.String com.maizhong.reckon.controller.IndexController.compute(java.lang.String,org.springframework.ui.Model) 
[INFO][2017-05-08 09:23:02] org.springframework.web.servlet.handler.AbstractHandlerMethodMapping.registerHandlerMethod(AbstractHandlerMethodMapping.java:217) localhost-startStop-1 Mapped "{[/index]}" onto public java.lang.String com.maizhong.reckon.controller.IndexController.index1(org.springframework.ui.Model) 
[INFO][2017-05-08 09:23:02] org.springframework.web.servlet.handler.AbstractHandlerMethodMapping.registerHandlerMethod(AbstractHandlerMethodMapping.java:217) localhost-startStop-1 Mapped "{[/getAllCity]}" onto public com.maizhong.common.result.JsonResult com.maizhong.reckon.controller.IndexController.getAllCity() 
[INFO][2017-05-08 09:23:02] org.springframework.web.servlet.handler.AbstractHandlerMethodMapping.registerHandlerMethod(AbstractHandlerMethodMapping.java:217) localhost-startStop-1 Mapped "{[/model/model_series/{seriesId}]}" onto public com.maizhong.common.result.JsonResult com.maizhong.reckon.controller.IndexController.getCarType(java.lang.String) 
[INFO][2017-05-08 09:23:02] org.springframework.web.servlet.handler.AbstractHandlerMethodMapping.registerHandlerMethod(AbstractHandlerMethodMapping.java:217) localhost-startStop-1 Mapped "{[/OrderConfim],methods=[POST]}" onto public com.maizhong.common.result.JsonResult com.maizhong.reckon.controller.IndexController.orderConfim(java.lang.String,java.lang.String,java.lang.String,java.lang.String,java.lang.String,java.lang.String,java.lang.String) 
[INFO][2017-05-08 09:23:02] org.springframework.web.servlet.handler.AbstractHandlerMethodMapping.registerHandlerMethod(AbstractHandlerMethodMapping.java:217) localhost-startStop-1 Mapped "{[/saleguzhi/{param}]}" onto public java.lang.String com.maizhong.reckon.controller.IndexController.saleguzhi(java.lang.String,org.springframework.ui.Model,java.lang.String) 
[INFO][2017-05-08 09:23:02] org.springframework.web.servlet.handler.AbstractHandlerMethodMapping.registerHandlerMethod(AbstractHandlerMethodMapping.java:217) localhost-startStop-1 Mapped "{[/series/series_brand/{brandId}]}" onto public com.maizhong.common.result.JsonResult com.maizhong.reckon.controller.IndexController.getSeries(java.lang.String) 
[INFO][2017-05-08 09:23:02] org.springframework.web.servlet.handler.AbstractHandlerMethodMapping.registerHandlerMethod(AbstractHandlerMethodMapping.java:217) localhost-startStop-1 Mapped "{[/sale/{param}]}" onto public java.lang.String com.maizhong.reckon.controller.IndexController.sale(org.springframework.ui.Model,java.lang.String) 
[INFO][2017-05-08 09:23:02] org.springframework.web.servlet.handler.AbstractHandlerMethodMapping.registerHandlerMethod(AbstractHandlerMethodMapping.java:217) localhost-startStop-1 Mapped "{[/sale]}" onto public java.lang.String com.maizhong.reckon.controller.IndexController.sale(org.springframework.ui.Model) 
[INFO][2017-05-08 09:23:02] org.springframework.web.servlet.handler.AbstractHandlerMethodMapping.registerHandlerMethod(AbstractHandlerMethodMapping.java:217) localhost-startStop-1 Mapped "{[/yuyue]}" onto public java.lang.String com.maizhong.reckon.controller.IndexController.yuyue(java.lang.String,org.springframework.ui.Model) 
[INFO][2017-05-08 09:23:02] org.springframework.web.servlet.handler.AbstractHandlerMethodMapping.registerHandlerMethod(AbstractHandlerMethodMapping.java:217) localhost-startStop-1 Mapped "{[/per/{cu}]}" onto public java.lang.String com.maizhong.reckon.controller.IndexController.userCenter(java.lang.String,java.lang.String,java.lang.String,org.springframework.ui.Model) 
[INFO][2017-05-08 09:23:02] org.springframework.web.servlet.handler.AbstractHandlerMethodMapping.registerHandlerMethod(AbstractHandlerMethodMapping.java:217) localhost-startStop-1 Mapped "{[/login]}" onto public java.lang.String com.maizhong.reckon.controller.IndexController.login() 
[INFO][2017-05-08 09:23:02] org.springframework.web.servlet.handler.AbstractHandlerMethodMapping.registerHandlerMethod(AbstractHandlerMethodMapping.java:217) localhost-startStop-1 Mapped "{[/getSite/{lineId}]}" onto public com.maizhong.common.result.JsonResult com.maizhong.reckon.controller.IndexController.getSiteByLineId(java.lang.String) 
[INFO][2017-05-08 09:23:02] org.springframework.web.servlet.handler.AbstractHandlerMethodMapping.registerHandlerMethod(AbstractHandlerMethodMapping.java:217) localhost-startStop-1 Mapped "{[/loginByToken/{phone}/{token}],methods=[GET]}" onto public com.maizhong.common.result.JsonResult com.maizhong.reckon.controller.LoginController.loginByToken(java.lang.String,java.lang.String) 
[INFO][2017-05-08 09:23:02] org.springframework.web.servlet.handler.AbstractHandlerMethodMapping.registerHandlerMethod(AbstractHandlerMethodMapping.java:217) localhost-startStop-1 Mapped "{[/getSMSCode/{phone}],methods=[GET]}" onto public com.maizhong.common.result.JsonResult com.maizhong.reckon.controller.LoginController.getSMSCode(java.lang.String,javax.servlet.http.HttpServletRequest) 
[INFO][2017-05-08 09:23:02] org.springframework.web.servlet.handler.AbstractHandlerMethodMapping.registerHandlerMethod(AbstractHandlerMethodMapping.java:217) localhost-startStop-1 Mapped "{[/userLogin/{phone}/{smsCode}],methods=[GET]}" onto public com.maizhong.common.result.JsonResult com.maizhong.reckon.controller.LoginController.userLogin(java.lang.String,java.lang.String,javax.servlet.http.HttpServletRequest) 
[INFO][2017-05-08 09:23:02] org.springframework.web.servlet.handler.AbstractHandlerMethodMapping.registerHandlerMethod(AbstractHandlerMethodMapping.java:217) localhost-startStop-1 Mapped "{[/doTest],methods=[GET]}" onto public java.lang.String com.maizhong.reckon.controller.TestController.testReckon() 
[INFO][2017-05-08 09:23:02] org.hibernate.validator.internal.util.Version.<clinit>(Version.java:27) localhost-startStop-1 HV000001: Hibernate Validator 5.1.1.Final 
[INFO][2017-05-08 09:23:07] org.springframework.web.servlet.mvc.method.annotation.RequestMappingHandlerAdapter.initControllerAdviceCache(RequestMappingHandlerAdapter.java:517) localhost-startStop-1 Looking for @ControllerAdvice: WebApplicationContext for namespace 'maizhong-reckon-servlet': startup date [Mon May 08 09:23:02 CST 2017]; parent: Root WebApplicationContext 
[INFO][2017-05-08 09:23:07] org.springframework.web.servlet.mvc.method.annotation.RequestMappingHandlerAdapter.initControllerAdviceCache(RequestMappingHandlerAdapter.java:517) localhost-startStop-1 Looking for @ControllerAdvice: WebApplicationContext for namespace 'maizhong-reckon-servlet': startup date [Mon May 08 09:23:02 CST 2017]; parent: Root WebApplicationContext 
[INFO][2017-05-08 09:23:07] org.springframework.web.servlet.handler.AbstractUrlHandlerMapping.registerHandler(AbstractUrlHandlerMapping.java:314) localhost-startStop-1 Mapped URL path [/resources/**] onto handler 'org.springframework.web.servlet.resource.ResourceHttpRequestHandler#0' 
[INFO][2017-05-08 09:23:07] org.springframework.web.servlet.FrameworkServlet.initServletBean(FrameworkServlet.java:504) localhost-startStop-1 FrameworkServlet 'maizhong-reckon': initialization completed in 5784 ms 
[WARN][2017-05-08 09:23:26] org.springframework.web.servlet.DispatcherServlet.noHandlerFound(DispatcherServlet.java:1136) http-bio-8089-exec-10 No mapping found for HTTP request with URI [/favicon.ico] in DispatcherServlet with name 'maizhong-reckon' 
[WARN][2017-05-08 09:52:49] org.springframework.web.servlet.DispatcherServlet.noHandlerFound(DispatcherServlet.java:1136) http-bio-8089-exec-3 No mapping found for HTTP request with URI [/personal2] in DispatcherServlet with name 'maizhong-reckon' 
[WARN][2017-05-08 09:53:05] org.springframework.web.servlet.DispatcherServlet.noHandlerFound(DispatcherServlet.java:1136) http-bio-8089-exec-3 No mapping found for HTTP request with URI [/prepo] in DispatcherServlet with name 'maizhong-reckon' 
[WARN][2017-05-08 09:53:19] org.springframework.web.servlet.DispatcherServlet.noHandlerFound(DispatcherServlet.java:1136) http-bio-8089-exec-3 No mapping found for HTTP request with URI [/prepo] in DispatcherServlet with name 'maizhong-reckon' 
[INFO][2017-05-08 09:53:55] org.springframework.web.context.ContextLoader.initWebApplicationContext(ContextLoader.java:285) localhost-startStop-1 Root WebApplicationContext: initialization started 
[INFO][2017-05-08 09:53:55] org.springframework.context.support.AbstractApplicationContext.prepareRefresh(AbstractApplicationContext.java:510) localhost-startStop-1 Refreshing Root WebApplicationContext: startup date [Mon May 08 09:53:55 CST 2017]; root of context hierarchy 
[INFO][2017-05-08 09:53:55] org.springframework.beans.factory.xml.XmlBeanDefinitionReader.loadBeanDefinitions(XmlBeanDefinitionReader.java:317) localhost-startStop-1 Loading XML bean definitions from class path resource [spring/spring-service.xml] 
[INFO][2017-05-08 09:53:55] org.springframework.core.io.support.PropertiesLoaderSupport.loadProperties(PropertiesLoaderSupport.java:172) localhost-startStop-1 Loading properties file from URL [file:/C:/Users/Administrator/IdeaProjects/MaiZhong/Reckon/target/classes/resource/resource.properties] 
[INFO][2017-05-08 09:53:55] org.springframework.web.context.ContextLoader.initWebApplicationContext(ContextLoader.java:325) localhost-startStop-1 Root WebApplicationContext: initialization completed in 460 ms 
[INFO][2017-05-08 09:53:56] org.springframework.web.servlet.FrameworkServlet.initServletBean(FrameworkServlet.java:485) localhost-startStop-1 FrameworkServlet 'maizhong-reckon': initialization started 
[INFO][2017-05-08 09:53:56] org.springframework.context.support.AbstractApplicationContext.prepareRefresh(AbstractApplicationContext.java:510) localhost-startStop-1 Refreshing WebApplicationContext for namespace 'maizhong-reckon-servlet': startup date [Mon May 08 09:53:56 CST 2017]; parent: Root WebApplicationContext 
[INFO][2017-05-08 09:53:56] org.springframework.beans.factory.xml.XmlBeanDefinitionReader.loadBeanDefinitions(XmlBeanDefinitionReader.java:317) localhost-startStop-1 Loading XML bean definitions from class path resource [spring/spring_mvc.xml] 
[INFO][2017-05-08 09:53:56] org.springframework.web.servlet.handler.AbstractHandlerMethodMapping.registerHandlerMethod(AbstractHandlerMethodMapping.java:217) localhost-startStop-1 Mapped "{[/]}" onto public java.lang.String com.maizhong.reckon.controller.IndexController.index(org.springframework.ui.Model) 
[INFO][2017-05-08 09:53:56] org.springframework.web.servlet.handler.AbstractHandlerMethodMapping.registerHandlerMethod(AbstractHandlerMethodMapping.java:217) localhost-startStop-1 Mapped "{[/index]}" onto public java.lang.String com.maizhong.reckon.controller.IndexController.index1(org.springframework.ui.Model) 
[INFO][2017-05-08 09:53:56] org.springframework.web.servlet.handler.AbstractHandlerMethodMapping.registerHandlerMethod(AbstractHandlerMethodMapping.java:217) localhost-startStop-1 Mapped "{[/guzhi/{param}]}" onto public java.lang.String com.maizhong.reckon.controller.IndexController.compute(java.lang.String,org.springframework.ui.Model) 
[INFO][2017-05-08 09:53:56] org.springframework.web.servlet.handler.AbstractHandlerMethodMapping.registerHandlerMethod(AbstractHandlerMethodMapping.java:217) localhost-startStop-1 Mapped "{[/{page}]}" onto public java.lang.String com.maizhong.reckon.controller.IndexController.test(java.lang.String) 
[INFO][2017-05-08 09:53:56] org.springframework.web.servlet.handler.AbstractHandlerMethodMapping.registerHandlerMethod(AbstractHandlerMethodMapping.java:217) localhost-startStop-1 Mapped "{[/login]}" onto public java.lang.String com.maizhong.reckon.controller.IndexController.login() 
[INFO][2017-05-08 09:53:56] org.springframework.web.servlet.handler.AbstractHandlerMethodMapping.registerHandlerMethod(AbstractHandlerMethodMapping.java:217) localhost-startStop-1 Mapped "{[/sale]}" onto public java.lang.String com.maizhong.reckon.controller.IndexController.sale(org.springframework.ui.Model) 
[INFO][2017-05-08 09:53:56] org.springframework.web.servlet.handler.AbstractHandlerMethodMapping.registerHandlerMethod(AbstractHandlerMethodMapping.java:217) localhost-startStop-1 Mapped "{[/sale/{param}]}" onto public java.lang.String com.maizhong.reckon.controller.IndexController.sale(org.springframework.ui.Model,java.lang.String) 
[INFO][2017-05-08 09:53:56] org.springframework.web.servlet.handler.AbstractHandlerMethodMapping.registerHandlerMethod(AbstractHandlerMethodMapping.java:217) localhost-startStop-1 Mapped "{[/yuyue]}" onto public java.lang.String com.maizhong.reckon.controller.IndexController.yuyue(java.lang.String,org.springframework.ui.Model) 
[INFO][2017-05-08 09:53:56] org.springframework.web.servlet.handler.AbstractHandlerMethodMapping.registerHandlerMethod(AbstractHandlerMethodMapping.java:217) localhost-startStop-1 Mapped "{[/per/{cu}]}" onto public java.lang.String com.maizhong.reckon.controller.IndexController.userCenter(java.lang.String,java.lang.String,java.lang.String,org.springframework.ui.Model) 
[INFO][2017-05-08 09:53:56] org.springframework.web.servlet.handler.AbstractHandlerMethodMapping.registerHandlerMethod(AbstractHandlerMethodMapping.java:217) localhost-startStop-1 Mapped "{[/getSite/{lineId}]}" onto public com.maizhong.common.result.JsonResult com.maizhong.reckon.controller.IndexController.getSiteByLineId(java.lang.String) 
[INFO][2017-05-08 09:53:56] org.springframework.web.servlet.handler.AbstractHandlerMethodMapping.registerHandlerMethod(AbstractHandlerMethodMapping.java:217) localhost-startStop-1 Mapped "{[/getAllCity]}" onto public com.maizhong.common.result.JsonResult com.maizhong.reckon.controller.IndexController.getAllCity() 
[INFO][2017-05-08 09:53:56] org.springframework.web.servlet.handler.AbstractHandlerMethodMapping.registerHandlerMethod(AbstractHandlerMethodMapping.java:217) localhost-startStop-1 Mapped "{[/model/model_series/{seriesId}]}" onto public com.maizhong.common.result.JsonResult com.maizhong.reckon.controller.IndexController.getCarType(java.lang.String) 
[INFO][2017-05-08 09:53:56] org.springframework.web.servlet.handler.AbstractHandlerMethodMapping.registerHandlerMethod(AbstractHandlerMethodMapping.java:217) localhost-startStop-1 Mapped "{[/OrderConfim],methods=[POST]}" onto public com.maizhong.common.result.JsonResult com.maizhong.reckon.controller.IndexController.orderConfim(java.lang.String,java.lang.String,java.lang.String,java.lang.String,java.lang.String,java.lang.String,java.lang.String) 
[INFO][2017-05-08 09:53:56] org.springframework.web.servlet.handler.AbstractHandlerMethodMapping.registerHandlerMethod(AbstractHandlerMethodMapping.java:217) localhost-startStop-1 Mapped "{[/saleguzhi/{param}]}" onto public java.lang.String com.maizhong.reckon.controller.IndexController.saleguzhi(java.lang.String,org.springframework.ui.Model,java.lang.String) 
[INFO][2017-05-08 09:53:56] org.springframework.web.servlet.handler.AbstractHandlerMethodMapping.registerHandlerMethod(AbstractHandlerMethodMapping.java:217) localhost-startStop-1 Mapped "{[/series/series_brand/{brandId}]}" onto public com.maizhong.common.result.JsonResult com.maizhong.reckon.controller.IndexController.getSeries(java.lang.String) 
[INFO][2017-05-08 09:53:56] org.springframework.web.servlet.handler.AbstractHandlerMethodMapping.registerHandlerMethod(AbstractHandlerMethodMapping.java:217) localhost-startStop-1 Mapped "{[/loginByToken/{phone}/{token}],methods=[GET]}" onto public com.maizhong.common.result.JsonResult com.maizhong.reckon.controller.LoginController.loginByToken(java.lang.String,java.lang.String) 
[INFO][2017-05-08 09:53:56] org.springframework.web.servlet.handler.AbstractHandlerMethodMapping.registerHandlerMethod(AbstractHandlerMethodMapping.java:217) localhost-startStop-1 Mapped "{[/getSMSCode/{phone}],methods=[GET]}" onto public com.maizhong.common.result.JsonResult com.maizhong.reckon.controller.LoginController.getSMSCode(java.lang.String,javax.servlet.http.HttpServletRequest) 
[INFO][2017-05-08 09:53:56] org.springframework.web.servlet.handler.AbstractHandlerMethodMapping.registerHandlerMethod(AbstractHandlerMethodMapping.java:217) localhost-startStop-1 Mapped "{[/userLogin/{phone}/{smsCode}],methods=[GET]}" onto public com.maizhong.common.result.JsonResult com.maizhong.reckon.controller.LoginController.userLogin(java.lang.String,java.lang.String,javax.servlet.http.HttpServletRequest) 
[INFO][2017-05-08 09:53:56] org.springframework.web.servlet.handler.AbstractHandlerMethodMapping.registerHandlerMethod(AbstractHandlerMethodMapping.java:217) localhost-startStop-1 Mapped "{[/doTest],methods=[GET]}" onto public java.lang.String com.maizhong.reckon.controller.TestController.testReckon() 
[INFO][2017-05-08 09:53:56] org.hibernate.validator.internal.util.Version.<clinit>(Version.java:27) localhost-startStop-1 HV000001: Hibernate Validator 5.1.1.Final 
[INFO][2017-05-08 09:53:56] org.springframework.web.servlet.mvc.method.annotation.RequestMappingHandlerAdapter.initControllerAdviceCache(RequestMappingHandlerAdapter.java:517) localhost-startStop-1 Looking for @ControllerAdvice: WebApplicationContext for namespace 'maizhong-reckon-servlet': startup date [Mon May 08 09:53:56 CST 2017]; parent: Root WebApplicationContext 
[INFO][2017-05-08 09:53:56] org.springframework.web.servlet.mvc.method.annotation.RequestMappingHandlerAdapter.initControllerAdviceCache(RequestMappingHandlerAdapter.java:517) localhost-startStop-1 Looking for @ControllerAdvice: WebApplicationContext for namespace 'maizhong-reckon-servlet': startup date [Mon May 08 09:53:56 CST 2017]; parent: Root WebApplicationContext 
[INFO][2017-05-08 09:53:56] org.springframework.web.servlet.handler.AbstractUrlHandlerMapping.registerHandler(AbstractUrlHandlerMapping.java:314) localhost-startStop-1 Mapped URL path [/resources/**] onto handler 'org.springframework.web.servlet.resource.ResourceHttpRequestHandler#0' 
[INFO][2017-05-08 09:53:56] org.springframework.web.servlet.FrameworkServlet.initServletBean(FrameworkServlet.java:504) localhost-startStop-1 FrameworkServlet 'maizhong-reckon': initialization completed in 807 ms 
[INFO][2017-05-09 09:00:58] org.springframework.web.context.ContextLoader.initWebApplicationContext(ContextLoader.java:285) localhost-startStop-1 Root WebApplicationContext: initialization started 
[INFO][2017-05-09 09:00:58] org.springframework.context.support.AbstractApplicationContext.prepareRefresh(AbstractApplicationContext.java:510) localhost-startStop-1 Refreshing Root WebApplicationContext: startup date [Tue May 09 09:00:58 CST 2017]; root of context hierarchy 
[INFO][2017-05-09 09:00:59] org.springframework.beans.factory.xml.XmlBeanDefinitionReader.loadBeanDefinitions(XmlBeanDefinitionReader.java:317) localhost-startStop-1 Loading XML bean definitions from class path resource [spring/spring-service.xml] 
[INFO][2017-05-09 09:01:01] org.springframework.core.io.support.PropertiesLoaderSupport.loadProperties(PropertiesLoaderSupport.java:172) localhost-startStop-1 Loading properties file from URL [file:/C:/Users/Administrator/IdeaProjects/MaiZhong/Reckon/target/classes/resource/resource.properties] 
[INFO][2017-05-09 09:01:01] org.springframework.web.context.ContextLoader.initWebApplicationContext(ContextLoader.java:325) localhost-startStop-1 Root WebApplicationContext: initialization completed in 2428 ms 
[INFO][2017-05-09 09:01:01] org.springframework.web.servlet.FrameworkServlet.initServletBean(FrameworkServlet.java:485) localhost-startStop-1 FrameworkServlet 'maizhong-reckon': initialization started 
[INFO][2017-05-09 09:01:01] org.springframework.context.support.AbstractApplicationContext.prepareRefresh(AbstractApplicationContext.java:510) localhost-startStop-1 Refreshing WebApplicationContext for namespace 'maizhong-reckon-servlet': startup date [Tue May 09 09:01:01 CST 2017]; parent: Root WebApplicationContext 
[INFO][2017-05-09 09:01:01] org.springframework.beans.factory.xml.XmlBeanDefinitionReader.loadBeanDefinitions(XmlBeanDefinitionReader.java:317) localhost-startStop-1 Loading XML bean definitions from class path resource [spring/spring_mvc.xml] 
[INFO][2017-05-09 09:01:01] org.springframework.web.servlet.handler.AbstractHandlerMethodMapping.registerHandlerMethod(AbstractHandlerMethodMapping.java:217) localhost-startStop-1 Mapped "{[/]}" onto public java.lang.String com.maizhong.reckon.controller.IndexController.index(org.springframework.ui.Model) 
[INFO][2017-05-09 09:01:01] org.springframework.web.servlet.handler.AbstractHandlerMethodMapping.registerHandlerMethod(AbstractHandlerMethodMapping.java:217) localhost-startStop-1 Mapped "{[/index]}" onto public java.lang.String com.maizhong.reckon.controller.IndexController.index1(org.springframework.ui.Model) 
[INFO][2017-05-09 09:01:01] org.springframework.web.servlet.handler.AbstractHandlerMethodMapping.registerHandlerMethod(AbstractHandlerMethodMapping.java:217) localhost-startStop-1 Mapped "{[/{page}]}" onto public java.lang.String com.maizhong.reckon.controller.IndexController.test(java.lang.String) 
[INFO][2017-05-09 09:01:01] org.springframework.web.servlet.handler.AbstractHandlerMethodMapping.registerHandlerMethod(AbstractHandlerMethodMapping.java:217) localhost-startStop-1 Mapped "{[/guzhi/{param}]}" onto public java.lang.String com.maizhong.reckon.controller.IndexController.compute(java.lang.String,org.springframework.ui.Model) 
[INFO][2017-05-09 09:01:01] org.springframework.web.servlet.handler.AbstractHandlerMethodMapping.registerHandlerMethod(AbstractHandlerMethodMapping.java:217) localhost-startStop-1 Mapped "{[/login]}" onto public java.lang.String com.maizhong.reckon.controller.IndexController.login() 
[INFO][2017-05-09 09:01:01] org.springframework.web.servlet.handler.AbstractHandlerMethodMapping.registerHandlerMethod(AbstractHandlerMethodMapping.java:217) localhost-startStop-1 Mapped "{[/sale/{param}]}" onto public java.lang.String com.maizhong.reckon.controller.IndexController.sale(org.springframework.ui.Model,java.lang.String) 
[INFO][2017-05-09 09:01:01] org.springframework.web.servlet.handler.AbstractHandlerMethodMapping.registerHandlerMethod(AbstractHandlerMethodMapping.java:217) localhost-startStop-1 Mapped "{[/sale]}" onto public java.lang.String com.maizhong.reckon.controller.IndexController.sale(org.springframework.ui.Model) 
[INFO][2017-05-09 09:01:01] org.springframework.web.servlet.handler.AbstractHandlerMethodMapping.registerHandlerMethod(AbstractHandlerMethodMapping.java:217) localhost-startStop-1 Mapped "{[/yuyue]}" onto public java.lang.String com.maizhong.reckon.controller.IndexController.yuyue(java.lang.String,org.springframework.ui.Model) 
[INFO][2017-05-09 09:01:01] org.springframework.web.servlet.handler.AbstractHandlerMethodMapping.registerHandlerMethod(AbstractHandlerMethodMapping.java:217) localhost-startStop-1 Mapped "{[/per/{cu}]}" onto public java.lang.String com.maizhong.reckon.controller.IndexController.userCenter(java.lang.String,java.lang.String,java.lang.String,org.springframework.ui.Model) 
[INFO][2017-05-09 09:01:01] org.springframework.web.servlet.handler.AbstractHandlerMethodMapping.registerHandlerMethod(AbstractHandlerMethodMapping.java:217) localhost-startStop-1 Mapped "{[/getSite/{lineId}]}" onto public com.maizhong.common.result.JsonResult com.maizhong.reckon.controller.IndexController.getSiteByLineId(java.lang.String) 
[INFO][2017-05-09 09:01:01] org.springframework.web.servlet.handler.AbstractHandlerMethodMapping.registerHandlerMethod(AbstractHandlerMethodMapping.java:217) localhost-startStop-1 Mapped "{[/getAllCity]}" onto public com.maizhong.common.result.JsonResult com.maizhong.reckon.controller.IndexController.getAllCity() 
[INFO][2017-05-09 09:01:01] org.springframework.web.servlet.handler.AbstractHandlerMethodMapping.registerHandlerMethod(AbstractHandlerMethodMapping.java:217) localhost-startStop-1 Mapped "{[/model/model_series/{seriesId}]}" onto public com.maizhong.common.result.JsonResult com.maizhong.reckon.controller.IndexController.getCarType(java.lang.String) 
[INFO][2017-05-09 09:01:01] org.springframework.web.servlet.handler.AbstractHandlerMethodMapping.registerHandlerMethod(AbstractHandlerMethodMapping.java:217) localhost-startStop-1 Mapped "{[/OrderConfim],methods=[POST]}" onto public com.maizhong.common.result.JsonResult com.maizhong.reckon.controller.IndexController.orderConfim(java.lang.String,java.lang.String,java.lang.String,java.lang.String,java.lang.String,java.lang.String,java.lang.String) 
[INFO][2017-05-09 09:01:01] org.springframework.web.servlet.handler.AbstractHandlerMethodMapping.registerHandlerMethod(AbstractHandlerMethodMapping.java:217) localhost-startStop-1 Mapped "{[/saleguzhi/{param}]}" onto public java.lang.String com.maizhong.reckon.controller.IndexController.saleguzhi(java.lang.String,org.springframework.ui.Model,java.lang.String) 
[INFO][2017-05-09 09:01:01] org.springframework.web.servlet.handler.AbstractHandlerMethodMapping.registerHandlerMethod(AbstractHandlerMethodMapping.java:217) localhost-startStop-1 Mapped "{[/series/series_brand/{brandId}]}" onto public com.maizhong.common.result.JsonResult com.maizhong.reckon.controller.IndexController.getSeries(java.lang.String) 
[INFO][2017-05-09 09:01:01] org.springframework.web.servlet.handler.AbstractHandlerMethodMapping.registerHandlerMethod(AbstractHandlerMethodMapping.java:217) localhost-startStop-1 Mapped "{[/loginByToken/{phone}/{token}],methods=[GET]}" onto public com.maizhong.common.result.JsonResult com.maizhong.reckon.controller.LoginController.loginByToken(java.lang.String,java.lang.String) 
[INFO][2017-05-09 09:01:01] org.springframework.web.servlet.handler.AbstractHandlerMethodMapping.registerHandlerMethod(AbstractHandlerMethodMapping.java:217) localhost-startStop-1 Mapped "{[/getSMSCode/{phone}],methods=[GET]}" onto public com.maizhong.common.result.JsonResult com.maizhong.reckon.controller.LoginController.getSMSCode(java.lang.String,javax.servlet.http.HttpServletRequest) 
[INFO][2017-05-09 09:01:01] org.springframework.web.servlet.handler.AbstractHandlerMethodMapping.registerHandlerMethod(AbstractHandlerMethodMapping.java:217) localhost-startStop-1 Mapped "{[/userLogin/{phone}/{smsCode}],methods=[GET]}" onto public com.maizhong.common.result.JsonResult com.maizhong.reckon.controller.LoginController.userLogin(java.lang.String,java.lang.String,javax.servlet.http.HttpServletRequest) 
[INFO][2017-05-09 09:01:01] org.springframework.web.servlet.handler.AbstractHandlerMethodMapping.registerHandlerMethod(AbstractHandlerMethodMapping.java:217) localhost-startStop-1 Mapped "{[/doTest],methods=[GET]}" onto public java.lang.String com.maizhong.reckon.controller.TestController.testReckon() 
[INFO][2017-05-09 09:01:01] org.hibernate.validator.internal.util.Version.<clinit>(Version.java:27) localhost-startStop-1 HV000001: Hibernate Validator 5.1.1.Final 
[INFO][2017-05-09 09:01:02] org.springframework.web.servlet.mvc.method.annotation.RequestMappingHandlerAdapter.initControllerAdviceCache(RequestMappingHandlerAdapter.java:517) localhost-startStop-1 Looking for @ControllerAdvice: WebApplicationContext for namespace 'maizhong-reckon-servlet': startup date [Tue May 09 09:01:01 CST 2017]; parent: Root WebApplicationContext 
[INFO][2017-05-09 09:01:02] org.springframework.web.servlet.mvc.method.annotation.RequestMappingHandlerAdapter.initControllerAdviceCache(RequestMappingHandlerAdapter.java:517) localhost-startStop-1 Looking for @ControllerAdvice: WebApplicationContext for namespace 'maizhong-reckon-servlet': startup date [Tue May 09 09:01:01 CST 2017]; parent: Root WebApplicationContext 
[INFO][2017-05-09 09:01:03] org.springframework.web.servlet.handler.AbstractUrlHandlerMapping.registerHandler(AbstractUrlHandlerMapping.java:314) localhost-startStop-1 Mapped URL path [/resources/**] onto handler 'org.springframework.web.servlet.resource.ResourceHttpRequestHandler#0' 
[INFO][2017-05-09 09:01:03] org.springframework.web.servlet.FrameworkServlet.initServletBean(FrameworkServlet.java:504) localhost-startStop-1 FrameworkServlet 'maizhong-reckon': initialization completed in 1842 ms 
